<?xml version="1.0" encoding="UTF-8"?>
<robot generator="Robot 6.1.1 (Python 3.12.3 on win32)" generated="20240526 23:39:34.665" rpa="false" schemaversion="4">
<suite id="s1" name="Cadastro Feature" source="c:\Users\vitor\Downloads\yodapp-beta\Automacao_yodapp-beta\Automacao_yodapp-beta\feature\tests\cadastro_spec\steps\cadastro_feature.robot">
<test id="s1-t1" name="CT04- Cenario: Validar fluxo de cadastro com dados de senha em branco" line="41">
<kw name="Abrir App Local Android" library="base" type="SETUP">
<kw name="Open Application" library="AppiumLibrary">
<arg>127.0.0.1:4723/wd/hub</arg>
<arg>automationName=UiAutomator2</arg>
<arg>platformName=Android</arg>
<arg>deviceName=Moto G</arg>
<arg>app=${EXECDIR}/app/android/yodapp-beta.apk</arg>
<arg>udid=RX8N30137ZL</arg>
<arg>appPackage=com.qaxperience.yodapp</arg>
<arg>appActivity=com.qaxperience.yodapp.components.base.SplashActivity</arg>
<arg>autoGrantPermissions=true</arg>
<arg>strict_ssl=False</arg>
<doc>Opens a new application to given Appium server.
Capabilities of appium server, Android and iOS,
Please check https://github.com/appium/appium/blob/master/docs/en/writing-running-appium/server-args.md
| *Option*            | *Man.* | *Description*     |
| remote_url          | Yes    | Appium server url |
| alias               | no     | alias             |
| strict_ssl          | No     | allows you to send commands to an invalid certificate host like a self-signed one. |</doc>
<status status="PASS" starttime="20240526 23:39:34.871" endtime="20240526 23:39:46.190"/>
</kw>
<kw name="Start Screen Recording" library="AppiumLibrary">
<doc>Starts an asynchronous Screen Recording for the current open application.</doc>
<status status="PASS" starttime="20240526 23:39:46.190" endtime="20240526 23:39:47.128"/>
</kw>
<status status="PASS" starttime="20240526 23:39:34.871" endtime="20240526 23:39:47.128"/>
</kw>
<kw name="Dado que esteja na tela de clique em botoes" library="clique_botoes">
<kw name="Wait Until Element Is Visible" library="AppiumLibrary">
<arg>${btn_QAX}</arg>
<doc>Waits until element specified with `locator` is visible.</doc>
<msg timestamp="20240526 23:39:52.272" level="INFO">criteria is com.qaxperience.yodapp:id/mi_button_cta
criteria is com.qaxperience.yodapp:id/mi_button_cta
criteria is com.qaxperience.yodapp:id/mi_button_cta
criteria is com.qaxperience.yodapp:id/mi_button_cta
criteria is com.qaxperience.yodapp:id/mi_button_cta
criteria is com.qaxperience.yodapp:id/mi_button_cta
criteria is com.qaxperience.yodapp:id/mi_button_cta
criteria is com.qaxperience.yodapp:id/mi_button_cta
criteria is com.qaxperience.yodapp:id/mi_button_cta
criteria is com.qaxperience.yodapp:id/mi_button_cta
criteria is com.qaxperience.yodapp:id/mi_button_cta
criteria is com.qaxperience.yodapp:id/mi_button_cta</msg>
<status status="PASS" starttime="20240526 23:39:47.128" endtime="20240526 23:39:52.287"/>
</kw>
<kw name="Click Element" library="AppiumLibrary">
<arg>${btn_QAX}</arg>
<doc>Click element identified by `locator`.</doc>
<msg timestamp="20240526 23:39:52.287" level="INFO">Clicking element 'id=com.qaxperience.yodapp:id/mi_button_cta'.</msg>
<msg timestamp="20240526 23:39:52.564" level="INFO">criteria is com.qaxperience.yodapp:id/mi_button_cta</msg>
<status status="PASS" starttime="20240526 23:39:52.287" endtime="20240526 23:39:52.564"/>
</kw>
<status status="PASS" starttime="20240526 23:39:47.128" endtime="20240526 23:39:52.564"/>
</kw>
<kw name="E acesso menu superior esquerdo" library="login">
<kw name="Wait Until Element Is Visible" library="AppiumLibrary">
<arg>${btn_menu_superior_esquerdo}</arg>
<doc>Waits until element specified with `locator` is visible.</doc>
<msg timestamp="20240526 23:39:54.945" level="INFO">xpath criteria: //android.widget.ImageButton[@content-desc="Open navigation drawer"]</msg>
<status status="PASS" starttime="20240526 23:39:52.564" endtime="20240526 23:39:54.945"/>
</kw>
<kw name="Click Element" library="AppiumLibrary">
<arg>${btn_menu_superior_esquerdo}</arg>
<doc>Click element identified by `locator`.</doc>
<msg timestamp="20240526 23:39:54.945" level="INFO">Clicking element 'xpath=//android.widget.ImageButton[@content-desc="Open navigation drawer"]'.</msg>
<msg timestamp="20240526 23:39:55.256" level="INFO">xpath criteria: //android.widget.ImageButton[@content-desc="Open navigation drawer"]</msg>
<status status="PASS" starttime="20240526 23:39:54.945" endtime="20240526 23:39:55.256"/>
</kw>
<status status="PASS" starttime="20240526 23:39:52.564" endtime="20240526 23:39:55.256"/>
</kw>
<kw name="E acesso menu formularios" library="login">
<kw name="Wait Until Element Is Visible" library="AppiumLibrary">
<arg>${btn_formularios}</arg>
<doc>Waits until element specified with `locator` is visible.</doc>
<msg timestamp="20240526 23:39:56.190" level="INFO">xpath criteria: //android.widget.TextView[@resource-id="com.qaxperience.yodapp:id/tvItemTitle" and @text="Formulários"]</msg>
<status status="PASS" starttime="20240526 23:39:55.256" endtime="20240526 23:39:56.190"/>
</kw>
<kw name="Click Element" library="AppiumLibrary">
<arg>${btn_formularios}</arg>
<doc>Click element identified by `locator`.</doc>
<msg timestamp="20240526 23:39:56.190" level="INFO">Clicking element 'xpath=//android.widget.TextView[@resource-id="com.qaxperience.yodapp:id/tvItemTitle" and @text="Formulários"]'.</msg>
<msg timestamp="20240526 23:39:56.658" level="INFO">xpath criteria: //android.widget.TextView[@resource-id="com.qaxperience.yodapp:id/tvItemTitle" and @text="Formulários"]</msg>
<status status="PASS" starttime="20240526 23:39:56.190" endtime="20240526 23:39:56.658"/>
</kw>
<kw name="Wait Until Page Contains" library="AppiumLibrary">
<arg>Login</arg>
<doc>Waits until `text` appears on current page.</doc>
<status status="PASS" starttime="20240526 23:39:56.658" endtime="20240526 23:39:57.310"/>
</kw>
<status status="PASS" starttime="20240526 23:39:55.256" endtime="20240526 23:39:57.310"/>
</kw>
<kw name="Quando preencher todos os campos menos senha" library="cadastro">
<arg>TE</arg>
<arg>vi@gmail.com</arg>
<kw name="Wait Until Element Is Visible" library="AppiumLibrary">
<arg>${btn_cadastro}</arg>
<doc>Waits until element specified with `locator` is visible.</doc>
<msg timestamp="20240526 23:39:57.801" level="INFO">xpath criteria: //android.widget.TextView[@resource-id="com.qaxperience.yodapp:id/tvItemTitle" and @text="Cadastro"]</msg>
<status status="PASS" starttime="20240526 23:39:57.310" endtime="20240526 23:39:57.801"/>
</kw>
<kw name="Click Element" library="AppiumLibrary">
<arg>${btn_cadastro}</arg>
<doc>Click element identified by `locator`.</doc>
<msg timestamp="20240526 23:39:57.801" level="INFO">Clicking element 'xpath=//android.widget.TextView[@resource-id="com.qaxperience.yodapp:id/tvItemTitle" and @text="Cadastro"]'.</msg>
<msg timestamp="20240526 23:39:58.143" level="INFO">xpath criteria: //android.widget.TextView[@resource-id="com.qaxperience.yodapp:id/tvItemTitle" and @text="Cadastro"]</msg>
<status status="PASS" starttime="20240526 23:39:57.801" endtime="20240526 23:39:58.143"/>
</kw>
<kw name="Wait Until Element Is Visible" library="AppiumLibrary">
<arg>${campo_nome}</arg>
<doc>Waits until element specified with `locator` is visible.</doc>
<msg timestamp="20240526 23:39:59.935" level="INFO">criteria is com.qaxperience.yodapp:id/etUsername</msg>
<status status="PASS" starttime="20240526 23:39:58.143" endtime="20240526 23:39:59.935"/>
</kw>
<kw name="Input Text" library="AppiumLibrary">
<arg>${campo_nome}</arg>
<arg>${TEXT1}</arg>
<doc>Types the given `text` into text field identified by `locator`.</doc>
<msg timestamp="20240526 23:39:59.935" level="INFO">Typing text 'TE' into text field 'id=com.qaxperience.yodapp:id/etUsername'</msg>
<msg timestamp="20240526 23:40:00.189" level="INFO">criteria is com.qaxperience.yodapp:id/etUsername</msg>
<status status="PASS" starttime="20240526 23:39:59.935" endtime="20240526 23:40:00.189"/>
</kw>
<kw name="Wait Until Element Is Visible" library="AppiumLibrary">
<arg>${campo_email}</arg>
<doc>Waits until element specified with `locator` is visible.</doc>
<msg timestamp="20240526 23:40:00.963" level="INFO">criteria is com.qaxperience.yodapp:id/etEmail</msg>
<status status="PASS" starttime="20240526 23:40:00.189" endtime="20240526 23:40:00.963"/>
</kw>
<kw name="Input Text" library="AppiumLibrary">
<arg>${campo_email}</arg>
<arg>${TEXT2}</arg>
<doc>Types the given `text` into text field identified by `locator`.</doc>
<msg timestamp="20240526 23:40:00.963" level="INFO">Typing text 'vi@gmail.com' into text field 'id=com.qaxperience.yodapp:id/etEmail'</msg>
<msg timestamp="20240526 23:40:01.816" level="INFO">criteria is com.qaxperience.yodapp:id/etEmail</msg>
<status status="PASS" starttime="20240526 23:40:00.963" endtime="20240526 23:40:01.816"/>
</kw>
<kw name="Click Element" library="AppiumLibrary">
<arg>${checkbox_nivel}</arg>
<doc>Click element identified by `locator`.</doc>
<msg timestamp="20240526 23:40:01.816" level="INFO">Clicking element 'id=android:id/text1'.</msg>
<msg timestamp="20240526 23:40:02.708" level="INFO">criteria is android:id/text1</msg>
<status status="PASS" starttime="20240526 23:40:01.816" endtime="20240526 23:40:02.708"/>
</kw>
<kw name="Wait Until Element Is Visible" library="AppiumLibrary">
<arg>${checkbox_nivel_padawan}</arg>
<doc>Waits until element specified with `locator` is visible.</doc>
<msg timestamp="20240526 23:40:04.092" level="INFO">xpath criteria: //android.widget.TextView[@resource-id="android:id/text1" and @text="Padawan"]</msg>
<status status="PASS" starttime="20240526 23:40:02.708" endtime="20240526 23:40:04.092"/>
</kw>
<kw name="Click Element" library="AppiumLibrary">
<arg>${checkbox_nivel_padawan}</arg>
<doc>Click element identified by `locator`.</doc>
<msg timestamp="20240526 23:40:04.098" level="INFO">Clicking element 'xpath=//android.widget.TextView[@resource-id="android:id/text1" and @text="Padawan"]'.</msg>
<msg timestamp="20240526 23:40:05.209" level="INFO">xpath criteria: //android.widget.TextView[@resource-id="android:id/text1" and @text="Padawan"]</msg>
<status status="PASS" starttime="20240526 23:40:04.092" endtime="20240526 23:40:05.209"/>
</kw>
<status status="PASS" starttime="20240526 23:39:57.310" endtime="20240526 23:40:05.209"/>
</kw>
<kw name="Então valido mensagem de cadastro de conta" library="cadastro">
<arg>Uma senha você deve informar!</arg>
<kw name="Wait Until Element Is Visible" library="AppiumLibrary">
<arg>${btn_cadastrar}</arg>
<doc>Waits until element specified with `locator` is visible.</doc>
<msg timestamp="20240526 23:40:05.587" level="INFO">criteria is com.qaxperience.yodapp:id/btnSubmit</msg>
<status status="PASS" starttime="20240526 23:40:05.209" endtime="20240526 23:40:05.587"/>
</kw>
<kw name="Click Element" library="AppiumLibrary">
<arg>${btn_cadastrar}</arg>
<doc>Click element identified by `locator`.</doc>
<msg timestamp="20240526 23:40:05.587" level="INFO">Clicking element 'id=com.qaxperience.yodapp:id/btnSubmit'.</msg>
<msg timestamp="20240526 23:40:06.772" level="INFO">criteria is com.qaxperience.yodapp:id/btnSubmit</msg>
<status status="PASS" starttime="20240526 23:40:05.587" endtime="20240526 23:40:06.772"/>
</kw>
<kw name="Wait Until Page Contains" library="AppiumLibrary">
<arg>${TEXT1}</arg>
<arg>5</arg>
<doc>Waits until `text` appears on current page.</doc>
<status status="PASS" starttime="20240526 23:40:06.772" endtime="20240526 23:40:07.305"/>
</kw>
<status status="PASS" starttime="20240526 23:40:05.209" endtime="20240526 23:40:07.305"/>
</kw>
<kw name="Fechar App" library="base" type="TEARDOWN">
<kw name="Get Current Date" library="DateTime">
<var>${DATE}</var>
<arg>result_format=%m.%d.%Y</arg>
<doc>Returns current local or UTC time with an optional increment.</doc>
<msg timestamp="20240526 23:40:07.305" level="INFO">${DATE} = 05.26.2024</msg>
<status status="PASS" starttime="20240526 23:40:07.305" endtime="20240526 23:40:07.305"/>
</kw>
<kw name="Stop Screen Recording" library="AppiumLibrary">
<arg>filename=${EXECDIR}\\output\\${DATE}-${TEST_STATUS}</arg>
<doc>Gathers the output from the previously started screen recording              to a media file, then embeds it to the log.html(Android Only).</doc>
<msg timestamp="20240526 23:40:08.980" level="INFO" html="true">&lt;/td&gt;&lt;/tr&gt;&lt;tr&gt;&lt;td colspan="3"&gt;&lt;a href="output/05.26.2024-PASS.mp4"&gt;&lt;video width="800px" controls&gt;&lt;source src="output/05.26.2024-PASS.mp4" type="video/mp4"&gt;&lt;/video&gt;&lt;/a&gt;</msg>
<status status="PASS" starttime="20240526 23:40:07.305" endtime="20240526 23:40:08.980"/>
</kw>
<kw name="Capture Page Screenshot" library="AppiumLibrary">
<doc>Takes a screenshot of the current page and embeds it into the log.</doc>
<msg timestamp="20240526 23:40:10.222" level="INFO" html="true">&lt;/td&gt;&lt;/tr&gt;&lt;tr&gt;&lt;td colspan="3"&gt;&lt;img src="data:image/png;base64, iVBORw0KGgoAAAANSUhEUgAABDgAAAlgCAYAAABtGofVAAAAAXNSR0IArs4c6QAAAARzQklUCAgI
CHwIZIgAACAASURBVHic7N17XJP33T/+15UjkADhFEUQElRQQDwCniva2la07e5V19NmbXe3m67r
vW663+++7z3qtu9+37Xd6d6m3dpu2rVd79qt69paW7sqVmsVVEQBz4ACikTOJBwScv3+SHOZkAAJ
hEP09ezj3m2S6/pcnyRAruuVz+f9EVbsWCGCiIiIiIiIiCiIyUa7A0REREREREREQ8WAg4iIiIiI
iIiCHgMOIiIiIiIiIgp6DDiIiIiIiIiIKOgx4CAiIiIiIiKioMeAg4iIiIiIiIiCHgMOIiIiIiIi
Igp6DDiIiIiIiIiIKOgx4CAiIiIiIiKioMeAg4iIiIiIiIiCHgMOIiIiIiIiIgp6DDiIiIiIiIiI
KOgx4CAiIiIiIiKioMeAg4iIiIiIiIiCHgMOIiIiIiIiIgp6DDiIiIiIiIiIKOgx4CAiIiIiIiKi
oMeAg4iIiIiIiIiCHgMOIiIiIiIiIgp6DDiIiIiIiIiIKOgx4CAiIiIiIiKioMeAg4iIiIiIiIiC
HgMOIiIiIiIiIgp6DDiIiIiIiIiIKOgx4CAiIiIiIiKioMeAg4iIiIiIiIiCHgMOIiIiIiIiIgp6
DDiIiIiIiIiIKOgx4CAiIiIiIiKioMeAg4iIiIiIiIiCHgMOIiIiIiIiIgp6DDiIiIiIiIiIKOgx
4CAiIiIiIiKioMeAg4iIiIiIiIiCHgMOIiIiIiIiIgp6DDiIiIiIiIiIKOgx4CAiIiIiIiKioMeA
g4iIiIiIiIiCHgMOIiIiIiIiIgp6DDiIiIiIiIiIKOgx4CAiIiIiIiKioMeAg4iIiIiIiIiCHgMO
IiIiIiIiIgp6DDiIiIiIiIiIKOgpRrsDREREREREwyXPmIey+jLUm+tHuytEbvQaPbITsqFRaTwe
M3ebUVRbxJ9bPzHgGAK1XI04TRy67d1otDTCZrcFpF2tSovo0Gi0d7ejsaMxIG0SERER0a3FefFk
iDIgThMHg87gcSFVb66HyWxCVXMVqpqqUF5fPiIXVHnGPMRp4gAAu87tgrnb7NH3pcalAICq5ioU
1hQO6jgZ+gxsyN2AquYqbNm7xeM4FHgKmQJxmjj0iD2obw/cz1Ig29WqtIjTxKGtqw3XLdcD1EP/
6DV6bFu9rd9t1k5fi00fbWLI4QcGHH7KM+ZhQdICpESlICIkAgIEAECP2INr7ddwxnQGu8/vRmVT
pd/tLkpehJToFISrwqX7u3q6UN1SjeNXjmP3+d1o62oL6PMZyA8X/xAxYTHS7VeOvYJz188Nur05
E+ZgiWEJJoRPwKaPNwWiizSGCBCglCshE2QQRRHdPd0QIQ7f8QQBKpkKgiDAZrcFLGQkIqJbk16j
R5gyDFXNVYPa/9HZjyI/NR87indg19ldHo8bdAZsWbYFJotp2C62ncHAbcbboNfoAUA6X/VmnGYc
xmnGIUOfId1X1VyFXWd3oai2aNgCgTBVGNZkrgEAmMwm7Kvc5/Z4dmK29Pi2I/1fBPYnOzEbAgQY
dUZsWrQJW/ZuGXynh1lSZBKmxE6BtceK4qvFI3beH4jz83Hacbh36r3I0GcgPjweMsFRCcFmt6G2
tRYnr53Eu6ffRUtny6i2u8SwBKvTViNZlyy11dTRhMM1h/HmyTdhsVr86t9QOAO+/miUGsRp4hhw
+IEBh48SIxLx1LynMCl6ktfH5YIcE8InYEL4BCwxLMH7Z9/HGyVv+NTud+Z9B5OjJ3t9XC1XY3L0
ZEyOnowVk1dge/F2fH7p8yE9F1+tyVyD7IRst/s0Ss/hUwNJjEjEspRlyE7MRrw2HgD8/uNG/RMg
IEQRAl2oDiq5CuZuM1q6WmDtsY5YH6JCo3DX5LuwIGkBdCE6tHa1ouhKEXaf241r7dcCeixBEGCM
MmJV6ipMHz8darkaV9uuYn/VfhRUFozohxMREd0c9Bo9nr/zeWhUGhRUFmDrka1+7btp8SYYdUYA
jlEDvQMOZ7ihVWmhVWlh0BlQVl8W0P6vyVwjjXroL9TwxnV7o86IjbkbYe4248NzH3odYTFURTVF
WD9rPQAgXZ/uEXDkGfOkPhXW+jd6Y2PuRhRUFqCsvgxvl76NTH0mDDoDMvWZyNBnBPR1DyRjlOPn
RylXIjYsdlgDjkCen69KW4WvZX4NocpQj8cUMgWSdclI1iVjqXEpdhzfgf1V+0el3a9N/xruz7jf
43cjKjQKd0+5G6kxqfjxvh/zPDLIMeDwQWJkIp5d+iyiQqPc7jdbzWjtaoVSpkR0aLSUAipkCnxl
2legUWrw0tGX+mw3KTIJP1r6I492W7taYbaaoZaroQvVQfZlLVhdiA5P5T4FuSDHZ1WfBfhZ9uqb
Lgn3TL1n0PuHKkKx1LgU85PmIy02DXJBHsDe3boUMgV0ITpoVVpYbBZYui2QCTIkRCRgqXEpZsXP
Qrg6HHVtdThw6QAKawrR3NkMmSBDuDoccpkczR3NaOtugygGbmSFUq7EulnrsDBpofShEaoMxarU
VcjQZ2DbkW2oaq4KyDEVMgXmJszFk9lPuo12mhQ9CcYoI0IUIfjH6X8E9PkREdHNL04TB61KC8Bx
cQ3Ap5AjJzEHG3I2SPsCnl8IuYYbgGOERKAusjUqDfJT87Emc43XUMNitaCwthD17fUwWUwwtZvc
+xZlQJgyDMYoo9sXWwIEaFVarMlcg5WpK7GjeAcKKgsC0mfAMTWmqrkKBp0BOYk5bq+1RqWBQWcA
ABRUFXiEKxn6DIgQcan5ksdjG3M3Is+Yh+yEbGz+eDPqzfXYemQrXrjzBQCOUTabPhqbo4gV8uG9
NBuO83NvoUF3TzcaOhogF+SIDo2GQuZ4XuGqcGzI3QC1Qo09F/aMaLsz42fi39L/DQIEWKwW7Dq3
CxcaLiAqNAp3Tr4TxigjJkVPwvrZ6/0KNwfDOVrK+TM+ENftxmo4N5Yw4PDBU7lPuYUQZ66fwd/L
/o7iq8XSfXqtHl9N/yqWpSyTfhHvmHwHTl07hS+qv/Da7nfnf9et3bL6Mrxd9jZKr5W6tXvftPtw
e8rtkAkyKGQKrJ+9HiV1JcM6CuKx2Y8hVOGZlg5kxvgZyDPmYWb8TLcPeho6QRCwLGUZ7ph0B8KU
YbDarei0dUIuyBEREgFdiE76oJoYORFfzfgq8lLypBAkRBECQRBw3XIdb516C2dMZwI2fcSgM2DG
+BleT6wMOgN+uPiHeL3kdXx+6fMhHVMuyHHftPuwMnWlW7jhJBNkWJS8CJ9f/jzgo0aIiOjmVlZf
hoKqAiw1OEZA+BJyOKek9DdaQqPSYPPizW7hRqCmSRh0BmxevBlxmji3PpgsJhTWFKKgsgBVTY7p
Nn19/pbWO847nftnJ2YjJzEHOQk5CFOGSUHHxtyNWGpcihcOvhCw0Rz7Kvdh/az10Cg1biMrchJy
pG1ca2/kJOZg3ax10tQbwPG+bTuyTRrC75xe5Axnth7ZisqmSum9NeqM0Gv0t9SQ/+E6P58xfoYU
GgCA1W7FB2c/wAdnPkBLl+M6JTYsFvdNuw93TL4DckEOuSDHQ1kPoby+HDWtNSPWbn5qvnSevP34
drcRQ0dqjuDXd/8auhAdFiUvwl9P/hVNHU0ebSxPWY6VaSux4/gOnLp2yu/Xa/3s9chPzR/Ufq4+
OPcBdhzf4Xc7twr5pPsmjd2JaGPAXVPuwu2TbpduF18txs/2/wxX2q64bWfuNuNo7VGo5CpMi5sG
wPFBERMWg70Vez3azU/Nlz44AaCotgj/Z///8fhja+4249iVY1Ar1JgaNxWAY9qKXbT3+Ys1TjsO
CyYuQERIBOra6/x+zitTV+LOyXd6fezApQP9trlp0SZkjc+CSq5yu7/eXI/Onk6EKcMAAF22Lrx3
5j2/+xYoAgSEKkIxJWYKZk+YjXkT52FuwlykRKUgXB2O7p5udNo6h7V+hD8UMgXmJ83HN2Z+A+O0
46BVaRGhjkB0aDSiQqMQpgyTRhC57hOuCpe2CVeHSwWVknXJONdwDq2drQHp39S4qVhiWAIBArp7
uvHLQ79ES2cLJkZOhFKmRJgyDBnjMmAX7ahqqkKP2OP3MSLVkXgg6wHkp+VL34y1dLZgZ+lOHLx8
EDPGz4BCpoBaocbxK8dhMpsGaJGIiMhdUU0R9Fq99I2pc8pA729N9Ro9tizfgtyEXK/hhslskkY7
rJi8AouSFgFwjKbY9PEmtHe3D7mvecY8/NfS/4JWpZX6YLFa8I/T/8C2I9tQVFOEpk7Pi7SB1LbW
oqimCJ9f/hwa9Y2RFAIE6DV63DHpDpTUlaC5s3nIz6GlswX5aY4LPrPVjBNXTwBwFFZMiEiAxWrB
74/8HoDjW+//us3xfDusHbjQeAF6jR56jR7p49LxyYVPAADnG84jJzEHuhAdjFFG7Dq3S5qyuzBp
IQCg3lKP8w3nh9z/QEuJTpH+3dTRFJDXGBi+8/Mns5+UpreIEPHy0Zfxz9P/RFdPl7SNxWrB8avH
IQgCMvWZAACVXAWVXIWi2qIRa3f97PVQK9TSiB5X3T3diNPEYUrMFMgFOapbqj3q8ESqI/HMwmcw
Xjse0+Km4cNzH/r8OgHA2sy1+Mq0r/i1T19SY1IBcDRHXziCYwDOeYwA0GHtwIuFL/ZbyPCNkjcw
b+I86ZcyJdpxwdx7Dl124o0hgJ22Trx89OV++/H3sr/j9km3S6mrayEoV0m6JPxk2U+k7d478x7+
cuIv/bbtSq/VSwWdAKCyqVL6cPdXe3c7SupKcPDSQRTVFuFHS3+EmNCYgXccZmqFGnMmzMH62euh
C9F5nJiIEGGz27Dnwh68e/pdrwnuSJEJMmhVWuQm5uLxOY9LQ/GGQoCASdGT8L0F38O2I9tQ3VI9
5DBHJsikqVQ2uw2FNYU4WnsUde11eHD6gwhVhiJcFY5HZj6COE0c3ih5A522Tp/bD1eH4+kFTyNr
XJZ0X0tXC3535HfSydDXZ3wdarkaIYoQqBXqQT8XIiK6dYkQsf34dhh0BunCfk3mGo8imBn6DKne
xkBcz9m2F28PWLixIXeD2znMrnO78Hbp2wFpX4TouBA8vBU7T+3ExtyN0vPQqrR4Nu9Z/OLgL6TR
H4NVb65Huakc6XHpyEnIkb6Vdl6wutbeyE9zjJQxWUzY9NEmmLvNyE7MxuZFm2HUGZFnzJPeI+fI
EABSrRPXkSCuI0BuNYE6P48Ji0F6XLp0u6y+DP+6+K8+t3+79G0smLgAEyMnAnAUNlXIFB7XVcPV
rlbtuDbqa+TO1bar0r97lw8AgEdmPiLdv7N0Z5/96UteSt7AG/lhqXHpoPpxK2DA0Q+tSotkXbJ0
u+RaiU/Ltp6sO4n4yY6AQylTIiE8AWe6zrhtMzFiovTvi40XB2y3w9aB6pZqaXRIX3+YFycvdht6
tiBpgV8Bx/pZ66Wh/zWtNThUfcivgMPaY8Wpa6dwuOYwPqv8DB22Dp/3HQnx4fF4KOshzE2YC6VM
6XUbAQKUMiXyU/ORNS4LO0t3oqi2aERX6FDJVcgan4XMcZlIiUqBQWcISLjhKiEiAT9Y9ANcaLyA
isYKFF8tRmVTJeyiPSDt20U7dp93FBh9ZMYjSIxMhAwy3D3lbsSGxeLNk2+iuqW632BFJsiQOS4T
D2c9LBX4dY5eer3kdb9XKyIiIhqIuduMLXu3YMuyLTDoDBAgYEPuBgBwu4CGAGzM2Thge2X1ZdKU
i0dnPYqya2VDmh6Rk5jjFm5YrBZsL96OgoqCPj9TncvFOmtbhKkc39ibzCaYzCbUm+u9rpjiDDq2
7N0iTccBvgw5lj2Lje9vHPJUj32V+5Aely6NxnDWBAF6TU/58jXcV7FPCnEKawqlOh6uhUovNV2S
9vNWVNTX2gfDQa/Rw2w1j+hytcNxfu4MEpwOVx8ecJ+jV45KQURkSCSmxU3zGJE+XO06v4jrsXsf
Rex6ni+XudcmyRqfhSWGJQAco/l9LZLqKi5s4BVT/HErh3QDYcDRj8SIRLeL4MvNl33ar8HS4Hbb
W+Xfo1eOSm1faLzgU7uuiby3NgF4DGXzJ8W/zXAb5ibMBeBY9vbV4lf9/gD4yb6fjLlQw0mv1eMH
i36ApMgknyuLT4yciA25G/Dy0Zdx4NKBESlcKRfkWJW2Cvmp+W5LEQeaAAHRodHIScjB7PjZWGJY
gj8d+xNK6koCdgxRFHH8ynFcbbuKx+c8junjpkMmyDA3YS7iw+Px8tGXUW4q9/q6ygQZlhiW4KGs
h6TE3Ga3YX/Vfvzvqf8d1ZE1RER0c2vvbh845Khw/P+BQo6CygLkGfNg0BmgUWqwafGmIS0R61pv
w2K14Nm9z3oN/J3FR7MTs93O57yNXHUqqy9DQWWBRzFRESJ2HN+BqqYqKVwRIECj0gBDvE4vrCmU
XsPsxGzpws1itbgFHH1xrnjhesHXV9BjsVqk8GQ0OEfeAMALB1/w6fkFwnCcnxui3K8RjtYeHXCf
kroSt2kak6MnewQRw9WuzW6DQqbo8xrKtTBwd0+39G+FTIF1M9dBLsgdYeLx7QP2h0YXA45+tHe3
493T70q3fS0m07t4T+/AAwBeLHzR7/64/kL2Nbz/4/MfY0rMFGTEZaClqwWvl7zuU9uRIZF4ZMYj
0ofe/sr9KL5a7HfAMVbDDUEQ8M0530RyZPLAG/cSqgjFg1kPora1FhcbLw5D79xFhUZhxeQViAyJ
HPZjOSlkCsSHxyPPmIeTdScDWntEhIgrbVfwu8O/w8MzHsZthtuklV/+Y/5/4LWS13Cg6oDbMeWC
HGsz1+Ku1LukDxyr3Yq/lf0NH579cMz+nBERUXDTqDRuo3d3ljqmZ2iUmkGHHL1HhBh1RmxatGnQ
hUYLKgtgjDJCo9Rg65GtHl9mOYONlakroVFpBvyixPVx5zKqazPXYmfpTregQ4SIfZX7UNVchUdn
PYpyU7lUwHQozN1mFNUWITshGzkJOdBrHUGFr0vDOgMLk+VG7S3XsMO1loK3bUfSUuNS6fVealw6
YgHHcJw3uY5IaO9ux3XL9QH3qWisgB12aTTFhIgJI9Zug6UB47TjMCF8gtfyAa71T2pba6V/359x
v/Q34b0z73nUYaSxhwFHP2paa3wOCFw5h0gBjuJJl1t8G/nRH+d66U4VjRVet7PZbfjNod/43f66
Weukb8mvW67jtZLXBtfRMUiAgBWTV7jVb/BXXFgc1mauxW8O/WbYL67jNHEIV3uuEAI4Ti66e7rR
aXXUzFDKlZALcogQ+131pqunC502RxGp/qbmxIfHQybIBlUEtC8CBIgQ0dzZjFeOvgKT2YTVaasR
qgxFVGgUnsx+EroQHf518V/osHZAF6rDA9MfwPKU5dJzbulswWsnXnMbEigTZAGbTkNERLQ2c61b
HTIn1wBgsCFH7xEhmfpMGHQGj0KGvjB3m7H1sKNIYu8vJPpaVQVwXNSX1Zehvt19SokxyogMfYZ0
8e8sJtrXqimVTZXYsndLQL8MKawpRHZCtlu9kl1nd7lt45yKkp2YLdUecK2V4jqKxbXWnTOEcT2P
7v0ajIbeSwkHG9dz1bbutn62vMFitcDSbZG+DPY2mma42j1RdwJ3Tr4TWpUWD2c9jD8U/UF6bPq4
6dIo9oaOBqm+W2JkolQEt7KpEn8r+5tP/aHRxYAjwPQaPTLHZUq3T9SdCEi7D2U95DYy5JOLnwSk
XcAxl3NRsqO6twgRfz35V49UM5iFKkORZ8wbcg2L9Lh0JEYmwmQ2QaPSwGK1oL27HbYeW0A/5OM0
cV7XJRchoqq5CvsqHN+eKGVKaNVahKvCERsWi3um3uOxkgrgmG60r2IfDlUfwuq01W5r3PemVWkR
ERIR0OkfWeOzcOraKdhFO7p6urCzdCdq22rx2OzHEKGOgFquxtdnfh0TIyfi4/MfY92sddKKQSJE
1LTU4LeHf+t24hKiCMFtxtvw8fmPA9bPwViUvAgrJq/AlJgpAByV2/dc2IODlw6Oar+IiMg/OYk5
WJO5xqdpoYMNOcQv/3PSqAZ/gevtvCMnMQcbcja4nS9arBZ8cPYDFNUW9blcrPM5G6IMyE/Ll5bJ
FeBYnWLLsi3YdmSb2+dwoFeZK6wtxEbceO1MFpPHtJsdx3dgy7ItMOqMeOGuF1DVVCWd05gsN1at
cS5xCwDlpnKpRsjSlBsLB/S1egf5LkQRIv2729bdz5burHar1zaGu913yt9BdkI2okOjcfuk2zEp
ZhKqW6oRrgpHhj4DSpkSIkS8U/6OVI9j/az1CFWEwma34dUTr/rcFxpdDDgC7KGsh6RvyJ1rNg9F
TFgM1mauxbKUZdJ9R2qOBGxIW6giFF+f+XVpSNfR2qP4rOqzgLQ9VhiiDBivHT/kdkKUIdiYuxFK
uRIquQrWHisaLA0oqi3Cvsp9AQmFlHIlJkVPgkzmHlSIEHHGdAYvH30ZJrMJ9067F7MnzEZbVxve
OvUWumxd0uovMkHmFnRct1zH/qr9uNDgWE5tbsLcPk/gwtXhmBw9GUdrjwbs5OWJuU/gSM0RvHv6
XbR2OZal/eLyFzCZTXh01qOYEjMFAgQsMSzB7AmzEa4Ol0Z9HLp8CDtLd+JK643hgOO14/HA9Acw
I37GqAYc35j5Ddwz9R63+9Lj0pEel46UqBS/ivsSEdHocp064At/Qw6NSiNdnAM3RlMESk5iDjYt
2jSoVVWcn/eVTZVeV00x6ox4Nu9ZbP5485ALivbFdZoKAK/nuaX1pdhZuhNrM9fCqDO6vZbPH3he
GmXiLIQKADtPOUZ6aFQa5BnzpO1ZpHzoXAtx+jPy17lkL+A9iBiudhssDfj1oV/j6flPIzYs1u1n
yHmsd0+/K51bLk9ZjhnjZwAA9lftR+m1oa0YRCOHAUcALTEswcLkhdLtvRV7/foDujptNdL1jmWR
FDIFIkMikRiR6LZm9fGrx/H7w78PWJ8fmfmItKRtW3cbthfffIVzDDqD1z90/hIgIDEi0e0+vUaP
tNg0pMWm4ZVjrwxp5IMAAZOiJmFuwlwpcHJq7mzGtsJtuNp2FVNjp2J5ynJEhUbBLtpxqfkSGjoa
UFBZgJPXTiIqJAr3TbsPuhAdRIg4bTqNa+3XADimNpnMpj4rL4coQ7Bi8gqfVvbxVagyFKvSVkEX
qsMbJW+g0dIIu2jHuevn8PvDv8c3Zn4DsxNmQy7IEal21B3p7ulGQVUB3jr1Flo6W6TXZ6JuIp6Y
+wRSY1PRafV9mdlAW5S8yCPccHXP1HtQ0VTBkRxEREFiMNMF+gs5nKMgnDbmbpQupixWC54/8PxQ
uuvBWQjV2f5Aq6r0xXXVlDWZa6RRLVqVFnqNftgCDgDYfny7NC2lstn7+fPO0p0oqCpAhj4DcWFx
qGquQlFNkdvzfOHgC9iybAsKKgukZWyddVScbdDQBaIIviB4tjFc7QLAadNp/OCjH+Du1LsxNXYq
ItQR6O7pRm1rLfZV7sNp02kAQKQ6Eg9MfwCAY8rKYEoW0OhhwBEgxigjHpv9mPRLWdtai78U+/cN
7qToSX1OH+i0deKNk29g97ndQ+6rU+a4TKnOAQD8rexvY2JOYiAJgoDYsFiPERGBJBNkyE7MhkKm
wP988T9SNW9/hShD8NWMr3oNH86YzqCuvQ4yQYbU2FRpfqJMkOGOyXegy9aF//7XfyMlOgUmswlt
XW0IV4fDZrfhVN0p5Cbm4uDlgzCZTTh17RTyjHlep7PIIMOM8TOw1LgU755+N2A1LmSCDIuSF2FS
1CT8/MDPpbXGr7Rdwa8P/RrrZ6/HspRlkAky2Ow27CjegX9d/Jfb8WfEz8D3F34fIYqQYVtZxlcr
Jq/waRsGHEREN7e+Qg7X4pt5xjxpygQAPH/g+YCPICiqLUJeSt6A7TuLqGqUGpitjhEP5fXlHtuJ
ELGzdCdMZhPWz16PquaqQdUL8Ue9ud6nAKW+vb7f81VnvRPnyJW1mWul19851ZduXe3d7Xi79O1+
t3lk5iNSbcI3T755U03dvxUw4AiAqNAoPLPgGWnOo9VuxcvHXkZXT1fAjhGiCMH96fcjTBGGv5f/
fcjtKWQKrJ+1XqpLUW4q9yjmFMyiQ6OxKHkRpsZNxZToKR4jIgJNBhmyxmdhxvgZOFx9eFDTO6bG
TsXU2KleL96rmqsgiiJUchViwmLcwolQRSjq2+uRGJmI8w3ncefkO1FYU4jEyETEhsWi09aJu6bc
hXMN51DdUo3jV44jNzHXY7Uf6bkIMsyfOB+fVX3mU+VqX8ngWDnlR0t/hNdOvIbCmkL0iD3o6unC
H4/+EdUt1VhsWIx3yt/B0dqjUrgRqgzF8pTluD/j/n4LqY4kZ82NoW5DRETBz1vI4RowOEfnAsCO
4h3SqIJAqmyqxIb3HH3wdg6y1LgU+Wn5fa6OV1RThA/PfejRt32V+6TaFoGuuzGcXKflmMyOFVMs
Vgu2Htk67Mc26AyI08SxzkeQyhqfhSWGJQCA4qvFHksm09jHgGOI1HI1Ni3ahPhwxzQPESJeO/Ha
oOZp7a3cizPXzwAAVHIVdCE6pESnYGrsVGnKyoNZD8IQZcAvP//lkPr9telfk5Y86urpuqnWdE6M
TMQTc5/AtLhpI/pNv1KmxIKkBTh25Zjb+tm+ig6Nhlqp9vqYc16pIAhQyt1XQbHZbdh1bhdWpa3C
gUsHUFBVgLTYNCxLWYaPL3yMxIhEGKIMmBo3FZeaL+Fi40Vca78GbbT3gAMAIkIioFVpAxpwOOk1
enw759uID4/H7vO70WHtgCiK2H1+N/ZW7EWnrVM6iYoKjcLazLUBKRJLREQ0XLyFHE7OC2wAmJsw
d8j12friLYBw1v5wncLiTU5iDrITs1FQWYBtR7a5tTVQsBGqCIXVbpUKM441+yr3IWNcBnad3TXs
tTfyjHnSz8Guc7uw4/iOYT0eBZZCpsC6mesgF+TosHbg1eIbhUXD1eGYP3E+JkZOhFwmR6OlJski
DwAAIABJREFUEceuHGM9lzGIVwxD9L2F30NqTKp0+6PzH+HDcx8Oqq2TdSdxsu6kx/1TYqbgWznf
QnKkI5CYP3E+Vqetxvtn3x/UcSZFT3IrwPTB2Q9uml9OhUyBr2V+DVPjvI+EGG5T46ZCKVcOKuCo
ba1FW1ebVIfClXO5K1EUPSpKywQZ9Bo9DlQdgFwmh7XHClEU0djRiM8ufYb7pt2HurY6TIubho/P
f4zmzmZUNlXCGG3sc2RLXVtdQFdS8fZ87s+4H+O14/F6yeto7WqFXbS7LcEbGxaLb+d8G5njMr2u
KjOazjecR3pc+oDbEBHRraOvkKOgsgCr0lYhTBmGTH0mNuZuHJGRBBqVBi/c+YLH1FeTxSSFLgad
wW152DxjHuI0cfjx3h/7NGIjJToFKVEpAICy+jJpCqo3Bp0BYSrHsXpPi3FOnfHFdfN11JvrkaHP
6LePlm6LNK1m6+Gt0rYalUaq3xForsVqXQtY3owCMaLH21To4WrXF/dn3C/9HL539j3UtNYAAG6f
dDsezHrQ4xx9TeYafH75c/yx8I8BHblPQ8OAYwg25m7E3AlzpduHaw7jT8f+FPDjnG84j58V/Awv
3PkCIkMcv1h3Trlz0AHH43MelwqXXmq+NOA8tGAyMXIi0uPSh31KSl8i1BF4YPoDOFp7FKdNp/0K
Oi42XcSRmiNYZlzmMVrBGGWEIAiw2q1o7myGXbRL01QsVgtmT5gNk9kEuUyOu6bchdauVlxovABb
jw1FNUU4VnsMdtGOMGUYLFYLTtWfwqLkRV6Lr3ZYO/Bpxado7W4d2ovhxb8u/gsz42ciJiwGKrkK
S41Lodfq8WLhi6hvr4cIEYIgICMuA9+Z9x3EhMVIK6pUNFag3FSO1WmrA94vf+25sGfAgGPPhT0j
1BsiIhqqquYqadWQofAWctSb6/Hs3mfx42U/RpgyDHnGPJit5mH/dt+gM7iFG0W1RdhZutOtPggA
ZCdmY23mWmn6SqY+06f248PjkRKVIl3QO/frK+RYP3u9NF1nzf+u8ejrlmVbfDru26VvY2fpzgG3
L68vx7N7nwXguGjOSczBulnr3F6TgsoC7CjeIY2UJd+5fuHmuvLJQJyrTQLwOupnuNodSGJkIvLT
HF8AVzVXSddHSwxL8MTcJ6Tz7ubOZnTaOhGniYNckGNJ8hKEKkLx3IHn/D4mDQ8GHIP08IyHpeWm
AODktZP4zaHfDNvxGjsaceDSAaxKWwXAsVRmhj7D7yXGvpL+FbcRJ2evn8XK1JV9bm+Icp+rOWP8
DEyMnCjd/vj8x2MqsYwNix3SuvJDJRfkuHvK3bhzyp148+SbeLf8XZ+TaGuPFe+feR9TYqZ4pP5T
Y6ciOjQaDZYGVDZVotPWCa1KCxEijl85juNXj+M7ud+RghGb3Ya/lf4ND2Y9iMXJiwE4PtxfLHwR
n1V9htJrpbhuue6xKoxdtONQ9SEU1RZBFAM/17awthBvlb6F/77tv5GsS4ZMkCFTn4lf3PUL/Pyz
n+OM6QxuM96Gx+c8DrVcLfWptL4ULxx8AXMmzAl4nwbj4KWDSIlK6XMllffOvMcCo0REQWRn6U7k
GfOk0QxDIUDAUuNSt1EclU2VeHbvs3jhzhcAAKtSV+HDsx8O66okVc1VMFlMiAuLw47iHdh1dpfX
c5LCmkKU15dj3ax1yDPmSbUj9Bo9YjWxXouQxofHI0Of4TFaNlOfiR57T5/Pq7/Rtf6OvPVne+fU
kd77OEesbNnrW7hCN7ie/7uu+DgQ16nWnTbPFfGGq92BrJ+1HqGKUPSIPdLUFLVcjUdmPAKZIIPV
bsWfj/0Zn1z8BACQFJmEZxY+g8SIRGQnZGNx8mIcuHTA7+NS4DHgGIRVaatw37T7pNsXGi/gFwd/
MexzD883ug95nxQ9ye+A496p97rd9mU1CFfOgMXp88ufo8sydgKOsVIASwYZlqUsQ2FNIWpba33e
r769HkU1RUiOTHYrJBoZGomNuRvxytFXcLHxIvZW7MWCpAVo7mzGgUsH3LbtsHbg4OWDuGa+Jn0b
o5ApYLPbEB0aDQBo6WzB/sr9WD11NSLUEdK+7d3t2F+1Hx3WG1NFAq2powk/P/Bz/Fv6v2GJYQnU
cjVCFaH47vzv4nzDeWSNy5LCjdauVmna13D2aTD+cuIvqGiqwIrJK6SCoucbzmPPhT0MN4iIgoy5
24wN72/Amsw1MEZ5n1rgOp1jMCqbKlFuKpdGAMZp4oY14DB3m/stPOqqvbsd245sw7Yj26Tttyzb
gjjNjXDESa/Rew03nNL16ei40uHXyhNl9WVuozrWZK7B2sy1AIAte7e4ne/2fi7lpnI8++mz/ba/
dvpaCBBQ1VyFLXu3wNxtxsZ5G7HUsBSZ+kwYdIZhXyXmZuM66iVcFe7TPmq5GqHKGwXjvY2cGa52
+7M8ZTlmjJ8BwDGq59S1UwCAeRPnSefOX1R/IYUbAHC55TJeLX4V/3nbf0KAgCWGJQw4xggGHH5a
YliCR2Y8Iv1Rr26pxnMHnvNraVC9Ro95E+dJt8vqy3Cx8eKA+1m63Y/hOhRLuk+uxPfmfw/p+nS0
drXi1eJXcezKMelx59zHm1W9uR7t3e3QhehGuyuIDYtFTGiMXwFHj9iD6pZqtykogCMwmT5uOp7I
fgIFlQU4UnMEFxsvQiFTQCFTID48Xlrzu7q1GseuHEN0aDT2Ve7DV9O/isiQSLR2taK6pVq6GL/Q
eAHlpnLMS7zxs9je3Y7LzZcD9Ar0zWQ2YcfxHbhuuY7VaauhVWkRExqDmMQYaZumjia8VvIaDl0+
NGYLlx28dJBhBhHRTaK9u73faSOGKIM0zWQwNuZulMINi9UyIhfU/nzx03vbOE0cBAjQKN1HxupC
dRAgwGa34WLTRaTFpAFwTE2JD4+HUqZEVGiU30tr9tVX8cv/+txP7P9xg86AuLA4AI5pQ84VVgoq
CrDUsBQARnX0b7Cqa6+T/q1VaRETFoMGS0O/+xijjG511VwL8A53u32JVEfigekPAAAaOhrwesnr
bu06nbh6wmPf4qvFaO1sRWRIpLTgBI0+Bhx+mBU/C0/MfUKaBlBvrsdzB57zuxhjhDoC35j5Den2
O+Xv+BRw9L5ob+v2/OC4a/JdyEl0rPWtVWnx0IyH3AKOQ5cP+VWfIk4T57bcZUldiVsq2mUbO6M3
AOBK6xWcuX7G7aJ9tFi6LX4FX04miwk9Yg8UvX49BQhI16djcvRkWKwW9Ig9UMvVUMgUECFKgYhB
Z8C3sr8l3edMvyNDIvGtnG+5tadWuK/a0t7dDrN1ZOahdvV04Z+n/4mKxgr8YNEPpFEbgCMV/9Wh
X+FK65VBF4oiIiLyV38Xys5pJpsXb5YumH2Vn5bvNrV5e/H2Uav7kGfMw/2Z9zuWTT281e+gpaKx
Aja7DSazya1mWG1bLerN9QhXh+NK65VAd3vQqpqrpNEhru9vnObGeziY87VbXe8vxOZMmDNg/bHe
dW4qmipGrN2+PDLzEUSFRgEA/vfk/7oFc6616vpaWbClqwWRIZEIVYR6fZxGHgMOH02Onoyn5j0l
/aA3dzbjhYMvuKWMvrrSdgVWu1UagZEamzrAHg5T46a63a5o9PzljQiJcLvdO3X3t07IV6Z9xS3g
+ODsByi+WuxXGyPJZrfhzZNvQqPUYFrctFFbWtRmt+GL6i8G9e2MyWxCXVud12riMsgQogjxWhzU
SSVXeZ2zKBfkiAqJ6nM/EaIjaBvBWT42uw3FV4vxw49/iCezn0RKdAqOXzmOHcU7BkzriYiIRlpl
UyU2fbRJWnrVFxn6DDw661Hp9s7SndhXsa+fPYbXo7Mflc4P189eLxXi9JXNbpPOQZ0Xhk715vph
nXbjjSHKs0BpVXOV22gcb8GVa0FJf1YTzE/Lh0apwa5zu27p4qQldSWw2W3SuXZ2QvaAQcSsCbOk
f3faOlFytWTE2vUma3wWlhiWAHCMxui9xLOrvqZkOe8fK9PkiQGHT8Zrx+P7i74v1Spo727Hrw79
atBLq1qsFlxouIBpcdMAOOYq5ibm4kjNkT73SYxMdJvWcrX9Ki40XvDYbn/lfiwzLkNkSCREiNhf
tX9QfQxmta21eP7A87hn2j1Ij0tHhDpCmr4xEszdZpTVl+Ef5f8Y1NSK1s5WvFP+DtZmrkWsJhZK
uXJYV4Wxi3Z02jpR2VSJPRf2jMof6JrWGvzi819gbsJcHLx0cMyNDCIiInJq727Hlr1bfA45shOz
pYuggqoC7CzdOdxd7FfvL7+CnUap8Vj5ZaACpBtzN0rvnT+r2eSn5UthVbo+/ZYuTlpvrsdp02lM
HzcdgGMhgrkJc3G09qjX7RcmLURabJp0+9S1U14XKhiudntTyBRYN3Md5IIcHbYOvHriVY9tXEf2
6DV6lMGz9qHzy+UO29iqFXcrY8AxgMiQSLehiF09Xfjd4d95rSjtjw/PfYipcVMhQIAMMmzM3Yjo
0GjsPr/bY9tZ8bPw+JzH3T6QPjr3kdd2a1pr8MxHzyBDnwGT2YTzDee9bnez67B14K1TbyFUEQq1
Qj2iAUd3TzcsVsugVyERIeKL6i9wqeUSJkdPRlpsGmbGz/R7OOxA7KIdFU0VKKkrwfmG87jYeBHN
Hc0BPYY/Wjpb8OnFT0ft+ERERL5yhhyPzn5UquPQF9eL7eFYocxfWwu3YmPORlisFuwovnFxr1Fp
sCFnA0xmk7SKhJMxyoh1s9Zhf+X+fr/lHg29R2sA6He67drMtdJ0oR3FO1BaX+rzsTRKjceyuLey
3ed3I0OfAZkgg0yQYUPOBrx89GV8Uf2F23YLkxfi3+f8u/Ta2UU7dp3b5a3JYW3X1YKkBUjSJQEA
3j/zPmpaajy2cf0yOTcx1+Nnf2HSQkSqIwE46jLS2MCAYwDfnPNNJEUmSbdlgiOM8NenFZ/ijZI3
pNvOSrwrJjlWMQlThuHxOY/j3mn3oqq5CpZuC1QKFRLCE5AYmej24VhUW9TvL29LZwsOXT7kdx9v
Rh22jqBMVO2iHTUtNahtqcXh6sP4ovoLPDn3SYzTjgtM+7DjSM0RvFHyBq5brg+5iKddtEOECAEC
QhQh+OXdv5Qe06q0Q+2uV30dp8PaMeZWXCEioptPe3c7th7eCgD9hhxFNUXIT3VMh3BeWG89snX4
O9iHfRX7UFBRAMB9WL1BZ5DquGlUNy7kDVEGrExdCa1KCwECCioLxtRwfIvV4nNIkWfMw5pMRz2O
gqoCfHD2g+Hs2k2vsKYQeyv24vZJtwNw1Bl8ZuEzuNR8CVdar0AQBEwIn4AkXZLbtcxH5z9C6bW+
37PhatfVZ1WfAQAWJS/CO+XveN3m0OVDeDDrQcRr4zE7YTYemP4A/nn6n+iwdSBrfBYemfkIAMfv
0d6KvT4dl4YfA44BuC6hCThWLlGqPVcvGYi3wjMvFb0ES7cF+Wn5Uj2O2LBYxIbFem1DhIjPqj7D
H4r+4PfxKTiJENFp68Spa6fw3IHnsGnxJozXjveY79ffUMze29hhx5HqI3jp6Et+Vzjvy9W2q2jr
akOEOgIyQYbkSM/6IYHW13GutF0ZVG0cIiIif4kQBww5SutLpVETgOMi22Q2jepUFW8BRVVzFS41
X4JBZ3AriJqTkCP9u6DKPdzotHZKX5IE6pzCX76Oiskz5mFD7gZHSFNVIL1vNDR/KPoDBEHAspRl
EL78z6AzeJ2+JULEh+c+xPbj20etXVefVX0mBR192XF8B76/8PtQyVW4P+N+3DvtXlh7rG6rKe2t
2NvnFBoaeQw4RtnrJa+jsKYQq6euxszxM93WcHay2q04bTqND899yF+eW5QoirjcchkvFb2E5ZOW
QxeiQ6e1Ey1dLdIyscm6ZGklEjvsaOtqQ2VTJRosDVDIFIgMiYRckKO6pRq7z+8O6ImIs807Jt0B
XYjObYnbkWIX7WjsaMR7Z97ze2UjIiKiwXKGHGX1ZVKIYbK4L1O5r2IfDDrDjZEcKXmjXoujN3O3
ud/aIlsLt0ojP5w6bB04cOkAAIzZJd0BR6FXZ7hRVFuErYe3DnkUireVV/xZjcXbtrYeGxTy4Ls8
e7HwRZy4egL3TrvXY8lWAOgRe3Cx8SL+XvZ3t9UdR6tdfxy7cgy/OvQrrJu1DvFaxzLIzi+mu3q6
sOfCHo8pXd6YLKaATjfv/TeGbhBW7FgxdsaY3eIUMgUy9BmID49HmDIMXbYuXLdcx6lrp7h8FUkU
MgXUCjU6rZ3oEXsgQEB0WDQWJi3EnAlzoFVrUddWhwOXDqDkaok0RUetUEuFlIZjDrAAAcZoIyZF
TYJS7n2U09Hao0Oqrh4fHo9Z8bO8PmbtcQSBta21Y2roLBER3TpyEnOwKm0Vth/f7lGMXoCAR2c/
ivzUfOws3TnmAg4nrUrrEXI4w42hfL7+eNmPpeU8vbVTXl8ureiyNnMt1mauBQA8u/dZlNV7Fnf8
2wN/k/49UHuvfvVVt1p2vbd33bY/mfpMbF68GWHKMOw6t8tjxEBOYg42L9oMwPGa9V4tJz8tH+tn
rQcAPH/weRTWFLo9nhqTiom6ibD12HD86vFRGxUzFHqNHlPjpkIXogPgWHmyrL5syKvjDVe7/pgV
PwuGKAOUMiUaOhpwtPYoWjpbfNp3/ez1UsAZCN5+/siBAQfRTcIZfMgEGWw9NnT2dI6JYmZERES3
EgFCn0FAsCwpqdfosXnxZhh0Buwo3oFdZ3cNuc+uAYc3ZfVlgw44BmrPn20HotfooVFpUNVU5fU1
0Wv10Cg1fa62aIwywmw1o77d+xc+4epwdFg7xvSIGPKfRqXB5kWb+/0d8FVRbRF+f+T3t/Qyxf1h
wEFERERERG4CHcYMtHRr72MNdHx/2vP32ETDxRhlhEFnQJzG/+kqJrMJVc1VfYZn5BB8k7yIiIiI
iGhYBfqC39/2Btren/YYXtBYUdlUyYBimI18JUAiIiIiIiIiogBjwEFEREREREREQY8BBxERERER
EREFPQYcRERERERERBT0GHAQERERERERUdBjwEFEREREREREQY8BBxEREREREREFPQYcRERERERE
RBT0GHAQERERERERUdBTrEiy9PmgOJgWxSHsO5TjSgT3/f1sbGjH9mH/fjYYlddslN8vEcKQGhvq
+9VvGz40PqKvm9jvzeE9tsTl92uQjQxbv8fw+zXsf1f6NLT3a9j6Pczvld9teNlw9D7DANGtAaGv
zQJ+7KG8X8N2bB83Hr3PsN4NBMf7NWJ/kwL8Xg25DbH3viP3fnnd348GR+RnvI8NR+3v4Si+X173
DYL3a9TONzzeK2BUf794/efTjmPm9yvA7xdHcBARERERERFR0GPAQURERERERERBjwEHERERERER
EQU9BhxEREREREREFPQYcBARERERERFR0GPAQURERERERERBjwEHEREREREREQU9BhxERERERERE
FPQYcBARERERERFR0GPAQURERERERERBjwEHEREREREREQU9BhxEREREREREFPQYcBARERERERFR
0GPAQURERERERERBjwEHEREREREREQU9BhxEREREREREFPQYcBARERERERFR0GPAQURERERERERB
jwEHEREREREREQU9BhxEREREREREFPQYcBARERERERFR0GPAQURERERERERBjwEHEREREREREQU9
BhxEREREREREFPQYcBARERERERFR0GPAQURERERERERBjwEHEREREREREQU9xWh3gIiIiIiIiAJM
9PpPXzb3+ziD3neox/a2v5+NDXvf+9lgKMceyvvlub9/rQ3tNROGtPdAGHAQERERERHdLKQL2AAk
D34cb8xgf/rntT/DGzq4H96lAwIgiEJAu8CAg4iIiIiI6GYg9go2XDMOUfqfvnYdwjGHhiM4huG4
A+w4KscGAME9yRBF8UbQEYCQgwEHERERERFRsHMNN5yhg12EKIoDZRvw4eEBjjs0N3XAMYzHHspB
R6PfAgSIgui8AcGZaIiAKIgBCTkYcBAREREREQWzXuGG3W4HegC7XXSEHF9uM0ATQzh2b/5dpd7U
AccYHcHhboTeLwGATABkgCC7EWYIX47qCETIwYCDiIiIiIgoiEkBhgjYe+yw94hYYlyOu6atRpo+
HUq5cpR7SLc6a48Vp+vK8X7p+/j0wqeQyWWA4stRHRBvjObgCA4iIiIiIqJblMvwDLtdhNgj4rHs
b+O+rLWj2i0iV0q5ElkJM5CVMANT4lLxh0MvQhAEyGQyR7ghzVYZ2igOWeC6TERERERERCPuy9Eb
sItYbFzOcIPGtLWz12LZ5OWADYDdUWhUFG9MsRoKBhxERERERERBSlowRXSM4Lhr2upR7Q+RL1Zn
roa9xw7RHphgw4kBBxERERERUTBymZ4iinbADqTp00e1S0S+SI9Ph2gXYRdvVKkVxS9/loeQdjDg
ICIiIiIiukmwoCgFA6Vc+eXIDREiRIgcwUFEREREREREwS8wCQcDDiIiIiIiIiIKegw4iIiIiIiI
iCjoMeAgIiIiIiIioqDHgIOIiIiIiIiIgh4DDiIiIiIiIiIKegw4iIiIiIiIiCjoMeAgIiIiIiIi
oqDHgIOIiIiIiIiIgh4DDiIiIiIiIiIKegw4iIiIiIiIiCjoMeAgIiIiIiIioqDHgIOIiIiIiIiI
gh4DDh8kRc0c7S4QERERERERUT8YcAxgevzdeGj2/yA//f8Z7a4QERERERERUR8Uo92BsWx6/N3I
T/9/v/z3SgDArvKfj2aXiIiIiIiIiMgLjuDog2u4ceO+lRzJQURERERERDQGMeDwwlu44TQuPBVq
hXaEe0RERERERERE/WHA0Ut/4UZ9+wX89djT6LK1j3CviIiIiIiIiKg/rMHhYnr83Vg5QLjRaWsb
4V4RERERERER0UA4guNLDDeIiIiIiIiIghcDDjDcICIiIiIiIgp2t/wUFYYbREQ01q3J+i6WGO+T
bl+4XoL/+fx7o9gjIiIiorHnlg44GG4QEd089NqJyJ24EpNishCrSUCIQgMA6LSZ0dRRj8vNZ3H4
8i5cbj4zyj0lIiKiobpuuY5PLn6C4ivFuNxyGW1dbZAJMuhCdZgUNQm5E3Ox1LgUoYrQIR3nLyf+
gjdK3pBup8Wm4bf5vx1wP7tox4b3N6CyqVK6Ty7Ise2ebTDoDP3ua+4247F/PIbmzmbpPq1Kiz9/
5c+IDIkcxLO4ddyyAQfDDSKim4NCpsK9Gd9G7sS7oZSrPR7XqCKhUUUiMXIK5iWtRGnd53j71K/R
1tU0Cr2lvnwr96eYEb9Qun2stgCvFP1kFHtERERjkbXHij8f/zPeP/s+rD1Wj8fr2+tR316PL6q/
wPbj27Fu1jrkp+YP+nh7K/a63T57/SwuN19Gki6p3/1kggxPzXsK39/9fYgQAQA9Yg9eLHwRz614
rt99Xyt5zS3cAIBHZz/KcMMHt2QNDoYbREQ3h3B1FJ5a+D9YZLjPa7jRm0yQISt+MZ5e+HvEahJG
oIdEREQUKC1dLfiPD/8D75S/4zXc8Ni+swW//eK3eO7Ac7CLdr+Pd7LuJK62XfW4/6MLH/m0f4Y+
A3dMvsPtvhNXT+Dzy5/3uU9NSw3eP/O+232pMalYlbrKp2Pe6m65gIPhBhHRzUEuU2D93J8iSTfV
7f4euw1VTWU4XrsXRTV7cM50DJ1Ws9s2sZoJeGzuTyCX3bIDGYmIiIKKtceK//zkP3Gh8YLb/TJB
hmlx05CXkofFyYuRFOk5smJvxV789ouBp5X0tufCHq/376vY53Ng8s2530S4OtztvpeKXoLNbvO6
/YtFL7o9JggCnpr3FARB8LHXt7Zb6sxuoHDjTYYbRERB467UR2GMznC7r6LxFP528te42lb55WBQ
B61Kh3/LfAqzE5ZJ902ISMGKKV/H7jPbR6jHRERENFjbi7fjQoN7uDE3YS6env809Bq92/2nTafx
q0O/wuXmy9J9u8/vRnZCNhYmL4QvOm2dOHjpoNfHGjsaUVRbhNzE3AHbiVRHYv2s9fjt4RsBS117
Hd4ufRsPZj3otm1hTSGO1h51u29l6kqkxqb61Ge6hUZwMNwgIrp5aFU6LDTc63bf5eYz+OPhTbja
VumxfXt3M/5y/KeoaDzldn/uxLuGtZ9EREQ0dNfar+Gfp//pdl9uYi5+uvynHuEGAEyLm4Zf3vVL
JEYkut3/8rGXIYqix/befFb1GTpsHdLt3m31NbrDm5VpK5EWm+Z231un3kJjR6N0u0fswR+P/tFt
m8iQSDw2+zGfj0O3yAgOhhtERDeX+cmrEKrUSrftoh3vlm1Fd09Xv/sVXHwbKdHTpdu6UD3Sx+Wi
/NqRAY85NW4uZiUsgzEqHeEh0QhRhMHa0422rkZcbj6LLy59gHPXiwf1fDLHL8D8pHwkR02FRhkB
m92KRksdyusLsefcXwfVptM0/VzMTsiDMSodES79bv2y359X7RpUv1VyNRYZViMrfgHGhyd/+X4I
6LSZUd9eizOmYzhQ+R5aOhv6bGPj/J8jY1yO18fmJCzFnISlAIAGSx3+e89DXrfTqnV4YeU70u3u
ni589727kTEuB3emPoDEyMkIUYTixJWDeKnwx/0+J6VchduM92JG/HyMD0+GRhkOu9gDs7UdtS0V
OHXtMPZd/McArwwREQXa+2ffd5u2oVFp8MzCZyAT+v6+PkIdgafnP41NH2+S7rvadhWFtYU+jbz4
5MInbrc35G7Az/b/DOZux7TXIzVH0NbV5jH9xBsBAr4777t4atdT0tSWDlsHXjn6CjYv3gwAeKfs
HdS01Ljt980534RWpfVoj/p20wccDDeIiG4+aXFz3W5XN59FZWPpgPudrDuATqsZIUqNdF9yVHq/
AUdkSCy+NuP7SB+XCwHu81/VilCoFQmI1SRg1oQ8HL78Id4s+YVfz+VrM57BgqRVbnNtKwrtAAAg
AElEQVRr5TIF4iOMiI8wYtaE23C5+ZxfbQKALiQWD8x8Bhl99DtOkYA4TQJmT8jDF5d3440Tvvd7
ckwWHpr1fYzTTvR4TKuKhDY6EinR6VhsWI13Sl/EkepPvLQyPJQyFeYn3YmHZz0DhUx5o1/q/ivP
Z4zLwUMznkasJt7tfjkU0MnV0IXEIGNcNpYa78Vfin+Biw0D/7wREVFg9J4qssy4DLoQ3YD7ZY3P
wuToyW51Ow5UHRgw4Khrr8OpazdGfcaExWD2hNmYN3EePr34KQBHTZBPKz7FfdPu8+k5TI6ZjPzU
fLx/9kYB0b0Ve7F66mpMCJ+AN0+96bZ9uj4dKyav8KltuuGmnqLCcIOI6OYUH5HidvtSU7nP+x6u
/hDFVwqk/2vrbOxz24iQGGyY/wtkjJvnERL0JggC5ifn48GZm/rdztX905/CwuTV/RYOiw4bj5kT
lvjcJgBEhsTgOwteQKaP/V6QvBIPz/yBT20n6VLxRO5PvYYbvYWrdXh41iZkJy73qe1AEAQBa7O+
4xZuAEB/I5JnJ9yGb+X+2CPc8GZ8eBKemv9/ka6fO+C2REQ0dNct1z1WMvG1jgYA5E50DzNKrpUM
uM+eC3ukpV0BYGHSQggQcJvhNrft/nXxXz73AwDWz16PqNAo6bYIES8Wvog/HfuTNDIEAOSCHN+d
912/2iaHm3YEx/T4u7FymvdwAwD02sl4+rYPRrBH7g5U7MDBCha2IyLyV0xYPMKU7sNB69qqfN7/
3bJt7nf0c+GbP/VxjA9Plm7bRTtKruzH6fpCmK2tiNUkIHfiXZjgErjkTrwLhdUf42LDyX77kRY3
F4t61RGxiz04d70YV1uroJKrkRw1FYmRU3x+bk6rpj3m0e/iK/txur4I5u5WxGkmYF7S3ZgQYZS2
mZd0F45U78GFAfp9X8aT0KhuvP7m7jYcrHoPFxpOQYCAKbEzsMiwGqFfjpJRyBT4SuaTOH5lP3p6
VYx/48QvEaIIgwjg/sxvu01XKbn6Od4tfwUA0GMfeClAV6EuI3Ru8P5Gx4bF4+GZ/wGVyzLDdrEH
pdcKcanpLARBgCFqGtL1c6Wh0KFKDdbN3oz/u38jmiwmv/pGRET+qWis8LhvSozvn42Toia53Ta1
m9Bl64Ja0ffy8s5RGk63GR3BxpwJc6BVadHe3Q4AON9wHpVNlTBGGT3a8Eaj0uDf5/w7nj/4vHTf
2etncfb6WbftVk9d7XOb5O6mDDgGCjduGL2ldrjIDxHR4OhC4zzua+vuexTGUGSMm+d2e+/Ft/B+
+Utu9x25/CF+sOSPiNUkAHAsVzcnYfmAAceySWshE+TSbWtPF14v/jmO1xa4bCXgjikPYnX6Nwcc
ieEqc9x8t9ufXngL/yx/2e2+Ly7vxubb/oA4l37PTVzeb8ChUUVgSmyW232vH38OJ+sOSfFB6bUj
qGwsx7/n/FgamaILicXM+EU45vbcgOYORzggArD1CjFsdivq2i759Hy9OWM6jgOV76Oy6TR67D1Q
yUO8bndP+qPQqm5MX+nq6cT2o/8fiq+4D4fOTlyGdbM3QylXOZ5TaCzy0x7B68W/HnQfiYhoYKZe
QXKoItSvuhRxGvfzBhEiGjoaMCF8gtftS+pKUNdeJ92ODYtFht6xaptCpsCCpAVuBUY/vvAxvpX9
LZ/7s3zScuw+v9ttCoyrmLAYPDrrUZ/bI3c3XcARGTL+/2fvvsPjuM5zgb9b0AsBEkRh750ixapC
FYvq3VZixXKJIznulmI7tuN73XId24njxFVybCWWXCLJKi6qVqF6I8VOsYMdRCFBEL0De/8AF9zF
ntmdnTOLc+bM+3seOeGW2e98c2Zn8e7MrM1wg4iIvCgnlJdwW1dfe0Ze65WDj8WdPrKxJvFQ1K6+
Duxt3DwccABAReGUpMstzh2H2WVL4257/fDj2FL7csJjn9//IKaVzsc5VWts1/3ywccQG6Vb1n1y
83DAAQCVKU47GZdfFRfKDEYGsPvkxoTHba17HYdP70ZJXtnwbUU5pQmPy5Qtta/hF+u/mfJxRTkl
WDqiry9WP5YQbgDAOzUvYkrJbFw5+9bh21ZOugy/3343+gZ65YsmIiKh7r7uuH8XZIuO0rOWn5Wf
cFtnX6fl40f+OsqaqWvivmS4ZNolcY95+dDL+PiKjye94OlId553Jz71xKfiLpwa9fEVH0deVuJn
HbLHuICjpbseT+/+V1w7/59Ul0JERBkQiPkDO9Oe3/+/th7X2dsa92/xKRJnzSlbGneNiMHIAF49
ZP3rHM3djbbqiHp2n826++KvQ5Wbou6THTUYjAwOf4gLBkK4dt7f4s8770147L+/+lmb1brvuf2/
t/W4JVUXIid89kNk30AP1h14zPLxz+9/GJfOuHn4dJa8rAIsrboQ79S8JFcwERFZGhkCpBMkAEAo
mPi5YWBwQPjYrv4uvHHkjbjbLp1+ady/l01YhuKcYrT2DO37T3edxvqa9Th/cvzRk8lMKZmCuWVz
sfPEzrjbC7MLsWaq/S80KJFxAQcA7Kh7GgAYchARGSnxWgqBDF8zOxQMY/nEtVhUeSEqCqdgTO44
ZIdyEQqKd6OBFB++qoriL5J6qrMepzrrLB7tXCgYxoqJa7G46gJU2qg7mKKPXX0d2HdyC+aVLx++
7crZH8CSqjXYc2IT9p/aht0nNqKrryPJUjJvMCL+4DrS5JL4c7jr246irafZ8vGtPadR23oI00rn
nV3GmFkMOIiIMmhkQDFg8z1++PGCMEMUegDAq4deRVd/1/C/ywvLMX/8/LjHBANBXDjlQjyz/5nh
256rfi6tgGPj8Y0J4QYAtPe24/c7fo8PLvmg7WVRPCMDDiB1yNHT346nd30P3f3xhzUnudacO868
QHN3ffLHERGRUM9Ad8JtOeHEw0/dMq98Jd638DOoiLlop6y8rPhzh1u7T7m27Kj55Stxy6JPx11s
1A2PvXsPPn3+91CaVz58W0XhZFQUTsYlM25G30AvjrcewK6Gd/D64SfTPvpkNBWPOG3mtI1aW0b8
6s6YvHGu1kRERPHywvGna3T2Wp9eItLZn/j43LD4ukzPHYg/PeWiqRcJH3fxtIvjAo4NNRvQ2tOK
4pzilPX0DfThZ+t/Znn/QzsewtqZa1FZWJlyWZTI2IADOBNyRIBrFySGHDnhQlww/aN4aPNdcSGH
bMCR8vkZT1CIiMzW0pX4qxWFOWMEj5S3oHw1Prrim3GnMUQQwamOWjR1nUDfmbBlbH4lqorsX+08
eqHKqL5Bd6/hsKBiFe4Q1N3YUYvTXSfQ23+27thfUrGjtvUQfvz6F/HeRZ/AOZUXJvzEbVYoG9NK
52Na6Xy8Z+YteL769/jL3t/JDyoDRv6UbLQvyYxcV7G/vkJERO4rKyiL+3dXfxfaetpQlFNk8Yx4
jR2J4XVZflnCbXVtddjZEH9UxaXTLk14HAAsrVqKktwSNHcPHfXXP9iPdQfW4b0L3puynge2P5Dw
s7ehQGj4yJTegV7cvf5ufHvtt1MuixIZHXAAMUdyCEKOiqLZ+JtlP8aDm+9CT39mLlBHRETuOtlR
g+6+jrjrRZQXJL+oZ6zLZv4NinPHDv/7WPNebKpZJ3zszYs+HRcS1LcdwcPb/zPhF1Kun/+xtAKO
npjDX4GhDzZuukVQ90PbfpjwCyk3LvhY2gEHAJzsOI5frv8GJo2ZhQumXosZ4xaiqmg6wiNOfcnL
KsCN829Hae54PLhNv18bSVgPIwIPkZGBBi8wSkSUWdNKpiXctv/UfiybsMzW8w+ejv+Z2fEF44VH
cDxX/RwiI76N/txTn7Nd5/MHnk8ZcBxvPY5Hdz4ad9vKiSsxvXQ6Hn734eHbNtRswFvH3krrtBca
YnzAAaQOOT7AkIOIyFPq2w9jWunC4X9PLV1g+7mXz74N+Vlnv/VZV/0gNiEx4Jhfviru11D6B/tw
38ZvSv10aVRnb/zFPQtd/IWRBYK6//udb7lS90g1LdV4ePtPAAD52cVYWLEKCytW45zKC+ICljXT
r8eGmudx4NS7rtcgo723Je7fY2KCLyulufHf+rX2nHa1JiIiildRWIHywnKcaD8xfNsbR9+wHXBs
qNkQ9+/oT77GiiCCdQfFX3bYdaDpAA42HcSMsTMsH3P3+rvRGxOMZ4Wy8MlVn8S4/HFYd3AdTnWe
PWX1ng33YFnVMuSEeaRgOjJ7VTaN7Kh7Gk/v+lfhfdGQIyds//eUiYhInerGrXH/nlo6H1XF1h8o
ohZXXhgXbgDA0ea9wsdOLpkT9+8T7cdcCwlqWqvj/j2+YKJrP6M6su4GF+ueUDwD08cuGP4vtuaO
3lZsOPYC7tv4Hfzo9S/EhQcBBHBO5YWu1OCmI6f3xf17QvG0pL+AU5RTgsqi+KOFjjbvz0htRER0
1shrYaw7uA6nu1IHzHsb92JfY/x7/cVTL0543La6bWhob5ArEsCz1c9a3vfK4VewqXZT3G03zbsJ
k4onIS+chzuW3RF334n2E/jdNj1P8dSZbwIOgCEHEZEp3jzyOHoHeob/HQ5m4aYFn0r5vEtnvD/u
3609TdhW+4rwsTmh+Iua5YStf5N+fMHElK8dq7pxK3pjLpYaDmbh4unWh7XGXtAzlZF15rpY918t
/gz+8eKfDf93xey/ET7uSPNeHGyKP4+5KOV1UuIPC073ZwCd2NmwPm4e5YbzcdnM91k+/rKZ70NW
zCkqXX0d2F73VkZrJCIi4Ia5N8SdBtnV14UfvvlDRCLWFzjs6uvCj9/6cdxpJxWFFThvynkJj32u
Ov7iolVFVfjQkg+l/G/kUSQvHXpJ+CsvXX1d+OU7v4y7bWzeWHxoyYeG/7125losKI8/IvUPu/6A
oy1HLcdIiXwVcACpQ47bGHIQEWnvdNcJbDj2TNxtc8evwO0rv43i3MRftSjILsZHln0dM8edE3f7
hmN/SfoascbmV2LFpCsSHnftvNuxZMIl6ZSPzr427D0Z/y3OpTP+CgsqVic89qo5H8KiSvvn4DYL
6l45ObHu6+ffjqUTEr/FSqa2Nf485nMnXoKxgvAlK5SN8hHhSUt38m/aYoMGABibX5FWbU609pzG
1trX4267cvatWFSZuB7OqTwfa2feEnfbpuOvoFtwdX4iInJXVVEVbph3Q9xt62vW45svfjPutI6o
I81H8JXnvoIDTQfibv+7ZX+XcN2rrv4uvHH0jbjbrp97PT689MMp//v4io/HPa+luwVvH3s7oZ77
t9yPxs74i53esfwO5GXFfwnx6VWfjrt4d/9gP3769k8TlkfWfHENjpFSXZPjtmU/xgO8JgcRkdae
3H0vZo49J+7UlMWVazCnbBkOn96Flu5GAAGU5I3HlJJ5yB3xU7J1rQfx7N5fWy5/e/3ruHHBJ4aP
iAgggA8s/RIWVKxGQ9sR5GcXY974lcKfYQ0FUu9e11U/hPnlq4Z/ySMnnIe/X/kv2H3iHdS3HUF2
OBczxi7EpDGz7bRj2La613HTgo/H1f3Bpf+IheWrUd92GAXZYzC/fIWw7mAwed0vHfgDLph67fCy
x+aV4/MX/wRvHXkaR5v3o6e/CxVFU3D+lKvilj8YGcAWiyNloho74q8oP6VkDu684PtoaK9BTjgX
v9n8fVvjT9eTe36N+eXLUZRTAmDoKI5Prf42dtS/jaPN+4ZrWVx5Xty3h6c6G/DYzl8Kl0lERO67
Y9kd2NGwA9Wnzp7mub5mPT786IexsHwhqoqqMBAZwLGWY9jXuC/hgqGXzbgM75n+noTlvnLoFXTH
/IpWKBDC2hlrbdU0vXQ6ZpTOiLuQ6fPVz+PCKWdPyzzYdBBP7Hki7nnzx8/H5TMvT1je7HGzceXM
K+NOddlevx3rDq6zXZPf+TLgABhyEBF5XU9/J+7b+E18bNV3UV44efj2nHA+5o5fkfS5jR3H8T8b
v5H051lbu0/hlYOP4co5Zw8fDQezsHxi6g8Y+dmpf7ruYNO7ePngo7h81geGbwsFw1hUeX7CERsD
g/0IpQgfolq6T+Hlg4/hqhF1r5h0WcrnFqSo+1RnHf7w7s9x65K7EDzzDdjYvHJcN++jSZ/30sE/
DocFVrbWvY6r5tw2fGpKAAHML1+B+eUr0DvQnbGAo6G9Bg9t+wk+svzLyAkNXVU/HAzj3AlrcO6E
NcLndPa14aFtP0FHb2tGaiIiokRZoSx894rv4v88/3/iQo6ByAC2N2zH9obtls+9cMqF+OKFXxTe
93z183H/Xlq1FKV59q+LtXbmWhzceDbgeOf4O2jpbsGY3DGIIIKfrv9p3GkrgUAAn1n9Gcvl3b78
drx+9HV09HYM33bvxntx3qTzUJBtfZ0oGuK7U1Ri8XQVIiJvO9lRg5++cSe2HH8Rg4JzXkcaOpLg
Zfzo9c+iseN4ysc/ted/8NqhPyV8CxSro7cFT+35n7jbinJKUVYwIeXyH9/1S7x88LGktTd11uPx
XfemXFasJ3b/Cq+mqLu9twVP7P5V3G126n798JP43eZ/R3N3Y9LHAUDfQA+e3fcAHttxT8rHHm3e
hzeOPJXycZmw8fjL+MX6byUcRSLS0H4MP37jy9hez2tvEBGNtjE5Y/Cja36EWxbeguxQtu3nLShf
kPBT5gBQ11aHnSfirxklOrIimbUz1sad9tI/2I8XDrwAAPjLvr9g14ldcY+/atZVmD3O+ujMktwS
3HbObXG3ne46jfs235dWXX4VuvJvp3xLdRHuCqR+SIwT7fvR2t2A2eMTv6UpzBmHGeNWYXfDixhI
8i0fyUhvfZFqXF/e4o/11TvQjW11r2LPiQ2IYBDBQAhZoWyEgiEMRAbQ2deGutZD2FH/Oh7Z/kO8
dviPcRf4TGXXifU41rwPuVkFyM3KRziYhYHBPpzqrMPm4y/ht1u+i/2NW3DJjFuGTzcJIIC2ntM4
0LQj5fJ3n9iAo817kRPOR15WAcLBLPQN9OBkew3WH30Wv978HfQP9uL8qdcOP6epswHrj1lfqR0Y
uoDmsZb9CXU3nqn715u/h/2NW3CpqO5Tyes+3noA648+i86+NoQCIYSDWQgFQggEAujq70B9+1Fs
qX0ND277ETbW2P/ZvR31b6N/sBfFOWORG85HIBBAR18bjrVU4+2j4vFmh3Nx5exb4257/fBTaOlO
PCc7mZMdx/Ha4SfR1deBYCCE7FDO8FEzbb0tONK8Fy8e+AN+s+UHaOo8YbEUf2xz5uD68haur1Qi
kQgiA8AHlic/qs7rQsEQlk9YjitnXTl0lEQkgt6BXvQP9iMnnIOKwgr0D/ajf7B/+DmbazfjcPNh
rJq4ClmhrOHbH9v1GHY0nN3n5WXl4QsXfEEYhljJy8rD7pO7UdtWO3xbU1cTLp52Mf75pX9GT8w1
pgqzC/Gty76F3HBu0mXOHT8Xrxx+Ba09Z48UrG6qxupJqzEuP/FaY151/9v3IxAKIBAMIBA4+x8C
iLsWSToCP3hxjeXXO9bf+yQRkXiuzOsOC8Q/3+bCFlddKzxdBQAa2vbbPl0l5csleYCSnileX5GR
O6s0FyY3V1Isw8bCR7VvkaT/zOxrD4vZvhwuJGN1a7y+ZOepqvWVsbozvK7SXobgger2YUD8BeHT
27lnpG6bCx21nmm0viIJC/DG+hq19ySX15X0MiIjnzt660v4/DQWOCpz3OKByt4PFa4v4XN1XV8R
DB2tFwEGBgYx2BvB43//kkQFZqhprcE/v/TPONoc/wskk4on4evv+TqmlUxTVBnFuvSHlyCYHUQw
HBwKOc78lyzgSLWN+PoUlVg8XYWIiIiIiMj7JhVPwk+u+wkumnpR3O01rTX42gtfi7uoKJmFAUeM
HXVP4ymGHERERERERJ6WF87D1y79Gu5YfsfwBazL8svwncu/k/IUEfIuBhwj2Ak5iIiIiIiISH/v
X/R+fPeK72JRxSL88NofYmpJ4s+kkzl8+zOxyUR/QvY6wTU5Nh57dLTLISIiIiIiIofOrToX51ad
q7oMGgU8gsOC6EiOp3b9K3bUPaOoIiIiIiIiIiKywoAjidiQYyjceFpxRUREREREREQkwlNUUthR
9zSONm9BS1ed6lKIiIiIiIiIyAKP4LCB4QYRERERERGR3hhwEBEREREREZHnMeAgIiIiIiIiIs9j
wEFEREREREREnseAg4iIiIiIiIg8jwEHEREREREREXkeAw4iIiIiIiIi8jwGHERERERERETkeQw4
iIiIiIiIiMjzGHAQERERERERkecx4CAiIiIiIiIiz2PAQURERERERESex4CDiIiIiIiIiDyPAQcR
EREREREReR4DDiIiIiIiIkP0DfSpLoEopcR5GnBluQw4iIiIiIiIPC6AABAA9p7YpboUopR21e0C
gkAgEEAAAQTcyTcYcBAREREREXlSYPh/gGAAgWAAz+x6QmVFRLY8seNxBINBBIKB4SkcOJNyBCSO
5mDAQURERERE5FGBmP8bCAGvHXoBf9z2sMqSiJJ6eNPvsW7/OgTCASBwJuBw6QiOsDuLISIiIiIi
IiVivgEPhIK4b8M9qG7ci2vm34i5FQuQFcpSWx/5Xt9AH3bV7cITOx7Huv3rEAwHEQgNnZoSCLgX
dDDgICIiIiIi8qoAgEgAQASBQADBEDAYCOL1Qy/i1QPrEBmMABEAkQgiSRaT7L6khE9M769Ux68t
en6aC3P1tdN8gMxry66v+OeP0voKAIFgEMHsIILB4NA1OM5cO+bskUgBqZCDAQcREREREZGHDWcc
GPoDMRgEIlkBhAYjiEQiiNj4i1TmD+bE5zLgsPMAvwUcw+HFmf+Gr7nh4mkqDDiIiIiIiIi8LAAE
IgFEApEz/zzzl2LozO0MOEbntdN8gN8CjriXigYcEZwNPCSP3gAYcBAREREREXnfyJDjzGEdkQAw
dJPsn/IWMrRYx1hPcorriQRiArjYsMOFcANgwEFERERERGSGMyEHAkD0ihuB+P9xnwvX4HAVA4Xk
dFpforBDEgMOIiIiIiIiU0T/XhwOOgD9/somPwvEphkuZysMOIiIiIiIiEwT98X4aH9Dr/AIDnLA
nCNugu4ujoiIiIiIiIho9DHgICIiIiIiIiLPY8BBRERERERERJ7HgIOIiIiIiIiIPI8BBxERERER
ERF5HgMOIiIiIiIiIvI8BhxERERERERE5HkMOIiIiIiIiIjI8xhwEBEREREREZHnMeAgIiIiIiIi
Is9jwEFEREREREREnseAg4iIiIiIiIg8jwEHEREREREREXkeAw4iIiIiIiIi8jwGHERERERERETk
eQw4iIiIiIiIiMjzGHAQERERERERkecx4CAiIiIiIiIiz2PAQURERERERESex4CDiIiIiIiIiDyP
AQcREREREREReR4DDiIiIiIiIiLyPAYcREREREREROR5DDiIiIiIiIiIyPMYcBARERERERGR5zHg
ICIiIiIiIiLPCx+v60ckcuZfw/8PEAGAABBQUVWGmTgmN2jfF+0LpCjjV5XDAQ49LZLiUe6SWRej
uR6NnzMO2eqLD5vnwyHbokVftCginoYlaUPr3sgWJ/F8rfuiEPsixn21mNtDjgg/QwfOvs6Z7CIc
DAWGHhpNNEajOk0YOixp2vdFUYHa90VDxvfMQ0EHeRs/PIn5cMi2KO+L8gLENC1LOeP74krQwX12
LOPnjEPcV4u5NuRI6qwiEDgTcIx4ZuI2HDjzP4auEEOHJU3rvigsTuu+aMr4njkaYPRJ/NA0kvHz
RQJ7I8a+iCnvi/ICKB3Gry6pLyW4zxYxfs44xKBDLONDjh7BEQgFRmyrNl7a0BVi6LCkad0XBh2e
YnzPHAYdPKJDzPj54pDtvviwgT4csi3K+6K8ADFNy6JMY9DhOm5LYgw6xDI55KFTVIIxG6rVthoY
/h/B7eYxdFjStO4Lgw5PMb5nDDpcZfx8cYh9scbeiCnvi/ICxDQtSznj+yI1QAYdIxk/XySk7I1P
myc37Oi2F7+UQAAIB0ZelSNdBq8Qg4cmReu+MOjwFON7xqDDVcbPF4f4DZGYD4dsm/LeKC+A7BD/
+WAgHtHhKuPni0PcV1tLa9jDm9qIZ8X8Mxz9RwDiTZOHwho9NCla94VBh6cY3zPHQQc/MFFqaf0R
YvzGdpZv/jhzIAJN+qJFEYk0LUs54/siHXRwnx3L+PniEPfV1tzqTRiB+O8Kpftp4ArR5oOAZjzx
4VFBcZ7oi2Z807M0BxgZ/tjED00ixs8Xh/jhScyHQ7ZFi75oUUQiTctSzui+SAzu7I9Vcp8dy+j5
IoH7ajE3hhxziorLCzd0hRg6LGna94VHdHiG8f1yeDTH0P/yQ5OI8XPGIX54EvPhkG3Roi9aFBFP
w5K0YXRvGHS4zuj5IoH7arFUQ47dukY+Nmy1DQ5/oyrbUMNWiG++aU6TZ/rCIzq055t+ORhghNfn
EPLNnEkTT10R43wR06ovWhQxRKu+aMYXvXG0r44+lUFHLF/MFwe4rxYT9iVmU0rWinDAzqNS323N
8Nls6LCkadsXxfNR275ozNieSc1FBh3JGDtnJCXti+H76mR8OGRblPZF43ODNS1LOWP74sJ7I4MO
MWPnjCTuq8UCw/+TWtjuIRq8RoeYj+dZUp7oC4/m8ATf9Czt63MMPYlBRyKN/zZSit8SifnmPSZN
2vRFeQHxtOmLZnzTF4dHdJy9EGn0FvLNnEkT99Vi6fQl6GThUpul9AL0ZOiwpGndF4XFad0XTRnf
M4cDHHpaAL7ay9lg/HyRYKsvPmygD4dsi/K+KC9ATNOylDO+L1L76ijus2MZP2ccstUXHzbPzpDD
tjcvXow0LYYOS5rWfeGFSD3F+J7x1BVXGT9fHOI3RNZ8OuyUlPdFeQFimpalnPF9cThAHtEhZvx8
kZCyN35onmBTEQ07LNsM6UOBDT2WmIddiWndF4XFad0XTRnfM4cD5KkrYsbPF6okoZQAACAASURB
VIds9cWnzTP044k05dNBeQFimpalnPF9kdpXM+gYyfj5IiHlPskPzROMTTTstE9REeFpK9YMHpoU
rfvCU1c8xfieSZ+6QrGMny8O8VBYMR8O2TblfdF05WhalnLG98W1U1cI8MF8cYj7amuxw3Yl4BAt
WM0C9GXosKRpvcoZdHiK8T1z/OEpwKBDwPj54hA/PIn5cMi2aNEXLYpIpGlZyhnfF4eDO9sXXp8j
lvHzxSHuq61F4HLAEbtgBh2JDB2WK7TuC4MOTzG+X44/PDHoEOE2JsYPT2I+HLItWvRFiyISaViS
FjRdXe6QGByDDjGj54sE7qvFMhJwRDHoEDN0WNK07wuDDs8wvl9SH574oUnE+DnjED88iflwyLZo
0RctioinYUnaMLovDDpcx21JjPvqeBkNOKIYdIgZOixp2vdFcdBB9mk/l2Q5Pm2FQYcV4+eMQ/zw
JObDIduiRV+UF5BIi75oyPi+MOhwnfFzxiHuq4eMSsARxaBDzNBhSdO+LzyawzOM7xmDDtcZPV8k
8MOTmA+HbIvyvigvQEzTspQzvi+SQccQ7rNjGT9nHPL7vnpUA44oBh1ihg5LmtZ94WkrnmJ8zxh0
uMr4+SLBVl982EAfDtkW5X1RXoCYpmUpZ3xfpPbVUdxnxzJ6vkiwHXQYRknAEcWgQ8zQYUnTui8M
OjzF+J4x6HCV8fPFIdt98WHzOGfElPdFeQFimpalnPF9YdDhKuPni4SUvTGseUoDjijpfhq0QmIZ
Ntdco3VfGHR4ivE9Y9DhKuPni0N+PxQ2GR8O2Rbl00F5AWKalqWc8X1h0OEq4+eLBL/sq7UIOAAe
zZGMwUOTonVfGHR4ivE9kw46KJbx88UhBh1iPhyybcr7ounK0bQs5Yzvi2tBBwE+mC8O+WFfrU3A
EcWgw5qhw5Km9Spn0OEpxvfM4eAiCDDoEDB+vjjkhw9PTvhwyLZo0RctikikaVnKGd8Xx/vq6FN5
NEcs4+eLQybvq7ULOKIYdIgZOixXaN0XBh2eYnS/JCYEgw4xbmNiJn94kuHDIduiRV+0KCKRhiVp
QdPV5Q6pfTWDDhGj54sEE/fV2gYcUQw6xAwdljTt+8KgwzOM75dk0MEPTYmMnzMOmfjhyQ0+HLIt
WvRFiyLiaViSNozuC4MO13FbEjNpX619wBHFoEPM0GFJ074vioMOsk/7uSTL4QCHnsYPTSLGzxmH
TPrw5CYfDtkWLfqivIBEWvRFQ8b3hUGH64yfMw6ZsK/2TMARxaBDzNBhSdO+LzyawzOM7xmDDtcZ
PV8kmPDhKRN8OGRblPdFeQFimpalnPF9kQw6hnCfHcv4OeOQl/fVngs4ohh0iBk6LGla94WnrXiK
8T1j0OEq4+eLBFt98WEDfThkW5T3RXkBYpqWpZzxfZHaV0dxnx3L6PkiwXbQoRHPBhxRDDrEDB2W
NK37wqDDU4zvGYMOVxk/Xxyy3RcfNo9zRkx5X5QXIKZpWcoZ3xcGHa4yfr5ISNkbjZrn+YAjSrqf
mqwQt2k017SidV8YdHiK8T1j0OEq4+eLQ14+FDbTfDhkW5RPB+UFiGlalnLG94VBh6uMny8SvLCv
NibgAHg0RzIGD02K1n1h0OEpxvdMOuigWMbPF4cYdIj5cMi2Ke+LpitH07KUM74vrgUdBPhgvjik
+77aqIAjikGHNUOHJU3rVc6gw1OM75fDAUYQYNAhwG1MTPcPT6r4cMi2aNEXLYpIpGlZyhnfF8f7
6uhTeTRHLOPni0O67quNDDiiGHSIGTosV2jdFwYdnmF8vyQGyKBDzPg545CuH55U8+GQbdGiL1oU
kUjDkrSg6epyh9S+mkGHiNHzRYJu+2qjA44oBh1ihg5LmvZ9YdDhGcb3SzLo4IemRMbPGYd0+/Ck
Cx8O2RYt+qJFEfE0LEkbRveFQYfruC2J6bKv9kXAEcWgQ8zQYUnTvi+Kgw6yT/u5JMvhAIeexg9N
IsbPGYd0+fCkGx8O2RYt+qK8gERa9EVDxveFQYfrjJ8zDqneV/sq4Ihi0CFm6LCkad8XHs3hGcb3
jEGH64yeLxJUf3jSlQ+HbIvyvigvQEzTspQzvi+SQccQ7rNjGT9nHFK1r/ZlwBHFoEPM0GFJ07ov
PG3FU4zvGYMOVxk/XyTY6osPG+jDIduivC/KCxDTtCzljO+L1L46ivvsWEbPFwm2gw6X+DrgiGLQ
IWbosKRp3RcGHZ5ifM8YdLjK+PnikO2++LB5nDNiyvuivAAxTctSzvi+MOhwlfHzRULK3rjUPAYc
MaT7aehs5oYqpnVfGHR4ivE9Y9DhKuPni0M8bcWaD4dsi/LpoLwAMU3LUs74vjDocJXx80VCpvfV
DDhG4NEc1gwemhSt+8Kgw1OM75l00EGxjJ8vDjHoEPPhkG1T3hdNV46mZSlnfF9cCzoI8MF8cSiT
++ogmy7GoMOaocOSpvUqZ9DhKcb3y+EAIwgw6BDgNibGoEPMh0O2RYu+aFFEIk3LUs74vjjeV0ef
yqM5Yhk/XxzKxL56+AgONl2MQYeYocNyhdZ9YdDhGcb3S2KADDrEjJ8zDjHoEPPhkG3Roi9aFJFI
w5K0oOnqcofUvppBh4jR80WCm/vqhFNU2HQxBh1ihg5LmvZ9YdDhGcb3SzLo4IemRMbPGYcYdIj5
cMi2aNEXLYqIp2FJ2jC6Lww6XMdtScyNfbXlNTjYdDEGHWKGDkua9n1RHHSQfdrPJVkOBzj0NH5o
EjF6vkhg0CHmwyHbokVflBeQSIu+aMj4vjDocJ3xc8YhmX11youMsuliDDrEDB2WNO37wqM5PMP4
njHocJXx80UCgw4xHw7ZFuV9UV6AmKZlKWd8XySDjiHcZ8cyfs445GRfbftXVNhwMQYdYoYOS5rW
feFpK55ifM8YdLjK+PkiwVZffNhAHw7ZFuV9UV6AmKZlKWd8X6T21VHcZ8cyer5IsB10IM2fiTV+
I5XAoEPM0GFJ07ovDDo8xfieMehwlfHzxSHbffFh8zhnxJT3RXkBYpqWpZzxfWHQ4Srj54uElL2J
pBlw2F6wj0n3xdDGcs6Iad0XBh2eYnzPGHS4yvj54hBPW7HmwyHbonw6KC9ATNOylDO+Lww6XGX8
fJGQrC+OAo7YBbPpiXg0hzVDhyVN61XOoMNTjO+ZdNBBsYyfLw4x6BDz4ZBtU94XTVeOpmUpZ3xf
HA4uMeggwAfzxSGrvkgFHKkW7ncMOsQMHZYrtO4Ngw5PMb5fjj88BRh0CHAbE2PQIebDIduiRV+0
KCKRpmUpZ3RfJAZ39qk8miOW0fNFwsi+uBJwWC2chjDoEDN0WK7Qui8MOjzD+H5JfXhi0CFi/Jxx
iEGHmA+HbIsWfdGiiEQalqQFTVeXOxh0uM7o+SIh2hdXA46RC6d4DDrEDB2WNO37wqDDM4zvl2TQ
wQ9NiYyfMw4x6BDz4ZBt0aIvWhQRT8OStGF0Xxh0uI7bklhGAo4oNl2MQYeYocOSpn1fFAcdZJ/2
c0mWwwEOPY0fmkSMni8SGHSI+XDItmjRF+UFJNKiLxoyvi8MOlxn/JxJU0YDjig2XYxBh5ihw5Km
fV94NIdnGN8zBh2uMn6+SGDQIebDIduivC/KCxDTtCzljO+LZNAxhPvsWMbPGZtGJeCIYsPFGHSI
GTosaVr3haeteIrxPWPQ4Srj54sEW33xYQN9OGRblPdFeQFimpalnPF9kdpXR3GfHcvo+WLDqAYc
gA82UgkMOsQMHZY0rfvCoMNTjO8Zgw5XGT9fHLLdFx82z4dDtkX5tqS8ADFNy1LO+L4w6HCV8fMl
iVEPOKL83PRUpPtiaGM5Z8S07guDDk8xvmcMOlxl/HxxiKetiPlwyLYp743yAsQ0LUs54/vCoMNV
xs8XAWUBR5Qfm24Hj+awZuiwpGm9yhl0eIrxPZMOOiiW8fPFIQYdYj4csm3K+6LpytG0LOWM74vD
wSUGHQT4YL7EUB5wRPmp6elg0CFm6LBcoXVvGHR4ivH9cvzhKcCgQ4DbmBiDDjEfDtkWLfqiRRGJ
NC1LOaP7IjG4s0/l0RyxjJ4vZ2gTcET5oelOMOgQM3RYrtC6Lww6PMP4fkl9eGLQIWL8nHGIQYeY
D4dsixZ90aKIRBqWpAVNV5c7GHS4zuT5ol3AEWVy02Uw6BAzdFjStO+L4qCD7NN+LsmSDDr4oSmR
8XPGIQYdYj4csi1a9EWLIuJpWJI2jO4Lgw7XmbgtaRtwRJnYdDcw6BAzdFjStO8Lj+bwDON75nCA
Q0/jhyYRo+eLBAYdYj4csi1a9EV5AYm06IuGjO8Lgw7XmTRntA84okxqupsYdIgZOixpWveFp614
ivE9Y9DhKuPniwQGHWI+HLItyvuivAAxTctSzvi+SAYdQ7jPjmXCnPFMwBHl9YZnCoMOMUOHJU3r
vjDo8BTje8agw1XGzxcJtvriwwb6cMi2KO+L8gLENC1LOeP7IrWvjuI+O5aX54vnAg7ABxupBAYd
YoYOS5rWfWHQ4SnG94xBh6uMny8O2e6LD5vnwyHbonxbUl6AmKZlKWd8Xxh0uMqr88WTAUeUV5s+
GqT7YmhjOWfEtO4Lgw5PMb5nDDpcZfx8cYinrYj5cMi2Ke+N8gLENC1LOeP7wqDDVV6bL54OOKK8
1vTRwqM5rBk6LGlar3IGHZ5ifM+kgw6KZfx8cYhBh5gPh2yb8r5ounI0LUs54/vicHCJQQcB3pkv
RgQcUV5p+mhj0CFm6LBcoXVvGHR4ivH9cvzhKcCgQ4DbmBiDDjEfDtkWLfqiRRGJNCxJC5quLndI
DO7sU3k0Ryzd54tRAUeU7k1XhUGHmKHDcoXWfWHQ4RnG90vqwxODDhHj54xDDDrEfDhkW7ToixZF
xNOwJG0Y3RsGHa7Tdb4YGXBE6dp01Rh0iBk6LGna90Vx0EH2aT+XZEkGHfzQlMj4OeMQgw4xHw7Z
Fi36okUR8TQsSRtG94VBh+t025aMDjiidGu6Lhh0iBk6LGna94VHc3iG8T1zOMChp/FDk4jR80UC
gw4xHw7ZFi36oryARFr0RUPG94VBh+t0mTO+CDiidGm6bhh0iBk6LGla94WnrXiK8T1j0OEq4+eL
BAYdYj4csi3K+6K8ADFNy1LO+L5IBh1DuM+OpXrO+CrgiDJ6I5XAoEPM0GFJ07ovDDo8xfieMehw
lfHzRYKtvviwgT4csi3K+6K8ADFNy1LO+L5I7aujuM+OpWq++DLgAHywkUpg0CFm6LCkad0XBh2e
YnzPGHS4yvj54pDtvviweT4csi3KtyXlBYhpWpZyxveFQYerVMyXoN9XgPEbqQTpvhjaWM4ZMa37
wqDDU4zvGYMOVxk/XxziaStiPhyybcp7o7wAMU3LUs74vrgWdBAwuvMl5ggOf68A4zdSh3g0hzVD
hyVN61XOoMNTjO+ZdNBBsYyfLw4x6BDz4ZBtU94XTVeOpmUpZ3xfHA7ubF/4xUSs0ZgvI05R4Qow
fiN1iEGHmKHDcoXWvWHQ4SnG98vxh6cAgw4BbmNiDDrEfDhkW7ToixZFJNKwJC1ourrcITE4Bh1i
mZwvQfHCuQKM3kglMOgQM3RYrtC6Lww6PMP4fkl9eGLQIWL8nHGIQYeYD4dsixZ90aKIeBqWpA2j
e8Ogw3WZmC/DR3Aw6BAzeiOVwKBDzNBhSdO+L4qDDrJP+7kkSzLo8Ps+W8T4OeMQgw4xHw7ZFi36
oryARFr0RVNG94VBh+vc3JYSfkWFQYcY38DEGHSIGTosadr3hUdzeIbxPXM4wKGncZ8tYvR8kcCg
Q8yHQ7ZFeV+UFyCmaVnKGd8XyaBjCPfZsdyYM5Y/EyteMFeA8RuqQww6xAwdljSt+8LTVjzF+J4x
6HCV8fNFAoMOMR8O2RblfVFegJimZSlnfF+k9tVR3GfHkpkzwWTPtr6LK8DojVQCgw4xQ4clTeu+
MOjwFON7xqDDVcbPFwm2+uLDBvpwyLYo74vyAsQ0LUs54/vCoMN1TubL2SM4GHSkzfiNVAKDDjFD
hyVN674w6PAU43vGoMNVxs8Xh2z3xYfN8+GQbVG+LSkvQEzTspQzvi8MOlyVbjsTT1Fh0JE24zdS
CdJ9MbSxnDNiWveFQYenGN8zBh2uMn6+OMTTVsR8OGTblPdGeQFimpalnPF9cS3oIMB+Oy2vweE8
6PAv4zdSh3g0hzVDhyVN61XOoMNTjO+ZdNBBsYyfLw4x6BDz4ZBtU94XTVeOpmUpZ3xfHA7ubF/4
xUSsVPPFOuCwsQTxXVwBxm+kDjHoEDN0WK7QujcMOjzF+H45/vAUYNAhwG1MjEGHmA+HbIsWfdGi
iEQalqQFTVeXOyQGx6BDzKqlqQOO2CWktXCuAKM3UgkMOsQMHZYrtO4Lgw7PML5fUh+eGHSIGD9n
HGLQIebDIduiRV+0KCKehiVpw+jeMOhw3ciW2g84RM+2dTdXgNEbqQQGHWKGDkua9n1RHHSQfdrP
JVmSQYff99kixs8Zhxh0iPlwyLZo0RflBSTSoi+aMrovDDpcF+1LegHHyGendTdXAN/AxBh0iBk6
LGna94VHc3iG8T1zOMChp3GfLWL0fJHAoEPMh0O2RXlflBcgpmlZyhnfF8mgYwj32bGcBRxRNoKO
RFwBxm+oDjHoEDN0WNK07gtPW/EU43vGoMNVxs8XCQw6xHw4ZFuU90V5AWKalqWc8X2R2ldHcZ8N
yAYcUUlWiPVdXAFGb6QSGHSIGTosaVr3hUGHpxjfMwYdrjJ+vkiw1RcfNtCHQ7ZFeV+UFyCmaVnK
Gd8XBh3S3Ak4ohh0pM34jVSCK0GHgThnxLTuC4MOTzG+Zww6XGX8fHHIdl982DwfDtkW5duS8gLE
NC1LOeP7wqDDMXcDjigGHWkzfiOVwKM5xAwemhSt+8Kgw1OM7xmDDlcZP18c4mkrYj4csm3Ke6O8
ADFNy1LO+L64FnT4R2YCjijHQYd/Gb+ROsTTVqwZOixpWq9yBh2eYnzPpIMOimX8fHGIQYeYD4ds
m/K+aLpyNC1LOeP74nBwZ/viny8mMhtwRKUddPhnBVgxfiN1iEGHmKHDcoXWvWHQ4SnG98vxh6cA
gw4BbmNiDDrEfDhkW7ToixZFJNKwJC1ourrcITE4PwUdoxNwRCVZIQw6xIzeSCUw6BAzdFiu0Lov
DDo8w/h+SX144j5bxPg54xCDDjEfDtkWLfqiRRHxNCxJG0b3hkFHUqMbcAApVwiDDjGjN1IJDDrE
DB2WNO37ojjoIPu0n0uypE9b8fc+W8T4OeMQgw4xHw7ZFi36oryARFr0RVNG94VBh9DoBxxRNoKO
ROatgHTxDUyMQYeYocOSpn1feDSHZxjfMwYdrjN6vkhg0CHmwyHborwvygsQ07Qs5Yzvi2TQMcSc
fba6gCMqyQqxvsucFeCU8RuqQww6xAwdljSt+8LTVjzF+J4x6HCV8fNFAoMOMR8O2RblfVFegJim
ZSlnfF+k9tVR3t9nqw84ohh0OGL0RiqBQYeYocOSpnVfGHR4ivE9Y9DhKuPniwRbffFhA304ZFuU
90V5AWKalqWc8X3xedChT8ARxaAjbcZvpBJcCToMxDkjpnVfGHR4ivE9Y9DhKuPni0O2++LD5vlw
yLYo35aUFyCmaVnKGd8XnwYd+gUcUQw60mb8RiqBR3OIGTw0KVr3hUGHpxjfMwYdrjJ+vjjE01bE
fDhk25T3RnkBYpqWpZzxfXEt6PAGfQOOKMdBh38Zv5E6xNNWrBk6LGlar3IGHZ5ifM+kgw6KZfx8
cYhBh5gPh2yb8r5ounI0LUs54/vicHBn++KNLyb0Dzii0g46vLECMsn4jdQhBh1ihg7LFVr3hkGH
pxjfL8cfngIMOgS4jYkx6BDz4ZBt0aIvWhSRSMOStKDp6nKHxOC8EnR4J+CISrJCGHSIGb2RSmDQ
IWbosFyhdV8YdHiG8f2S+vDEfbaI8XPGIQYdYj4csi1a9EWLIuJpWJI2jO6NwUGH9wIOIOUKYdAh
ZvRGKoFBh5ihw5KmfV8UBx1kn/ZzSZb0aSv+3meLGD9nHGLQIebDIduiRV+UF5BIi75oyui+GBh0
eDPgiLIRdCTSawWowDcwMQYdYoYOS5r2feHRHJ5hfM8YdLjO6PkigUGHmA+HbIvyvigvQEzTspQz
vi+SQccQPfbZ3g44opKsEOu79FgBKhm/oTrEoEPM0GFJ07ovPG3FU4zvGYMOVxk/XyTY6osPG+jD
IduivC/KCxDTtCzljO+L1L46Su0+24yAI4pBhyNGb6QSGHSIGTosaVr3hUGHpxjfMwYdrjJ+vjhk
uy8+bKAPh2yL8r4oL0BM07KUM74vHg46zAo4ohh0pM34jVSCdF8MbSznjJjWfWHQ4SnG94xBh6uM
ny8OpRV0+IwPh2yL8m1JeQFimpalnPF98WDQYWbAEcWgI23Gb6QO8WgOawYPTYrWfWHQ4SnG94xB
h6uMny8O2eqLD5vnwyHbprw3ygsQ07Qs5Yzvi2tBR+aZHXBEOQ46/Mv4jdQhBh3WDB2WNK1XOYMO
TzG+Z9JBB8Uyfr44xKBDzIdDtk15XzRdOZqWpZzxfXE4uLN9yfwXE/4IOKLSDjr4zZDxG6lDDDrE
DB2WK7TuDYMOTzG+X44/PAUYdAhwGxNj0CHmwyHbokVftCgikYYlaUHT1eUOicGNRtDhr4AjKskK
YdAhZvRGKoFBh5ihw3KF1n1h0OEZxvdL6sMT99kixs8Zhxh0iPlwyLZo0RctioinYUnaMLo3mgYd
QWMbnkqKFcKgQ8zojVQCgw4xQ4clTfu+KA46yD7t55Is6dNW/L3PFjF+zjjEoEPMh0O2RYu+KC8g
kRZ90ZTRfdEs6AhK1uR9NoKORPzQZPKcKc4dj+ljz0VZwZS0n8ugQ8zQYUnTvi88msMzjO8Zgw7X
GT1fJDDoEPPhkG1R3hflBYhpWpZyxvdFMugYIr/PDosW7MuPAUkGb31XYMQjRldxbhlml63ChOK5
GFcwCcU5ZcjPGoOccD5CwTACCKB/sA8DkX709Heis7cZbT1NaOo6jrrWahxq2oKmzlqpGkyaM2UF
U3Djwi9iauk5CAaGzt5qaD+Ev+y5B9WNG9JalnRfTGpsDEOHJU3rvigsTuu+aMr4njkcYPTboUDc
Qsj4+SIhAht98WEDfThkW5T3RXkBYpqWpZzxfZHaV0ef5vzv7MBXn77E8lnGNt2OJIO3vivzH5pK
86qwYvL1mDVuJaqKZyEYCDleViQyiJMdR3C4aTu21j6Lo807pWrz8nzJCuXiUxfci/GCoza6+ztw
34bPo7Z1r+PlS/fGy81NwtBhSdO6LwqL07ovmjK+Zw4HyKBDzPj54pCtvvi0eT4ddkrK+6K8ADFN
y1LO+L5I7auj7O+zw8nuND5dSkazIzqmli7GRdM/gFllqxAOZrmyzEAgiPLC6SgvnI6VU27E8ZY9
eOfY49hU87Sj5Xl5vqyYdL0w3ACA3HABLprxAfx+67ccL9/WN0EZXYCevDxnMknrvvCIDk8xvmc8
osNVxs8Xh2z1xafNM/TjiTTl00F5AWKalqWc8X0Z5SM6kgYckjWZQXHQUVYwGVfO+Tjmla8ZPm0i
EwIIYNKY+Zg0Zj7Om/I+rKv+FfaceNPRsrw4XyYUz0l6f0XRTOnX4Gkr1gwemhSt+8Kgw1OM75l0
0MGQI5bx88UhBh1iPhyybcoDIE1XjqZlKWd8X1wLOpLvs20FHJI1mcFx0OH8Q9OqyTfhyrmfQG64
wPEynKgqno3bzv0Othx/Bs/suRvd/R2OluOl+TKIwaT3RyIDrr0Wgw5ryj8IaErrVc6gw1OM75nj
D0/Rj00MOmIZP18cYtAh5sMh26JFX7QoIpGmZSlnfF8cfuA/25fkBxOkFXAkLtyHkqwQcV/SP5oj
J5yPGxZ8HksmXBGzApOUFBnEqc7jaO6qx+muenT1taJ3oAsDg/0Ih7KRHcpDYfZYFOWOw7j8SRiT
W57yaJBgIIjlk67DxDHz8NDWb6Gx46jt+hPqO/N/dZ4vR0+/i2UTr7G8/3iL8+tvWGHQIWbosFyh
dQDEoMNTtJ5LbnD84YlBhwi3MTEGHWI+HLItWvRFiyISGb9PckjT1eUOicGlCjocBRyJC/eZFAOX
CTpK86rwwWXfQWWKUyIGIwM4cnoHdjW8hj0n3sDprrrkNccozi3DgvKLMXv8KswYuwxZoRzLx1YW
zcQdq36EB7d8XfoipDrPl001T2L5pOswuWRBwn3tPU149eDvMvbaDDrEDB2WNO37wqDDM4zvl9SH
J16fQyRZS79y2XPICuUm3P6/mz6PQ02bMlqXagw6xHw4ZFu06IsWRcTTsCRtGN2bDAQdoYs+OM35
lRNjGNlwu1IMPjHoED+hJLcCH1nxb6gommG5rMHIAHY2vIqHt38brx16EDUtu9Dd355WuT39nahp
2Y3tdS9gS+0zCAZCGF84FeFgtvDxOeF8zB1/Pg6d3oq2nlNpvVYyus2Z3Q2voTCnFEU5ZQiHctDd
346DTZvxxx3/hhPth0etDum+6NZYlxg6LGna90VRgdr3RUPG98zRAAO2jqT0q9jOrJn+YYSCid+b
7ah7Fs1pfAljAlszxofTyodDtkV5X5QXIKZpWcoZ3xeJAQbO/J2d9GdinS3Yx5IM3vquofYX55bh
b5f/e9Jwo6HtIJ7Y9UMcPr3dcYlWSvOqcN38OzGv/ALLx5zuqse96z+D1u5GV1/b13MmCQYdYoYO
S5rWfVFYnNZ90ZTxPXM4QB7RIRZtp5+P4LDCoEPMh0O2RXlflBcgpmlZyhnfF4l9tes/yxGBj3f/
SQZvfddQ0nTrkm8lDTc21TyF/3r7UxkJNwDgdFcdfrf5q3hu3y/QP9gnfExpXiX+6pyvuf7avp4z
SUj3xdDGGjosaVr3RWFxWvdFU8b3zOEAh55mfRSmXxk/XyTY6osPG+jD3n6vNgAAIABJREFUIdui
vC/KCxDTtCzljO+LxL46Y787anzTk0kz6Lh67qcwtXSx+PGRQbxYfR/++O730TfQ7WaVQq8efAB/
evf7liHHjLHn4j0z/zYjr+3b+ZICgw4xQ4clTeu+MOjwFON7xqCDRoHtaWb0xiZm/HuMQ8r7orwA
MU3LUs74vjgYYMYCjijjm56MjaBjzvjzcP60WyweE8G66l/hxer7M1Wh0Nba5/D07p8iYlH8mum3
orxwWkZe29fzJQXpvhjaWM4ZMa37wqDDU4zvGYMOGgW2ppnxG5uYD4dsi/LpoLwAMU3LUs74vqQx
wIwHHFHGNz0Zi8GHg9m4YcFdCAXEP2az4eif8fKB32a2Ngsbjv0Zm449JbwvJ1yAtbNvz+jr+3q+
JMGjOawZPDQpWveFQYenGN8z6aCDKDUGHWI+HLJtyvui6crRtCzljO+LjQGOWsARZXzTkxkx+Itn
fACleVXChx5tfhdP7PoRVH4z9Mzeu9HUWSu8b175hZg4Zm7Ga/D1fEmCQYc1Q4clTetVzqDDU4zv
meOgI8CgQ8D4+eIQgw4xHw7ZFi36okURiTQtSznj+5JkcKMecEQZ3/RkIkB+VjHOm3Kz8O6uvjb8
6d0fxNyi5hDYnv5OrKv+lfC+UCCMC6a9f9Rq8fV8SYJBh5ihw3KF1n1h0OEpxvfL4QAZdIhxGxNj
0CHmwyHbokVftCgikYYlaUHT1eUOi8EpCziijG56EpfO+BAKskuF971x+BE0tB8W9GX0g45ttc+j
tnWf8L65489HXlbRqNbj1/mSCoMOMUOHJU37vjDo8Azj+yUxQF6fQ8z4OeMQgw4xHw7ZFi36okUR
8TQsSRtG92XEilcecEQZ3fQRQoEwlky4Qnjfqc4avHrwgeF/izfU0f3QtKnmaeHtueECnDvx6lGr
IxbfwMQYdIgZOixp2vdFcdBB9mk/l2Q5Pm2FQYcV4+eMQww6xHw4ZFu06IvyAhJp0RcNGd+XMwPU
JuAAfND0M86ddBUKc8RHb7x15I8YiPQn3C7uy+h8aNp8/Bl09rYI75s1bmXGXz8Zv8yZdDHoEDN0
WNK07wuP5vAM43vGoMN1Rs8XCQw6xHw4ZFuU90V5AWKalqWc6X3RKuCIMr3p51StFd7e2tOId44+
YTl4675k9kNT30A3Dp3eKrxvSslCy1+BGU2mzxmnGHSIGTosaVr3haeteIrxPWPQ4Srj54sEW33x
YQN9OGRblPdFeQFimpalnKl9Uf+XaRLRhpv0MWBs/gRMK10svG9n/SvoH+wd+keSwVvfFRjxCPfs
b9yAhRWXJNyem1WIaWOX4MCpTa6/ZiplBZOxuPIyVBXPQlnBZBRklyA7lIdwMBsDkX509bXiZPtR
vH3kMew+8fqo1ycrFAhj9vhVmFyyCBOK56AkrxK54ULkhPMRCmZhYLAXfQM9aO9tQkv3STS0HcTh
pm2obtyQcBSQ9LbkkY1xSslizCxbgfLCaSjNm4CC7BLkZRUhFAgjGAxjcLAf/YN96O5vR2dfK1q6
6tHYcQxHT28X9s2vVKzuquLZmFW2GuWF01GaPwGF2WORm1WEcDAboWAYg5EBDAz2oae/A529LWjp
PoHGjqM41rwD+xvXn33vzCAvbAbjCqZgxthlqCyajfGFU1GYMw7Zobzh98bByAD6BnvQ2duC9p5T
aOw4itrWvdhz4jV09J52vR43ezarbDUmjpmP8sKZGFcwCbnhwqGxhfMABNA/0IO+wR609ZxCa/cJ
NHYcweGmLTh4ahMGM7VtOxxg5MyTAnELSVSSV4n55ZeiomgWxhVMQVFOGbJDecgK5QKIDL2f9bWj
o7cJTZ3HUd+2H3tPvIpTncccDEa90djGKotmY2bZeRhfOP3MfmIs8ka81/Sfea/p6msZnkvHmt/F
gca3R+W9ZiTbfYnYeZBZvPC+rILyvigvQEzTspQzrS+Brz59iWeCGxOavmb6rbhm3qeE9/3XW5/C
sebd4icmGbz1Xe6t2uLcMnzpkkcQCCQe9LNu/6/w0oFfp73M8YVTcdea3yTc3tZzCv/20vssn7e4
8j04f9pfYdKY+QgGQilf583DD+OZPXenfNzNi76E5ZOuT7h994nX8cDm/5vy+W6pKp6NlZNvwLzy
NSjKGZf28zt7W7Dv5NvYWPMEjpzekXC/9Hak2YY4sXguVky+EbPKVmFMbrnj5XT3d+Bw0xbsqFuH
d+tfdLHCeGum34Yr5nwi4faa5l24d734vSGTvvKex5GfPSbh9oe2fg27G14DkLlVPqF4LpZOvAaz
x59n+ZPZdvT0d+Lw6S3YXvc8dta/5GKFyemyKRRkl2LpxGswr/wiTCyeJ3yfTmVgsA/HW/dgR93z
2FzzVMYCgXR7Nn3sMiyuuhKzylajMGeso9fs7m/HwVMbsaPueezNdNh9ZoDTxy7Hh5f/Z8LdB5s2
4XebvmDxtLP77OWTbsbiqssxccwCBNM8SjISGURd2z5sPf40thx/UmpdFueOx10XPeb4+enaXvcs
/vzud4b/7dY2VlU8F0smXItZZeehROK9pvfMe827dc9hV8PovdeMZKsvurxBjSIfDtk25b1RXoCY
pmUp5/W+aH0Ex0gmpEtTLY7eONl+xDrcAJQf0dHa3YimrlqMy5+UcF9F0Qzp5ccKWJw5VVk0Czcs
+AfLHloZGPTGt/LjC6fi8tkfw7zyNQg6+AMlKj97DJZOvArnTLgC+xvXY93+/0Fd6/7h+005mmNC
8VxcNut2zCpbaSvoSiU3XIB55Wswr3wNLpn5Ebx15BFsrnnKhUq9z+1VPrV0CdbM+CBmjlvhyrrL
Cedj7vgLMXf8hbho+ofwxqEHsKN+nQuVJqd6U8gO5+Oi6R/Eikk3IVfyF61CwSxMKVmMKSWLcdH0
D+HtI4/grSMPu1TpWXZ7NnPcKlw08yOYUpLe+71IbrgQCyouxYKKS1Hfth9vHf49dtQ9L71coRS7
25DFfI8e0bF80g04b8r7Ma5giuMSAoEgJhTPw4TieVgx+b1Yt//nqG582/HyVJLdxqaULsGF0z6I
6ePc2U9kh/MxZ/yFmDP+QlzY9mG8efgB7Kx/QXq56bLVF9VvUAr4cMi2KT+4R9OVo2lZynm9L54K
OKK83PSJY+YIbz/avNPeAhwHHfIhx6mO48KAo0TiW3MR0R/3yyddi6vnftrRz9L2D/apf2NPIhQI
44q5H8fKyTciO5Tn2nKDgSDmjj8f08cuxeuHHsRL1fFH2Xg56Lhyzidx3tRbEA5mZ2T55YXTcdPC
L2NJ1ZV4ctd/4mTHkYy8jtfIrvKC7BJcOffTWFx1uSt/bIhUFs3C+875OhZVrcWTu/4DbT2nMvI6
sVRsCudUXYnL53wCRTllri+7OLccV879DBZXXY6ndv8Ix1t2uf4aVj0bmz8RV8+7C7PKVgnulVdZ
NBvvXfw1nDvxOjyz50c42X7Y9dcAYLnLtZr3JXlVuHbe5zGrbLWrZZQXTsf7l3wHrx/6LV49eL+r
yx5N6W5j+dkluHzOp7Go8oqMvddUFM3Cexd/HQsr1+Lp3T9A+yi814zEoEPMh0O2RYu+aFFEIk3L
Us6rfdHyIqN2ee3CKFXFsywPoT962mbAEZVk4OK+yF/UrKnruPD2olx3P2AHAvF1njflfbhp4T86
CjcADJ8vq+N8KSuYjDtW/xQXTrvV1XAjVnYoD5fNuh0fXPY95IYLEu730oVIi3PLcMeqn2HN9A9k
LNyINW3sUty++mdYbHFhYL9ysrpnla3G35/3CyyZcFXG/uCICiCAueMvxO2r7sbkkoUZfa1Yo7Ep
BANhXDv/H3Dzoq9mJNyIVVU8F3+74odYPunGjL1GbL8WVa7F3626+8wf+Zn9ODVt7Lm4fdU9WD75
poy+zkii001mjluJO1b93PVwIyoUzMIlM2/H5XM+nZHljyY729jMcatx+6pf4pyqqzP+XgMEMGf8
hfjoynswaczovdeMZOu9R8cPQRnmwyHbokVftCgikYYlaUHT1WXJk0dwjOSVdGla6TnC2yOIYF/j
+vQXmGLg4rudn7by5uFHsPdE4mGubp+rHXuKyvJJ1+La+Z+19SFlYLAPPQNdGBjsRTiYjaxQHsLB
LAwM9sU9Tpf5Mnf8Bbh50ZctfzI4qqO3Gcdb9uBE+yE0ddahu78NA4N9yA7nY0xuOcblT8SEMfNQ
XjA16bn388ovwEdX/id+s/FL6OxrTbhf9yM6xuZPwIeXfR/jCiYnfdxgZACNHUfR2HEUJ9oPo7O3
BV39begd6EJeuAh5WUUoyC5FZfEsVBROT/lHYn5WMW5e9FXkZRVhw9E/uTkkT0tnda+ccjOunPtp
ZAVzkj6ud6ALJ9oPoaHtIE62H0ZXXws6+1rRN9CNvKwi5GUVIz9rDMqLZqCicCbKCiYjFMyyXF5p
XhX+Zul38fC2r+PI6e32BycpU5tCTrgAt537r5hisS+J1dxVj7rWvWjqqkVzVx26+9rRP9iLguwS
5GeXoDB7LCaMmYfKopkIJ1kvWaFcXDf/8xiTW44Xq//bzeEMiwC4au5nsXrKLSmvHzIYGcCJ9oOo
b61GU2cN2nub0NPfiWAghPysYuRlF6O8cGh+jM2fmHR5OeECXDvvH1CWPxnP7v2Zy6MSG7kvW1x1
Ja6b/wXLgDsSGURj51HUt+5De88pdPW1onegC7lZhcgLFyM/uxSVxbNRlj8lZe/On3orWrrq8c6x
P9iuNxIZqsEOq9e3+/yhx9r7bGK1ja2Y/F5cPufTSec0MPRec7L9EE60HzjzXtOKrr4W9A30IDdr
aD+Rn1WC8sIZKC+aiXH5yd9rSvKq8P6l38Oj27+Go6P4XjMSj+gQ8+GQbdGiL1oUEU/DkrSh8xHx
sYwIOKJ0b/rY/AnC24eu+N7ofMGjFHQ0ddaiqbM2rdKciH5IqiqehWvmfsYy3GjuasDBps042vwu
DjRuwumuuoTHVBbNQk9/u/D5Kt/A5o6/AH+95OvICecL748ggiNN27Cx5ilsq33O1jKrimdh1eSb
cc6Eyy0/LE8cMw+3Lfsufrvpy+jp77R47SE6BR15WUW47dzvJg03WrtPYkf9OmyueTqtU0pmjVuJ
FZNvwOzx51n+AR4OZuHquZ9FV19H5s7d96hUq/uCabfiijmfTPrHV13rPuyoW4fNNU+gu7/D9muP
ya3A6qnvw+Kqyy2DqoLsEtyy+Bu4f+Odo/L+FcvNfVJ2OB8fOPd7ScON3oEu7Gp4GZtrnsKx5sQL
DFst95yqK7By8ntRXjhd+JhAIIiLZnwIEQzipepfOao/mesXfDHlUSKnO2vxbv0L2FTzOFq7T9pa
bkXRLCybeB3mV1yCQosLNgcCQaye+tfICRfg8Z3/lnbt6Yrdn80vvxg3Lviy8A/nlu4GbK19BluO
Pzk83mS/uFKUMx7nTrwOyyfdZDlWIIDLZn8CR05vxYn2g7bqbes5iX954VJbj/2ny5478+su8f53
8xdxqCkzv7QW+/5z3tRbsXb2p5K+19S37sO79S9gy/En0JPme83KKbdgYaX1e01+dgluXvRN/Hbj
nThtccTraGHQIebDIduiRV80/CNOi75oyAt9MSrgAPRuutWvBDR31rvzAjaCjtH8aVmnoh9O3rvo
K8jNKky4v76tGm8f+SM21jyZcln1bdUpHzPaI59dthp/teRrluHG6c5a/GXvPdh15hcs7Kprrcaf
d/4Arx16EDcs+Dxmla0UPm5q6WLcuPCLeGTbt5MuT6eg46aFX7L846t/sBebap7Euv3/ndYfx1HV
p95B9al3ML5gKq6dfxdmjlsufFwomIXrF3weDe0H0NB2UMv3GJVEq3vpxGtweZJwo7W7ES/uvxdb
a//i6DVbuhvw3N6f48X9/4Or530OyyddL3yt4tzxuHHBV3D/xrscvY4MtzaDW5d8G1NLl1i+yq6G
V7Bu/y/R1JneH1a9/Z3YeOzP2Hjsz1g64Rqsnf1xi18rCeCi6R9Gc1c9thx/Ou36rdyw4EtYJvj1
qqjuvja8deRhvHHogbSPFmxoq8Yze36MF6v/G5fOuh3LJl4v/AMcAJZOvBb9g314enfiL5+4KRgI
AZGhn7S+YeFXEsKN7v52vHbwt1h/9NGE8UYvRCoKOtp6TuLVg/fj7aMPY+2sT2DF5JshmnXZoTys
nf1JPLjlyy6OSr1zJlyTNNxo6zmJl6rvxXaJ95oX9t2Dl6v/G1fOvRPnTrR+r7l+4Vfw2413Onod
tzHoEPPhkG1R3hflBYhpWpZyOvfF09fgSEbHc4XG5Imvv9Hc3eDuCyUZvPVd8tfocEsAAVw47f2Y
UBx/Qda+gR68evAB/PzNT9gKN9I1GvNlbP5E3HLOV4XXwgCGfpL2njc/lna4Eaup8zh+vfEf8fKB
X2PQ4tDgxVVrsXqK9U/xxlJ9jY6FlZdifsXFwvu6+zvwyPb/h6d2/9hRuBHrZMcR/HrjF/CXPXej
f8RpTVG54QJcN/8fAOj5HqODaF+qimfj6nmfs/xFoN0Nr+IXb93hONyI1T/Yiyd3/Qf+sONf0DvQ
LXzMtLFLsXryLcpWmsx8WTv745gxboXwvt6BLjy56z/wyLZvph1ujLS19hn86p3P4Fjzu8L7A4Eg
rpr7WZQXuvPLWedPuzVpuFHbsgf3vfM5vHbwN1KnQvb0d+DZPT/F/e/cmfSioism34Tzpr7f8evY
EQqGkRMuwI2LvorccHyAf7R5B+7b8Bm8deShpOMdmkvifXZvfyee2fNDvFh9LwYjA8Lnzypbbes0
J6+oLJqNq+beaRlu7DnxKu59+w7H4Uas/sFePL37B/jTu/+CPov3mqmlS7Fy8i3Sr+UmW+89Ptyp
+XDItijvi/ICxDQtSzkd+2JswBGlU9OLLQ5rbO85nZkX9GjQEQqGsWb638Td1t3Xjge3fgPP7fsF
Bly+5sdoumXxV1GQLb7mxoajf8YDm/+v9B/qUev2/wrP7f258PznAAK4bNZHUZw73vbyVAUda6bf
NvydZaz+wV48tPXr2C0RBom8eeRhPL7zB+gb7BHeP610SdxFR3V6j9HJVXM/axnkvXP0T/j91q+j
o7fZ1dfcUbcOf9nzE8tg77xpf41QIKx0paX70jPHrcL5Fn90d/e349Ft38KmmidcqQ0YOoLs/nfu
wr6TbwrvzwkX4Jp58kfCTC1dgvfMvN3y/n0n38L9G+/CifZDrq2uuta9uO+dz6I6yTWvLpv9MUwf
Kz6Kyw3BQAjXzLsLY/Mnxt2+u+EV/GbjP+Bkh/1fdUkWdLxx6HfYetzqZ64D2v0BLuPKuZ9FjsV7
zcZjf8Sj276GTpffa3bWv4Bn9/7Y8voiq6e+X3hBWZVsb0c+3KFxPy6mvC/KCxDTtCzldOqL8QFH
lA5Nzw6Lr4vQ0duS2Rf2WNARDIRQFHMOcVdfGx7a+k3sO5l4gVMvuWrupzCldLHwvq3Hn8UTu9w/
NPqNww/jrSOPCu/Lzx6Dq+Z+Mu1lSm9HaSxgauk5mFg8V3jfG4d/j4OnMnNe99bav+CFffda3r9S
cL0AHd5jdDG/4iJMG7tUeN/uhlfx1O4fZuy1N9c8hXeOiS8GW5pXhSUTrz57gweCjqvnfVZ4jYaB
wT48vvPfsL/R/ffFwUg/Htvxbcufh502dikWV13uePlZoVzcuPDLlqeL7D/5Fh7c8k8J35C7sbq6
+9rw0Jb/gwOn3hHeHw7m4Op5d2bsV5oKc8ZicdUVcbftqHsOj2z7BgYH+x0N0CroeH7/PZZH9cwY
u8Ky/14yr/xiTC09V3jfnhOv4pk9mXuv2Xr8KWys+aPwvpK8KiyZcLXwPtVsbUc+3aH5cMi2KJ8O
ygsQ07Qs5XToi28CjiiVTbf6wOT2t5iWPBZ0AEAEETy956eoPrVRWQ1uKC+chtVTbhbeV9e6H3/e
+YOMvfZze3+B2tZ9wvsWVFyCCotrWyQzWkdzzC+/SHh7R28zXjnwG5kKUnrryCM4YBGgTCldbHlN
HR3e2FVbafHTm209jXhy139k/PVfqb4PHb3iI+MWVFySeKOmQcd5U9+PsoKpwvteO/Q77G54NWN1
9fZ34uFt37Dso9VRJXZcNP1DGJs/SXhfbcsePLrj/yV9vuzqGoz045Ft38Dxlt3C+8cXTsN7Zt0h
8QrWwsGcuFMpjpzehj/u+E78gxwO8GzQMaS3vxObasRhX25WEeaOX5P+i2hm+STr95qndg/tVzO5
eb96wPq9Zp7ovUYjDDrEfDhk25T3RdOVo2lZyqnsi+8CjqjRbnp+VrHluehW53FmjOOgY/RtOf4X
bDn+rJLXjiU7Xy6f/THht2Wdfa14bPt30D/YK7H05AYi/Xh85w/QO9CVcF84mIU10z/geNmZDjoq
i2cJb9/fuD6jPYt65cCvhbcHAyHMK78w6XP9urPLyyrClBLxkUrvHHsc7b3NGe9NZ1+r5YUwJ5Us
sH6iRkFHVigX50/9a+Fja1p24ZUD92e8ptbuk3jz8O+F91UVz01y0VNrQ79G8V7hfd19bfjTzu+h
1+IXnkaSWV29/Z14Yuf3LX9JY/nkm1CSV+lw6fa0dp/An0aGG7EcDi6CwHDQseX4k+i2+CUxr1+H
IzerCJMt3ms21fw54bSUTGzeXX2t2FYrfq+ZOGahy6+WGQw6xHw4ZFu06IsWRSTStCzlVPTFtwFH
1Gg1PT97jOV9Vhc0zLgkAxf3ZXSP5ujobcYze+4etdezw8l8mTFumeUfw68e+C0a2g9J15XK8Za9
2FYr/nnTueUXSB+qnKmgoyS3QvjwZBcKdNPh09ssf3K2skgcvsTy485uaulS4XwaGOzD5piLA2e6
L7vqXxHenhsuxPSx4kPah2kQdKyYdCOKcxMvTB2JDGLd/l+OWj1vHn4QJy3eo5ZMuCrt5V088yMJ
F9eMeunAfY62baer6kT7Qbxs8bO32aE8rJn+YYdLtuf5ff+FllQXGZeYixEE0N3fafkTrRWFqd/D
dJbsvWbLcesLkbu9ee9ueFl4e264ENNSvddohEGHmA+HbIsWfdGiiEQalqSF0Vxdvg84ojLd8ByL
628AQztjZVLMNpVBx8aaJ9HV15bx13EinY101ZSbhVd3P9VZg7eP/MHVupJ58/AjwjAtL6sISydc
6cpruB10WAUvLd0nZV4lLcdb9ghvT+fbXU33wRlRXjhNeHtT53G09ZyKuy2Tfalt3YvmLvFPcFfY
CKcAKF1xCyrfI7x9f+N6HG7aMqq17Gx4SXj7lJL0jgDICRdgQbn4sP3alj3YcPSxtGuLcrqq1h99
FA1tB4T3Laq8DPnZJY5rSubgqY3YWb/O/hMk5mJ9637h7SUWp9l5xfgC8emVTV3H0T7ivUbErc27
Lsl7TbkHQyQGHWI+HLItWvRFiyLiaViSNkajLww4YmR2MloHAhEdNgHNgo6uvja8dvCBjCzbTanm
THFuGeaUrRbe98ahh0f1F2EaO45aXqh1zvjzXH0t94IO8VKyQjkyS0/LyD/Ko3LC+WkvS4MtPeOy
Q7noH+zDQKQfg5EBRCKDiCCS9FpDmXrvPd1VK7w97VMPRvmTyoTiuZhYPE9436aax0evkDO21z0v
/MnRcQWT0url8kk3IjerSHjfq4d+67i+WE5W1RuHxfua7HA+zp14nXRNIw1GBvCi06NwHAywtlUc
0hbmjEW2g/cxXWSHcjEw2IfBmPcaIIJOi2tiWHFj8262fK/xbojEoEPMh0O2RYu+KC8gkRZ90VCm
+xKOQPWPguon2nBf9iXF4MXzJRBzrzsOnNrk2s+ljgartq2cfJPwKITTnbV459ifM17XSO/Wv4QF
FYkX7pw4RvzHlCzZbam3vwsQZBmxv7KTaftOvin8KUCrC8v53Qv778UL+61/gSYZt997rY4Ay80S
nyKR0ijtMM+pukJ81FfHMcufb82k0521aGirRlXCLxoFMGnMQstvr0eK/XnlWHWte7H3xOuSVcZL
Zy69W/cC1kz/IMoLZyTct6DiErxx6H9dre3I6a2obd0rt5A0Bnjk9DYMRgYQDIRG3BPA2LyJqG8T
H+Ghuxerf4kXq907XUtm8+7ut3ivsTgdy0tsTTUffnD24ZBtUd4X5QWIaVqWcpnqSziTC/c6X/cl
yeCt73Iv6NjZID5/XncjezPb4ugNVb8Ks//k2+gf7E34RZ+inHGYVLIANc3in4WU5XRbau05hXEF
kxNunzqKF8c7cnoHjpzeMWqvR+6991oFHNky15wZhR3DpBLxxQkPNG0crYwlwemuOkHAActfeRmp
NH8CKgpnCu/bkc6pGmmyu7p2N7wiDDgqi2ajJK/Sdohjx9bjz7i2LDsD7B/sRd9AN3LCBQn3FeeW
ezbgyASnm3dXX6vwdhN+ijfK1nuPDz84+3DItijvi/ICxDQtSzm3+xL3FREPoxHzdV+SDN76LrlT
VwYjA9hVn7mfPxwNEQCF2aWoLEr8wAwA79aLL0qWad39HWhoOyi8z+qQeDeluy1Z1TqldDHG2/zD
yit8+x6ThOx7r/X1jVzYhWZox5ATzkdFkTgI2H/yrUy+dFKnu+qEtxfmlNp6/rzxa4RHpfQNdGNb
beZ/KStVzzbXPIn+wZ6E2wOBIOZa/Fy1E9397dhRJ77gs5QUAxT9ihYAZIXyEFH8c/A6SncbGxgU
n24aCJjVV9t98eEOzdd/KyShvC/KCxDTtCzl3OqL8BocbLqYr/syikFHBJFRvTZFpsyrWINQMCvh
9uauehw8Jb6q/WiwOjTa6uKQmWB3O9ptcSRPVjAH18z/nHsFacLX7zFJaN0Xl4ubNW4VsoKJ52X1
DnQlvG+MZl8ON23BzvqXEv6z+6snU8cuFd5e27on4ec8M8mqZ209jaizuBin1c8eOzE4mHgtE1dZ
DLC3XxxwhM9cz2joaQw6RtL6vUchXp/Dmg+HbIvy6aC8ADFNy1IDXrt3AAAgAElEQVROti/hVAsH
uLsbydd9UXzqipdYfSiubd03ypXEs/oFktJ0L7woyc52dKhpKxraDgi/0Z41biXet+ir+MO738tI
fSr5+j0mCa374lJxVkdvnGw/Yhn8jkZfqhvXo7pxvePnV1r8msSx5p2OlylD1LOa5p2YXLIo4bFl
BVNGpSZXjRig1dwJBeI/BkbOPCngs/11Klq/9yjE63OI+XDItqk6zTKuAKguIpGmZSnntC+2fkWF
6ZKYr/vi+IgO/xj3/9l77zDLzurMd53KsauqqzpUdc6tVge1Wq2AQBKgCAKMBNiksZkx12YMXGM8
xhgnwOCA7Zk7vp4Z7IuNDRjbRGNhY5JAEkJSIwm1WqHVOcfqUDmf+0dpq6vrrB2/fc5ee6339zx6
eDinzz7fevf69lr1nu/bu3kR+/qZwcMVHsnl+D0VpKmurcIjmSZsHv1w/+d937tq0Z30C9f8d5rv
87jAvGP2+hKC6Guv4+D8nkpywWeLSIpfXTZqqxuotaGLfe/IhV0VHs3lzNTr4Lkn2H/T0bSo5L5F
uSFhQhSp8OKKDjATqXMsa7Cig8dgyJEQoYuIQZQidFiZE1eXWI+JheA8ppMxIHBeFztLYNsb+D9U
TvbvyzRf+nxWcGRlcHj4zaNdJ75PO4/771lf2Xk1/dINn6Z7Nn7Y91fiPGP6+hKCaF0Snrg2n+uG
3yNvU/zqsrGo7QrmCR5ExeJU5gYH0SW9Dl94mn1iUk1VHS1ozfG1xSEZYHTwSJtjUoDRwWMw5EiI
0EXEIEoROCQRRD1dgVtU/A5MZOVP1HhkvuwqK0KSgn9bt9HRUNNMLfVzS14vUvGlJ3JkNZf8DA6n
J0ukCKfLvzzzpzSnYT4tn7uF/UxtdT1dtehO2txzGx0+v4ueP/0QPXXi2zRYwb395QbXXh7xusQc
YGs9v9LBb+VVil9dNua38CusBsbO+T59IgtGJgZpYOwcew7aG7vp2MXyPGUqDxSp8GIeoe2eCdTg
wdYVHoMhR0KELiIGcTkChySGsL+5YxscMw9MIQe3iJ8uE1Njvp+ZvQc2tyQyOnTS2byEqpgnBhSo
QL9xy5czGFE41YXSG6Jmycx8GZ8coc89/hv0li2/R+vmv8z3M1WFalo+dwstn7uFbl37bjp2cTcd
PP9T2nv2UTWPetU6j2qq6mj53KuoZ8466mjqofaGBdRc104NtS1UX9NM1VW1VF2ooUKh6qU/tXJF
xBNXV9PIvj44dt7pq7NUrLmunX1dogHZP3KWNTjaGuZnMBpZXLo/x6X/l0dqqupoWcdV1D1nPXU0
dlNb40Jqqmunhprpa01NVS1VFWperOE5vNYIAkYHj8GQIyFCl6wLJoMIXQQSpIvzX9YQnWe2LkGN
nHcXczVEMDq050tjbWvWQ4hNdZVMo81Lp/HJEfrCEx+mm1e9k16x8h2hK06mm9hNtKxjE9288p00
OHaBTvTvoSPnd9He3h2Z3dwwLTRcexe1racNC26m5R1X0YI5q9inh6gj5ALod68HVzMgy3ypreZN
m6GxixUeSTijk4Ps6w21LRUeSYVI4FPk0ejombOerlhwMy3ruIoWtK6mGgvXGkHA6OAxGHIkMtcl
8wHwCB1W5nC6pPYXDUTn8XQZGD1PU8Up9lf92uqc3rwsjICkELrlLTXqa5qzHkJsCkxuSsLLlx/u
+xw9e+pBunXNL9K6+Teyc4qjua6dVndup9Wd2+mVq99FA2Pn6ciFXbTv7A7adfJ+GhK0VD4Oebv2
Vhdq6Nql99Cm7ldTT9u6fK7GcCXgpPkZHBNTo+X+6rJR52NwjE+NVHAU0Rif5HXO7U1Go5AwKaQb
HVWFGtq+9B7auPBW6pmzjvJzldRLpB+48lbUUsBgyJHIXJfMB8AjdFiZM1OX1H+yheg8RZpuULlG
r6l2TuUHVEkSJUW+Hy3bUNOU9RDUUiSi0wMH6YtP/jYtaltPNyx7E62bfyPVx9S8pa6Drpj/Crpi
/ivozvXvpSMXnqFnTt5PTx7/DxqflPeHVxh5uPZev+xeumHZW3yfFGIO5qTVVPFbxfz+8E7xq8tG
rc8qxcmp8Qp8ezz85n5NVX0u5pgTjkaHJK5d+ia6bmn215p8djDlJXKaWVjuOwv115iEZK5L5gPg
ETqszClSGQyOmQcngugzGZscYQ0Ov/3J6jBkdFRpua+KYIpEdOzi8/TlnX9AjbWttLn7Nlq/4OW0
tP1Kqo15w9SaqjpaMXcrrZi7lV695t307Kkf0kMH/5F6B4+UZ/BlROK1d2Hranrthl+lpe2bYn92
dGKQxiaHaWximMYmR2h8coSmipORPtveuDDzP3AikeFJq8RXc09QIaLI57GSFH1qzcwYJM6xVMlx
gAtb19Cd63+VlrhcayaHaXxyhMYnh2mKeaoOR1uD/7Umx3KWFWxb8cegtxOJzNMh8wHwCB1WppT9
rzCIfomB0XPUUtdR8roZg8MjkVdRSPpBUZwdPELf2v2/En++nPNI4h8bYXgZMTzeT48e/io9evir
VF/TROvnv5xWdV5Di9rWU2fzYt8/sDgaa1tp2+K7aUvP7bTr5P30nRc+negJFlkj5dq7ped2umv9
+yPdl2Zo7CIdvvA0nRk4SKcHDtDRi8/RuaFjib/7tVf8Kl279I2JP19xitN/YGexbaec+TI5NVGG
o5YHv2sFZ3xImWNlI2cBbuq+ne5c939TQ5RrzfhFOnLhaTo7cJBOD+yn431u15q71n+ArlkSfK3J
mZwVA0YHj8GQI5O5AST05AgdViZU7GdmiE50Yfg0LWxdVfJ6W+OCDEYjgAC/wv/RsiEfFILf0uuJ
qTF6/vTDzse3PI84ZubL6MQQPXX82/TU8W8T0fRWlFVd22lJ+0Za1LaeFrSuiLSfvqaqjq7quYPW
dF1H393z1/T40fvKF0AZybIRuG7pvXTn+l8JNJhGJwbpudMP0fOnH6IXTj9Mk8XK/DEstSZNTU1Q
NbNNpVL3gCiHLn7XQ2lPbiIiVnsiorHJYd/PZN5sl5scBLh9yb10+7r3hl5rdp95kHaffoheOPMw
TVXoWjMbqdeerIHRwWMw5EiI0EXEIEoROqyKUvF19Dmok2Xj/PAJ9vW5jd1IRh/yanSMTPB34k/r
jxTkCw+ny8DY+csMj4aaZlo97zpaN+8GWtm5jVrrOwOP2VzXTq+/8tdp0Zx19I1n/6w8Ay8zWeTL
1kV3BZoboxNDtPPEd+jB/V+giyOnKjiyy5FWkyaLE1RNjMFR4ZtRp5kzfo9J97vfSJb4PclnPMDg
IDJwTXYIsEiFF9clladmb+m5K9DcGJsYoqdPfod+dODzmV5rZqM+ZxICo4PHYMiREKGLiEGUIq2/
qSQ1WUQvNA/KTu8gv/xxTkMXNda20vB4v+hkbKqdQ831pVtsisUpOlvmexXkzegYLbPB4WF1LoUR
pMvIxCDtOvF92nXi+0REdMWCV9A1i19Hq7qu8W2QC1Sga5a8nuprmulLOz9WnkFXgErlS8+cdXTn
+vf56nno/FP0jWf+lM4OHi7zSKIhaR6NT/I3o26ozuYxpWloMzzez74eZStBpWmqa2NfH5sINjg8
5FWjlHE0OtJ+4kr3nPV0x7r3+15rDp9/iu577lPUK+RawyHp+iMJGB08BkOOhAhdRAzicgQOqSJM
r+DIKHproh+5+Cz7elWhmtbOu46eOv5dIpKry6vW/DzdsOzektf7Rs7SH9//poqMIS9Gx9D4Rfb1
prryPDFHas5kTRRdnjv1ID136kHqmbOObl71Tlq/4OW+90DY1P1q6hs9Q/+x+3+nPtZKUu58uWv9
+6jB51HJTx77d/r6rj8q0ze7IWEeDY/3s/dlaqmfm/nNSJN+bf/oWfZ1ifefaqrlDQ6/a7ofcqpR
mXB84kpaRscd697r+1j2nx7/N/rXZ2Reazgk/8CVJTA6eAyGHAkRugiczCJ0qSBVl/2/jCpyMbuv
rihHLjxHfT6N3vKO0jt+S9Olo7Gbff3iyOn0vywkeP6tAkmZumcGDtMEs++8rrqR2hvKd88VaTkj
hSi6HO/bTV988rfpS099LDCnb1j2ZlrTdV2q48uKcuTKlp7baSlzPSMi2nXy+2LNjZlkOY+Gxi6w
rzfPvEF1zmr1heGT7OstIdvDKk1dTZPvmE7176vwaHJCwqSY/phbzd7UfTstad/MvvfMye/nytzw
QA33J5I2BgU0GHIkMtcl8wHwCB1W6lSVvJJh5BZEP3ZxN/v60vYrfT8jRZfOpkXs637NayoEBO//
VvZGx8TUmO8fyUs7Npb9+yXki0SizKVdJ75Pn93xa3Rm4BD7flWhmm5Z9Qupj00L1yx5Pfv6uaFj
9I1nPlXh0biRxbXXb7XD3NnX3xzV6hP9L1CRedxmXXUjLWrbkNq4XFnStpHd6jAxNUrH+/jaDV4k
YS66GB3bFr+Bff3c0DG677k/STYgIUjp+yQSSReDAhoMORKZ65L5AHiEDis1Sg0Ojxw1T3ni0Pld
7OsLW1fSgtYVgZ/NUpem2jnU2byYfe9k/4HyDyCHRoffTWV75qytyPdrnkeuhGnTO3iE/u4nH6S+
kTPs+0vaN9DKuVcn/G7+m6uqoj/KViodjd20uI03ax888AUanRiq8IjSoZJzye++JO0+K+jyUKuH
xi74G77t5Td8o7K4nTdb0l6liOtyKXGNjvaAa83DBz9PYzm91swGdZwnsi4GxTMYciQyn0uZD4BH
6LCc8Tc4PHLQPOWJZ089RFPFyZLXC4UquqrntkjHyEKXNfOu872J18HzOys3kBwZHWcGDrKvV2IF
x0w0zqO0CNKlb2T6Xht+hsSmha9OJOzkFP9owjqfpzdkRZKcuWLBTVRVKC0r/aNn6Ymj33QfVMZU
Yi6dHtjPvj6veVnwB4XXaj/jZmkHv8UgC5a281urTvfz58QFXJd5ohod6+ffRAWfa82Tx/J/rZkN
8oUH21Z4DIYcmcy1yXwAPEKHlZhwg8NDePOUF84OHvFdxbG5+5WxjlVJXdbOu5Z9fXi8nw6ee6pC
o5hBYqOjcrxw5lH29Z4566ilrvRpNOVG0zxKkyBdnj7xPTp+8QX2ve62teEHYBifHGFfr2WenJE1
cfNlQesq9vUjF55xH4wgyjmXDp77KU0y9+9pqmvzXWFwGUJr9ZELfN1b0r6RqgoVf2J9CbXVDdTT
tp5978C5J8v2vSauywkCvGR08Phda45e1HWtmY2JfEkAjA4egyFHJnNdhJ4cocOKTXSDw0No85Qn
njr+Pfb1jsZuunrRnbGPVwldVsy9in29oqs3OGIbHZVbzbHn7GM0MHq+5PWaqlq6ZsndFRkDh5Z5
lDZ+uuw+8yP23ye9J8LwBP/IzLrqhvAPZ0CcfPG7gW5vmR8jnRXlmEuDYxfo9AC/7W/dvBujHyjl
wd24/K30e7fdX/LfG678UKSvfv70g+yAmus66MqF8cz9crC5+3ZqqCl9FO9UcZJ2n3mo7N+v/pqc
MMAiFVijo61hIfvvzym91swGdZwHRgePwZAjIUIXEYMoReiwIhPf4PDI2OjIM08c+xYN+twp/8YV
b0583HKdki09t1Jbwzz2vT1ndpThGxMQEHiWRsfhC0+zr2/ufnXZvzsMyRev7UveQLetfXfJf6u7
tpf9u2frctznxsD1NU1UU1UXfoBZ+N2Ut7FuDrWV8Qk7fhQK0eZBlHypr2liXx8e502dcsMtYS8H
ac8jv9UOq5Lkf0oTfW7TYioUqkr+6x/tjfTVpwf2+964d3P37e4DdGTjQv6afLJvj++9eNJG8jU5
FRwCnG101FX7XWv6kn2BI5W61sxGfc4kBEYHj8GQIyFCFxGDKEXgkCLhfkXO6IQIzYNITEyN0c4T
97PvdbeuohuWvdHp+Gnrcs3i17CvD4/301PHv5PytzkQkhRZGB1PHPt39vX5LSvo6kV3le174yBx
Lm3ufhXdtPIdJf9t6Y52n5o08HTpHTrGvl+gArUGPebSR9izg4dpinmiRIEKtMzn8arlYk3XddRY
OyfWZ4Lypbqqln29prry9xeprW6gtfNuqNj3pTmPnj7xXeLu/dLduibaNhUOxwHObephXz/nMz+4
r55exVHKys5tvttDKsGyji20fO4W9r1dJ/kVl+VE4jU5VRyNDqIC1Qi71qzpqty1hkN9ziQERgeP
wZAjIUIXEYO4HIFDCiU9yxlGRyzu3/f3NOTzS8PNq95Ocxq6nI6fli6rOq+mFZ1b2feeO/0jGpkY
TOFbUkaQ0fH86YfpZP8+9r1XrHwbvwIgIyTNpeGJAfb1Dp8/ssqLf16MTQ6Hf3yWsKMTQ76/CC9s
XR1zbG5sW/zaxJ/l8oW7dwQRUXNde+LvScorVryd2hrmV/x705hHRy48Q6eZp1MVClV07RI3AzzJ
4Jrr2tnHuU4VJ2lf72ORj/P4sftoYmqs5PWqQjXdvDK7Ry+/YuU7iZvnw+N99Pix+yo/oBeRdE2O
gt8NmQM+kCjAIhFN+F5rKn9/qxuXv4PmZHCt4chTvlQSGB08BkOOhAhdMh9AKSJ0iUj6a+oy3LaS
F9GJiAZGz9Ojh/+FfW9OfRe9fsOvpvI9rrrcvu7dVGAav8mpcXrk0FcdjlwBIhgdleDJY99iX5/X
vJRuXfNfKjSK6EiYS72DR9nXF7SupMba1oqOZV7zUvb1ialx361mLDOE7R3i94mvmMubieVgXvMy
Wt11nfNxZuaLn2kb+gSQlOmes4auW3ZPRb9zNq7zyG/lwIaFt7gbYTEHt3XRa9h7xJwa2B+4RWU2
F4ZP0nM+qzjWzruerlhwU/RBpcTGha+mVZ3XsO89f/pBEY8blXBNjoKfwVlXE3ID5QQB+m1F6arw
tWZh6xravjTba81s8pIvWQCjg8dgyJHIXJfMB8AjdFiXUZ5NgxlGngfRPR7Y/0W6OHKafW/DgpfT
zSvfltp3JdHlllXvpMVtV7DvPXPqATrm83QJcQQEX4l8efTw1+msz43Prl92D61J4Y/MuKzuvIY2
hdzYL8t5dNjnHgQNNc10zeLK3qB12Vz+MZZ9PnM3lCLR0QvPsW/1zFlbsVUct697T6o3Ni0S0fnh
E+x7S9qvpKaYW2GSUlvdQG/c+GH2hpEe1RV8akfSa8wjh77Mmgc1VXX0qjW/6DwuIoo0uNrqBrqq
h9+m+Pwp3qwI4oH9f8+u4iAq0B1r30stQdu+Uqa1votuW/se4lZvjE4M0gP7P1exsURBen/j94Qo
v3vzlBAjwAs+15rFbVfG3naXlNrqBnr9xt8Sc62ZjfR8yZJIuhgU0GDIkchcl8wHwCN0WERULoPD
A0ZHIKMTQ/TN5/6SpoqT7Pu3rnlX7EfHhhFVl9Vd2+mVq9/JvjcyMUjf2/PZVMdVEUKMDn/ctq5M
TI3Rd/b8f+zy3ZqqOrpn029Q5+wncpSRBS0r6E2bP0Jv3vI7dNf6Xwn8t1nNoxdO/5iGxi6y7129
+LVUW8Enjly54Gb29ZP9+xNrs+cs/wjhQqGKrln8uoRHjc7m7tto7bzrUz/uYZ9HYNdWN9D1y5Lf
QDkq1YUaevPm3/V9hORL/85n/345iTuXxidH6PEj32DfWzvvBtq+9GdSGRcRBQ7u1WveTV3NS0pe
H5kYpB1Hvhb7q84MHKSf+tybqK1xAb3+yt+IfcykvGHjb9Icnxto/+ToN3z/iM4aqf3NmI/B0d7Y
He9AEQI8ctH/WnPd0rfE+74EVBVq6J5Nv0cLWsKuNdk/AllqvmRNZF0Mimcw5EhkPpcyHwCPxGFV
7hbzMDpYdp38IT12mG9iq6tq6Z5NH6ItZXjiRpAuS9o30Fu2fMT3/hA/2Ps53xUJuSBRUrjdo+OZ
kz+g3ad/zL7XWt9F79j2R76P2EyTrual9Lar/4Ba6udSVaGablz+FvrF6/6COkIa0ErPo8niBD1z
6ofse13NS+g1699XkXHcvu6Xqb2Rfxzh3rPT9x5Iosvh80/T2cHD7HtbF99Fi+asS3DUaCzr2Ex3
b/gAu/XMld1nfuR7X5Lrlt3re6PKNKitbqC3Xf2HtG5++KNUs/yjI85cenD/5+nMIP/kkVvX/F+0
3Ofx3YmZNbj1819B1yx+A/tPnzz2Td8tSWF8d8+n6fzwcfa9NV3X090bfj3RcePw+is/RKs6+afS
XBw+RQ/s//uyj8EVaf3NwOg59vXEW9QCAgy61ly79F5qb1xE5bqBeG11A/3c1j+ktREe21xdqLyZ
6oe0fJECtq3wGAw5Mplrk/kAeCQNq7LPtYLRwfLN5/7Sd7tHXXUD3bv5N+nG5eX59XO2Luvnv4ze
ue2TvjcF3Ht2Bz144B/LMpaKk9joSMY3nv1zujB8in1vXvNS+vntf0oLWlcmPn4Yi9rW0S9c86fU
2bT4steXd2ymW9dGW/JeyXn00IF/9L2J7dWLX0M3Li/vr3QbF95CL1v2Jva9gdFzl91bJYkuz5zk
DZzaqnq664ryGDjLOjbRW7b8HjXUNJfl+MPj/b6rUxpqmunNW36/LPdQ6Z6zhv7ztf+TVnddG+nf
11ZVbgWQH1FyZrI4Qd994dPsKr/6mma6d/Pv0GLm5p9pDG7dvBvpnk0fYZ9WcX74BP1g398mPvzI
xCB96/n/1/eeDdsWv47u3vDBxMcP43Ub/httXcRvu5mcGqf7nvszEffeiIqU/qZ3iDdtl3bwT6iJ
DBPgyHg/7fW51kzPjd+n+tpWKqZscixsXUM/f81f0KrOaFtLa1N6qktVoYZWd11P25fcQ5u773Da
yiUlX6QBo4PHYMiRyVwXoSdHwrDMPbhbguizmSxO0D/+9KO+j6Osqaql117xK/S2rR8NfiylA9VV
dXTX+vfQW7d+1NfcODN4mP75qU+U5fszJXZSJFvN0Tdyhr7y9Cd9l/HOa15K77rmz2lT96tiHzuM
7UteT+/a/t+pvbF0lci5oeP0ref/V6zjVWIenRs6Rj8++CX2vapCFd2x/r/SHet+uSzffd3Se+je
zR/x3crwyOGvsvcRiKPLjw/+s++N8pa2b6K3bf1kqvu3r1n8Onrntk9Ra73bE5rCeOjAF3233fXM
WUdv3fqJVK9jN654K71r+/9DPcyqF7+VZk11bal9vythObP79I/okUNfZt9rre+it139R7R+/stT
HdP2pT9D92z6baqrLr055OTUOP3H7r+kUUcDYPeZH9EPA1ZJbFv8enrb1X+c6j05Wuu76O1X/wld
HXAfnwcPfN73D2fpZN3bnPJ5YlhrfRdtXZT8iU0vMSvAhw8GX2t+dssnqKW+k4pUSMXouGH5W+k/
XfM/qZu51vT6rMhrrHV/gtTyuVvpPS/7HL1165/Qnet/ld6w8SP03hu/SLescrtJucR+WAIwOngM
hhwJEbqIGEQpWQ6p+uVvX/77GX7/NOVZRSj1a1mGx/tpX+/jtG7+DdRYy9+wan7Lctq2+C6qqaqj
4317fH/9ikNNVR3dsOyN9ObNH6Z182+gqkI1++8uDJ+iLzzxO743EUxCc107Xb+s9JGHRZqi+/dW
fnnwFfNvpJ62tSWvnx08QjtPfJ+IZudMfKPjwvBJGhq/SGvmXUtVhVJ/sa6mka5ccBPNa1lGJ/v3
0vB4f6zjz2ZR2zq6Z9Nv0g3L30S1zJajkYlB+qenPkqnB0ofSRmHcs2lA+d+Sss6NrNbGwpUoKUd
m2jdvJfRhZGTdG6IX/Ieh67mpfSGjb9OL1vxFl9z4XjfC/S1p/+IijQVerwgXcanRqmuutF3m0FX
81Ja2r6Rjl58jobG+fuRRGFZx2Z648YP0XXL7i35Nb538AiNTg6xqyp2nfy+7zaaIPpHz1J7wwLq
nlM6l4iI2hsX0pULX0nnho75Pk0mCtsW301v2vy7tKn71ex2uqdPfI/2nn3U5wkZBXrowD8k/u5y
4Zcv+3p30NKOzexjkmurG2jDwluotb6Tjl18zvdGj1Fob1xIb9z8Ebph2VvYlRtERD/c93f0+FF+
W2VcDp1/ijoae3xvrNvZtJg2LnwVjU0O0Yk+t5taX734brpn02/75iUR0bOnfkD/9tz/cPoej47G
HtrSc0fJ6+OTo/TwwS+m8h1BzM6la5b8DPsI1T1nfkwn+nan8p0DY720fckb2T5iYetq2n3mIRrx
eQR4bArT15q2sGvNglfSuWHvWjNds+PWq62LXkf3bPpd2rjwVvZa88zJ79He3sdoJXOtKVCBHj6Y
/FrTWj+P3rHtz6ht1hbW6qoaWtZxFQ2P99HxPv6m1XGR1BNLIpIuBsUzGHIkROgiYhCXU+khyTA4
PIwbHYNjF2l/7xO0dt61vsu4a6vraWXnVrp26euos2kxTRUnfFd++FFf00QbF95MN634WXrDlR+g
KxfeFLhs/NzQcfr7xz/s/EfwbPJocHi4GB3H+16g/tGztKbrWrYRLBQKtKB1JW1b/Brqal5KwxN9
vltbOKoLNbSx+xa6c9176LY1v0hdzUvZlm50YpD++amP0b7exyMfO4xyzKU9L/6R6ver/5yGLtrc
fSstn7uF6moa6Ozgkdjm3+qu7fTKVb9Ad63/Feqes9q3BR4cO09ffOK3qX+M32vuh58uh88/Tevm
30it9XPZ9zuaemjroruopW7uS+ZYFFrrO2n7kjfQrWveTbes+nma27SoJKZpc+t3aG3X9eyqraQG
BxHRoQs7af28l/muBmuoaaaN3dOP55wqTlDv4BHfX2I9qgs1tLJzG71i5dvp7g2/Rpt7bvNdifHC
mR/TV3Z+nDqbF7P35KiprqPHDn+VxqdG4wdXAbh82X36IVrReTV7U8xCoYp62tbT1kWvoZaGudQ3
fDqWKbak/Uq6fe176K4r3k/zW1b4/rufHPkGfeeF/53qRH/+9IPU1byU5rfw2/Pqa5pp3bwbad38
l1NtdT2dHjwYeX7XVjfQ9iU/Q3dv+DXatvh1VB+wNeuZkxiwNGgAACAASURBVPfTl3em1w5lbXB4
eKeqEgbH6MQQLevYwhpxDbUttHredXR+6Bidi9mzBHH44k5aG3Ctqa9ppo0LX00rOq+hyeIEnRs6
QlPFqUCbo6pQQys6t9GNK95Bd63/NdrU7X+t2XPmYfraro/T3KbF7D05aqrraMeRr9JEwmvNjSve
Tqu7/G8I3dG0iHYc+WqiY/shpSeWBowOHoMhR0KELiIGcTmVGlL2t3eeibeWpcInJKOvZTnZv5/+
z4/fS/du+g1aO89/j2dT7RzavuS1tH3Ja2lovI9ODxyk80Mn6PzwKRqdGKLxyREqFApUU1VH9TXN
1FLfQXPqO2luUw/NberxvYHobPb3Pklf2vkJ6hs5m1aIKuBzpjDrXX8eP/pvND45Sq+/8oO+90Oo
q26krYvuoK2L7qDzwyfp6MXn6MzAIeodOkrD4300OjFEtdUNVF/TTHPqu6izeRHNa15Gi9rWh95j
[...]
bHi0rDei2BaWS7JNSDZuGJlcKDpCaObCo2U9EYVthqJjuIJjQdFhG3i0rqRzoehwoZ0LRYc3orCF
5pJsE5KNG0Yml8aLkMmlMc1cKDq8EMU25aJj2IJjQdFhG3i0rqRzqXzbimwuFfRzoejwRhQ2io5t
iUYNlWwbbQ6LkMjFgWYufBCpF6LYpnhWD19wLCg6bAOP1pVsLpULk82lkn4uPFrWG1HYKDpsiUYN
J5ELRUcYvVx44oonorCpndVpCo5F14ty4J+KgUfrSjYXig4X2rm0f7QsN09rRGFTu3lqJdGooWRy
oegIo5cLRYcnorCFn9VO0hUcpQxwUQ78EzHwaF11v2a8UHS40M6FoiMCUdhUbp5a43qxyeTiVHRg
Teaa2aHo8EQUtrBcnF4oZcGx4G0rtoFH6042G4oOF9q5tC869r7QDe4sRGHLfvPkJdm4YWRyabwQ
mVwc6OVC0eGJKGxZz+rUBceCosM28GjdyeZC0eFCOxenDyI1vzEvorBlvXnylmzcMDK5UHSE0MzF
qehAKUX1mqmX7ayWKDgWFB22gUfrSjqXBkUH1qSvGe+iA6UUotiS7eYpSrJxw8jkQtERQjOXdkXH
7g96IV2MOGxZzmqpgmNB0WEbeLSupHOpWJx0LpW0s+HRst6IYltYLsk2Idm4YWRyoegIoZlL/ZnN
Wb2NKGyjFx2SBceCosM28GhdSedC0eFCOxeKDm9EYQvNJdkmJBs3jEwujRchk0tjmrlQdHghim2j
Fh3SBceCosM28GhdSedS+bYV2Vwq6OdC0eGNKGwUHdsSjRoq2TbaHBYhkYsDzVz4IFIvRLFttLN6
ioJjQdFhG3i0rmRzqVyYbC6V9HPh0bLeiMJG0WFLNGo4iVwoOsLo5cITVzwRhW2ks3qqgmPR9aIc
+Kdi4NG6ks2FosOFdi7tHy3LzdMaUdhGunkaSaJRQ8nkQtERRi8Xig5PRGELP6sNUxYcpQxwUQ78
EzHwaF11v2a8UHS40M6FoiMCUdhGuHkaEdeLTSYXp6IDazLXzA5FhyeisIXlYrzQtAXHgret2AYe
rTvZbCg6XGjn0r7o2PtCN7izEIWt583TyJKNG0Yml8YLkcnFgV4uFB2eiMLW46yevuBYUHTYBh6t
O9lcKDpcaOfi9EGk5jfmRQw2ig5bsnHDyORC0RFCMxenogOlFNVrpl7kWU3B8QyKDtvAo3UlnUuD
ogNr0teMd9EB8eunDkWHLdm4YWRyoegIoZlLu6Jj9we9kC5GHLaIXK4Svo2iwzbwaF1J51KxOOlc
Kmlnw6NlvRHFtrBckm1CsnHDyORC0RFCM5f6M5uzehtR2Dwvk91vcHAt2ig6bAOP1pV0LhQdLrRz
oejwRhS20FySbUKyccPI5NJ4ETK5NKaZC0WHF6LY5pHN6i0qhG+j6LANPFpX0rlUvm1FNpcK+rlQ
dHgjChtFx7ZEo4ZKto02h0VI5OJAMxc+iNQLUWxrmYv5GRyEv42iwzbwaF3J5lK5MNlcKunnwqNl
vRGFjaLDlmjUcBK5UHSE0cuFJ654Igpbq1wOfsgo4W/rmsvAGzPwaF3J5kLR4UI7l/aPluXmaY0o
bOFFRxJcLzaZXCg6wujlQtHhiShstbmc9BQVwrd1z2XgTRl4tK66XzNeKDpcaOdC0RGBKGxhuSTb
gGTjhpHJxanowJrMNbND0eGJKGyX5nLWY2IJ38bbVmwDj9adbDYUHS60c2lfdOx9oRvcWYjCRtFh
SzZuGJlcGi9EJhcHerlQdHgiCtu5uZxVcFz6IrOg6LANPFp3srlQdLjQzsXpg0jNb8yLGGwUHbZk
44aRyYWiI4RmLk5FB0opqtdMvVNzuajgOPdFZkPRYRt4tK6kc2lQdGBN+prxLjogfv3UoeiwJRs3
jEwuFB0hNHNpV3Ts/qAX0sWIw3Ysl6qC49QXmRVFh23g0bqSzqVicdK5VNLOhkfLeiOKbWG5JNuE
ZOOGkcmFoiOEZi71ZzZn9TaisG1dJk0KjmMvMjuKDtvAo3UlnQtFhwvtXCg6vBGFLTSXZJuQaNRQ
ybZxW+NFyOTSmGYuFB1eiGLbs9k0LTiefhGsUXTYBh6tK+lcKt+2IptLBf1cKDq8EYWNosOWaNRw
Etk4LEIiFweaufBBpF6IYtuSi0vBsbwA4dsoOmwDj9aVbC6VC5PNpZJ+Ljxa1htR2Cg6bIlGDSeR
C0VHGL1ceOKKJ6KwfVocC46nX4TwbV1zGXhjBh6tK9lcKDpcaOfS/tGy3DytEYUtvOhIguvFJpOL
U9GBNZlrZoeiwxNRrLkXHAvCt3XPZeBNGXi0rrpfM14oOlxo50LREYEobGG5JNuAZOOGkcml8UJk
cnGglw1Fhyei+H/CCo4F4dt424pt4NG6k82GosOFdi7ti469L3SDOwtR2Cg6bMnGDSOTC0VHGL1c
KDo8EUWHgmNB+DaKDtvAo3UnmwtFhwvtXJw+iNT8xryIwUbRYUs2bhiZXCg6Qmjm4lR0oJSies2c
plvBsZg5/EMoOmwDj9aVdC4Nig6sSV8z3kUHQZGA+AAAIABJREFUxK+fOhQdtmTjhpHJhaIjhGYu
7YqO3R/0QrrYjHF0LzgWM4Z/CooO28CjdSWdS8XipHOppJ0Nj5b1RhTbwnJJtgnJxg0jkwtFRwjN
XOrPbM7qbTNFMUzBseBatFF02AYerSvpXCg6XGjnQtHhjShsobkk24REo4ZKto3bGi9CJpfGNHOh
6PAySxTDFRyLGcK/BEWHbeDRupLOpfJtK7K5VNDPhaLDG1HYKDpsiUYNJ5GNwyIkcnGgmQsfROpF
PYphC45S9MOvQdFhG3i0rmRzqVyYbC6V9HPh0bLeiMJG0WFLNGo4iVwoOsLo5cITVzypRjF0wbFQ
Db+FrrkMvDEDj9aVbC4UHS60c2n/aFluntaIwhZedCTB9WKTycWp6MCazDWzQ9HhSS2KFAXHQi38
VrrnMvCmDDxaV92vGS8UHS60c6HoiEAUtrBckm1AsnHDyOTSeCEyuTjQy4aiw5NKFKkKjoVK+K3x
thXbwKN1J5sNRYcL7VzaFx17X+gGdxaisFF02JKNG0YmF4qOMHq5UHR4yh5FyoJjkT18LxQdtoFH
6042F4oOF9q5OH0QqfmNeRGDjaLDlmzcMDK5UHSE0MylXdFhfzG3rNdM6oJjkTV8bxQdtoFH60o6
lwZFB9akrxnvogPi108dig5bsnHDyORC0RFCMxceLespWxwSBcciW/hRKDpsA4/WlXQuFYuTzqWS
djY8WtYbUWwLyyXZJiQbN4xMLhQdITRzoejwlCUKqYJjwbVoo+iwDTxaV9K5UHS40M6FosMbUdhC
c0m2CYlGDZVsG7c1XoRMLo1p5kLR4SVDFJIFx2L08Huh6LANPFpX0rlUvm1FNpcK+rnwxBVvRGGj
6LAlGjWcRDYOi5DIxYFmLnwQqZeRo5AuOEoZO/zeuuYy8MYMPFpXsrlULkw2l0raufBo2QhEYaPo
sCUaNZxELhQdYfRy4YkrnkaMQr7gWIwY/gi659J9gG0Dj9aVbC4UHS60c6HoiEAUtvCiIwmuF5tM
Lk5FB9Zkrpkdig5PI0UxTcGxGCn8kXTPZeBNGXi0rrpfM14oOlxo50LREYEobGG5JNuAZOOGkcml
8UJkcnGglw1Fh6cRorg6xBQdTLrso7rmMvCmDDxad7LZUHS40M6lfdGx94VucGchChtFhy3ZuGFk
cqHoCKOXC0WHp55R/L/f4Jh0QyZd9lEUHbaBR+tONheKDhfauTg9caU8+8XciMJG0WFLNm4YmVwo
OkJo5tKu6LC/mFuPa2b9FpVJN0TzB7YeRYdt4NG6ks6lQdGBNelrhkfLuiOKbRQdtmTjhpHJhaIj
hGYuPFrWU2Qc9mdwTLwhEy/9IIoO28CjdSWdS8XipHOppJ0NRYc3otgWlkuyTUg2bhiZXCg6Qmjm
QtHhKSKKqwdfZOINmXjpB1F02AYerSvpXCg6XGjnQtHhjShsobkk24REo4ZKto3bGi9CJpfGNHOh
6PDiHcXVk15k4g2ZdNlHUXTYBh6tK+lcKt+2IptLBf1ceOKKN6KwUXTYEo0aTiIbh0VI5OJAMxc+
iNSLVxR7b1Gh6LBNuuyTdM1l4I0ZeLSuZHOpXJhsLpW0c+HRshGIwkbRYUs0ajiJXCg6wujlwhNX
PLWOwvwMDooO26TLPqp7Lt0H2DbwaF3J5kLR4UI7F4qOCERhCy86kuB6scnk4lR0YE3mmtmh6PDU
Kgr7Q0ZPfZFJN2TSZR/VPZeBN2Xg0brqfs14oehwoZ0LRUcEorCF5ZJsA5KNG0Yml8YLkcnFgV42
FB2eaqM4WHCc/CKTbsikyz6qay4Db8rAo3UnmwtFhwvtXNoXHXtf6AZ3FqKwUXTYko0bRiYXio4w
erlQdHi6NIqTCo6TX2TSDZl02UdRdNgGHq0r6VwoOlxo5+L0xJXy7BdzIwobRYct2bhhZHKh6Aih
mUu7osP+Ym7nXjNnFRwnv8ikG6L5A1uPosM28GhdSefSoOjAmvQ1w6Nl3RHFNooOW7Jxw8jkQtER
QjMXHi3r6dQ4Lio4nn6R6gkETbz0gyg6bAOP1pV0LhWLk86lknYuFB3eiGJbWC7JNiHZuGFkcqHo
CKGZC0WHp2NRXK3dAN62sm3ipR9E0WEbeLSupHOh6GhOPxeKDm9EYQvNJdkmJBo1VLJt3NZ4ETK5
NKaZC0WHl0NRPPUbHBQdXiZd9lEUHbaBR+tKOpeKhUnnUkE/F5644o0obBQdtkSjhpPIxmERErk4
0MyFDyL1YkVhvEWlYct00X9A06TLPknXXAbemIFH60o2l8qFyeZSSTsXHi0bgShsFB22RKOGk8iF
oiOMXi48ccXT01FsfAZH41+nueg/oGnSZR/VPZfuA2wbeLSuZHOh6HChnQtFRwSisIUXHUlwvdhk
cnEqOrAmc83sUHR4+rQc/ZBRig4vky77qO65DLwpA4/WVfdrxgtFhwvtXNoXHXtf6AZ3FqKwheWS
bAOSjRtGJpfGC5HJxYFeNhQdXk58igpFh5dJl31U11wG3pSBR+tONheKDhfauTh9EKn5jXkRhY2i
w5Zs3DAyuVB0hNHLhaKjtTMfE0vR4WXSZR9F0WEbeLSupHOh6HChnYtz0YFSClFsoeiwJRs3jEwu
FB0hNHNpV3TYX8zjzIJjEVR0TEjzB7YeRYdt4NG6ks6lQdGBNelrhkfLuiOKbRQdtmTjhpHJhaIj
hGYuPFq21oUFx6LNBhz8y8k2ZDHx0g+i6LANPFpX0rlULE46l0rauVB0eCOKbWG5JNuEZOOGkcmF
oiOEZi4UHZeqLDgWdRvA21a2Tbz0gyg6bAOP1pV0LhQdzennQtHhjShsobkk24REo4ZKto3bGi9C
JpfGNHOh6DhXo4JjQdHhZdJlH0XRYRt4tK6kc6l824psLhX0c+HRst6IwkbRYUs0ajiJbBwWIZGL
A81c+CDSUzUuOBZ8EKmHSZd9kq65DLwxA4/WlWwulQuTzaWSdi7tHy07w83TuYjCRtFhSzRqOIlc
KDrC6OXCE1dO4VRwlMITV/xMuuyjuufSfYBtA4/WlWwuFB0utHOh6IhAFLbwoiMJrhebTC5ORQfW
ZK6ZHYqOQxwLjgVFh5dJl31U91wG3pSBR+uq+zXjhaLDhXYu7YuOvS90gzsLUdjCckm2AcnGDSOT
S+OFyOTiQC8big5LQMGxoOjwMumyj+qay8CbMvBo3cnmQtHhQjsXpw8iNb8xL6KwUXTYko0bRiYX
io4werk4FR1JBRYcC4oOL5Mu+yiKDtvAo3UlnQtFhwvtXJyLDpRSiGILRYct2bhhZHKh6AihmUu7
omP3h4QhdSg4FkFFx4SSXovuKDpsA4/WlXQuDYoOrElfMzxa1h1RbAvLJdkmJBs3jEwuFB0hNHOZ
+9GyHQuORZsNOPiXiTakpYmXfhBFh23g0bqSzqVicdK5VNLOhaLDG1HYQnNJtgnJxg0jkwtFRwjN
XOYsOgYoOBZ1G8DbVrZNvPSDKDpsA4/WlXQuFB3N6edC0eGNKGwUHdsSjRoq2TZua7wImVwa08xl
rqJjoIJjQdHhZdJlH0XRYRt4tK6kc6l824psLhX0c+HRst6IwkbRYUs0ajiJbBwWIZGLA81c5nji
yoAFx4IPIvUw6bJP0jWXgTdm4NG6ks2lcmGyuVTSzqX9o2VHv3nqgShsFB22RKOGk8iFoiOMXi76
j5YduOAohSeu+Jl02Ud1z6X7ANsGHq0r2VwoOlxo50LREYEobOFFRxJcLzaZXJyKDqzJXDM7ukXH
4AXHgqLDy6TLPqp7LgNvysCjddX9mvFC0eFCO5f2RcfeF7rBnYUobGG5JNuAZOOGkcml8UJkcnGg
l41e0ZGk4FhQdHiZdNlHdc1l4E0ZeLTuZHOh6HChnYvTB5Ga35gXUdgoOmzJxg0jkwtFRxi9XJyK
jg6SFRwLig4vky77KIoO28CjdSWdC0WHC+1cnIsOlFKIYgtFhy3ZuGFkcqHoCKGZS7uiY/eH4JCS
FhyLoKJjQpo/sPUoOmwDj9aVdC4Nig6sSV8zPFrWHVFsC8sl2SYkGzeMTC4UHSE0c8n7aNnkBcei
zQYc/Eu9q/YkEy/9IIoO28CjdSWdS8XipHOppJ0LRYc3orCF5pJsE5KNG0YmF4qOEJq55Cs6RAqO
Rd0G8LaVbRMv/SCKDtvAo3UlnQtvW2lOPxeKDm9EYaPo2JZo1FDJtnFb40XI5NKYZi55io6reuGX
wudz+Jl02UdRdNgGHq0r2VwavG1FMpdK+rnwaFlvRGGj6LAlGjWcRC4OG8w1Y9PMZfwnrlx1+ncH
wAeRepl02SfpmsvAGzPwaF3J5kLR4UI7l/aPlqXoWCMKG0WHLdGooWRyoegIo5fL2I+W3XuLil74
pVB0+Jl02Ud1z6X7ANsGHq0r2VwoOlxo50LREYEobOFFRxJcLzaZXJyKDqzJXDM7YxYd5mdw6IVf
CkWHn0mXfVT3XAbelIFH66r7NeOFosOFdi7ti469L3SDOwtR2MJySbYBycYNI5NL44XI5OJAL5ux
io6DHzKqF34pFB1+Jl32UV1zGXhTBh6tO9lcKDpcaOfi9EGk5jfmRRQ2ig5bsnHDyORC0RFGLxen
ouNMJz1FRS/8Uig6/Ey67KMoOmwDj9aVdC4UHS60c3EuOlBKIYotFB22ZOOGkcmFoiOEZi7tio7d
H84I6eTHxGqGX0pY0TEh3WumDkWHbeDRupLOpUHRgTXpa4ZHy7ojim1huSTbhGTjhpHJhaIjhGYu
fR4te3LBcea/m1CbDTj4l5rBHTXx0g+i6LANPFpX0rlULE46l0rauVB0eCMKW2guyTYh2bhhZHKh
6AihmUts0XF2wXHiv5tY3Qac9NscmsEdNemyj6LosA08WlfSufC2leb0c6Ho8EYUNoqObYlGDZVs
G7c1XoRMLo1p5hJTdFxccBz5dwXw+RweJl32SSg6bAOP1pVsLpULk82lkn4uPFrWG1HYKDpsiUYN
J5GLwwZzzdg0c/F94kp1wbHx74rgg0i9TLrsk3TNZeCNGXi0rmRzoehwoZ1L+0fLUnSsEYWNosOW
aNRQMrlQdITRy8Xv0bLNCg7zRWRQdHiZdNlHdc+l+wDbBh6tK9lcKDpcaOdC0RGBKGzhRUcSXC82
mVycig6syVwzO+2LjuYFh/UiOig6vEy67KO65zLwpgw8WlfdrxkvFB0utHNpX3TsfaEb3FmIwhaW
S7INSDZuGJlcGi9EJhcHerm0KzrcCo6nX4QNWKPosE267KO65jLwpgw8WneyuVB0uNDOxemDSM1v
zIsobBQdtmTjhpHJhaIjhGYu9We2e8Gx0Au/FIoOP5Mu+yiKDtvAo3UlnQtFhwvtXJyLDpRSiGIL
RYct2bhhZHKh6AihmcvlZ3ZYwVGKavilhBUdE9K9ZupQdNgGHq0r6VwaFB1Yk75meLSsO6LYFpZL
sk1INm4YmVwoOkJo5nL+mR1acCw0wy+lVdFx8C81gztq4qUfRNFhG3i0rqRzqVicdC6VtHOh6PBG
FLbQXJJtQrJxw8jk0ngRMrk0ppnL6Wd2l4JjoRl+KbU3TbxtZdukyz6KosM28GhdSefC21aa08+F
osMbUdgoOrYlGjVUsm20OSxCIhcHmrkcP7O7FhwLzfBL4fM5fEy67JNQdNgGHq0r2VwavG1FMpdK
+rnwaFlvRGGj6LAlGjWcRC4UHWE0c9k+s4coOBa64VN0eJh02SfpmsvAGzPwaF3J5kLR4UI7l/aP
lqXoWCMKG0WHLdGooWRyoegIo5eLfWYPVXAs9MIvhaLDz6TLPqp7Lt0H2DboWN0NvGV1KDpcaOdC
0RGBKGzhRUcSXC82mVycig6syVwzO/tn9pAFx0Iv/FIoOvxMuuyjuucy6KZ0z2VgstlQdLjQzqV9
0bH3hW5wZyEKW1guyTYg2bhhZHJpvBCZXBzo5fKTM3vogmOheWFSdHiZdNlHdc1l4E0ZeLTuZHOh
6HChnYvTB5Ga35gXUdgoOmzJxg0jkwtFRwjFXFIUHAu18H+CosPLpMs+iqLDNvBoXUnnQtHhQjsX
56IDpRSi2ELRYUs2bhiZXCg6QijlkqrgKEUr/H1BRceEdK+ZOhQdtoFH60o6lwZFB9akrxkeLeuO
KLaF5ZJsE5KNG0YmF4qOEAq5pCs4Fgrh29oUHQf/UjO4oyZe+kEUHbaBR+tKOpeKxUnnUkk7F4oO
b0RhC80l2SYkGzeMTC6NFyGTS2OZc0lbcCwyh39Y3U0Tb1vZNumyj6LosA08WlfSufC2leb0c6Ho
8EYUNoqObYlGDZVsG20Oi5DIxUHGXNIXHIuM4Z+Gz+fwMOmyT0LRYRt4tK5kc2nwthXJXCrp58Kj
Zb0RhY2iw5Zo1HASuVB0hMmUi0zBscgU/un4IFIvky77JF1zGXhjBh6tK9lcKDpcaOfS/tGyFB1r
RGGj6LAlGjWUTC4UHWEy5CJXcCwyhH8+ig4vky77qO65DLwpA4/WVfdrxgtFhwvtXCg6IhCFLbzo
SILrxSaTi1PRgbWRrxnZgmMxcviXo+jwMumyj+JtK7aBR+tONhuKDhfaubQvOva+0A3uLERhC8sl
2QYkGzeMTC6NFyKTi4MRc5EvOBaaFyZFh5dJl30URYdt4NG6k82FosOFdi5OH0RqfmNeRGGj6LAl
GzeMTC4UHSFGy2WagmMxUvjtUHR4mXTZR1F02AYerSvpXBoUHViTvma8iw6UUohiC0WHLdm4YWRy
oegIMUou0xUcpYwTfntBRceEdK+ZOhQdtoFH60o6l4rFSedSSTsbHi3rjSi2heWSbBOSjRtGJheK
jhC9c5my4Fj0Dt9Pm6Lj4F9qBnfUxEs/iKLDNvBoXUnnQtHhQjsXig5vRGELzSXZJiQbN4xMLo0X
IZNLY71ymbrgWOhelHU3TbxtZdukyz6KosM28GhdSedS+bYV2Vwq6OdC0eGNKGwUHdsSjRoq2Tba
HBYhkYuD6FwoOJ6ie1Hy+RweJl32SSg6bAOP1pVsLpULk82lkn4uPFrWG1HYKDpsiUYNJ5ELRUeY
qFyuEv6a5kXJB5F6mXTZJ+may8AbM/BoXcnmQtHhQjuX9o+WpehYIwobRYct0aihZHKh6AjjncvV
iBfJSjMXig4vky77qO65DLwpA4/WVfdrxgtFhwvtXCg6IhCFLbzoSILrxSaTi1PRgTWva2bvLSoy
F2ZjmrlQdHiZdNlH8bYV28CjdSebDUWHC+1c2hcde1/oBncWorCF5ZJsA5KNG0Yml8YLkcnFQetc
zM/gIHyb5oVJ0eFl0mUfRdFhG3i07mRzoehwoZ2L0weRmt+YFzHYKDpsycYNI5MLRUeIlrlsfsgo
4W/TzIWiw8ukyz6KosM28GhdSefSoOjAmvQ14110QPz6qUPRYUs2bhiZXCg6QrTI5ehTVAjfpptL
UNExId1rpg5Fh23g0bqSzqVicdK5VNLOhkfLeiOKbWG5JNuEZOOGkcmFoiNETS4nPyaW8G26ubQp
Og7+pWZwR0289IMoOmwDj9aVdC4UHS60c6Ho8EYUttBckm1CsnHDyOTSeBEyuTR2SS4nFxw1LzID
3Vzqbpp428q2SZd9FEWHbeDRupLOpfJtK7K5VNDPhaLDG1HYKDq2JRo1VLJttDksQiIXB+fkcnbB
ccmLzEQ3Fz6fw8Okyz4JRYdt4NG6ks2lcmGyuVTSz4VHy3ojChtFhy3RqOEkcqHoCHNKLle5efKh
mQsfROpl0mWfpGsuA2/MwKN1JZsLZ7UL7VzaP1qWomONKGwUHbZEo4aSyYWiI8yhXK6e9J+qfJGZ
aeZC0eFl0mUf1T2XgTdl4NG66n7NeOGsdqGdC0VHBKKwhRcdSXC92GRycSo6sGZFvX6LSoObJ6zJ
/MDuoejwMumyj+qay8CbMvBo3clmQ9HhQjuX9kXH3he6wZ2FKGxhuSTbgGTjhpHJpfFCZHJx8HQu
25/BUZEg4W/TzIaiw8ukyz6KosM28GjdyeZC0eFCOxenDyI1vzEvYrBRdNiSjRtGJheKjhBLLsc/
ZJSiw4VmLhQdXiZd9lEUHbaBR+tKOhd++9KF9DXjXXRA/PqpQ9FhSzZuGJlcKDpCnP4UFYqO5nRz
CSo6JqR7zdSh6LANPFpX0rlwVrvQzoZHy3ojim1huSTbhGTjhpHJhaLD1fmPieXmqTndXNoUHQf/
UjO4oyZe+kEUHbaBR+tKOhfOahfauVB0eCMKW2guyTYh0aihkm3jtsaLkMml0vkFx4Kbp+Z0c6m7
aeJtK9smXfZRFB22gUfrSjqXyretyOZSQT8Xig5vRGGj6LAlGjWcRDYOi5DIpcLlBceCm6fmdHPh
8zk8TLrsk1B02AYerSvZXCoXJptLJf1ceLSsN6KwUXTYEo0aTiIXio5m6guOUrh5cqKZCx9E6mXS
ZZ+kay4Db8zAo3UlmwtntQvtXNo/WpaiY40obOFFRxJcLzaZXCg6qrUpOBbcPLnQzIWiw8ukyz6q
ey4Db8rAo3XV/ZrxwlntQjsXio4IRGELyyXZBiQbN4xMLk5FxwzaFhyLBjdPWJP5gd1D0eFl0mUf
xdtWbAOP1p1sNhQdLrRzaV907H2hG9xZiMJG0WFLNm4YmVwaL0QmlwN8Co5FRYIzhH8pzWwoOrxM
uuyjKDpsA4/WnWwuFB0utHNx+iBS8xvzIgYbRYct2bhhZHKh6DiZb8GxoOhwoZlLUNExIX6WbBQd
toFH60o6F3770oX0NeNddED8+qlD0WFLNm4YmVwoOo6KKTgWFB3N6ebSpug4+JeawR018dIPouiw
DTxaV9K5cFa70M6GR8t6I4ptYbkk24Rk44aRyYWiY1NswbHg5qk53Vzqbpp428q2iZd+EEWHbeDR
upLOhbPahXYuFB3eiMIWmkuyTUg0aqhk27it8SIUculTcCy4eWpONxeKDi+TLvsoig7bwKN1JZ1L
5dtWZHOpoJ8LRYc3orBRdNgSjRpOIhuHRWTOpW/BseDmqTndXPggUg+TLvskFB22gUfrSjaXyoXJ
5lJJPxceLeuNKGwUHbZEo4aTyIWio5QySsFRCjdPTjRz4YkrXiZd9km65jLwxgw8WleyuXBWu9DO
pf2jZSk61ojCFl50JMH1YpPJxanoyGKcgmPBzZMLzVwoOrxMuuyjuucy8KYMPFpX3a8ZL5zVLrRz
oeiIQBS2sFySbUCyccPI5NJ4IVlyGa/gWDS4ecJalgvzPBQdXiZd9lG8bcU28GjdyWZD0eFCO5f2
RcfeF7rBnYUobBQdtmTjhpHJZbKiY9yCY1GR4Ojh96SZDUWHl0mXfRRFh23g0bqTzYWiw4V2Lk4f
RGp+Y17EYKPosCUbN4xMLpMUHeMXHAuKDheauQQVHRPiZ8lG0WEbeLSupHPhty9dSF8z3kUHxK+f
OhQdtmTjhpHJRbzoyFNwLCg6mtPNpU3RcfAvNYM7auKlH0TRYRt4tK6kc+GsdqGdDY+W9UYU28Jy
SbYJycYNI5OLaNGRr+BYcPPUnG4udTdNvG1l28RLP4iiwzbwaF1J58JZ7UI7F4oOb0RhC80l2SYk
GjVUsm3c1ngRvXPJW3AsuHlqTjcXig4vky77KIoO28CjdSWdS+XbVmRzqaCfC09c8UYUNooOW6JR
w0lk47CIXrnkLzgW3Dw1p5sLH0TqYdJln6RrLgNvzMCjdSWbS+XCZHOppJ0Lj5aNQBQ2ig5bolHD
SeQiUHToFBylcPPkRDMXnrjiZdJlH9U9l+4DbBt4tK5kc+GsdqGdC0VHBKKwhRcdSXC92GRycSo6
ImgVHAtunlxo5kLR4WXSZR/VPZeBN2Xg0brqfs144ax2oZ0LRUcEorCF5ZJsA5KNG0Yml8YLicjl
qkz4lgY3T1jTvGYoOrxMuuyjuuYy8KYMPFp3stlQdLjQzqV90bH3hW5wZyEKG0WHLdm4YWRySVR0
7H6DQyZ8S8XipHOppJkNRYeXSZd9FEWHbeDRupPNhaLDhXYuTk9cMb8xL2KwUXTYko0bRiaXBEXH
6i0qMuFbKDpcaOYSVHRMiJ8lG0WHbeDRupLOhd++dCF9zXgXHRC/fupQdNiSjRtGJpeBi47Nz+CQ
Cd9C0dGcbi5tio6Df6kZ3FETL/0gig7bwKN1JZ0LZ7UL7Wycig7t0M5CFNvCckm2CcnGDSOTy4BF
x9EPGZUJ38LNU3O6udTdNJ302xyawR018dIPouiwDTxaV9K5cFa70M6FosMbUdhCc0m2CYlGDZVs
G7c1XkRNLic/RUUmfAs3T83p5kLR4WXSZR9F0WEbeLSupHOpWJh0LhX0c+GJK96IwkbRYUs0ajiJ
bBwWcck/efZjYiXC38LNU3O6ufBBpB4mXfZJuuYy8MYMPFpXsrlULkw2l0raufBo2QhEYaPosCUa
NZxELp2LjrMLjkteJBVunlxo5sITV7xMuuyjuufSfYBtA4/WlWwunNUutHOh6IhAFLbwoiMJrheb
TC5ORccxFxcc57xIStw8udDMhaLDy6TLPqp7LgNvysCjddX9mvHCWe1COxeKjghEYQvLJdkGJBs3
jEwujRdy7J+rLjhOeZHUGtw8YU3zmqHo8DLpso/qmsvAmzLwaN3J5kLR4UI7l/ZFx94XusGdhShs
FB22ZOOGkcklqOhoUnAcexEJFYuTzqWSZjYUHV4mXfZRFB22gUfrSjoXig4X2rk4PXGlPPvF3IjC
RtFhSzZuGJlcnIuOpgXH1otIoehwoZlLUNExIX6WbBQdtoFH60o6F3770oX0NcOjZd0RxTaKDluy
ccPI5OJUdLgUHM++iCSKjuZ0c2lTdBz8S83gjpp46QdRdNgGHq0r6Vw4q11oZ0PR4Y0otoXlkmwT
ko0bRiaXxgtxLTgWMuFbuHlqTjeXupumk36bQzO4oyZe+kEUHbaBR+tKOhfOahfauVB0eCMKW2gu
yTYh0aihkm3jtkaLCCk4FjLhWyp/FVZ034xUAAAMPUlEQVQ2lwq6uVB0eJl02UdRdNgGHq0r6Vw4
q5vTz4UnrngjChtFhy3RqOEksmmwiNCCYyERvqVyYbK5VNLNhQ8i9TDpsk/SNZeBN2bg0bqSzYWz
2oV2LjxaNgJR2Cg6bIlGDSeRS8UGdyk4FrIXJjdPLjRz4YkrXiZd9lHdc+k+wLaBR+tKNhfOahfa
uVB0RCAKW3jRkQTXi00mlwsW0rXgWEiEb+HmyYVmLhQdXiZd9lHdcxl4UwYeravu14wXzmoX2rm0
Lzr2vtAN7ixEYQvLJdkGJBs3jEwuZyxkiIKjFKHwLQ1unrCmec1QdHiZdNlHdc1l4E0ZeLTuZHOh
6HChnYvTB5Ga35gXUdgoOmzJxg0jk8sJC7ly5coVibUCAAAAAIB5DfMbHAAAAAAAAJei4AAAAAAA
AOlRcAAAAAAAgPQoOAAAAAAAQHoUHAAAAAAAID0KDgAAAAAAkB4FBwAAAAAASI+CAwAAAAAApEfB
AQAAAAAA0qPgAAAAAAAA6VFwAAAAAACA9Cg4AAAAAABAehQcAAAAAAAgPQoOAAAAAACQHgUHAAAA
AABIj4IDAAAAAACkR8EBAAAAAADSo+AAAAAAAADpUXAAAAAAAID0KDgAAAAAAEB6FBwAAAAAACA9
Cg4AAAAAAJAeBQcAAAAAAEiPggMAAAAAAKRHwQEAAAAAANKj4AAAAAAAAOlRcAAAAAAAgPQoOAAA
AAAAQHoUHAAAAAAAID0KDgAAAAAAkB4FBwAAAAAASI+CAwAAAAAApEfBAQAAAAAA0qPgAAAAAAAA
6VFwAAAAAACA9Cg4AAAAAABAehQcAAAAAAAgPQoOAAAAAACQHgUHAAAAAABIj4IDAAAAAACkR8EB
AAAAAADS+7+9BwAAAHndvHmz3Lhxo5RSyvPPP1+uXbt20n/vyZMn5cMPPyyllPLo0aPyySefuM0I
AB7u3LlTXn311fKjH/2o/Mmf/En5l3/5l94jAdO7cuXKlU97DwGou3btWvm93/u98ou/+IvlH//x
H8tf/MVfnP1vfPazny1f//rXSyml/Omf/mn56KOPzv43fvd3f7f82q/9Wvm3f/u38ud//udn//cB
oJRSfv3Xf7386q/+annxxRfLrVu3mvybDx8+LP/5n/9Z/umf/qn8/d//fZN/EwC8LOXG4sGDB+WV
V17pOBGAUig4gBAvvfTS3qH32muvlffee++sf+Ott94qt2/fLqVcdoj+8i//cvmjP/qjvX/v3r17
Z/0bAOZ17dq18tJLL5Xf+q3fKtevX3d9rYcPH5Z33nmn3Lt3rzx58sT1tQDgXM+WG6WU8v7776++
ByAen8EBBHjuuef2vv6FX/iFs/+Npdx49s+nev755w/OBABbbt68Wb71rW+Vl19+2b3cKKWUW7du
lZdffrl861vf2r39BQBGYJUbjx8/Lt/5znc6TQTgaXwGBwAA2PTzP//z5Q//8A83i40HDx6Uhw8f
lg8++KA8fvz4rH/7ueeeKy+88EK5deuWWdy++OKL5Tvf+U55/fXXL3pbHgC0tFVuvPbaa/zfKGAQ
FBwAAMB08+ZNs9x48OBB+d73vlfefffd8ujRoyavdePGjfL5z3++fOlLX9orO65fv17eeOON8o1v
fKPZawHAuSg3gBx4iwoAAFi5du1a+YM/+INVuXH37t3yyiuvlHv37jUtHB49elTu3btXXnnllXL3
7t29v7t+/Xp57bXXTn5CCwC0RLkB5EHBAQAAVr74xS+WF198ce97b775Znn77bfdX/vtt98ub775
5t73XnzxxfLFL37R/bUB4GmUG0AuFBwAAGDlN3/zN/e+vnv3brl//37Y69+/f3/1mxxf+MIXwl4f
ACg3gHwoOAAAwJ47d+7svTXlwYMHIb+58ay33367PHjwYPf1rVu3yp07d8LnADAfyg0gJwoOAACw
51d+5Vf2vv7e977XaZL1az87GwC0RrkB5EXBAQAA9jz72Rvvvvtup0nWr/25z32u0yQAZkC5AeRG
wQEAAHZu3rxZbt26tfv6wYMHXR/P+ujRo723qdy+fbvcuHGj2zwAdFFuAPlRcAAAgJ2bN2/uff3w
4cNOk2zP8JnPfKbTJABUUW4AGig4AADApg8++KD3CEPMAEAX5Qagg4IDAADsPP/883tfP378uNMk
2zM8OyMAXIpyA9BCwQEAAHauXbvWe4SjMswIYHyUG4AeCg4AAAAAU6HcADRRcAAAAACYBuUGoIuC
AwAAAMAUKDcAbRQcAAAAAORRbgD6KDgAAAAATOnTTz/tPQKAhig4AAAAAMi7f/9+efPNN/e+d/36
9fLGG2+Uz372s52mAtASBQcAAACAKVByANooOAAAAABMg5ID0EXBAQAAAGAqlByAJgoOAACw8+TJ
k94jHJVhRgDjo+QA9FBwAACAnQ8//HDv6+eee67TJNszPDsjAFyKkgPQQsEBAAA2vfDCC71HGGIG
ALooOQAdFBwAAGDnk08+2fv61q1bnSbZnuHjjz/uNAkAVZQcgAYKDgAAsPPJJ5/sFQi3b98uN27c
6DbPjRs3yu3bt3dfP3jwoDx69KjbPAB03b9/v7z11lt736PkAHKh4AAAAHt+8IMf7H39+c9/vtMk
69d+//33O00CYAb37t0rf/M3f7P3PUoOIA8KDgAAsOef//mf977+0pe+1GmS9Ws/OxsAtPbd736X
kgNIioIDAADsuX///uptKl/5ylfC5/jKV76yenvK/fv3w+cAMB9KDiAnCg4AALDyzjvv7H391a9+
tdy5cyfs9e/cuVO++tWv7n3vb//2b8NeHwAoOYB8KDgAAMDK97///dXnXbz66qvly1/+svtrf/nL
Xy6vvvrq3vfef//98v3vf9/9tQHgaZQcQC4UHAAAYOXJkyfl29/+dnn8+PHe919++eXy1ltvld/4
jd9o+nSVGzdulJdeeqm89dZb5eWXX977u8ePH5c33nijPHnypNnrAcCpKDmAPP5v7wEAAMCYPvnk
k/Laa6+Vb3/72+W5557bff/27dvla1/7Wvna175WHjx4UB4+fFg++OCD8qMf/eisf//69evlhRde
KLdv3y63bt0y/zOPHz8ur732Go+GBdDVd7/73VJKKV/4whd231tKjtdff7189NFHvUYD8BQKDgAA
sOmjjz4qX//618vrr79ePve5z63+/vbt2+X27dvll37pl5q/9vvvv1/eeOMNyg0AQzhUcnzjG9/g
/1YBA+AtKkCAZ3/F+z/+4z/O/jcePHhg/vlUH3744cGZAGDLo0ePyje/+c1y9+7dvaerePn444/L
3bt3yze/+U3+HwYAQ9l6u8rv//7vd5oIwNP+z5UrV/6/3kMA6n7wgx+UGzdulJ/5mZ8p77zzzupg
PMW///u/l5/7uZ8rP/zhD8sf//Efl//5n/8567//X//1X+Wnf/qny8/+7M+Wf/iHfyh/+Zd/efYM
AOb14x//uLz33nvlr//6r8t///d/l//93/8tP/VTP1WuX7/e5N9/8OBB+dd//dfyV3/1V+XP/uzP
ynvvvVd+/OMfN/m3AaCld999t9y4cWPvt9p++MMflr/7u7/rOBWAUkq5cuXKlU97DwEAAHK6ceNG
+cxnPlNKKeX5558v165dO+m/9+TJk91vln388cf8pgaAdH77t3+7/M7v/M7us4L4HA6gPwoOAAAA
AACQHp/BAQAAAAAA0qPgAAAAAAAA6VFwAAAAAACA9Cg4AAAAAABAehQcAAAAAAAgPQoOAAAAAACQ
HgUHAAAAAABIj4IDAAAAAACkR8EBAAAAAADSo+AAAAAAAADpUXAAAAAAAID0KDgAAAAAAEB6FBwA
AAAAACA9Cg4AAAAAAJAeBQcAAAAAAEiPggMAAAAAAKRHwQEAAAAAANKj4AAAAAAAAOlRcAAAAAAA
gPQoOAAAAAAAQHoUHAAAAAAAID0KDgAAAAAAkB4FBwAAAAAASI+CAwAAAAAApEfBAQAAAAAA0qPg
AAAAAAAA6VFwAAAAAACA9Cg4AAAAAABAehQcAAAAAAAgPQoOAAAAAACQHgUHAAAAAABIj4IDAAAA
AACkR8EBAAAAAADSo+AAAAAAAADpUXAAAAAAAID0KDgAAAAAAEB6FBwAAAAAACA9Cg4AAAAAAJAe
BQcAAAAAAEiPggMAAAAAAKRHwQEAAAAAANL7/wGZHvsVI5xKXwAAAABJRU5ErkJggg==
" width="800px"&gt;</msg>
<status status="PASS" starttime="20240526 23:40:08.980" endtime="20240526 23:40:10.222"/>
</kw>
<kw name="Close Application" library="AppiumLibrary">
<doc>Closes the current application and also close webdriver session.</doc>
<status status="PASS" starttime="20240526 23:40:10.222" endtime="20240526 23:40:10.915"/>
</kw>
<status status="PASS" starttime="20240526 23:40:07.305" endtime="20240526 23:40:10.915"/>
</kw>
<doc>Teste que valida cadastro de conta com compo senha em branco</doc>
<tag>ct_cadastro</tag>
<status status="PASS" starttime="20240526 23:39:34.870" endtime="20240526 23:40:10.915"/>
</test>
<status status="PASS" starttime="20240526 23:39:34.669" endtime="20240526 23:40:10.915"/>
</suite>
<statistics>
<total>
<stat pass="1" fail="0" skip="0">All Tests</stat>
</total>
<tag>
<stat pass="1" fail="0" skip="0">ct_cadastro</stat>
</tag>
<suite>
<stat pass="1" fail="0" skip="0" id="s1" name="Cadastro Feature">Cadastro Feature</stat>
</suite>
</statistics>
<errors>
<msg timestamp="20240526 23:39:34.858" level="ERROR">Error in file 'c:\Users\vitor\Downloads\yodapp-beta\Automacao_yodapp-beta\Automacao_yodapp-beta\feature\tests\clique_spec\steps\clique_feature.robot' on line 5: Setting 'Test Setup' is not allowed in resource file.</msg>
<msg timestamp="20240526 23:39:34.860" level="ERROR">Error in file 'c:\Users\vitor\Downloads\yodapp-beta\Automacao_yodapp-beta\Automacao_yodapp-beta\feature\tests\clique_spec\steps\clique_feature.robot' on line 6: Setting 'Test Teardown' is not allowed in resource file.</msg>
<msg timestamp="20240526 23:39:34.860" level="ERROR">Error in file 'c:\Users\vitor\Downloads\yodapp-beta\Automacao_yodapp-beta\Automacao_yodapp-beta\feature\tests\cadastro_spec\steps\cadastro_feature.robot' on line 5: Error in file 'c:\Users\vitor\Downloads\yodapp-beta\Automacao_yodapp-beta\Automacao_yodapp-beta\feature\tests\clique_spec\steps\clique_feature.robot' on line 9: Resource file with 'Test Cases' section is invalid.</msg>
</errors>
</robot>
