<?xml version="1.0" encoding="UTF-8"?>
<robot generator="Robot 6.1.1 (Python 3.12.3 on win32)" generated="20240526 19:23:41.299" rpa="false" schemaversion="4">
<suite id="s1" name="Clique Feature" source="c:\Users\vitor\Downloads\yodapp-beta\Automacao_yodapp-beta\Automacao_yodapp-beta\feature\tests\clique_feature.robot">
<test id="s1-t1" name="CT02- Cenario: Validar clique Longo" line="18">
<kw name="Abrir App Local Android" library="base" type="SETUP">
<kw name="Open Application" library="AppiumLibrary">
<arg>127.0.0.1:4723/wd/hub</arg>
<arg>automationName=UiAutomator2</arg>
<arg>platformName=Android</arg>
<arg>deviceName=Moto G</arg>
<arg>app=${EXECDIR}/app/android/yodapp-beta.apk</arg>
<arg>udid=RX8N30137ZL</arg>
<arg>appPackage=com.qaxperience.yodapp</arg>
<arg>appActivity=com.qaxperience.yodapp.components.base.SplashActivity</arg>
<arg>autoGrantPermissions=true</arg>
<arg>strict_ssl=False</arg>
<doc>Opens a new application to given Appium server.
Capabilities of appium server, Android and iOS,
Please check https://github.com/appium/appium/blob/master/docs/en/writing-running-appium/server-args.md
| *Option*            | *Man.* | *Description*     |
| remote_url          | Yes    | Appium server url |
| alias               | no     | alias             |
| strict_ssl          | No     | allows you to send commands to an invalid certificate host like a self-signed one. |</doc>
<status status="PASS" starttime="20240526 19:23:41.562" endtime="20240526 19:23:56.022"/>
</kw>
<kw name="Start Screen Recording" library="AppiumLibrary">
<doc>Starts an asynchronous Screen Recording for the current open application.</doc>
<status status="PASS" starttime="20240526 19:23:56.022" endtime="20240526 19:23:57.719"/>
</kw>
<status status="PASS" starttime="20240526 19:23:41.562" endtime="20240526 19:23:57.719"/>
</kw>
<kw name="Dado que esteja na tela de clique em botoes" library="clique_botoes">
<kw name="Wait Until Element Is Visible" library="AppiumLibrary">
<arg>${btn_QAX}</arg>
<doc>Waits until element specified with `locator` is visible.</doc>
<msg timestamp="20240526 19:24:01.507" level="INFO">criteria is com.qaxperience.yodapp:id/mi_button_cta
criteria is com.qaxperience.yodapp:id/mi_button_cta
criteria is com.qaxperience.yodapp:id/mi_button_cta
criteria is com.qaxperience.yodapp:id/mi_button_cta
criteria is com.qaxperience.yodapp:id/mi_button_cta
criteria is com.qaxperience.yodapp:id/mi_button_cta
criteria is com.qaxperience.yodapp:id/mi_button_cta
criteria is com.qaxperience.yodapp:id/mi_button_cta</msg>
<status status="PASS" starttime="20240526 19:23:57.734" endtime="20240526 19:24:01.507"/>
</kw>
<kw name="Click Element" library="AppiumLibrary">
<arg>${btn_QAX}</arg>
<doc>Click element identified by `locator`.</doc>
<msg timestamp="20240526 19:24:01.511" level="INFO">Clicking element 'id=com.qaxperience.yodapp:id/mi_button_cta'.</msg>
<msg timestamp="20240526 19:24:01.801" level="INFO">criteria is com.qaxperience.yodapp:id/mi_button_cta</msg>
<status status="PASS" starttime="20240526 19:24:01.507" endtime="20240526 19:24:01.811"/>
</kw>
<status status="PASS" starttime="20240526 19:23:57.734" endtime="20240526 19:24:01.811"/>
</kw>
<kw name="Quando clicar no botao clique longo" library="clique_botoes">
<kw name="Wait Until Element Is Visible" library="AppiumLibrary">
<arg>${btn_clique_longo}</arg>
<doc>Waits until element specified with `locator` is visible.</doc>
<msg timestamp="20240526 19:24:03.040" level="INFO">xpath criteria: //android.widget.TextView[@resource-id="com.qaxperience.yodapp:id/tvItemTitle" and @text="Clique longo"]</msg>
<status status="PASS" starttime="20240526 19:24:01.811" endtime="20240526 19:24:03.040"/>
</kw>
<kw name="Click Element" library="AppiumLibrary">
<arg>${btn_clique_longo}</arg>
<doc>Click element identified by `locator`.</doc>
<msg timestamp="20240526 19:24:03.042" level="INFO">Clicking element 'xpath=//android.widget.TextView[@resource-id="com.qaxperience.yodapp:id/tvItemTitle" and @text="Clique longo"]'.</msg>
<msg timestamp="20240526 19:24:03.305" level="INFO">xpath criteria: //android.widget.TextView[@resource-id="com.qaxperience.yodapp:id/tvItemTitle" and @text="Clique longo"]</msg>
<status status="PASS" starttime="20240526 19:24:03.040" endtime="20240526 19:24:03.305"/>
</kw>
<kw name="Wait Until Element Is Visible" library="AppiumLibrary">
<arg>${btn_clique_longo2}</arg>
<doc>Waits until element specified with `locator` is visible.</doc>
<msg timestamp="20240526 19:24:04.725" level="INFO">criteria is com.qaxperience.yodapp:id/long_click
criteria is com.qaxperience.yodapp:id/long_click</msg>
<status status="PASS" starttime="20240526 19:24:03.305" endtime="20240526 19:24:04.725"/>
</kw>
<status status="PASS" starttime="20240526 19:24:01.811" endtime="20240526 19:24:04.725"/>
</kw>
<kw name="Então valido mensagem de sucesso clique longo" library="clique_botoes">
<arg>Isso é um clique longo</arg>
<kw name="Get Element Location" library="AppiumLibrary">
<var>${Positions}</var>
<arg>${btn_clique_longo2}</arg>
<doc>Get element location</doc>
<msg timestamp="20240526 19:24:04.853" level="INFO">Element 'id=com.qaxperience.yodapp:id/long_click' location: {'x': 116, 'y': 1223} </msg>
<msg timestamp="20240526 19:24:04.853" level="INFO">criteria is com.qaxperience.yodapp:id/long_click</msg>
<msg timestamp="20240526 19:24:04.853" level="INFO">${Positions} = {'x': 116, 'y': 1223}</msg>
<status status="PASS" starttime="20240526 19:24:04.725" endtime="20240526 19:24:04.853"/>
</kw>
<kw name="Tap With Positions" library="AppiumLibrary">
<arg>1000</arg>
<arg>${${Positions}[x], ${Positions}[y]}</arg>
<doc>Taps on a particular place with up to five fingers, holding for a
certain time</doc>
<status status="PASS" starttime="20240526 19:24:04.853" endtime="20240526 19:24:06.489"/>
</kw>
<kw name="Wait Until Page Contains" library="AppiumLibrary">
<arg>${TEXT}</arg>
<doc>Waits until `text` appears on current page.</doc>
<status status="PASS" starttime="20240526 19:24:06.489" endtime="20240526 19:24:06.719"/>
</kw>
<kw name="Wait Until Page Contains" library="AppiumLibrary">
<arg>Botão clique longo</arg>
<arg>${GLOBAL_TIMEOUT}</arg>
<doc>Waits until `text` appears on current page.</doc>
<status status="PASS" starttime="20240526 19:24:06.719" endtime="20240526 19:24:06.894"/>
</kw>
<kw name="Wait Until Page Contains" library="AppiumLibrary">
<arg>CLIQUE LONGO</arg>
<arg>${GLOBAL_TIMEOUT}</arg>
<doc>Waits until `text` appears on current page.</doc>
<status status="PASS" starttime="20240526 19:24:06.894" endtime="20240526 19:24:07.068"/>
</kw>
<status status="PASS" starttime="20240526 19:24:04.725" endtime="20240526 19:24:07.068"/>
</kw>
<kw name="Fechar App" library="base" type="TEARDOWN">
<kw name="Get Current Date" library="DateTime">
<var>${DATE}</var>
<arg>result_format=%m.%d.%Y</arg>
<doc>Returns current local or UTC time with an optional increment.</doc>
<msg timestamp="20240526 19:24:07.068" level="INFO">${DATE} = 05.26.2024</msg>
<status status="PASS" starttime="20240526 19:24:07.068" endtime="20240526 19:24:07.068"/>
</kw>
<kw name="Stop Screen Recording" library="AppiumLibrary">
<arg>filename=${EXECDIR}\\output\\${DATE}-${TEST_STATUS}</arg>
<doc>Gathers the output from the previously started screen recording              to a media file, then embeds it to the log.html(Android Only).</doc>
<msg timestamp="20240526 19:24:08.647" level="INFO" html="true">&lt;/td&gt;&lt;/tr&gt;&lt;tr&gt;&lt;td colspan="3"&gt;&lt;a href="output/05.26.2024-PASS.mp4"&gt;&lt;video width="800px" controls&gt;&lt;source src="output/05.26.2024-PASS.mp4" type="video/mp4"&gt;&lt;/video&gt;&lt;/a&gt;</msg>
<status status="PASS" starttime="20240526 19:24:07.068" endtime="20240526 19:24:08.647"/>
</kw>
<kw name="Capture Page Screenshot" library="AppiumLibrary">
<doc>Takes a screenshot of the current page and embeds it into the log.</doc>
<msg timestamp="20240526 19:24:09.590" level="INFO" html="true">&lt;/td&gt;&lt;/tr&gt;&lt;tr&gt;&lt;td colspan="3"&gt;&lt;img src="data:image/png;base64, iVBORw0KGgoAAAANSUhEUgAABDgAAAlgCAYAAABtGofVAAAAAXNSR0IArs4c6QAAAARzQklUCAgI
CHwIZIgAACAASURBVHic7N15QFTnvT/+95mVYdiRYRVn3AU0boCJK1lMjElvaqJJTRo1vd+0V9Pe
9rbm3t62N6bf9tufSbfbVpM0bcU2SVtNYurWRKOSRaOg4gK4IqggOggMyAzLLOf3x2SOM8zCwAzg
xPcrd5GZM+c8wwAz530+z+cR5hfPF0FEREREREREFMFkQz0AIiIiIiIiIqJQMeAgIiIiIiIioojH
gIOIiIiIiIiIIh4DDiIiIiIiIiKKeAw4iIiIiIiIiCjiMeAgIiIiIiIioojHgIOIiIiIiIiIIh4D
DiIiIiIiIiKKeAw4iIiIiIiIiCjiMeAgIiIiIiIioojHgIOIiIiIiIiIIh4DDiIiIiIiIiKKeAw4
iIiIiIiIiCjiMeAgIiIiIiIioojHgIOIiIiIiIiIIh4DDiIiIiIiIiKKeAw4iIiIiIiIiCjiMeAg
IiIiIiIioojHgIOIiIiIiIiIIh4DDiIiIiIiIiKKeAw4iIiIiIiIiCjiMeAgIiIiIiIioojHgIOI
iIiIiIiIIh4DDiIiIiIiIiKKeAw4iIiIiIiIiCjiMeAgIiIiIiIioojHgIOIiIiIiIiIIh4DDiIi
IiIiIiKKeAw4iIiIiIiIiCjiMeAgIiIiIiIioojHgIOIiIiIiIiIIh4DDiIiIiIiIiKKeAw4iIiI
iIiIiCjiMeAgIiIiIiIioojHgIOIiIiIiIiIIh4DDiIiIiIiIiKKeAw4iIiIiIiIiCjiMeAgIiIi
IiIioojHgIOIiIiIiIiIIh4DDiIiIiIiIiKKeAw4iIiIiIiIiCjiKYZ6AERDSYAACABEQIQ41MMh
IiIiIiKifmLAQbcNQRAgF+RI0iQhOToZceo4RCujEaWIQqe9E+ZuM0ydJjRbmmHqNMHusDP06Ae1
XI05+jk+72vtakVpXanX7VPSp/jdX3lDedjGRkREREREX1wMOOgLTy7IMSp5FKZlTENOSg5StCnQ
KrVQKVSQC3JpO5vDhi57F8zdZlxrv4YKYwWOXjmKmpaaIRx95FHKlfh6/td93mdz2LB081I4RIfH
7fePud/v/hhwEBERUaQoMhSh0lgJo9k41EOhCKVWqJGsSYZC5n2qbnPY0NTRhC5b1xCMLDIw4Bhi
0cpoDIsehhvdN9DS0TKox1bL1UjRpqDb0Y1mSzNsDtugHn+gCRBgSDJgwZgFmJo+FXFRcc4pKX4o
ZAooZApolVrotDrkpebh/tH348iVI9h+ZjuutF0ZlIqOaGU0suKyMCppFLITspGoSUSUIgpKmRJK
uRJymdzvY212G6wOK2wOGyxWC5otzahpqUGNqQaXWy/DarcO+PgBoKWzBYlRiV63K2QKjEwcifPN
5wdlHERERDQ4dFod8jPzoU/UI0WbAn2CHlqV1mMbo9mIRnMjak21qG2pRZWxalCCgCJDEVK0KQCA
HWd3wNxt9hr7PMM8AECtqdZntWkwcnW5WFm4ErWmWqzZu8brOLczpVyJlOgU2EU7mixNt+R5R4wq
BinaFNzouoHrlutDMga1Qo38zPyA22Q7slHeUM6Qww8GHH00LWMa5ujnICM2A6s/WN2vfcweMRtz
9HMwJnkMYlQx0u1tXW2obq7GrvO7UFZfFq4heygyFOGu7LswMnGkxwm/XbTjWvs1nG48jX+e+2ef
qhaem/EcsuOz+zyW41eP483jb/b5ccFQyBRYlLMID497GFHKKOl5ihBhc9jQYe1AdXM16trqYLFa
oFVpMSJ+BAyJBqgVaihkCggQkKRJwr2j7sVd2XdhU8Um/PPsP72qD8JFLshRkFWAr07+KpI0SZDJ
ZB6BTKBwpif3IEaECLvDjmZLM14pfQWVxsoBD2qutV/zGXAAwP+Z/n/wn7v+c0CPT0REdKvTaXWI
Vkaj1lTbr8cvn7ocC8cuRHF5MXac2eF1vz5BjzV3r0GjpXHATrZdwcBcw1zotDoAgT+vpGpTkapN
Ra4uV7qt1lSLHWd2oKy+bMACgWhVNBbnLQYANJobsa9mn8f9+Vn50v3rD63v93Hys/KdF9gSDFg9
azXW7F3T/0EPsOz4bIwZNgZWuxXlDeW40XUj7McwJBrw4NgHMT5lPFJjUiH7fH0Lu2hHw40GnLx2
EtvPbMe19mshHSdWHYvpGdMxMmkk0mLSEKWIQpQiCusOrQvq92uOfg4eHvcwRiSMgExwjrGlowUH
6w7iryf+CovVEtL4+iJKHtXrNgqZAlHyKAYcfjDgCEJWXBbuHnk38rPykR6TDgBo7Wzt835iVDH4
9zv/3W+/gTh1HKakT8Hk9Mn4pPYTrC9dH7Z0MysuC9+c8U2MShrl8365IEdGbAYyYjMwRz8H285s
Czp8GJc8Dumx6X0e09UbV/v8mN4IEJAWm4alk5ZixvAZ0pusxWrBuaZzOFx/GKevn0ZdW53Pagal
XIns+GzkpOSgIKsA+kQ9NAoNtEotvnrHVzEifgQ2VWwKe6obp47Do7mP4t5R90ItV0u32xw2WO1W
2EVnP5BgwhWZ4AxG5DI5VHLnNByZTIbUmFSsnr0a71W9h/fPvY8OW0dYn4O79u52v/f5+xkkIiK6
Xei0Orx0/0vQqrQoqSnBukPr+vTY1bNXw5BgAOCsGugZcLjCjRhVDGJUMdAn6FFprAzr+BfnLZaq
HvpyEabn9oYEA1YVroK524ydZ3f6rLAIVVldGVZMWQEAyNHleAUcRYYiaUyl9X2r3lhVuAolNSWo
NFZic8Vm5OnyoE/QI0+Xh1xdbli/7+FkSHT+/CjlSmc1eZgDjqfueAoLxy2EUqb0uk8uyJEVl4Ws
uCzMM8zD5orN2Hp6a5+PkRWfhcW5izE1fSo0So3X/SqFqtd9PD7xcTyW+5jXz3CiJhELxizA2OSx
eHHfi4MaclBoGHD4oVFoMM8wD3dm34lxw8Z59GroD6Vcie/P+T7GDRvncXuHrQPmbjPi1HFQyZ2/
hAIEzNHPgUqhws8//XlIxwWcv/wvzHsBiRrPK+pmqxltXW1QypTOioHPE0uFTIEvT/gytEotfn/4
973uP1YdG/IYw0GAgOEJw/Fc4XMwJBogQIDNYcPZprP4x6l/4FjDMdhFe8B9WO1WVDdXo7q5GjvP
7kRBVgH+ZcK/wJBogEKmQNHIIiRHJ+O1stfQaG4MSyWEXJDj0dxHsXDsQgDOVPu65TqOXjmKCy0X
YOowwWq3wuqw9tr4VIAgTWNRy9VI0iRhTPIYTEqbhOToZGiVWjw+8XHYRTt2nt05oOWB/qapAM6k
/OPajwfs2ERERLeyFG2KVMVbZCgCgKBCjoKsAqwsWOlRAaxVek4DcQ83AGeFRLhOsrUqLRaOXYjF
eYt9hhoWqwWl9aUwthvRaGlEY3uj59gS9YhWRsOQaPAowxcgIEYVg8V5i/Hg2AdRXF6MkpqSsIwZ
cE6NqTXVQp+gR0FWgcf3WqvSQp+gBwCU1JZ4hSu5ulyIEHHRdNHrvlWFq1BkKEJ+Zj6e/+B5GM1G
rDu0Di/f/zIAZ5XN6vf7V/E90BTygTsN/Eb+N3DvqHs9brM6rGi2NEMmkyFJkySdW2kUGnx18leh
VqixuWJz0MdYOG4hHs97HNHK6H6Pc3L6ZCzKWQQBAixWC3ac3YHzTeeRqEnE/aPvhyHRgFFJo7Bi
6oo+hZD9Ea+OBwCvaV3+uG/X2tX3C+9fZAw4ergj7Q4UGYowOX2yx5tHqL4y8Sse4ca19mv4e8Xf
ceDSAdgcNkQro/HAmAfw5QlflhLIGVkz8OUJX8aWU1tCOvY3C7/pEW6cvn4a71S+49G8URejw6M5
j+LukXdLb1j3jb4PJ6+dxGeXP/O7b7VcjWjVzT8slcZKNFmaghrX2aazfX0qAaXFpuG5wuegT9RL
4ca7Ve9i1/ldaO1s7XMYYRftOFh3EKevn8YjEx7B/NHzoZQpMTF1Iv6t4N/wu0O/C/q5BlKQVSC9
CThEB7ad3oadZ3fiRveNsPTM+Kj2IyRHJ2NRziLMNcyFQqbAY7mP4ULzBVQYK0Levz8Xmi9gWsY0
n/ctylnEgIOIiG5blcZKlNSWYJ7eWQERTMjhmpISqFpCq9Li+dnPe4Qb4ZomoU/Q4/nZzyNFm+Ix
hkZLI0rrSlFSU4LaFud0AH+fuVyfO1yPz8/KR0FWAQoyCxCtjJaCjlWFqzDPMA8vf/py2Ko59tXs
w4opK6BVaj0qKwoyC6Rt3HtvFGQVYNmUZdLUG8D5uq0/tF7qG+Ka/uAKZ9YdWoealhrptTUkGKDT
6m6rhqMzR8z0CDesDiu2nd6Grae3ShW+7hVAwuf/PZb7GCquVeBU46lej/HExCfwaO6jHj+HXfYu
nLl+BpdMl3Ct/RosVgsabjQE3M/CsQuloGXD0Q0elT2H6g7hVwt+hYSoBMwaMQtvnXjLZ7/Ee0be
gwfHPYjio8U4ee1kr2PvyZBoQGZcZp8fNzJppMfX9W31XBjhcww4evjq5K9KKa47o9kIuUyOZE1y
n/ep0+rwwJgHPPb1YsmLMLbf/GNnsVrwbtW7ON98Ht+b+T0pjXx4/MPYXb3bb8l/akwqJqVOQqOl
Eccajnnd/8CYBzymBJQ3lGPtJ2u9rtwb2414pfQVtHW14csTvgzA+ebz0LiHAgYcGXEZ0nw6AHj/
3PsBtx8oCpkCSyctlSo32rvb8Zfjf8FHNR+FVKUgiiJaOlrwxvE30NLRgscnPg6lTIlcXS4ezXkU
xeXF6LZ393v/0cpoZ2otV8Mu2rHt9DZsrtiMLnvoc+rkghxpsWkQIOBq+1X84fAfoJApMHvEbEQr
o7Fg7IIB7cfh6nfiqwN0ZlwmYlQxAaeyEBERfZGtO+gMM9xDjkZzIzZVbPLYrueUlEDmGeZJJ+QW
qwVr9q4Jy3ttkaEIKwtXepxQWqwWbD+zHTvP7oS529ynzxOubUvrSlFWV4ZN2k1YMnGJ9L0QICBP
l4d1D63Di/teDMuJm/s0lfysfCngyM/Kl56PK+DI1eVi9azV0pX9WlMtclJykKfLw+rZq6WqjB1n
dqDIUAR9gh5FhiIUlxfD3G1GaV2p9Fzys/J99kj5onpo7EPSv0WIeK3sNa9qHFeli6nTJJ13yAU5
vjT+S70GHPeMuscj3LA5bNhzYQ/eqXwHzR3NfRqr6xzJaDZ6TVu60XUDn13+DAvGLIBSpsTktMle
28Sr4/HExCeQqEnEN/K/gVXbV/Xp+NkJ2f0KN3zJjMuEXbTjkulSWPYXyWS9b3L7au9ux/5L+7H2
k7VYuW0l6lrr+rWf+aPnS9NPAOCtE295hBvuTlw9gS1VNys24tRxuG/UfT63zU7Ixtr5a/H1/K/j
h3N/iKcnP+21jWtuJAB0WDvwSukrAU/43zz+Jhrab6adI5NGBpyC4upI7XLNHFqToP4QIGBRziKp
54bNYcObx9/Enuo9YZuCYbVb8d6p9/D3k3+HzWGDTJDhvtH3eXx/+yMrLgtJmiQAwHXLdew8uzMs
4Qbg/Ln71YO/wi8f/CUW5SxCt6MbW05tQaetE4BzDmqgFVnCodHc6PN2AQKmZkwd0GMTERHdykSI
2HB0g0cTxMV5i6VqDpdcXW5Q4YZrW5cN5RsGLNzYcXYHVm5biU0Vm9De3R7SxRIRovOE9+A6rNy2
0mM6TYwqBi8UvYA8XV5IzwFwnsRWNVYB8KzacO3bvffGwnHOSplGSyNWbluJF/a8gJc+fQmAs2eI
+2vkftLrukjqXgniXgHyRRcfFS/19gCAU42nAk41evP4mx4NRntO5e8pNSYVyyYvk34WO2wd+N/P
/hevH369z+EGAMSonZVO/ips3CtAek71B4CnJj8l3d4zmAxGuH82bqeftUAYcPRgtVtx8tpJvH7k
dfzb1n/Drw78KuQVTfJSb/5RbmhvwKcXPw24/ZZTWzx+Sd0f7272iNke02juyr7L4/4YVQxGJIyQ
vj5+7XhQv/wnrp6Q/q2UKZEZ6z9ZdK9ocYgO1LfW97r/cDMkGfDwuIelcOPtyre9ElaFTIFYdaxH
0NQfW09vxe7q3RAhQoCAh8c9jDh1XL/3NyppFGQy56/h4frDaOtq6/UxGqUGo5NHY1rGNNw5/E5M
zZgKQ6LB67nNHz0fss//m62fDbVcDWO7ESeuOV/faGU0clJy+j32YAQqyVwxdcWAHpuIiOhWZ+42
Y83eNVLIIUDAysKVXifQ60qDm//vHg4sn7I85BOegqwCj3DDYrVgXek6FB8t9hue6LQ6LBy7EEvy
luD5Wc9jzd1rsObuNVhVuApL8pZgnmGezz4DrqBjzd412HH2ZsVDjCoGL9z9QlhO3lyfD3VaHXRa
HQqyCqSqaY/pKZ8HIPsu7JMCnNK6Uul1ytHd/Px0seWi9G/3gMnFV2X4YNFpdUH3dAiH4fHDPSp3
g5lucur6zW3i1HGIj4r3u+3jE2/23HCIDrx++PWQKselVV0cvnv0uV8o7XlRcFLaJMzRzwHgrJD/
qPajPh8/StH7iilDub9IxSkqPfx434/DvrpEVlyW9O/q5uqgHnPy2knM1c8F4D3HysXUafL4uucb
TVZclkfn4mBLlnr2lfDVldjFPc280X0jbNUHwZIJMiwYswBRyiiIEHG26Sx2V+/2+IOUGpOKpZOW
IkWbgkumS9h4bCM6rP17jR2iA9vObEOeLg/D44cjNTYVj+Y+io3lG/u1fGx2QrYUzNSaagNWnGgU
GswYPgOz9bMxImEEYlWxkAky2EU7WjtbUWuqxYfVH+J4w3F02btgtt6cs2rptkAURXTZu3DJdAnT
M6ZDEATk6nKlwGMgWB1WOESH1MDWXawqFgKEAV+yloiI6FbW3t2ONXudIYA+QS+FHMDNE/J9F5z/
f1VB4BL4kpoSacqEVqnF6tmrQ1oi1r3fhsVqwQt7X/A5XcTVfDQ/K9/jhL5nvxD39/xKYyVKakq8
rvCLEFF8tBi1LbVSuCJAcJ6oh9iOo7SuVPoe5mfle0zncQ84/HGtpOEetvj7HGOxWkJqgBkqV+UN
ALz86ctBPb9Qxao8q77bOnu/cNdzZcokTZLP1Srjo+JRmFUofX3w8sGQ+7m5plL7O9dxb+DrPiVd
IVNg2eRlkAtyWKwWbDi6IaRxUHgx4Ogh3OFGjCrGI027bg5uedHallop4IhVxWJM8hicazrnsc0H
5z7AmOQxyE3JRWtXK944/obH/e3d7Xjv1HvS18E2vunZXDVQI033lDWYP2LhNippFKakT5HmSP7j
1D88xhGjisHyKcsxLWMaZIIMIxJG4OOLH6PKWNXvYza2N2LbmW342rSvQS1XY1b2LOw6vwv1bX2v
XnEFRFaHNeD3b1j0MHzrzm9hVNIoqOQqjw8MckGOJE0SEjWJmDBsAo40HMHrh1/HhqMbsHzKcogQ
8dcTf5X+MJs6TbCLdigEBXQxA1/KdrntMkbEj/B539emfQ1/OPKHAR8DERHRrUar0npU2m6q2IRV
haugVWr7HXK4KkJcYYkhwYDVs1b3u9FoSU0JDIkGaJVarDu0zutimivYeHDsg9CqtL0uF+t+v2sZ
1SV5S7CpYpNH0CFCxL6afag11WL5lOWoaqySGpiGwtxtRll9GfIz81GQWSB9Dgp2aVhXYNFouTkF
1z3scJ9u5GvbweRq4On692AEHD2Xmg2mesT9vEOE6HUB1+Vuw91Qy9XSdtvObAthpE5NliakxqQi
IzYDsepYr/G7X2R2/5z/WO5j0u/u1tNbceXGlZDH4ktOSo5HtVCXrQu7zu8a9AvKkYYBxwDr2b8i
2J4QPaeSDIse5hVw2Bw2/PrAr/3uo66tziv0CMbw+OHSv1s7W3Gp1X/lh/v0DPclitRyNVJjUgE4
p+WEYzWQngTB2cfBFbKcazqHYw3HPJL0qRlTMTVjqlRBoJKrUJBZgDONZ3pdMtYfV5nigjELYEg0
IC4qDuNTxvcr4HCFX3aHHV0233+shkUPw+pZq6VGSDaHDaZOE+ra6tBh7UCsOhaZsZmIj4qHRqnB
zOyZiFHF4Lef/RY/2vMjr/112jqlapPBuLLQaG70G3DMGjGLAQcREd12luQtweK8xV63uwcA/Q05
elaE5OnyoE/Qe5x8B8vcbZaaofasVPC3qgrgPKmvNFZ69ZwzJBqQq8uVPn8IEKDT6vyumlLTUoM1
e9eEtdqztK4U+Zn5HtNJejYBdS0pm5+VL/VW0CfopeoU9yoWV5NSAFII417F4q/v3mDquZTwQDnT
dMajcmV8yvheHzM6abT076vtV32uVAJ4TguqaanxOC9K0iQhNSYVCpkC1y3Xe109xeXY1WO4f/T9
iFHF4MlJT+LVslel+yamTsT0zOkAgKaOJmkxh6z4LCwct1Aax9uVbwd1LF++fee3/d7X1taGoqIi
3LjhGbq89957yMnxP8W8t1YItwMGHAPsuuU6HHBIc7yCnQfnPr0AAOKi+t/noS90Wp1Hz49jV71X
ZnHnXsHR3t2Or0z6CqZlTENmXKY0PUaEiIYbDc4Gqqe2hGVpVcBZuZCTkiNNcyitL/UKLUYljZKW
fwKcb6T5mfnYeW5nSG84ZqsZJ6+dxIjEEZBBhjxdHvZW7+3zG7CrGsMhOmB1eIdAGoVGqtwAnNOA
Pqz+EG9XvO2R3iZqEvHExCdwV/Zd0Cg0mJw2GUvvWIpXS1/1GlOXrQui6LxtsEonO6wdPsv/YlQx
yIrP8vGIW8+sEbMwf/R8jEkeA8AZqO06v4tvJERE1CcFWQVYnLe412oHoP8hh/j5fy6h9GHw9dmm
IKsAKwtWelx9d62qUlZf5ne5WNdz1ifqsXDcQq9VU9bcvQbrD633CBDCPZW1tL4Uq3Dze9doafSa
dlN8tBhr7l4DQ4IBLz/wMmpbapGfmS9t76o2cS1xCwBVjVVS77F5I282oQ+1l18ksdqtOFx/WOpN
kafLQ2FWIQ7VHfK5/YIxCzyqmPZf3O933yMTb1ZTnGo8hWhlNBblLEJBVgHSY9M9fp9aOlpQVl+G
zZWb/QYmAPBu1bvIz8xHkiYJ9466F6OSR+Fy62XEqmKRq8uFUqaECBHvVr0rXaReMWUFNAoNbA4b
Nh7bGNw3ph+Ki4u9wo38/PyA4QY5scnoALParR5JtHt1RCA9m91oFP77YITT0klLpWDC6rBi+5nt
Abd3r1ApzCrEozmPQp+g9+j9IUBARmwGHhjzAH7xwC8wa8SssIw1UZMoVYnYHDacvX7WaxtfJ/C6
GB3GDxsf1AcLf0RRRFl9GbptzmkfmXGZSNAk9Hk/Uggkij6re2YMn+ERbrxW9hr+duJvXqVpLR0t
eP3w63jrxFvSNKvCrEJMTJvotU+7aJeapPpawnUguK/M09P8UfMHZQyheHry0/j2nd9GTkoOlDIl
lDIlclJy8O07v+1z9SIiIiJ/3KcOBMNn49EL/huPalVa6eQcuFlNES4FWQVYPWu1R7jhvqpKTUuN
V8Di4rq9pqXG56ophgQDXigKT0NRf1zTVFx8Td2oMFZIlRuuVVNiVDFotDTipU9ekj7bLxy7UHrM
ppPO7bUqrfRa+QpPvuj+dvJvUtAjE2R4rvA5PDTuIY/PnGq5Go9PfBxPT7n5Geps01m8U/WOz32m
xqR6XFTttHbilwt+iUcmPIKM2Ayv36dETSLmj56Pn933M49VXXpqsjThVwd+hesWZwsBQ4IBc0bM
wZT0KVDJVbCLdrxb9S4+OPcBAOCekffgjrQ7AAAf1X6EimsVffnW9ElxcbHXbd/61rcG7HhfJKzg
GAQXTRelJajGJo9FoiYxYJoIANMyp3l83Z8Gln01Rz8HM0fMlL7ee2Fvr3+U3ZsJBfNmHaOKwarC
VRAhBkxpgzEsephUctdh7UBdm/cyvr5WJWnpaMHl1sshXxE433weFqsFUYooJGmSkKxJ7vV17cm1
goqvb51GqcFs/Wyo5CrYHDZ8WP0hyurK/E6tsTls2FO9R1qLXavSYv7o+TjVeMrvFCGFfHD+BJg6
TVKo0tMDYx/A0StHB2Uc/TFrxCx8afyX/N7/pfFfwoWWC6zkICKioPRnukCgSg5XFYTLqsJVUrhh
sVrw0icvhTJcL65GqK79byjfgJILJX3+XOW+asrivMVSVUuMKgY6rS7gSmyh2nB0gzQtpcbk+7Pu
popNKKktQa4uFynRKag11aKsrszjeb786ctYc/calNSUoMLoPNl19VFx7eN2YzQb8Yv9v8DqWasx
LHoYNEoNlk9ZjsdyH0Oj2dmPJC02zePibU1LDV7+9GW/n1fdp7EAwJcmfMmjUrzJ0gRztxlalRbD
oodJ2w2LHobvz/k+flzyY9S1ep8nAM5qkO+9/z0sGLsA44eNR5w6Dt32btS31WNfzT5pJZh4dTye
mPgEAOeUlf60AQjWO++8g/Z2z343jzzyCAoLC/08gtwx4BgEJ6+dlAIOlVyFRTmL8Mcjf/S7/cTU
iV5XtQe6mYwh0YBnpj4jvWHVt9Xjz+V/DvgYtVztUfLogANH6o/gwKUDuNx6GRarBWmxaZiWMQ1F
hiKpmkIpU+KZKc/gdOPpkKarxKnjoFI4l0a90HLB5x/Fs9fPwi7apWkqNofNueZ8GBpVWe1WXLlx
BUmaJMSqY6W1tMMlMy4TIxJGQIAAU6cJb1e83WvfkG57N3ae3YkZw2dAq9RiZOJIxKvjpWS6p1Cq
WPrCITrQZevyuXyVDDIoZUqfU3RuBfNH915hMn/0fAYcREQ0oPyFHO6faYoMRdKUCQB46ZOXwl5B
UFZfhqKRRb3u39VEVavUSlOvfTV5FyFiU8UmNJobsWLqCtSaavvVL6QvjGZjUAGKsd0YcEqzq9+J
q/nqkrwl0ve/1lQrhVC3m+rmavznB/+J78z8jnQOFKOK8VrIAHBeUP394d8H7FOYHJ3s8bUr3Dh+
9Tg2V2zG6eunpfvydHlYMXWFNPUlSZOEJyc9ibWfrPW7//budmyu2BzwOT01+SlpcYC/nviri9DR
hAAAIABJREFUV0PScPrtb3/rdZsgCB63Z2ZmYtGiRQM2hkjGgGMQfHj+Qzw49kHEq52lVfeNug/n
ms75XNqoIKsAqwpXQSVXedzeae0csPElahLxH3f9h/RHx+qw4vUjr/caqthFO3594NfI0eXAkGjA
P8/+E59c/MRjG6PZiBNXT2DfhX34rzn/JaWq8VHxeHjcwygu9y6/CoZruTBXcOGvmdDp66dxuvE0
cnTOXh3d9m40WZrCNp/TtYyVXJBDo9CEddnTeHW8VCFT11YXdMhl6jDB1GGCVqlFfFQ8opS3xprY
NS01mJAywed9o5NHB7VW+lBw9dwIdRsiIqJQ+Qo53AMG90aMxeXFUlVBONW01GDlVucYfH3mmWeY
h4XjFno02nRXVleGnWd3eo1tX80+qbdFJC0h776yjKtCwWK1YN0h31OIwkmfoEeKNuWW6/ORpEnC
01Oe9vu5z92sEbPQaevEm8ff9PtZt+eiDQCwq3oXfl/2e6/bK4wV+HHJj/HTe3+KtJg0AM7K+Bxd
Tr9XUZyUNknqK1LeUO61tHE4vfPOO7hyxXtVli1btnjdlpmZyaoOHxhwDILWrlZsP7MdT056EoBz
7eTnCp/DjOEzcPLqSbR1tSE5OhmT0iZhUtokyCDzqDoAfE+1CAe1XI3Vs1YjPTYdgPMN5S/H/hLU
nDKbw4b9l/Zj/6Xep5rUmmrxWtlr+P6c70srmswYPqPfAQcEeIRAHVbfy/u2drZiy6kt0Cc614PX
KDV4cOyDqDtcJ61lHgr3qgOlXBlgy75TyVXS98rf8/M3pm6HszeIXJB79EMZSj0b57obynXiiYiI
IomvkMPFdYINANMzp/faS62/fAUQrt4f7lNYfCnIKkB+Vj5Kakqw/tB6j331FmzotDqYrWaP/na3
kn01+5CbmosdZ3YMeO+NIkOR9HOw4+wOFB/t52fqMItXx+O/5/63FHCJEFFlrEJ5QzkabjRAIVMg
Oz4bBVkFGB4/HCq5Cg+OfRBpsWl46ZOXfFZy9Lzwe+LaCZ/hhktrZyvernwbzxU+B8BZLXzX8Lv6
FXAoZAosm7wMckGODmsHNpbfbCwaq47FncPvxPD44ZDL5Gi2NOPIlSMhvfa+qjd8GT9+PCZM6D1A
uh0x4BgkW6q2ICM2Q2o6JBNkKMgs8CgjdDFbzdhTvcdj3n+gpVpD8Z2Z38HY5LHS1++fex87z+4c
kGOVN5SjqrFKKlUbFj0M2fHZ/XtuonO5UxdfK3S4VBorUVJTgoVjF0KAgBnDZ8BoNuJvJ/8Wcm8T
13rcgHN6SDivOHTZu6Sgy1dJnz9KuRJRcmfVhs1hG5AlevurqaMJyZpkr9sFCEiISvC79vlQOtd0
DjkpgTtW91zCmYiIaCD5CzlKakrw0LiHEK2MRp4uD6sKVw1KJYFWpcXL97/s1Ry00dIohS76BL3H
8rBFhiKkaFPw4t4Xg/r85L607vpD673CHXf6BD2iVc5j9TypdU2dCcZ183UYzUbk6nIDjtHSbZGm
1aw7uE7aVqvSSv07ws29Wa2r58qt4DszvyOFG3bRjg1HN+D9c+97bLMf+/HXk3/F16Z9DQvGLAAA
TE2fimenP4v1peu99ul+0Rdwrn7Sm5KaEiydtBRJmiQACKqaxJfHch+Tfl62ntkq9fy7d9S9+Mqk
r0gV+i6L8xZj/6X9eK30tX61GIiLi/NZweEuJiYG69evR1zc4KyyGWkYcAyidYfWwWw14/7R9/u9
qn6q8RT+dPRP0rrLgLPMLVxLq7pbVbgK0zNuHudg3cGAvUHCwb0fCQCMTBrZr4BDhAhztxk2hw0K
mSLg6jRWuxVvHX8L2fHZmJg6EQqZAgvHLURrVys+rP4QXTbPPz7pselIiU7BuaZz6LR1BnxDc/3R
tDqssHSHXhHirqWjBaZOE5I1yciKywqqOS0ApMekIyEqQdpHoMqJwXb2+lncOfxOn/fptLpbMuDY
dX5XrwHHrvO7Bmk0REQU6WpNtcjV5Ya8H18hh9FsxAt7X8CLd7+IaGU0igxFMFvNA351X5+g9wg3
yurLsKlik1fPs/ysfCzJWyKdALt/JgykyFDksbSuvwoWlxVTV0jTdRb/bbHXWNfcvSao426u2IxN
FZt63b7KWIUX9r4AwPkZtSCrAMumLPP4npTUlKC4vPiWrT4Jh5kjZnq8pjvP7vQKN9z98cgfMSx6
mLQE71zDXOyu3u114ajnZ3FTR3CfF6ubq5GU6fys3rOPRzCy4rOwcJxzpZxaU63Up2OOfg6enf6s
VGlt6jSh09aJFG0K5IIcc0bMgUahCdj3w5+tW7d6fN3W1obp06d73PbGG28gKyurz/u+XXCZ2EFW
fLQYq99fjS2ntuDIlSM4c/0Mjl89jj0X9uDHJT/Gj/b8CDUtNciKu/lD62t1kFA9eceTHsuNnbh2
Ar8+8OuwH6enqzeuenwdp+5/8tja1Solo4ZEQ8ApIl32LrxW9hqaOpxBkVquxvIpy/H16V9HnDpO
esPUKDRYWbASPyr6EX6+4OeYmjEVaoXa5z5VcpU0t6+1szXs04jq2+px0XQRIkTERzk7N/e2rKta
rsbD4x9GlDIKIkRUN1ejrdP/uERxcOe4Xmi54HdqUCg/CwPp04ufYuvprX7v33p6KxuMEhFR0DZV
bArLNFnAGXLMM3iuolLTUiOdbAPAQ2MfGtBlVwHnyV+jxVmpUVxeLDUfFXv8V1pXijV710jBhKt3
hE6r8+gf4s41FcN92osr3CnI8q6Edt/G31QZIcj/gt2+53hXz1qNVG2qxzau27/IZg6/uRpjl70r
qEqLdypvLg0rF+SYq5/rtU3Pi4i+mtb74n5hUKvSelReB2PFlBXQKDSwi3ZpaoparsZTdzwFmSCD
1WHFa2Wv4V/f+1c8t/05rH5/tXTelp+Zj9kjZvfpeL68847n0rk/+9nPkJMT+MLb7Y4VHEOgrq0O
bx5/M+A27mVU4S5/f2jcQ3hkwiPS1+ebz+Pnn/48YPficOlZqiWXyf1s2bvr5uvOJaGUWqjkKoxI
GIHzTef9bn/NfA0vffISvpH/DegTnfNDZ+lnwZBowIHLB3DKeAr3jr4XY4eNhQABqdpUfHfmd1Hd
XI2/V/zdqy9Jji5HauDZ3NEshSd9YXfcXBVFEDzfILvt3fiw+kNMGDYBGqUGd2XfhVpTLfZU70G3
vdtrX2q5Go/lPYYp6VMgQEBLZwu2ntkacOWVwXjNeypvKMfM7Jk+74tXx6O1q3WQR9S7Px/7My60
XMD80fOlhqLnms5h1/ldDDeIiKhPzN1mrNy2EovzFsOQ6Htqgft0jv6oaalBVWOVVIGYok0Z0GVX
zd3mgI1H3bV3t2P9ofVYf2i9tP2au9cgRZuC4vJiaflWwNmvo2e44SJAwKrCVWg0N/ap50GlsdKj
qmNx3mIsyVsCAFizdw0qjZXSfT2fS1VjFV7Y8wICWTJxCQQIqDXVYs3eNTB3m7FqxirM089Dni4P
+gT9gK8SM1Qy4jKkf9e31Qe10sj55vMwdZqk6mNf04daOj0rmOOj4r228aW31QcDuWfkPbgj7Q4A
zuqbk9dOAnD2EHRVcH92+TPsrt4tPeZS6yVsLN+I/5773xAgYI5+jtcCDH21cePNnh/PPfccHn30
0ZD2dztgwHELmpYxTfrFAZwnhL4o5Up8587vIEeXg7auNmws34gjV44E3Pcc/Rw8dcdT0hvF5dbL
WPvJ2j5fSVDKlbhn5D3S11WNVbhk6n2qSc95au1d7X627F1bVxsabjRAp9VBIVMgJyUnYMAhiiIu
NF/AK2WvYMWUFRifMh4yyDA8fjgej38cFqvF68OESq7CuJRxGJM0xiPgkAty5GfmS02PLpku9eu5
uAIGmSDzOW3peMNxHG04iruy74JGocHSSUuhT9Bj59mdMHWYYHVYoZQrkR6TjofHP4wp6VOgkqsg
QkRJTQkuNF/w2qdCppBWexno5Yd9+d2h3/kNOEYnj+71Z3iofHrxU4YZREQUFu3d7QGnjegT9dI0
k/5YVbhKCjcsVsugnFD3pQ9Zz21TtCnOFfKUWo/bXavgWawWbKrYhGVTlkGAgJLaEszTz4NWqUWO
LqfPTR39jdVVaeL3cWLg+/UJeqREpwBwTp9xrbBScsE5XsBZSfBF5V5Z0ZcG+R22DiQgwWsfLnWt
ntXs+gR9UJ8XXasRAkCXrSvoz73xamflNODsH/fG8Tek+9xDyWMNx7weW95QjrbONsRHxUuLOPSX
+4oqjzzyCL71rW+FtL/bBQOOW9CjuTeTuermap+/PADwwOgHpNK8GFUMlt6xNOAv+5T0KXh2+rPS
NAej2Yi1n6wNqq9DT1a7FU9OelJq7rn9zPagVkTRJ3ouGRbK9Bu7w46qxipMSpsEAQLyM/Ox48yO
gGmtCBE1zTX4xf5f4PGJj+OekfdI8+f8fYgQRRFX2z2n1kSropGry5WCggpjRb8ajLoakwoQfFaz
dNm78Prh16FVaTE5bTI0Cg2KDEWYMXwGTB0mdDu6ESWPQkJUAqKUUdJ4SmpK8G6l77JAlVwlVYv0
7D8yGKx2qzOY8RHoCBAgF+QhJe5ERESRINDnBtc0k+dnPy+dMAdr4biFHtOQN5RvGLK+D0WGIjyW
95hz2dSD6/octGyu2AxLtwVl9WUe4UdJTQlK60qhT9Djo5qPwj3sfqs11UrVIe6vb4r25msYrulJ
tyL3BQD60iDf/TO4r+9PhbECLR0tSNQkAnAGX+9UveO1XU9Z8Ten/Pf8LB/IU5Ofko71txN/86hE
cQ9grluu+3x8a1cr4qPioVH4XwQhGK7qjfHjx+OHP/xhSPu6nbAHxy3m2enPeqxq8sH5D/xuGxfl
2bOgZ+rtbnTSaHxzxjelX0pTpwkvf/pyn37Ze7py42aH34mpE4N6zOS0ydK/b3TfwKnGU/0+vggR
h+sPSw1Y9Yl6zMie4TXVw9fjTJ0m/L7s9/jpRz/F4frDaO1s9XlSbXPYcOLqCY9yRZkgw1z9XKTG
pAIAmixNONt0tl/PwfVHXCFT+P0j2N7djt8d/B32XNiD9u52CILzCkdmXCYMCQakx6ZLQVNLZwve
O/Ue/nTkT+iw+U7ONUoN5IIcIkTc6O69dHAgvHHsDb/3uX8IICIiul3VtNRg9fur+xQK5OpysXzK
cunrTRWbsO+C/9VGBtryqcuRqk2FIcGAFVNX9Pnx5m4zNlVskvp5SESgrM7ZyNRVJTEY9InOBqXu
/7t86nKPbXxVgbg3quxLtcnCcQuxJG9JxFR9uJ/wZ8RlBNX7JVeX61Hh7W9hhcrGm5/Fc3Q5GJk0
MuB+xyaP9ZjuUt1c3etYAGBS2iTM0c8B4KzGCLRaT6AeL0Dfqpp6OnToEE6fPo2MjAy88cYbXDGl
Dxhw3CJ0Wh2en/085o+eL91WaazE3gt7/T7mo5qP0Nrp7FcgQsRHtb4T7LSYNHx31nelJo7t3e34
5YFfhrw+99GGo9K/RySMwP1j7g+4/aM5j3qUah29cjTA1sG5aLqIw/WHIUKERqHBl8Z9KehmlSJE
HL96HGs/WYsffPgDbD29FeeazqG9ux2dtk403GjAe6few9pP1no0EM2Iy8BD4x6CUqaEQ3RgX80+
GNv7N6+12dIMwDnlxzX30BdTpwmvlr6KXx74JQ7VHYLRbESXvQs2h00a6/6L+/Gzj3+GN4+/6Tfc
AJwrv8hkMkAErrQFXoZqoOy/tN/vfQw4iIiInNq727Fm75qgQ478rHzp5KqktgSbKjYN5PB6Feji
W6hCOXnsL61Sizxdnsf/9rZE66rCVdKqMX1ZzWbhuIVYPmU5FuctjpjmpK4+FQCglCmxdNLSXh/j
WvrXxd/U/O2nt0tTu5UyJZ6d/mzAKVxPTb45Jd8BBz6s/rDXsShkCiybvAxyQY4OWwc2HtvotY17
hYm/AMd1ETrQ5/He/OY3v+FysP3EKSpDJEYVg+Hxw6FP0CM3NReT0yZ7lDw1tDdgXWngdcvr2urw
H+//B3J1uWg0N/psRhofFe9R3thl78JvD/7Wa03w/th1fhfmj5ovNfp5evLTUMqU2H5mu9e2j+Y8
6vEHrMve5XO7/vjs8me4d9S9UMgUSNAk+F2C1x8Rzikobx1/C1qVFrHqWMgEGSxWC1o7W+EQHdK2
CpkCi3MXY1j0MADOJP4fp/7R77G7rkjIBTlGJY3CR7Uf+Wwg6hrniasncKrxFOLV8YhSRkEpU8Jq
t0pj7W1qR7QyGoZEA2SQwQ47Tlw90e+xh8LUaUJDewPSY7znJqrlak5TISIi+pwr5Fg+dbnUx8Ef
9yvKg71Smi/rStdhVcEqWKwWj6nMWpUWKwtWotHcKK1O4WJINGDZlGX4qOajgFfPh0KtqdYrpDBb
/U//WZK3RJouVFxejApjhd9te9IqtdLrGexyukNt9/ndWDBmgfQ5edaIWbCLdrxx/A2vKfGpMal4
ZuozHs+t1lTrtynn+ebz2H9pv7TKyuik0fjhvB/i1dJXcan1Zh/ARE0inp3+rNSDBgCO1B8JatGG
u7LvQnZCNgBg2+ltXr0/XONwKcwq9PoZnZk9U6pIudx6uddj+nPq1CmsXbuWK6b0AwOOQTYlfQq+
P+f7Ut8HX843n8evD/w6qKqA1s5WHLh0wO/9/zrtX5Edny19LRNkWFW4qm+DBrDnwh6vlV9aOlqw
8dhGrCxYCYVMIS29+tC4h1DbUguL1QKNUgNDokH6Q+eypWpLyBUkLmmxac6KBDgDg/7OMxUhor27
3W+po0quwrIpy1CYVQjA2T9jS9UWj/mGfVVjqoHdYYdMJsPk9MlIjk5Gw42GgI+x2q1+5/z1ZkTC
CGmFntbO1iHt4r37/G48Pflpn/elxaahvq1+kEdERER0a2rvbse6g84LX4FCjrK6Miwc65wO4Tqx
Xnco8AWzgbTvwj6UXCgB4FlxoU/QS33ktKqbJ/L6RD0eHPsgYlQxzmaiNSVDUqnhj8VqCTqkKDIU
SRf3SmpLwnZh71ZmsVqw4egGfOvOb0lLss7Vz0VhVqFztZQOEyAAw6KHYWTiSKlZP+D8Gf/T0T8F
3P+fy/+M7PhsqdHn2OSxWHv/Wpy5fgamThPi1HEYkzRGmroNOM9X/njkj0GN/+PajwE4gxl/S9we
uHQAX5n0FaTHpGNq5lQ8MfEJ/OPUP9Bh68CktEl4avJTAJw/74Eq8Xtz9Gjole63KwYcg0wuk/sN
N1o7W/HB+Q/wbtW7YVu+s+d0DaVMCaW6bxUOAPz2h/i49mMIELB86nKpU/Gw6GFegYaLCBH/OPUP
vF35dp/H4M/U9KlSc80qYxU67f0PHPxRyBR4evLTuG/UfZAJMjhEB7ac2oLSutKQ9nu59TKaLc1I
jUlFcnQyFuUswh8O/2FAVjdRyVVYnLdYesOpMFYMyTKxLtvObPMbcKTHpDPgICIiciNC7DXkqDBW
SFUTgPMku9HcOKRTVXwFFLWmWlw0XYQ+Qe/RELUgs0D6d0mtZ7jRaG6ExWqRlmAdCsFWxRQZiqTl
bUtqS6TX7XZwqO4QfvPZb/C1aV+TVoWMUkQFrEJpaG/Aa6Wv9Vph3trVip99/DP8YO4PpP4aSpnS
776vW67j5U9f7tOFwY9rP5aCDn+KjxbjuzO/C5VchcdyH8O/TPgXWO1Wjykzey/sxeH6w0Efl8KH
AccQsTlsMFvNaO5oRn1rPSqNlfi49uMhWbYzVB/VfoRT109h0YRFKMgq8NkDw+qw4lzTOWyp2uJ3
bl1/JEcnY0TCCAgQcKP7Bs5ePyu9+QiCgFhVLARBQFtnW7+uAMgEGTLiMrA4dzEKswohE2SwOWw4
ePkgPjj3QcjTKKx2K14pfQWrZ6+GVqnFXMNcKGQKbDm1BY3tjSHN3XPRqrQYHjcci/MWIy/V+QZg
6jR5rDM/FERRRFNHE5I1yT7vj1JEhVQdQ0RE9EXjCjkqjZVSiNFoafTYZt+FfdAn6G9WcowsGvJe
HD2Zu81Ys9fZpNPVn8LdutJ1UuWHi9FsxKptzuc8mI1F+ypXlyuFG2X1ZVh3cF3IVSi+Vhbpy2os
vra12W1QyAfmVPBQ3SGcvn4aj0x4BHcOv9Pvhc+GdmcPOVcFRDCaO5rxww9/iMcnPY7ZI2Z7NCh1
ae1qxaG6Q/j7ib+jtas1pOfiy5ErR/DLA7/EsinLkB6T7ryA/PkU+S57F3ad3+U19cqXRktjn1dJ
6m1/xICjT/5vyf8NeR/HGo7hK5u/AqvdGoYR9e6FvS8MynGM7Ua8WvYqXi17Fbm6XAyPH45oZTQ6
bB0wdZhQYazwWGIpXEYnjZaac5o6nH0ddDE6jE4ajfHDxmNM8hjIZXJ8cO4DHKo7BLPVHFT6LhNk
iFXHYq5+LhaMXSD98XGIDuy/tB8bjm4I25trpbES71W9h8cnPg6FTIHZI2YjPzMfFcYK1LbUormj
Gd32bml51UAECFDIFVDKlNAoNEiKTsKopFEYN2ycVLlhsVqwsXwjLrRcCMv4Q/Gr/b/CT+79ic/7
0mPTwzaNiYiI6ItChIh9F/bB3G3GQ+Me8nnBwtUnYuHYhUO6ikogrt4iPUMOV7jhKxToz2evzU9s
9rqtyljVr8/IubrcXvf3/OznpSk3+Zn52PTEJr/bBlJlrILFakG0MtpnL5J9NfuQn5kPwFnt0lNp
fSlydbnStj013GjA8IThsNlt/Z76HEhrZys2lm/ExvKNMCQaMDJppFTt3dbVhtONpz1WZOyLDlsH
io8W441jbyBXl4vMuExEKaLQ3t2Oa+3XcPzq8XA+FZ8O1x/G4frDmJI+BfpEPZQyJZo6mqTVGYNR
WlcqBZHhEGpl+RcFA45BNpRTAgZLpbHSY1nVgSIIAkYnj4Za4Txxj1PH4bszv4u0mDREK6OhVqil
N5hnpj2DB8Y+gIprFThcfxjnms75bOapkquQq8vFtIxpmJg6EboYnUci+07lO9hdvTusVw5EiHj/
3Puwi3Y8lvsYopXRiFJEYXrGdExNnwq7aJcanbo3PPX5PYEgLZMrE2TOKVFuiyWZOk3YWL4RB+sO
3hLNx6pbquGAw2OMLolRiajF0PUIISIiupWV1pWirK7MZxAgQkTx0WIUHy2+pXpY9NTe3Y6XPnkJ
z89+HvoEPYrLi/2GG/3lbynPgdpfz5Vj+nv8CmMFvvf+96BVaVHb4v15qLSuFCu3r4RWqfV5QWjH
mR2oMlbBbDX77Ot3tuksGtob0GHtGPDzk5qWmgG5aGVz2HD86vFBCTT8KW8o73d1+qaKTc4FJz4P
okJRVl92y1VqDRVhfvH8W/evHlEACpkCP5j7A0xMnejzfhEiHKIDgiBIJ9AOONBt64bFasGVG1dg
6jTB5rBBLVcjOToZqTGpiFJEQSVX3VxaSnSg1lSLLVVbcKjuUK8hQyjPZ/yw8VgwdgFydDmIVkZD
EASPN8Zg3iRdHwpEiHD+j4jWzlZUGCuw/cx258otAxhuxKhi8NyM53zed+b6GWyp2uJx2/8U/Q8m
pU7yuf3Jayfx4r4Xwz5GIiIiunW4Pt+EK9joy+elYI7fl/319dhEhkQD9Al6pGj7Pl2l0dyIWlMt
q57dsIKDIlZCVALSYz2XGRUhotPWCVOnCWeun8HByweRl5qHWdmzEB8VDxlkiFJEIUoRJTU+8keE
iCZLE3ZX78b2M9vRZRvY/ig2hw0VxgpUGishl8kxfth45OhykB6bLlWkRCmioJD5/7Xttnejy9aF
bns3bnTfwJW2Kzhx9QRqTbW3bPXQu1Xv+g049Ine83KJiIjoiyXcJ/x93V9v2/dlfwwvqK8GqsLl
dsWAgyJWdkI2YlQxaOlsQcONBlw0XUR1czXqWutwtf2qNI3k6JWj2H1+txQYZMVlISk6CXHqOMgF
ubQ/q8OK1s5WNFmacKn1EiqMFTh3/RyM5t6X6w0nEaIUdvRlvfRbicPhQHNHM1o6W2DqMKGtqw3t
3e1osjR5bVtxrQK/PfhbRCujEa2KRrImGSnaFKTFpCE1NnUIRk9ERERERJGIU1QoIgmCgImpEzEs
ehhqTbVouOGcQ9jr4yAgQZOARE0iYlWx0Kq0UMgU6LR1otPaidYuZ8Bh7jYzgSciIiIiIoogrOCg
iCSKIiquVUCE2Kd+EiJEtHS0oKWjBUD453wSERERERHR0GDAQRErHM0+GWwQERERERF9MXivzUhE
REREREREFGEYcBARERERERFRxGPAQUREREREREQRjwEHEREREREREUU8BhxEREREREREFPEYcBAR
ERERERFRxFPMz7b4vbNfC2iKITw2lONKBM/H93FnoS4a2uvjA2wwJN+zIX69RAgh7Swci7z63UcQ
Ox/U75sY8MuBPbbE7fernzsZsHHfwq/XgP9d8Su012vAxj3Ar1Wf9+Fjw6F7DwNEjx0I/jYL+7FD
eb0G7NhBbjx072E9dxAZr9eg/U0K82sV8j7Eno8dvNfL5+P7sMNB+Rn3s+GQ/T0cwtfL52Mj4PUa
ss8bXq8VMKS/Xzz/C+qBt8zvV5hfL1ZwEBEREREREVHEY8BBRERERERERBGPAQcRERERERERRTwG
HEREREREREQU8RhwEBEREREREVHEY8BBRERERERERBGPAQcRERERERERRTwGHEREREREREQU8Rhw
EBEREREREVHEY8BBRERERERERBGPAQcRERERERERRTwGHEREREREREQU8RhwEBEREREREVHEY8BB
RERERERERBGPAQcRERERERERRTwGHEREREREREQU8RhwEBEREREREVHEY8BBRERERERERBGPAQcR
ERERERERRTwGHEREREREREQU8RhwEBEREREREVHEY8BBRERERERERBGPAQcRERERERERRTwGHERE
REREREQU8RhwEBEREREREVHEY8BBRERERERERBGPAQcRERERERERRTzFUA+AiIiIiIiC/d5rAAAg
AElEQVSIwkz0+c9gNu/zcfr92FCP7evxfdzZgI89wAahHDuU18v78X3bW2jfMyGkR/eGAQcRERER
EdEXhXQCG4bkoQ/Hu2VwPIH5HM/Ahg6eh3cbgAAIohDWITDgICIiIiIi+iIQewQb7hmHKP0ffw8N
4ZihYQXHABy3lwcOybEBQPBMMkRRvBl0hCHkYMBBREREREQU6dzDDVfo4BAhimJv2QaCuLuX44bm
Cx1wDOCxQznoUIxbgABREF1fQHAlGiIgCmJYQg4GHERERERERJGsR7jhcDgAO+BwiM6Q4/NtetlF
CMfuqW9nqV/ogOMWreDwNEivlwBAJgAyQJDdDDOEz6s6whFyMOAgIiIiIiKKYFKAIQIOuwMOu4g5
hnvwwISHMU6XA6VcOcQjpNud1W7FqatV2FaxDXvO74FMLgMUn1d1QLxZzcEKDiIiIiIiotuUW3mG
wyFCtIt4Jv/f8MikJUM6LCJ3SrkSkzLvwKTMOzAmZSxePfAKBEGATCZzhhvSbJXQqjhk4RsyERER
ERERDbrPqzfgEDHbcA/DDbqlLZm6BHePvgewAXA4G42K4s0pVqFgwEFERERERBShpAVTRGcFxwMT
Hh7S8RAF4+G8h+GwOyA6whNsuDDgICIiIiIiikRu01NE0QE4gHG6nCEdElEwctJzIDpEOMSbXWpF
8fOf5RDSDgYcREREREREXxBsKEqRQClXfl65IUKECJEVHEREREREREQU+cKTcDDgICIiIiIiIqKI
x4CDiIiIiIiIiCIeAw4iIiIiIiIiingMOIiIiIiIiIgo4jHgICIiIiIiIqKIx4CDiIiIiIiIiCIe
Aw4iIiIiIiIiingMOIiIiIiIiIgo4jHgICIiIiIiIqKIx4CDiIiIiIiIiCIeAw4iIiIiIiIiingM
OIiIiIiIiIgo4jHgCEJ24uShHgIRERERERERBcCAoxcT0xdg6dT/xcKc/xrqoRARERERERGRH4qh
HsCtbGL6AizM+f7n/34QALCj6v8byiERERERERERkQ+s4PDDPdy4eduDrOQgIiIiIiIiugUx4PDB
V7jhkho7FmpFzCCPiIiIiIiIiIgCYcDRQ6Bww9h+Hm8d+Xd02doHeVREREREREREFAh7cLiZmL4A
D/YSbnTabgzyqIiIiIiIiIioN6zg+BzDDSIiIiIiIqLIxQoOMNwgIhosKrka3bauoR7GLeXrhf8P
ual3Sl8fqduD4iM/6fVxeWl3IjNuFK60XcDJqwcGcogEYNWdP8WktJuvU1ndXrxe1vvrRERERIPn
tg84GG4QEYVHrDoRD4x7BvrEXHRYzSi9vBOHLv9Tuj9KocVP7t+Kbnsnjl3Zi03HfzGEo41sC8Yt
w4LxT0OAABEidp99C9tO/XGoh0VEREQ0pG7rgIPhBhGFw+JJ/4XpWQ8E3MYu2tBt60R7dwuM7Zdw
6toBHK3fDZuje5BGObDUimh8vfDnSI8bKd1mSMrD5Iy7sf3Ua6hvO497Ri+FTJAhShENm906hKON
fFMy50KAAAAQIGBK5jwGHEREdFu5brmO3dW7UX6lHJdaL+FG1w3IBBkSNAkYlTgKhcMLMc8wDxqF
JqTj/PnYn/Hm8Telr8cNG4ffLPxNr49ziA6s3LYSNS010m1yQY71X1oPfYI+4GPN3WY8s+UZmDpN
0m0xqhj86ct/QnxUfD+exe3jtg04GG4Q0WCSCwpolDHQKGOQoh2O3NSZKBq1FNtOrUPVtVtjesGK
6T9BbtpM6etjV0rwl6MvBvXY+8Z81SPccBmXMh1jh03Dja5mxEYlAQBEiKi4RZ5zpLJ0e74/Wax8
vyIiotuD1W7Fn47+CdvObIPVxwUTY7sRxnYjPrv8GTYc3YBlU5Zh4diF/T7e3gt7Pb4+c/0MLpku
ITshO+DjZIIM35zxTXz3n9+FCBEAYBfteKX0FaydvzbgY/9y/C8e4QYALJ+6nOFGEG7LJqMMN4jo
VpCszcSTU/4HOakze9/4Fjc+pQAA4BDt2HTiZfy/vU+i5MJm2BxWCIKAuKhkqeLgZMMnONt4eCiH
G/F2nN6Aqzcuwuaw4lr7JWyr+sNQD4mIiGjAtXa14ts7v413q971GW54bd/Zit989hus/WQtHKKj
z8c7cfUEGm40eN3+/vn3g3p8ri4X942+z+O2Yw3HsP/Sfr+PqWutw7bT2zxuG5s8Fg+NfSioY97u
brsKDoYbRDTQOqw3cKJhn/S1CEAhKBEblYTshBxolLHSfUp5FB6esBJnG8sierqKXKZEt70L9a3n
cOjSTgDA1qr1ON1YigfHfQ3psQbYHN040fAJtlT0XtZJgZ27fgw/3btiqIdBREQ0aKx2K/77/2fv
vuOsuuuEj3/vVAaGDkMnQCgBUighpJqCRmM2Udddu6sxWXfXvrrq9tX1say9PLvuWtayPsaWqBtN
NJEkpphACAmBQEhoofc2wABT7vMHMDNn6p1Qhh95v18vjOfMuWfOOfcOzP3cc37nnr+PFTtXZOYX
5Ypi0qBJMbT30Kirr4vndz8fa/eszSxz76p7o7y4PD5w6Qe69D3vXnF3m/PvW3Vf3DLzlijKdX6+
wC0X3hKPrHskqg81vcf8xmPfiNkjZ0dJUeu3419/7OtR11DXOJ3L5eK9F783crlcl7b9xepFFTg6
ixu3ihvACXCgtjpuX/zFxul8s6/1LOsTb5z2DzFp8OzGeQN7jYjzh10ZCzfccwq38sT6t/v/rM35
z25b0PpsjXybiwIAtOs7T3wnVuzIxo0LR1wY77/k/VHVqyozf9m2ZfHFP3wx1u5uCh13PXdXzBox
Ky47q7AzZw/WHYyHnn+oza/trNkZj214LGaPnN3m15vrW943bpp+U3z10aYPeDbv2xw/XfLTeOP5
b8wsO3/9/FiwIft70ysnvjImDppY0DbzIrpERdwATgcHDu+Nny76bByuq8nMHzvggm7aIgCA09uW
fVvil8t+mZk3e+Ts+MScT7SKGxERkwdPji+84gsxss/IzPxvPv7NyOcL+6TlgTUPRE2z39darqu9
szva8spJr4xJgyZl5v148Y9jZ83Oxun6fH3814L/yizTt0ffeMeMdxT8fXiRnMEhbgCnk72HdsS2
/etiRN+mGl9Z3r/gx5cUlcWlY14dU6oujarKs6JnWe9oaKiPmtrq2FS9OpZtfSQeXnN7Qeu65aLP
xDlVbX/6MG34VTFt+FUREbHzwOb45L1vbHO55iYNvjCmDb8mzuo/JfqUD4jykp5RW384qg/tjHV7
lseja38Vz217ouB9ba6kqCwuH/OqmDr00hhSeVb0LO0dDfn6OFC7LzZVr4qlWx6NB1cXtt8nwvA+
4+LyMa+KsQPOjX4Vg6NHSc+orT8Uew7uiDW7lsUDq2+PtbuXn5TvffOsj8W04S9pnH5y4wPx7cc+
VtBjZ464JmaPujZG9ZsQPUt7R11Dbeys2RJLt8yP3zz7/+Ks/pPiPZd8tnH5JzY+EN+a3/66pwy5
KN59yWcap/P5fLz7l3PaXLZHSc/44h/9KjPviw9+IJ7b8VRB237x6JfHRSPnxPA+Y6OyrG805Otj
3+G9sW7Piliw/r6Yv+53Ba2nO5QWl8VV426M84deGsP6jI5eR1+/+2v3xYY9q+KpzfPi3pU/L2hd
Fwy7JN5zyf9pnF6/Z1V8bO6fR/+KQfGKiW+IyYNnxICeg6OsuDz2H66OdXtWxn0rfxlPbGz/mu/2
TK6aEVePuyHGDZgcvcv7RUO+IXbXbI9nti2KO5ffGrsObo//fNWdjadOb6peG/9wd2GXT5UWl8U1
Z98Y04ZdGsN7j45eZb2jPl8fBw7vi/V7V8WiTfPidysKOybAme2O5XdkLtvoVdYrPnjZBzu8RKRP
eZ94/yXvjw//9sON8zZVb4r5G+YXdObFPSuyZ9a+a/a74pO//2TsP7w/IiLmrZ8X1Yeqo3d577Ye
npGLXLzv4vfFe3/93saxQGrqauJbC74VH7niIxERcfvTt8f6Peszj7tl5i1RWVbZ6fppcsYHDnED
OB3VNWQHxmrI17WzZNakwRfFa879QAzsOTwzv7i4JEqLy6NPj0ExafCsuPSsV8dPn/pcrN615IRt
c0f69hgUf3r+h+KcqtmNg4keU15SEeUlI2JQrxExbdjVMW/dnfGTRZ/v0vrPqboo/uS8D8TAnsMy
84ujJPoWl0ffHgPjnMGz4vIxr4ofLfpcrN55cvf7xil/ES8Z+5ooLS7PzC8v6RlVlT2jqnJUXDhy
Tty/6mfxi6f/86RuS6GKi0ribTP+PnOL2WPzh/UeE8N6j4npI66KR9cWNnDaqTSgoipuuvAfYvzA
8zLzi6Mk+lcMjv4Vg+P8oZfEJaNfHv+94JNRfWh3O2vqHlOHzIo3TXt/DO7V+vXbr7g8+vUYGFOH
zIqrx90Y31v4hVixo2uv39Lispgx/Ip46/QPRO/yfpmv9S7vF1OqZsbkwTPiV8/8IH659LsFr/d1
5/9lvGz8H0dRrjgzv6pyRFRVjohZI6+M257+9gu6Lvy8obPirdPbPiZlFeXRr2JgnDtkVlxz9o3x
nQVfiOe6eEyAM0vLS0WuGXtN9OvRr52lm5w/9PwYP2B8ZtyOB9c82Gng2LxvcyzesrhxemDPgTFj
+Iy4eNTFMXfl3Ig4MibI3FVz49WTX13QPowfOD6un3h93LG8aQDRe1fdGzecc0MM7z08bl18a2b5
KVVT4trx1xa0bpqc0ZeoiBvA6ap/z6GZ6Z0HWo/Q3dL5w66Mt83811Zxoy1VlaPj5os+ExMHX/iC
t7FQfcoHxl/M/nxMrrq4VdxoKZfLxcWjr4/XX/DhDpdr7oJhV8ZNF/5rq7jRlqrK0fHOiz4Tk07i
fr9p2kdizvg3tIobLRXliuOas18frzu/awOanSx/NuNvY8aIqzp8jgZUVMV1E996CreqcyP6jIu/
vuJLreJGWyZXzYz3XPLpKC0uOwVbVpiZI14Sf3Xxx1u9kW/L0N6j432XfiqmDuna67dvjwFx84V/
2ypuNJfL5eL6c95U8Lr/5Lx3xssn/GmruNFcRWmveNMF7+7StkZEXDjyJfGeSwo7JsN6j46/vvxT
cW4Xjwlw5th+YHurO5kUOo5GRMTsUdmYsWjLok4fc/eKuxtv7RoRcdnoyyIXubhyzJWZ5X63smtn
Dt4046boX9F01m4+8vH1+V+Pbz/+7cYzQyIiinPF8b6L39eldXPEGXsGx3nDrotXTm47bkREVFWO
j/df+at2v36yPbjqu/HQqu902/cHus/LJrw9+pQPbJyuz9fF4+s7vo5zQM9h8cfnfjBKi3s0zmvI
18czW+fF+j3LI5fLxah+k2PioFmNp2v2KOkVrz//o/HVh98Ve2q2tbnenz71hehR0jMiIm6Y8leZ
y1WWbH447nzmmxHR+oyT5q475+YY0vusZtvVEE9t+n0s2zY/DhzeG4N6jYiLRr0ihvUe17jMrFGv
iAXrfxsrO7k0YWDPYfGn5/91lDWLCQ35+li2dV6s2708crmiGN3vnJg0uNl+l/aKN077aHzpwXfF
7oNt7/cLdfmYV8Xs0ddl5u2u2RqLN/8h9hzcHn16DIjzhl4e/Suarge+bMyNsWzrY7F4c9cvDzhR
Zo16WcwYcXVmXm3D4Vi86Q+xYe+qKCsuj3EDpsb4QRecdqO0v/GCD8SgZnGrIV8fSzbPizW7noni
opKYOOiCGD/o/MZwc1b/SfGqKTfHzxZ/vbs2udGgXkPjzdM/0Or1u2Tz/Fize3nkoijGDjgnplRd
2Pj6rSjtFW+f8eH41P3viV3t/Ny2dOxn+HD9oVi69fHYtm9j9CrrExMGnRuDezUF0aJccVw97sZY
sqXj2zRPHHR+vGz8azPz8pGP57YvjrW7V0ZRrihG9Ts7xg+Y2mEAacvgXkPjbW0ck6c2z481u44c
k3EDzompQ7LH5B0Xfjg+cW/hxwQ4c6zauarVvAkDJxT8+LP7n52Z3rZvWxyqOxTlJe1/UHHsLI1j
rhx7JGzMHD4zKssqY9/hfRER8dyO52L1rtUxtv/YgralV1mv+POZfx6ffajpUtDl25fH8u3ZS1pv
OOeGgtdJ1hkZODqLG02675e40+vXR+BkG9BzWAzvMz4uHHldTK66OPO1+Wt/HZurW//j3dzLJ74j
epX1bZw+XH8wbn3yk7Fk84OZ5aYPnxOvu+CjUVJ05BPsvj0GxUsnvDVue+qL0ZY9B7fFnqP/v74h
e5lMXUNtbNn3fKf7NqXF/ty/6sfx62XfyNwsZd7aO+ODV/xXDOo1IiKO3NJt+og5nQaOV0y6qdV+
/2Dhp2Jxi/2eMWJOvHHaRzL7fe3Et8ZP2tnvF6K4qCTmTMiOQ7J659PxjXl/Fwdqm84G/M3y/4l3
X/r5GNHnyC9UucjFVeNe262B4+pxr82cuVFTuz++Of+f49ntTeOh5CPi8jE3xOvPf1+X37SeLNdO
eEOcPfDcxul8Ph/fX/jZmLc2e130q6f+ebx8YtNzc+lZr4hfP/P9qKndH93pxsk3RWWz1++huoPx
3ws+HU9sPHKq9bGfkYtGXRNvn/HhxjNP+lUMiuvPeUv84IkvFfy9tu/fHF+f9/F4ftezjfN6lPSM
D17xbzFuwJTGeWMHnNPpul4x8fWZWxfWN9TF/zzx5XhwzV2Z7b5k9EvjbTM+mIkVnXnN1Juisjx7
TL752Kfj8Q3Z088vHnVNvOPCpmPSv2JQ3Dj5LfG9hYUfE+DMsO1ANmxWlFR0aVyKwb0GZ6bzkY8d
NTtieO+2z4hdtHlRbN63uXF6UM9BMbVqakRElBSVxKWjL80MMPrbFb+Nv5z1lwVvz5yz58Rdz92V
uQSmuYE9B8bbp7+94PWRdcZdotK3x9AC4wbAyTGw5/D4t+vvb/zz2evvj7+9+tb4s5mfiClDLo3c
0U8lG/INsWD9b+LnSzr+hb1XWb+YOuTyzLwHV/+sVdyIiHhi49x4qMUAo9OHX9P4xv9keGD1bXHX
8m83/nnk+f9ttczBuv3x3PaFmXlVlaM7XG9lWb84b2h2vx9YdVuruBERsXDD3HigxQCjM4ZfE6Un
cL9njpgTAyqGNE7X1h+KWxd9LhM3IiL2Hd4dP33qy5l5Y/pPie4ysu/4GNUv+0nX71b8KBM3jnlo
zR2xdOtjp2rTOnXpWdmzZZ7c9GCruBER8fOnvxmbq5tuBdiztHdcNLLtgU5Pld7l/WL68Owp1HNX
3t4YN5qbv+7eVgOMXjTy6oIvtclHPr678HPx/O5nM/MP1h2Ie1dm7zrQt8fA6FnW/oB4lWV9YnLV
9My8B9bc2Rg3mntk7e/anN+e3uX9YkaLY3LPittbxY2IiEfX3dtqgNHZowo/JsCZ42Dtwcx0r7Je
XXp8z9KereYdqD3Q7vIt745y+VmXZz4kaHmZyv2r728cOLRQ77v4fZmQ3Nw7L3xnVJRWdGl9NDnj
Aseeg5vjzmWf6XxBgG62cP1v45dPf7XT5c4denmUlzT9Q1dbfygeXP2zdpd/YNWPo7a+6ZeBHiW9
4tyhhV+r2lVzV/y/+N1zP2j8s/PA5jaXO1C7NzNdUdLxLyjntbHfv1/V/n7fv/Incbj+UON0j9IT
u9/jB03LTK/etTS2VLd9hsuqnUtiS/XzcaC2Og7UVkdtw+Goqhx1wralKyYOmpb5xexQXU08sPoX
7S5fW3/4VGxWp0b1nRBDWhyz+1e1v93LW9yd56z+nZ+pcDJNG3ZZq9fv3BW3tbv83c/9NPP6rSjt
FdOGXVrQ92poqI9ntj3Z5tc27Fndat6AikHtrmty1YwWl480xD3Ptb/dXRnQdcbw7DE5XH8o7u5g
3b9p45hMH17YMQHOHHUtzjDt6M4pbSkuan1WYn1DfZvL1tTVxMPPZ8+4vGrsVZnpGcNnRJ/yPo3T
u2p2xbz187q0TaP7jW5129iIiMqyyrj8rMvbeASFOiMvUVm86c6IiHjl5L/t5i0BaN+Fo66Lc4Zc
HD976nOxdMsf2l1uRJ/sp+9b96+N/Yfbf1NRfWhXbK5eE6P6Nb3BG95nfDy58b7j3+gOFOdKYsaI
OTF16GVR1Wt09OkxMMpKekRxru1/anKd/IIyou/4zPSWfWtjX6f7vTpGN9vvEX3HxxMnaL9bvtne
tLf1G8fmPnnf6XF6afPxUSIituxb1+2XbhRifLNLUyIiDtRWx7Pb234THxGxbf/GzHTzsSe6w+h+
2dfvpup1HcaAvYd2xca9a2JM/6ZfeEf1HR+Prb//uLZj3+G9reZ1dEbXiD5jMtPb92+KLfvWt7N0
13T5mBzcFRv2romxzY7J6L7jY9664zsmQFpaBor6fNtxoj1txYy2okdExAOrH4iauprG6arKqpg8
eHJmmaJcUVw2+rK467mmM9juXnF3XDLqkoK3acGGBfH01qdbzd93eF/8ePGP480XvLngdZF1RgaO
iM4jx6G6fXHn0k/Hwbp9mfn5Npc+gY5+g90H2/6EE0jf7oNb4/anmm6DeuzvlcryATG095iYMeLa
6F0+4Mi8sv7xpun/HN9//J/i2W1tXxpQWd4/M93egKHNVR/akZnu06P9T2xPhEmDZ8Wrpr47hlSe
1fnCBTp2jI7ZU8CAoXsP7sxM9z2B+92jJHu9777Du07Yuk+mYwNQHrPn4PZu2pKu6VeRvWa6Z2nv
+Pqr7y348T1Kuvf03t49sj+3uwv4ud1zMPtz269iYDtLnjy9Wly+sqvmxL1e+rQ4JoUMGLq7ZkdE
s4d1xzEBuldFi7/PDxxu//KSthyoa718j5IebSwZcffK7OUpV5x1RZvLvWTMSzKBY/76+bH30N7M
mR3tqa2vjf877/+2+/UfLf5RzDl7TgytHNruMrTvjA0cEUcjRz7ilVNaR47yksq4dOzb40cL35+J
HMcbODp9/EkvKEB3q2+oi+Xb5jdOt/yxv2/lD+N9l/1nDDh6u9ey4h7x8ok3txs4Wn7a2vzyk/bU
NmQvM+jKIIBddU7V7PizGf+SOfU8H/nYsX9j7KrZ2ri9A3oOjaG9Cx8RvKSoNDPd/FT19tSdxP1u
ee3/6XIpR2dabnchx/F0UFbc9i+fBT++nV9eT5XSFq/fQ4X83Na3fP2e+n1o+ffNiXy9tDwmh+u6
/ndZeTccE6B7DeqV/bCipq4mqg9VR+/y9scTam77/tahdlDP1h+AbKreFE9vyZ5VcdWYq1otFxEx
bdi06NejX+w+eOQstLqGupi7cm68ZsprOt2eHz71w1a3vS3OFTeemXK4/nD8+7x/j0/M+USn66K1
MzpwRDQ7k6ONyDGk94R4w4yvxK0L3x+HWpzJAXCyHDi8Nx5afVvcOPW9jfNG9psUA3sOjx0HNrZa
/nCLTx6KW7xJaEtpUfaNfcs3CSfSq6a8KxM3tlQ/Hz9b/MVYuTN7h5Trz7mlS4HjUH1NZrq9wbia
O5kRorbFG71UBjts+SayuIDjeDo4/tds996v7GBdy9dvAT+3LYJcd0S0w/Un7/XS8pgU8ndZy0h5
Mv8uA05PY/qNaTXvuR3PxYzhMwp6/Kpd2TvVDe41uM0zOO5ecXfkW3ws9d5fv7fVcu25Z+U9nQaO
DXs3xM+ezo4nNmvErBjbf2z8ZMlPGufNXz8/Hln3SJcue+GINH7LOU6dRY43ihzAKbZ+T/Z+57nI
xdA+49oMHPtr92Sme/fo/BTtvi1O769ucenGiXLO4Isyd0Opa6iN7y38l3YH3+yK/Yez+92nvID9
7pHd772HTtx+txy3ovnta09n+1vc5aVPi0t/Tlctn/+t+9bHlx/+UJtnQrZ1cmTL2x6fai3Hvujb
o/Pj3r/Fz+2eE/j6LVTr7e7fzpLHv+5+FS/gmJykv8uA09eQyiFRVVkVW/dtbZz38NqHCw4c89fP
z0wfu+Vrc/nIx9xVc49rO1fuXBmrdq6KcQPGtbvMv8/79zjcLF6XFpfGX170lzGw58CYu2pu7DjQ
dKnif8z/j5gxbEaUl5y8s3DPRGfcXVTas3jTnXHn0rbvrnIscpSXFH4/ZYDj0dbtxBraGdF73e5s
DBlaOSZ6dHAHkl5l/aKqV/YWrBv2PvcCtrJzI/tNzExv27fuhMSNiDb2u/eY6FHa/n5XlvWLIS1u
Pbthz4nb7y37svs1rHfrT5Sau+bs18cNk29p/NOngDB1MmzauyYzPaz3mBN66U5di7MMcrlc9Ck/
/jfFa3dnn7uBPYdGca4kdtVsK+jP3kPdO0bK87uyr9/hfcZERQev397l/WJY7+xAtut2rzgp29aR
tS2+55DKka0iwwu1usUxGfECjsnz3XBMgO7XciyMuavmxq6azv+eX759eTy7PXsL7Zec9ZJWyy3a
tCi27NtyfBsZEb9d8dt2v/b7Nb+Pxzc+npn3qnNeFSP7jIyKkoq4ecbNma9t3bc1frDoB8e9TS82
L5rAESFyAKePqUNa3760rbM3IiKWb5uXGXejvKRnXD72te2u+/Kxr82c6n6wbn8s3fJIp9vU8rTM
Qm7DVl6cHfirvIOBHQf1GtHp+ppbtnVe5vr/8pKe8ZIO9vuKcX+c3e/a/bGkgP0u1IodizLTYwec
G4PauVNH3x6D4obJt8TLJrw5XjbhzXH12a+Lg7Xdc5bgs9sXRkOzEecrSnvF5WNubHf5rg7O2VZI
GN0ifB0zom/7n2q1tGzrgtjX7A4bxUUlcd2kt3T4mH4Vg+LKse3v26m0ZPP87G2LS3rGNWf/cbvL
zzn7NZnXb03t/li06cS9fgu1fNuiONTsUpKSotJ42YT2f+5aDhzakcVtHJOXjW//mLxs/GsyMa6m
dn88ufHUHxOg+90w6YbMpao1tTXxpT98KfL59gc4rKmtia888pXM7zdDKofExaMvbrXs3Suyg4sO
6z0s3nLBWzr90/IskvtW39fmXV5qamviG499IzNvQMWAeMsFTf+uzTl7Tkypmn5ebUEAACAASURB
VJJZ5valt8faPWvb3Udae1EFjojOI8ebRA7gJLto1PVx2ZjsL/U79m+IrfvaPvOh+tCuWLLlocy8
q8a9Ic6pav0P9OSqS+KKMX+Smbdo0/1xqI0RxFtqOcZE/4ohnT5m98Gtmen+PYfGzBEva7XcdZPe
EecPu7LT9TVXfWhXLNmc3e9rzn59TKma3WrZqUMuiSvHZvf7yQL3u1ALN9wbu2qa9resuEe8/oK/
aXU2RFlxebxl+kczYxes3/Nctw3uuXXf+li9c2lm3ssnvjnGDpjSatmrx702zqm6sEvr31z9fBxo
cRnMVW28kR/eZ2y8edqHurTueet/l5m+5KxXxPXnvK3NZcf2nxzvvfTf4g3T3h+vmnJzm8ucSnsP
7YonN2Zfvy+f+Lo4b2jr1+/5Qy+Ol47PRoQFG34fB0/g67dQB+sOxJItCzLzrh53Y8wedU2rZS87
69p4yZhXFrzuvQd3xcIN2WNy3aTXxfltHJMLhl0c17YIK4+t755jAnS/Yb2HxQ3n3JCZN2/9vPiX
e/8lc1nHMc/vfj4+evdHY+XOlZn5N824KYpz2VvE1tTVxMNrH87M+6NJfxRvnfbWTv+888J3Zh63
5+CeeHTdo62257tPfDe2H8gOdnrzzJujojT7ocK7LnpX5HJNY0jVNdTF1x79Wqv10b4XxRgcLXU2
JsebZnwlfmhMDuAFqiipzAwgmo+IoiiKyvL+UVV5VpsDbS5Y/5sO13nPs9+LiYMujF5l/SLiyNkM
b5/5iVi29dFYv+fIqZcj+06MyVUXZwbu21WzJX79zDfaXGdLOw5kR/Qe2W9ivHP252Lb/nVRXlwR
P1r0b60es3jTQ3H9OX/ReOZGLnLxugs+HJOrZsfmfc9Hr7I+MWnQrBjSu/XtY4tznf8T9Jvl342J
g2dGZbP9fses/xNLtz4S63Yf2e9R/SbGlKpLMkFhV82WuGNZYftdqPqGupi74tb4k/Pe3zhv4qDp
8bdXfycWb3449h7cEf0rqmLqkEtiQM+mW7vlIx9zV/zohG5LV9278qcxbuC5kTs68Gavsj7xnks+
F09uejA2Vz8fZcU9YvzA82L8oAsal+mKlTuWxHlDmwZCm1I1K/7u6v+KlTuejoZ8fQzuNTwmDprW
4Rk+bbn72VvjgqGXxaBewyLiyOvrjya/LaYPvyKWbXs89h7cERWllTG638SYOGha48Cv1016c2zZ
ty4eXXt3R6s/6e5Y9v2YXDUzepcfef32KOkZf3Xxv8bizY/G80dfv2f1mxjnDb0488nkjgNb4vYl
3+yWbY6I+M2zP4nzh85uPJ5lxeVxy6y/i8vHvCLW7V4ZxUWlcVa/CTF+4NTML+KF+OWy78fUIdlj
8t5L/zUWbcoekwuGtT4mP13cfccE6H43z7g5Fm9ZHCt2NF2qNm/9vHjrz94aU6umxrDew6I+Xx/r
9qyLZ7c/2+rM1GvGXRNXj7261Xp/v/r3cbDZgNzFueKYM25OQds0tv/YGNd/XGYg03tW3BOXjW46
U3fVzlVxxzN3ZB43efDkeOnZL221vgkDJ8S1Z1+budTlqc1PxdxVcwvephe7F2XgiBA5gJOnZ1mf
uGxM+6d0t/Tc9gVx/8pbO1xm2/518fMlX4nXXfDRxltHFheVxrlDr4hzh7Z9j/aa2ur4+ZKvxIEW
A/u1Z8nmB+Oa8W9qvDQlF7mYNPjCmDT4wjhcf7DNwLH30I54cPVt8dIJTadYlhSVxvQRnf8j3LOs
89u7bdu/Pm5b/JV447Tm+10S5w29Is5rZ78P1FbHbYu/EvsL3O+ueHD1L+KsfpNj1qhrG+cN7Dks
rhr3J+0+5r6VP4lFmx484dvSFYs2PRTz1v42Lh79isZ55SUVMbvZfhyP+1b+LCZXzcq8IR3Vd0KM
6juh1bL5fL7gN8V7D+2K7y78dPzFRf/a+IY44silLh1d7rJs6+Px2Pp7u7AHJ8eWfevj1kVfi7fN
+HCUHx2xv6SoJKYPvzymD7+8zcccqK2OHz751VYDcp5Kq3Yujbue/XHcOPmtjfOKckUxpWpmTKma
eVzr3ly9Pn7wxNfiHRdmj8nMEZfHzBFtH5P9h6vjf57o3mMCdL/S4tL41Ms+FX9/z99nIkd9vj6e
2vJUPLXlqXYfe9noy+JDl7V9FuE9K+7JTE8bNi36VxR++d2cs+fEqgVNgeOxDY/FnoN7om+PvpGP
fHxt3tcyl63kcrl49+x3t7u+d8x8Rzy09qHYf7hpcPNvLvhmXDzy4uhV1v64RRzxortEpTmXqwDd
qSFfH/PW/iq+u+Afoz7f+R0fFm26L77/+D+3O1ZHc9v2r4tvzv9ILN1a+PXq6/c8G/PW/rrg5Y+5
a/m34+E1v2j1SUlz+w/vibuWfzszr7K8fwxsZwyL5p7ceH98Z8G/tDrDpC1b962L/3r0I/H0CRx7
o6UfPPHpuHfljzu9XeWhupr41TPfjl88/Z8nbVu64gdPfDbmr7unw+dpx4HNrS5nKcTybU/EHcv+
OzPWR0sN+fq4+7lbY/fBbV1a98odS+LLD3+ooO2qa6iL+1f9Ir7+6D92+11Ujlmw/v74z3kfi237
O3/9bq5eF1966KPx1ObWpzefar9c+t24c/mtHR7HfYf3xvz193V53fPX3x///mjhx+QLD340Fm3q
/mMCdL++5X3jy9d9OV479bVR1oXbtU+pmtLm7eY3VW+Kp7c+nZnX1pkVHZkzbk7mspe6hrr43coj
l1j+5tnfxNKtLS4THf/ymDCw9QcAx/Tr0S/edP6bMvN21eyK7yz8Tpe268Wq+Nq3jf5Yd2/EidW1
UyW37nsu9h7cEhMGt/7UoLJ8YIwbeFEs23Jv1Lvv+knS9VOh6U6er7ZMHXJ5DO8zvsNl8pGPuvrD
UVNbHZuqV8WSzQ/EbYu/GI+t+3U0FBA3jtlxYEM8uvaOOFS3P4qKiqK0uLzx0ox9h/fE+j3L4+E1
t8VPnvps7K7Z2snaWlu29ZGoa6iN3uUDorykZ+RyuThQWx0b966Ix9a3PzL4sq3zYv2eZ6OitFf0
KOkZJcWlUd9QGzsObIonNt4XP3ziU7FixxNxxdjXRsnRS2hykYt9h3bFqp2LO92u7fs3xB+evyMO
1R2IolxxlLXY73V7lscDq2+PHy36XOyqOf5R0DuzfNuCWLL5D5HLFUVpcVmUFJVGcVFx1NTtj237
N8SC9b+LHy/+UjxVwJkbF46cE1WVTXeK2LR3dTy56YGjU23/zM0YcVUMbXbZz+bq5+OJjfd3+r0W
bXooNlc/Hz1KekaP0p5RUlQatfWHYuu+9TFv3d3x/YWfiQmDLohhLda9cEPn6165c0ms3Pl09Crr
feQ1UFQW9Q11sffQjnhm2+Pxk6e+Fg8/f2dcMfaGqGx2i91H1v4mdnbynFUf2h0PP39nbK5eG7lc
7sjznyuOolxR7K+tjm37NsaCDffFj49+j7YGeDteF42aE0OaPU8b966OhRsfaLFU28/Xtv0b48E1
v4qDdQeiKHfk5/bYL9rVh/fEml3Pxr0rfx7fe+LzsfNA5z+3Q3uPiouajYmRzzfEr55pe6T9itJe
ce2E7BlGD6z+dew+2Pqa9ZaWbV0Yz+5YHD1KKqJnWWWUFJVGXUNdbD+wJR7f8EB867HPxMBeQ2LS
oPMbH7OrZlvcv/pXna57676Ncf/qX0XN0WNS1vyYHNoTq3c9G/es+Hl85/HPx44CjskL49+0tHi+
OpPP5yNfH/HGmW/v7k05qYqLimPm8Jlx7fhrj5wlkc/H4frDUddQF+Ul5TGkckjUNdRFXbNAu3Dj
wlize01cNOKiKC1uupT3tqW3xeItTb+HVJRWxAcv/WCbMaQ9FaUVsWzbsthY3fQB1M6anfGSMS+J
j9/38TjUbAyuyrLK+Ng1H4seR89ga8+kwZPi92t+H3sPNZ25tmLnipg9cnYM7Nk9d2U7Gb776Hcj
V5yLXFEucrmmP5GLLl8CeUzu8/de3u5HOe1/xtOB/HE89ni+b6Nc9vEFruy8Ya9s83KViIgt1c8V
fLlKp9+ugwW65Zh18/OVb/mPVRdXdnyvlU7WUcDKT+lxy3c4eXK/d6NmP18vcCUnbbtP4+freF+n
3fV8nbTtPsnPVZfX0caC3fdvWER2QPiu/eN+Irb7llkfi+nDm26h98TGB+Jb8zv/LOSUHbPT6PnK
t1rBqX++XshKT+TP9k0z/yauGHNd4/Qz256Mzz7woXa/0Sn92W7jgdnHnrrnq83Hd2GFp+Q13s6C
3fb3YTc+X20+9nR9vvJH74KWj6ivb4iGw/n43z/v+plVZ5r1e9fHx+/7eKzdnb0Dycg+I+Ofrv6n
GNOv41u9c2pc9aUro6isKIpKio5EjqN/Ogocnf2MvKgvUWnO5SoAAE1e2sEtXCOOjIczuWp6Zt76
PatP5iYBFGRkn5Hx1eu/GleclR2va/3e9fGPv/vHzKCinFkEjmYWb7ozfi1yAAAvcn889eZ44wXv
jvde+onoXzGo1deLi0riHTM/HIOa3zEon4+FG7t3QF2AYypKKuIfr/rHuHnmzY0DqA/qOSg++dJP
dnqJCOl60d5FpT3H7q5yfQd3V/nO/JtP9WYBAJwSM4ZfHtdNen1EREwbdmmMH3huPL3lsdiwZ00c
rKuJgb2GxAVDL46hvUdlHrd4y7x4Ztui7thkgHa97tzXxYSBE+IHi34QH73io1HVq6q7N4mTSOBo
Q0eRY8G6n53qzQEAOGW27d8Uuw/uiAEVR94EVJb1idmj5kSMav8xW/ZtiO8t/NIp2kKArpk+bHpM
Hza98wVJnktU2tHW5Sq/XvqZWLzprm7aIgCAk2/dnpXxxQeP3K62o9sKH/P01sfj8w/+Teyq2X4K
tg4A2ucMjg40P5PjSNy4s5u3CADg5NtUvTa+8vA/xJSqmTFr5FUxYdC50ae8f1SU9orD9Qdjz8Fd
sWbXs/GHtXfH4s3zu3tzASAiBI5OLd50Z6zd/UTsqdnU3ZsCACfdtx5rcUvYE3FfT5K1dOvjsXTr
45l5XhIAnK5colIAcQMAAABObwIHAAAAkDyBAwAAAEiewAEAAAAkT+AAAAAAkidwAAAAAMkTOAAA
AIDkCRwAAABA8gQOAAAAIHkCBwAAAJA8gQMAAABInsABAAAAJE/gAAAAAJIncAAAAADJEzgAAADO
ELX1td29CdCp1q/T3AlZr8ABAACQuFzkInIRy7cu7e5NgU4t3bQ0oigil8tFLnKROzF9Q+AAAABI
Uq7xfyKKcpErysVdS+/ozi2Cgtyx+H+jqKgockW5xpdw7mjlyB3H2RwCBwAAQKJyzf6bK454cPXv
4ueLftKdmwQd+snjP465z82NXEkuInc0cJygMzhKTsxqAAAA6BbNPgHPFRfFd+b/R6zYvjyum3xj
TBoyJUqLS7t3+3jRq62vjaWblsYdi/835j43N4pKiiJXfOTSlFzuxIUOgQMAACBVuYjI5yIiH7lc
LoqKIxpyRfHQ6nvjgZVzI9+Qj8hHRD4f+Q5W09HXOtTmA7v2LvUFf++2Ht/FlZ3Q793FBY7nex/v
85V9/Cl6vnIRuaKiKCoriqKioiNjcBwdO6bpTKTccUUOgQMAACBhjY0jjrxBLCqKyJfmorghH/l8
PvIFvCM9njfMrR8rcBSywIstcDTGi6N/GsfcOIGXqQgcAAAAKctF5PK5yOfyRyePvlMsPjpf4Dg1
37uLC7zYAkfmWx0LHPloCh7HefZGhMABAACQvpaR4+hpHflcxJFZx/tWvh0nabUvmO3pWDdvTz7X
LMA1jx0nIG5ECBwAAABnhqORI3IRx0bcyGX/58Q7AWNwnFCCQsdOp+errdhxnAQOAACAM8Wx94uN
oSPi9HuXzYtZrnnNOMFtReAAAAA402Q+GD/Vn9B34xkcvABnzhk3RSd2dQAAAACnnsABAAAAJE/g
AAAAAJIncAAAAADJEzgAAACA5AkcAAAAQPIEDgAAACB5AgcAAACQPIEDAAAASJ7AAQAAACRP4AAA
AACSJ3AAAAAAyRM4AAAAgOQJHAAAAEDyBA4AAAAgeQIHAAAAkDyBAwAAAEiewAEAAAAkT+AAAAAA
kidwAAAAAMkTOAAAAIDkCRwAAABA8gQOAAAAIHkCBwAAAJA8gQMAAABInsABAAAAJK/kjqeKj/y/
fPduCAAnmr/Y0+c5BADoVO7If0pyxbnGefl8B79I5dr/EgAAAMBJ0VGqyDXFiiOB4+jCORUDAAAA
SE0uoqSo6OgwHM6CBQAAAFJz7BKVzDCjHUUOJ3cAAAAAp1qBraKk+fUqhTwAAAAA4JTJRfuRo3ng
yMSLth4kbgAAAADdqYBeUdJqofaChtABAAAAnGrHmkVHXSIXUZKLnHgBAAAAnJ4KbBYl4gYAAACQ
uqLOFwEAAAA4vRV8BkfOqR4AAADAKZbv8D6xTUqECwAAAOB0VWi3MAYHAAAAkDxjcAAAAADJEzgA
AACA5AkcAAAAQPIEDgAAACB5AgcAAACQPIEDAAAASJ7AAQAAACRP4AAAAACSJ3AAAAAAyRM4AAAA
gOQJHAAAAEDyBA4AAAAgeQIHAAAAkDyBAwAAAEiewAEAAAAkT+AAAAAAkidwAAAAAMkTOAAAAIDk
CRwAAABA8gQOAAAAIHkCBwAAAJA8gQMAAABInsABAAAAJE/gAAAAAJIncAAAAADJEzgAAACA5Akc
AAAAQPIEDgAAACB5AgcAAACQPIEDAAAASJ7AAQAAACRP4AAAAACSJ3AAAAAAyRM4AAAAgOQJHAAA
AEDyBA4AAAAgeQIHAAAAkDyBAwAAAEiewAEAAAAkT+AAAAAAkidwAAAAAMkTOAAAAIDkCRwAAABA
8gQOAAAAIHkCBwAAAJA8gQMAAABInsABAAAAJE/gAAAAAJIncAAAAADJEzgAAACA5AkcAAAAQPIE
DgAAACB5AgcAAACQPIEDAAAASJ7AAQAAACRP4AAAAACSJ3AAAAAAyRM4AAAAgOQJHAAAAEDyBA4A
AAAgeQIHAAAAkDyBAwAAAEiewAEAAAAkT+AAAAAAkidwAAAAAMkTOAAAAIDkCRwAAABA8gQOAAAA
IHkCBwAAAJA8gQMAAABInsABAAAAJE/gAAAAAJIncAAAAADJEzgAAACA5AkcAAAAQPIEDgAAACB5
AgcAAACQPIEDAAAASJ7AAQAAACRP4AAAAACSJ3AAAAAAyRM4AAAAgOQJHAAAAEDyBA4AAAAgeQIH
AAAAkDyBAwAAAEiewAEAAAAkT+AAAAAAkidwAAAAAMkTOAAAAIDkCRwAAABA8gQOAAAAIHkCBwAA
AJA8gQMAAABInsABAAAAJE/gAAAAAJIncAAAAADJEzgAAACA5AkcAAAAQPIEDgAAACB5AgcAAACQ
PIEDAAAASJ7AAQAAACRP4AAAAACSJ3AAAAAAyRM4AAAAgOQJHAAAAEDyBA4AAAAgeQIHAAAAkDyB
AwAAAEiewAEAAAAkT+AAAAAAkidwAAAAAMkTOAAAAIDkCRwAAABA8gQOAAAAIHkCBwAAAJA8gQMA
AABInsABAAAAJE/gAAAAAJIncAAAAADJEzgAAACA5AkcAAAAQPIEDgAAACB5AgcAAACQPIEDAAAA
SJ7AAQAAACRP4AAAAACSJ3AAAAAAyRM4AAAAgOQJHAAAAEDyBA4AAAAgeQIHAAAAkDyBAwAAAEie
wAEAAAAkT+AAAAAAkidwAAAAAMkTOAAAAIDkCRwAAABA8gQOAAAAIHkCBwAAAJA8gQMAAABInsAB
AAAAJE/gAAAAAJIncAAAAADJEzgAAACA5AkcAAAAQPIEDgAAACB5AgcAAACQPIEDAAAASJ7AAQAA
ACRP4AAAAACSJ3AAAAAAyRM4AAAAgOQJHAAAAEDyBA4AAAAgeQIHAAAAkDyBAwAAAEiewAEAAAAk
T+AAAAAAkidwAAAAAMkTOAAAAIDkCRwAAABA8gQOAAAAIHkCBwAAAJA8gQMAAABInsABAAAAJE/g
AAAAAJIncAAAAADJEzgAAACA5AkcAAAAQPIEDgAAACB5AgcAAACQPIEDAAAASJ7AAQAAACRP4AAA
AACSJ3AAAAAAyRM4AAAAgOQJHAAAAEDyBA4AAAAgeQIHAAAAkDyBAwAAAEiewAEAAAAkT+AAAAAA
kidwAAAAAMkTOAAAAIDkCRwAAABA8gQOAAAAIHkCBwAAAJA8gQMAAABInsABAAAAJE/gAAAAAJIn
cAAAAADJEzgAAACA5AkcAAAAQPIEDgAAACB5AgcAAACQPIEDAAAASJ7AAQAAACRP4AAAAACSJ3AA
AAAAyRM4AAAAgOQJHAAAAEDyBA4AAAAgeQIHAAAAkDyBAwAAAEiewAEAAAAkT+AAAAAAkidwAAAA
AMkTOAAAAIDkCRwAAABA8gQOAAAAIHkCBwAAAJA8gQMAAABInsABAAAAJE/gAAAAAJIncAAAAADJ
EzgAAACA5AkcAAAAQPIEDgAAACB5AgcAAACQPIEDAAAASJ7AAQAAACRP4AAAAACSJ3AAAAAAyRM4
AAAAgOQJHAAAAEDyBA4AAAAgeQIHAAAAkDyBAwAAAEiewAEAAAAkT+AAAAAAkidwAAAAAMkTOAAA
AIDkCRwAAABA8gQOAAAAIHkCBwAAAJA8gQMAAABInsABAAAAJE/gAAAAAJIncAAAAADJEzgAAACA
5AkcAAAAQPIEDgAAACB5AgcAAACQPIEDAAAASJ7AAQAAACRP4AAAAACSJ3AAAAAAyRM4AAAAgOQJ
HAAAAEDyBA4AAAAgeQIHAAAAkDyBAwAAAEiewAEAAAAkT+AAAAAAkidwAAAAAMkTOAAAAIDkCRwA
AABA8gQOAAAAIHkCBwAAAJA8gQMAAABInsABAAAAJE/gAAAAAJIncAAAAADJEzgAAACA5AkcAAAA
QPIEDgAAACB5AgcAAACQPIEDAAAASJ7AAQAAACRP4AAAAACSJ3AAAAAAyRM4AAAAgOQJHAAAAEDy
BA4AAAAgeQIHAAAAkDyBAwAAAEiewAEAAAAkT+AAAAAAkidwAAAAAMkTOAAAAIDkCRwAAABA8gQO
AAAAIHkCBwAAAJA8gQMAAABInsABAAAAJE/gAAAAAJIncAAAAADJEzgAAACA5AkcAAAAQPIEDgAA
ACB5AgcAAACQPIEDAAAASJ7AAQAAACRP4AAAAACSJ3AAAAAAyRM4AAAAgOQJHAAAAEDyBA4AAAAg
eQIHAAAAkDyBAwAAAEiewAEAAAAkT+AAAAAAkidwAAAAAMkTOAAAAIDkCRwAAABA8gQOAAAAIHkC
BwAAAJA8gQMAAABInsABAAAAJE/gAAAAAJIncAAAAADJEzgAAACA5AkcAAAAQPIEDgAAACB5AgcA
AACQPIEDAAAASJ7AAQAAACRP4AAAAACSJ3AAAAAAyRM4AAAAgOQJHAAAAEDyBA4AAAAgeQIHAAAA
kDyBAwAAAEiewAEAAAAkT+AAAAAAkidwAAAAAMkTOAAAAIDkCRwAAABA8gQOAAAAIHkCBwAAAJA8
gQMAAABInsABAAAAJE/gAAAAAJIncAAAAADJEzgAAACA5AkcAAAAQPIEDgAAACB5AgcAAACQPIED
AAAASJ7AAQAAACRP4AAAAACSJ3AAAAAAyRM4AAAAgOQJHAAAAEDyBA4AAAAgeQIHAAAAkDyBAwAA
AEiewAEAAAAkT+AAAAAAkidwAAAAAMkTOAAAAIDkCRwAAABA8gQOAAAAIHkCBwAAAJA8gQMAAABI
nsABAAAAJE/gAAAAAJIncAAAAADJEzgAAACA5AkcAAAAQPIEDgAAACB5AgcAAACQPIEDAAAASJ7A
AQAAACRP4AAAAACSJ3AAAAAAyRM4AAAAgOQJHAAAAEDyBA4AAAAgeQIHAAAAkDyBAwAAAEiewAEA
AAAkT+AAAAAAkidwAAAAAMkTOAAAAIDkCRwAAABA8gQOAAAAIHkCBwAAAJA8gQMAAABInsABAAAA
JE/gAAAAAJIncAAAAADJEzgAAACA5AkcAAAAQPIEDgAAACB5AgcAAACQPIEDAAAASJ7AAQAAACRP
4AAAAACSJ3AAAAAAyRM4AAAAgOQJHAAAAEDyBA4AAAAgeQIHAAAAkDyBAwAAAEiewAEAAAAkT+AA
AAAAkidwAAAAAMkTOAAAAIDkCRwAAABA8gQOAAAAIHkCBwAA/5+9ew/Sq64PP/45e01CsgRIAiEh
CQKSBIhcQoCgIBcVr6Wi0mppx0tFrR0oVK2IolKcoa0i1lrbdFTUKjIdK2L1pxBEqSKJJA1IEiLX
JISQC2TJkmSzl/P7I2TJs7vZfZZcdj/r6zWzA893n/Psd8/uM3Dee873AEB6AgcAAACQnsABAAAA
pCdwAAAAAOkJHAAAAEB6AgcAAACQnsABAAAApCdwAAAAAOkJHAAAAEB6AgcAAACQnsABAAAApCdw
AAAAAOkJHAAAAEB6AgcAAACQnsABAAAApCdwAAAAAOkJHAAAAEB6AgcAAACQnsABAAAApCdwAAAA
AOkJHAAAAEB6AgcAAACQnsABAAAApCdwAAAAAOkJHAAAAEB6AgcAAACQnsABAAAApCdwAAAAAOkJ
HAAAAEB6AgcAAACQnsABAAAApCdwAAAAAOkJHAAAAEB6AgcAAACQnsABAAAApCdwAAAAAOkJHAAA
AEB6AgcAAACQnsABAAAApCdwAAAAAOkJHAAAAEB6AgcAAACQnsABAAAApCdwAAAAAOkJHAAAAEB6
AgcAAACQnsABAAAApCdwAAAAAOkJHAAAAEB6AgcAAACQnsABAAAApCdwAAAAAOkJHAAAAEB6AgcA
AACQnsABAAAApCdwAAAAAOkJHAAAAEB6AgcAAACQnsABAAAApCdwAAAAAOkJHAAAAEB6AgcAAACQ
nsABAAAApCdwAAAAAOkJHAAAAEB6AgcAAACQnsABAAAApCdwAAAAAOkJjqfC2wAAIABJREFUHAAA
AEB6AgcAAACQnsABAAAApCdwAAAAAOkJHAAAAEB6AgcAAACQnsABAAAApCdwAAAAAOkJHAAAAEB6
AgcAAACQnsABAAAApCdwAAAAAOkJHAAAAEB6AgcAAACQnsABAAAApCdwAAAAAOkJHAAAAEB6AgcA
AACQnsABAAAApCdwAAAAAOkJHAAAAEB6AgcAAACQnsABAAAApCdwAAAAAOkJHAAAAEB6AgcAAACQ
nsABAAAApCdwAAAAAOkJHAAAAEB6AgcAAACQnsABAAAApCdwAAAAAOkJHAAAAEB6AgcAAACQnsAB
AAAApCdwAAAAAOkJHAAAAEB6AgcAAACQnsABAAAApCdwAAAAAOkJHAAAAEB6AgcAAACQnsABAAAA
pCdwAAAAAOkJHAAAAEB6AgcAAACQnsABAAAApCdwAAAAAOkJHAAAAEB6AgcAAACQnsABAAAApCdw
AAAAAOkJHAAAAEB6AgcAAACQnsABAAAApCdwAAAAAOkJHAAAAEB6AgcAAACQnsABAAAApCdwAAAA
AOkJHAAAAEB6AgcAAACQnsABAAAApCdwAAAAAOkJHAAAAEB6AgcAAACQnsABAAAApCdwAAAAAOkJ
HAAAAEB6AgcAAACQnsABAAAApCdwAAAAAOkJHAAAAEB6AgcAAACQnsABAAAApCdwAAAAAOkJHAAA
AEB6AgcAAACQnsABAAAApCdwAAAAAOkJHAAAAEB6AgcAAACQnsABAAAApCdwAAAAAOkJHAAAAEB6
AgcAAACQnsABAAAApCdwAAAAAOkJHAAAAEB6AgcAAACQnsABAAAApCdwAAAAAOkJHAAAAEB6AgcA
AACQnsABAAAApCdwAAAAAOkJHAAAAEB6AgcAAACQnsABAAAApCdwAAAAAOkJHAAAAEB6AgcAAACQ
nsABAAAApCdwAAAAAOkJHAAAAEB6AgcAAACQnsABAAAApCdwAAAAAOkJHAAAAEB6AgcAAACQnsAB
AAAApCdwAAAAAOkJHAAAAEB6AgcAAACQnsABAAAApCdwAAAAAOkJHAAAAEB6AgcAAACQnsABAAAA
pCdwAAAAAOkJHAAAAEB6AgcAAACQnsABAAAApCdwAAAAAOkJHAAAAEB6AgcAAACQnsABAAAApCdw
AAAAAOkJHAAAAEB6AgcAAACQnsABAAAApCdwAAAAAOkJHAAAAEB6AgcAAACQnsABAAAApCdwAAAA
AOkJHAAAAEB6AgcAAACQnsABAAAApCdwAAAAAOkJHAAAAEB6AgcAAACQnsABAAAApCdwAAAAAOkJ
HAAAAEB6AgcAAACQnsABAAAApCdwAAAAAOkJHAAAAEB6AgcAAACQnsABAAAApCdwAAAAAOkJHAAA
AEB6AgcAAACQnsABAAAApCdwAAAAAOkJHAAAAEB6AgcAAACQnsABAAAApCdwAAAAAOkJHAAAAEB6
AgcAAACQnsABAAAApCdwAAAAAOkJHAAAAEB6AgcAAACQnsABAAAApCdwAAAAAOkJHAAAAEB6AgcA
AACQnsABAAAApCdwAAAAAOkJHAAAAEB6AgcAAACQnsABAAAApCdwAAAAAOkJHAAAAEB6AgcAAACQ
nsABAAAApCdwAAAAAOkJHAAAAEB6AgcAAACQnsABAAAApCdwAAAAAOkJHAAAAEB6AgcAAACQnsAB
AAAApCdwAAAAAOkJHAAAAEB6AgcAAACQnsABAAAApCdwAAAAAOkJHAAAAEB6AgcAAACQnsABAAAA
pCdwAAAAAOkJHAAAAEB6AgcAAACQnsABAAAApCdwAAAAAOkJHAAAAEB6dUd0HBHbY3u0FC3xfPF8
RDHYUwIAAAAYmLoj2l8IHDUt0VzTHOtq1kVH0THY8wIAAACoWl1tZ22MjJFxQOcBMbZmbIyqHRVr
a9fG8+FsDgAAACCH2m312z797PPPRtFYxOiG0dFUNEVt1MaWmi3RXrQP9vwAAAAA+lXbfkD7p9c/
vT5WPb4qOus645ADD4kxxZgoizJaipboLDoHe44AAAAAfaodeejIT7d3tMe21m2xcf3G6Cw6Y8K4
CTG6dnS01rTG1mJrlFEO9jwBAAAAdqviNrFbtm2J+++/P1Y8tiIaOhpifMf4qCvrBmtuAAAAAFWp
CBxlWca21m3x4P0PxnNbn4umzqZo6mwarLkBAAAAVKWm+0BZlvHspmdj+e+XR31ZH2M7x4YrVAAA
AIChrEfgiIhoa2+LR5c/Gm3tbTGqHBUjihH7e14AAAAAVes1cEREbG3dGptaNsWIckQ0lo37c04A
AAAAA7LbwNHa1hrNzzVHfVkfdZ0WGgUAAACGrt0Gjo7OjmhpaYnaqI3aonZ/zgkAAABgQHYbODo7
O6O9oz2KKKIoi/05JwAAAIAB2W3gKMsyyrKMIgp3UQEAAACGtN0GDgAAAIAsBA4AAAAgPYEDAAAA
SE/gAAAAANITOAAAAID0BA4AAAAgPYEDAAAASE/gAAAAANITOAAAAID0BA4AAAAgPYEDAAAASE/g
AAAAANITOAAAAID0BA4AAAAgPYEDAAAASE/gAAAAANITOAAAAID0BA4AAAAgPYEDAAAASE/gAAAA
ANITOAAAAID0BA4AAAAgPYEDAAAASE/gAAAAANITOAAAAID0BA4AAAAgPYEDAAAASE/gAAAAANIT
OAAAAID0BA4AAAAgPYEDAAAASE/gAAAAANITOAAAAID0BA4AAAAgPYEDAAAASE/gAAAAANITOAAA
AID0BA4AAAAgPYEDAAAASE/gAAAAANITOAAAAID0BA4AAAAgPYEDAAAASE/gAAAAANITOAAAAID0
BA4AAAAgPYEDAAAASE/gAAAAANITOAAAAID0BA4AAAAgPYEDAAAASE/gAAAAANITOAAAAID0BA4A
AAAgPYEDAAAASE/gAAAAANITOAAAAID0BA4AAAAgPYEDAAAASE/gAAAAANITOAAAAID0BA4AAAAg
PYEDAAAASE/gAAAAANITOAAAAID0BA4AAAAgPYEDAAAASE/gAAAAANITOAAAAID0BA4AAAAgPYED
AAAASE/gAAAAANITOAAAAID0BA4AAAAgPYEDAAAASE/gAAAAANITOAAAAID0BA4AAAAgPYEDAAAA
SE/gAAAAANITOAAAAID0BA4AAAAgPYEDAAAASE/gAAAAANITOAAAAID0BA4AAAAgPYEDAAAASE/g
AAAAANITOAAAAID0BA4AAAAgPYEDAAAASE/gAAAAANITOAAAAID0BA4AAAAgPYEDAAAASE/gAAAA
ANITOAAAAID0BA4AAAAgPYEDAAAASE/gAAAAANITOAAAAID0BA4AAAAgPYEDAAAASE/gAAAAANIT
OAAAAID0BA4AAAAgPYEDAAAASE/gAAAAANITOAAAAID0BA4AAAAgPYEDAAAASE/gAAAAANITOAAA
AID0BA4AAAAgPYEDAAAASE/gAAAAANITOAAAAID0BA4AAAAgPYEDAAAASE/gAAAAANITOAAAAID0
BA4AAAAgPYEDAAAASE/gAAAAANITOAAAAID0BA4AAAAgPYEDAAAASE/gAAAAANITOAAAAID0BA4A
AAAgPYEDAAAASE/gAAAAANITOAAAAID0BA4AAAAgPYEDAAAASE/gAAAAANITOAAAAID0BA4AAAAg
PYEDAAAASE/gAAAAANITOAAAAID0BA4AAAAgPYEDAAAASE/gAAAAANITOAAAAID0BA4AAAAgPYED
AAAASE/gAAAAANITOAAAAID0BA4AAAAgPYEDAAAASE/gAAAAANITOAAAAID0BA4AAAAgPYEDAAAA
SE/gAAAAANITOAAAAID0BA4AAAAgPYEDAAAASE/gAAAAANITOAAAAID0BA4AAAAgPYEDAAAASE/g
AAAAANITOAAAAID0BA4AAAAgPYEDAAAASE/gAAAAANITOAAAAID0BA4AAAAgPYEDAAAASE/gAAAA
ANITOAAAAID0BA4AAAAgPYEDAAAASE/gAAAAANITOAAAAID0BA4AAAAgPYEDAAAASE/gAAAAANIT
OAAAAID0BA4AAAAgPYEDAAAASE/gAAAAANITOAAAAID0BA4AAAAgPYEDAAAASE/gAAAAANITOAAA
AID0BA4AAAAgPYEDAAAASE/gAAAAANITOAAAAID0BA4AAAAgPYEDAAAASE/gAAAAANITOAAAAID0
BA4AAAAgPYEDAAAASE/gAAAAANITOAAAAID0BA4AAAAgPYEDAAAASE/gAAAAANITOAAAAID0BA4A
AAAgPYEDAAAASE/gAAAAANITOAAAAID0BA4AAAAgPYEDAAAASE/gAAAAANITOAAAAID0BA4AAAAg
PYEDAAAASE/gAAAAANITOAAAAID0BA4AAAAgPYEDAAAASE/gAAAAANITOAAAAID0BA4AAAAgPYED
AAAASE/gAAAAANITOAAAAID0BA4AAAAgPYEDAAAASE/gAAAAANITOAAAAID0BA4AAAAgPYEDAAAA
SE/gAAAAANITOAAAAID0BA4AAAAgPYEDAAAASE/gAAAAANITOAAAAID0BA4AAAAgPYEDAAAASE/g
AAAAANITOAAAAID0BA4AAAAgPYEDAAAASE/gAAAAANITOAAAAID0BA4AAAAgPYEDAAAASE/gAAAA
ANITOAAAAID0BA4AAAAgPYEDAAAASE/gAAAAANITOAAAAID0BA4AAAAgPYEDAAAASE/gAAAAANIT
OAAAAID0BA4AAAAgPYEDAAAASE/gAAAAANITOAAAAID0BA4AAAAgPYEDAAAASE/gAAAAANITOAAA
AID0BA4AAAAgPYEDAAAASE/gAAAAANITOAAAAID0BA4AAAAgPYEDAAAASE/gAAAAANITOAAAAID0
BA4AAAAgPYEDAAAASE/gAAAAANITOAAAAID0BA4AAAAgPYEDAAAASE/gAAAAANITOAAAAID0BA4A
AAAgPYEDAAAASE/gAAAAANKrG+wJsI+UOz7KKAd7JgAAAENCEUVEETs+GHYEjuHkhZbRWXZGdEaU
ZVkxDgAA8AfrhahRFEVETURNUVMxTn4Cx3DQ1THKKDvKKDvLOPeoc+NNM94UMybMiPra+sGdHwAA
wCBr62iLZeuWxY+W/SjufOTO6KzpjKK2iKLcWT4Gd37sOYEju52XoZQ7ztgoO8q49LRL4+2vePtg
zwwAAGDIqK+tj1kTZ8WsibPimEOOiX+7999evFyliB2hQ+RIzSKjme0SN6KMiI6Ic486V9wAAADo
w9tf8fY496hzIzqicv1Cl/enJnBkVe7yzzKi7Cyjs6Mz3jTjTYM5KwAAgBTeNONN0dnRGWXnLn80
jhA5EhM4Etu5iGhZll0fMw6dMcizAgAAGPpmHDqj4lgqYpcbNZCSwJFUGbvcIeWF9TeiIywoCgAA
UIX62vqIjheOpXY5g6N0CkdaAkdGu7zfdn0zlp3eiAAAANXa9fKUirM3HFqlJHBk1a0wlp2l06kA
AAAGoCxfOJbqdoY8OQkc2ZXdPgAAAKiO46lhReAYRpzBAQAAUD3HUMOLwAEAAACkJ3AAAAAA6Qkc
AAAAQHoCBwAAAJCewAEAAACkJ3AAAAAA6QkcAAAAQHoCBwAAAJCewAEAAACkJ3AAAAAA6QkcAAAA
QHoCBwAAAJCewAEAAACkJ3AAAAAA6QkcAAAAQHoCBwAAAJCewAEAAACkJ3AAAAAA6QkcAAAAQHoC
BwAAAJCewAEAAACkJ3AAAAAA6QkcAAAAQHoCBwAAAJCewAEAAACkJ3AAAAAA6QkcAAAAQHoCBwAA
AJCewAEAAACkJ3AAAAAA6QkcAAAAQHoCBwAAAJCewAEAAACkJ3AAAAAA6QkcAAAAQHoCBwAAAJCe
wAEAAACkJ3AAAAAA6QkcAAAAQHoCBwAAAJCewAEAAACkVzfYEwCAvjS3Nsedj9wZC59cGE9seiKe
a30uIiLGNI6JSU2T4oRDT4gLjr4gJoye0OfrfOf+78RNi2/qenzY6MPipotu6mOL3Xtw3YNxxU+u
qBj77ju+GwePPLjfbTds2RC3P3J7LF6zOFY2r4zNrZujpqiJsSPHxlEHHRWnHXFavPrIV8fIupH9
vtblP748lq1f1vX4ouMuivfPfn+/233r/74V317y7a7HUw6cEvMunFfxnO77a6DmTpkb15xzzYC2
2Zs/o+6ea30u5j86Pxaurvw9ampsiqljp8acyXPivJedF2Max/T7Wrc/cnv80//+U8XYteddG3Mm
z6lqLhd/7+LYtG1T1+O/mfs3ccExF/S73aZtm+IXj/0ifrvmt7GqeVVs2rYp2jraYnTD6JgwekJM
Hzc9zj7y7Dh+wvFVzaO7vbmPAGAwCBwADEllWcZ3H/hu3PLALbG1fWuPz2/csjE2btkY96+9P26+
/+a44JgL4tJTL43GusZBmG3/2jra4muLvha3PXRbtHW09fj8upZ1sa5lXdyz6p74+qKvx1+c9Bfx
xpe/cRBmOryUZRk3/+7m+N4D34utbT1/jzZs2RAbtmyI+9bcFzctvikuPuHiuPj4i6MoigF9nS/f
++WYd9i8ffL711l2xs0P3By3/O6WXr+HTds2xaZtm2LFhhXxw+U/jJkTZsaVc6+MyQdOrur199c+
AoB9zSUqAAw5re2t8fHbPx43Lb6p17jRXUfZEf+z4n/ish9fFptbN++HGQ5Mc2tzXP7jy+P7S7/f
a9zo8fxtzfGle74U1999fXSWnfthhsNTa3trXHXHVfGNRd/o9cC9uy1tW+Lri74eV91xVbS2tw7o
az3d8nR88/+++VKnulvbO7bHp+/89I73QhXfQ0TE0nVL48M/+nA8uO7Bfp+7P/cRAOxrzuAAYEgp
o4y//8Xfx+KnFleMN9Q2xCsOe0VMapoUtTW1sf759bHkqSXR3Nrc9ZzHnn0srrnzmvj86z8fRQyN
vy63dbTFVbdfFQ8/83DFeE1RE8eOOzYOG3NYtHe0xxObnoiVzSsrnnPno3dGY21jXD738v055V6N
bhgdF864sOrnTx07dR/Opn87f48WrVnU43NHH3J0TG6aHJ1lZ6x5bk2Pn82iNYvi2ruujWvPv3ZA
v0c/WPaDOP+o8+PIg47c4/nvdP3d18e9q++tGKurqYtZh82KaWOnxcj6kfHM1mdi8ZrFsbZlbddz
trZvjU/N/1TMu3Debi+dGox9BAD7ksABwJBy2/LbYsHqBRVjpx9xelx+xuVx0MiDKsa3d2yP/7jv
P+LWZbd2jT247sH48YofD5nLO76++Ovx8MbKg8PZk2bHZWdcFhMOqFw3ZNn6ZfGFX38hVm56MXT8
5Pc/iVMnnRpnTj1zv8x3d0Y3jI5LTrxkUOcwED9c9sMev0fTx02PK868okd8WblpZXzh11+oWM9k
4ZML49Zltw4o6rR3tseN99wYN7zhhr1y0D//kfnxv0/8b8XYzAkz46Ov/GhMHDOxYryMMm5bflv8
64J/7Trrp2V7S/z7wn+Pvzvr73p9/cHYRwCwL7lEBYAhY3vH9orFLyMiTpp4UlxzzjU94kbEjrM6
PjTnQ3H6EadXjH//we/v03lW6+mWpyviS0TEaZNPi2vPu7ZH3IiImDF+Rnz+gs/H5KbKtRPm3Tcv
yrLcp3MdTra2be3xezR93PT4h9f9Q69nlkwZOyWuf+31MWP8jIrxby/5dtWXhey0bP2yuG35bQOf
dDdllPGtJd+qGDvyoCPjc6/5XI+4ERFRRBFvmf6WHhHq7ifurljQdKfB3EcAsK8IHAAMGXc9dlc0
b3vxkpPaojYuO+OyqCn6/s/VO2e9s+Lx6udWxyPPPLJP5jgQtz10W7R3tnc9PqDhgLjizCv6/H6a
GpvisjMuqxh7avNTseDJBbvZgu7uePSOrjuAROy4pOPKV17Z5wKgjXWNccXcK6K2qO0a29y6OeY/
On/AX/8bi78Rz259dsDb7Wrh6oXx1OanKsY+NOdD/d5d523HvS1GN4zuetze2R6/WfWbHs8b7H0E
APuCwAHAkHHPqnsqHp848cRe/1rd3bHjjo2mxqaKseXrl+/Vub0U3S8vOPfIc2PsiLH9bjfrsFlx
9MFHV4zd/fjde3Vuw1n3fXXqpFNjyoFT+t1uytgpccqkUyrGuv8Me1NXU1fxe/r89ufjKwu+UuVs
e9f90pHJTZNj1mGz+t2uobYhZk+aHY11jV0fjz37WI/n7e99BAD7gzU4ABgydr2+P2JH4KjWxSdc
HE+3PN31+OBRvS+suL9s2LKhx1/gB7KOxmlHnFaxsOOSp5fstbkNZx1lR4/fo7lT5la9/dwj5lbE
hQfXPRidZWefZ90URRF/ffpfx1W3X9U19svHfxmvPfq1ceqkUwcw+xct21D5PZw08aSqt/34WR/v
8/ODsY8AYH8QOAAYElq2t/Q4rX8gd6N423Fv29tT2iOPPvNoj7FjDjmm6u2POuioisfrW9ZHa3tr
n5cQEPHkc0/G9o7tFWMD2u8HV+737R3b46nNT8Wkpkl9bnfK4afEOUeeEz9/7OddY//8m3+OeX80
7yX9zFY3r654vDfvzDJY+wgA9jWBA4AhobeFEKu5nGOoWr9lfcXjkXUjK9ZG6M/4A8ZXPC6jjI1b
N8bhYw7fK/MbqLUta+N1N72uqufecvEtceCIA/fxjHq3/vn1PcZ6W9B1d7rv94gdZ+NUc/D+gTkf
iIVPLoyW7S0RsWOR2W8t+Va875T3Vf31I3acYbGtfVvF2NiRe++9MJj7CAD2JecSAjAktLa39hgb
Wd/3gopD2ba2ygPUAxoOGND2o+pH9Rjb0rZlj+b0h6D7fi+iiFENPffl7uzJfh87Ymy855T3VIz9
99L/7nUNjL60tLZUNa+XajD3EQDsS87gAGBIGG63Qd317ikRMeD1CWpranuMdXR27NGc/hC0l5X7
vSiKKKKoevu62p7/azSQ/f6Gl78h7njkjli6bumO+XS2x4333Bg3vOGGqufRUVb/9T7y04/E/Wvv
7/M5syfNjuvOv67r8WDvIwDYVwQOAIaG3o6vEjeP7oFiIAetEb0fMPYWPfaXpsamHrfj3Z3BPPNm
11uYRuwIZ2VZRlFUdwDf3tHeY2wg+72IIi4/4/L40G0f6opcy9Yvix899KN487Fvrvo1uussO6ue
Q38Gex8BwL4icAAwJDTW9lyIsfs6BJmMrKs8yN+yfWCn8G9p7/n8EXUj9mhOe2JU/aj445l/PGhf
v1oj6iv3URllbGnbUvUlQr1datH9Z9mfqWOnxltnvjVu+d0tXWPfWPSNeOWUV8ZBIw/qd/vu38Pu
5vVSDYV9BAD7gsABwJDQ26KUza3NgzCTvWPcAeMqHm9t3xqbWzfHmMYxVW2/4fkNPV9z1Lhensmu
xo/quQDmuufXxZEN1d2FZMOWnvu9t0U1+3PJiZfE3U/c3XWr4JbtLfGVBV+JT5z9iX63HVk3MkbU
jagIfL3NKyLifae8L5q3Vb5Pvr/0+7H4qcW7ff2hso8AYG+zyCgAQ0JTY1M0NTZVjK3ctLLq7X/+
2M/jvx78r66P+5/ue12CfW3a2Gk9xn6/8fdVb//os5W3mR1/wPgeZ3B0X9ej2nVMul/uMJwuL5jU
NCnqa+srxga037vd3rehtiEOG3PYgOfRUNsQHz79wxVjv3z8l7HwyYVVbT/lwCkVjx/e+HCvzzt2
3LExZ/Kcio/+YsNQ2UcAsLcJHAAMGceOO7bi8ZK1S6re9qsLvhrzfjuv66P7Qdj+dujoQ2PC6Mpb
b/5q5a+q3n7B6gUVj4+bcFyP53QPQjtvT9qfza2bKx6PaajurJIM6mrqYvq46RVjv17566q3v3f1
vRWPZ4yf0WPNimrNPnx2vPrIV1eMffk3X+6xAG1vjju08ue9cPXCqrarxlDaRwCwNwkcAAwZcybP
qXh835r74tmtz/a73YqNK2LTtk0VY91jyWB41dRXVTye/+j8qr6fhzY8FCs2rKgYO2vqWT2e1/0v
9cs3LK9qXg9teKji8XD763v3/b7wyYWxsrn/s4HWtqyNBU9WhqVXTn3lHs3lg3M+GKMbRld8jWpC
VPfvobm1OX768E/3aC59vf5g7iMA2FsEDgCGjPOPOr/iDhzbO7bHVxd+td/tvrPkOxWPJ4yeEDPG
z9jr8xuoNx/75qireXG5q61tW+OGX9/Q56UkW9u2xo333BjlLreQOXT0oXH6lNN7PPfkw0+ueLxy
08r47Zrf9jmnpeuWxoqNlfHklMNP6XObbF5z9GsqokJ7Z3t84VdfiO0d23e7TUfZEV/89RejraOt
a2x0w+g472Xn7dFcxo4YG+85+T0D3u64CcfFyw95ecXY1+77WqxuXr1H89lpKO0jANhbBA4AhoxR
9aPiHce/o2Lsrsfuii/e88Ve76jS1tEWX1nwlbhn1T0V42+b+bZ9Os9qTRwzMd48vfLWoPeuvjeu
ufOa2LhlY4/nP7HpifjYzz4WjzzzSMX4u09+d6+XAJw66dQel8H8493/GL97+ne9zufhjQ/H5375
uYqxcaPGxdwpc6v6frIYVT8q/uzEP6sYW7Z+WXzsZx/rNRCsa1kXV99xdY+FOf901p9WfWeRvrzh
2DfEzAkzB7zdpadeWnHL2JbtLfGRn36kx+VLu7p39b1x76p7d/v5nYbaPgKAvcFdVAAYUi4+4eJY
+OTCWLpuadfYT1b8JO5+/O6YPWl2TDhgxwH92pa1sfipxT3Wk5g5YWa8Zfpb+v06z7c9H9974HtV
z+v1L399jzUvqvHek98bDzz9QMUikfeuvjcu+a9L4rgJx8XEMROjo+yIVc2rYsWGFRVnbkREnPuy
c+OcI8/p9bXrauriL0/5y7juF9d1jW3atimu/H9XxswJM2PG+BkxumF0bGnbEg9teCgeWPtAxesX
UcSlp14aDbUN/X4fA91fB486OF5z1Guqfv7e+Jq7/owunHFhLFpvO4WKAAAgAElEQVSzqCIGLF23
NN73g/fF9PHT44gDj4iIiDXPrYml65f2WHj1pIknxUUzL9qj+e9URBGXnXFZ/NVtfzWgdTSOP/T4
eOcr3hn/ueQ/u8ae2fpMfHL+J2Pq2Kkx69BZcdDIg6K9sz02bNkQD657MJ587skerzNx9MReX38o
7SMA2BsEDgCGlNqiNj5z7mfi47d/vCIKtGxvibseu6vPbV920Mvis+d+Noqi6PN5ETsW2vzaoq9V
Pa8zjjjjJQWO+tr6+NxrPhdX3X5VxffTUXbE/U/f3+fdXs6ccmZceeaVfb7+WdPOilXNq+Kb//fN
ivGl65ZWRKLuiijiPae8J86a1nNtj94MdH8dffDRexw49uRnVEQRV599dXzm55+J+9bc1/WcMspY
tn5ZLFu/bLevM+vQWXHNuddU9XtUrWljp8VbZ741bvndLQPa7s9P/PNo62jrsd0Tm56IJzY90e/2
Z007Kz4w5wO9fm6o7SMA2FMuUQFgyGlqbIobXn9DXDjjwoo1LHanrqYu3jL9LXHjG2+MMY1D744g
BzYeGF98/RfjouMuqupsiZ1mTphZ1ff/rle8Kz51zqdi3KhxVb3uhAMmxGfP+2yPy4GGm8a6xrju
/Ovi3Se/u2Jtl90ZUTci3vWKd8X1r7s+Rtb1//yBuuTES2LimN7PpujLe095b1x73rVx+JjDq95m
4piJ8dFXfTQ+cfYn+vwdGmr7CAD2hDM4ABiSGmob4oNzPhgXzbwofvbIz2LxU4tjVfOqeH7781FT
1ERTY1NMHTs1Tjj0hHjt0a+NQ0YdMthT7lN9bX28f/b7460z3xp3PHJHLFqzKFY2r4zNrZujvrY+
Dh55cDyz9ZnY2ra1a5t5v50Xy9Yvi78982/7Pfg8c8qZcdrk0+Lux++OBU8uiBUbdtxZZmvb1hhR
PyLGjhgbx447NuZMnhNnTTvrD+a2nkVRxJ+c8Cfxxpe/MeY/Oj8WPrkwHn/28WhubY6IHbfInXbQ
tJh9+Ow4/6jz48ARB+6zuTTUNsSHT/9wfOL2Twx42zmT58TsSbPjN6t+E79a+atYsXFFrG9ZH60d
rTGqflQ0NTbFuAPGxQmHnhAnTzw5jptwXNVnVwylfQQAe6IYf+L43S7lPnfu3Dht1mmxrG5ZPF33
9P6cF30pY8cK/GVE2VlG2VlGZ3tndLR2xC/+5heDPTsAXqLVz62Oz/z8M7FyU+XtOic3TY5PnvPJ
mDZ22iDNDACGp7NvODtqG2ujpq4mipoiipoiotgRf8NVeOm4RAUAhojJTZPjS2/8Urxq6qsqxlc/
tzquvuPqXu8kAwDADgIHAAwhI+tGxtWvvjree8p7o6bY8Z/pcaPGxXXnXxcj6kYM8uwAAIYua3AA
wBD0juPfEcccckx8e8m342Ov+ljX7XEBAOidwAEAQ9RJE0+KkyaeNNjTAABIwSUqAAAAQHoCBwAA
AJCewAEAAACkJ3AAAAAA6QkcAAAAQHoCBwAAAJCewAEAAACkJ3AAAAAA6QkcAAAAQHoCBwAAAJCe
wAEAAACkJ3AAAAAA6QkcAAAAQHoCBwAAAJCewAEAAACkJ3AAAAAA6QkcAAAAQHoCBwAAAJCewAEA
AACkJ3AAAAAA6QkcAAAAQHoCBwAAAJCewAEAAACkJ3AAAAAA6QkcAAAAQHoCBwAAAJCewAEAAACk
J3AAAAAA6QkcAAAAQHoCBwAAAJCewAEAAACkJ3AAAAAA6QkcAAAAQHoCBwAAAJCewAEAAACkJ3AA
AAAA6QkcAAAAQHoCBwAAAJCewAEAAACkJ3AAAAAA6Qkcw0kR0dbRNtizAAAAGPLaOtoiisGeBXuT
wDHMLF2zdLCnAAAAMOQ5dhp+BI7hoogoiiJuXXLrYM8EAABgyLt1ya1RFIWzOIYRgWM4KSLuWH5H
3Lzg5sGeCQAAwJB184Kb447ld4gbw0zdYE+AvaOIIoqaIoraIv7lrn+J5U8tjwtPujBmHj4zGuoa
Bnt6AAAAg2p7+/ZYumZp/GDxD2L+Q/Ojpr5mxzGUyjFsCBzDxQuXqBS1RRRlEfOXz4/bl94e0RkR
5WBPDgAAYJAVEVETUVNTE0X9C8dOLlEZVgSO7IrKj6Iooqa2JsqijKKjiLJUNwAAACJ2+aNwzS5x
Y9cPUhM4str55ivjxTdmTeXni0LgAAAA2KkoioianqGjKF44wBI6UhM4MioiirKIMsodESPKHWM1
L74Ti7KIsqaMovTuBAAAiIiuPwTvPH4qaoqKs+F3PMVlK1kJHJl1RcYdFbLsLF98g5YvRA5ncAAA
AEREVFyWUhE6dr1chbQEjqx2OYtjR2DcETmi3OUjwhkcAAAAOxUv/rMrcOyy0KizN3ITODJ7IWyU
5YuRY+dlK+6cAgAAsBs7g8auccMdVdITOLLbJWxExItxwxsTAABg93Y9m8OZG8OCwDEcvHC5ShTR
FToAAADow86w8cK/k1+fgaPiVjkMbTt/VKXyCAAAUBXHTsPKbgNHTU1N1NTURGd07s/5sKe8QQEA
4P+zd+9xctb1oce/z8zsbu43CBAgEu73EIVqhRK5CSiKWqlyEbByUCnFC8WiHHqwFV+H4vFobStH
tJRSFG9trcdWWzioiKgUEA3hEsIlkAsQEkiySXZ3Ls/5Y0NgCSEbEnb2u3m/eeX1Ynafmec3uzOz
z3zmeX4PsA2qbOwb1Uo1ukZ1RSta0YjGUI4JAAAAYLNsNHB0dHTElElTol7Uo1k0h3JMAAAAAJtl
o4FjdOfomDJ+SvSu+w8AAABguHrJwFGr1mL67tOjq6Mr1lbWRm9F4AAAAACGr5cMHGNGjYl99t0n
mpVmrKisMNEoAAAAMKxtEDg6ah2x9757x44Td4w1xZp4tvpsO8YFAAAAMGgDThPb2dEZM3abETMP
nhlltYynqk9FX/S1a2wAAAAAg1KrVCpRKSrR2dkZe+21V7x25mtj/Jjx8VTlqVhWWebwFAAAAGDY
q+2w3Q6x3dTtYtddd43pO0+P0aNGxzOVZ2JJdUn0FD3tHh8AAADAJtWOP/H46Kx2xtjOsdGsNmN5
dXksKZbEqmJVu8cGAAAAMCi1SeMmRSMa8Ww8G6uqq+LJypPRU+mJMsp2jw0AAABgUGqP1R6LetRj
VWVVrC5WR7nuPwAAAIAsaguqC9o9BgAAAIAtUmn3AAAAAAC2lMABAAAApCdwAAAAAOkJHAAAAEB6
AgcAAACQnsABAAAApCdwAAAAAOkJHAAAAEB6AgcAAACQnsABAAAApCdwAAAAAOkJHAAAAEB6AgcA
AACQnsABAAAApCdwAAAAAOkJHAAAAEB6AgcAAACQnsABAAAApCdwAAAAAOkJHAAAAEB6AgcAAACQ
nsABAAAApCdwAAAAAOkJHAAAAEB6AgcAAACQnsABAAAApCdwAAAAAOkJHAAAAEB6AgcAAACQnsAB
AAAApCdwAAAAAOkJHAAAAEB6AgcAAACQnsABAAAApCdwAAAAAOkJHAAAAEB6AgcAAACQnsABAAAA
pCdwAAAAAOkJHAAAAEB6AgcAAACQnsABAAAApCdwAAAAAOkJHAAAAEB6AgcAAACQnsABAAAApCdw
AAAAAOkJHAAAAEB6AgcAAACQnsABAAAApCdwAAAAAOkJHAAAAEB6AgcAAACQnsABAAAApCdwAAAA
AOkJHAAAAEB6AgcAAACQnsABAAAApCdwAAAAAOkJHAAAAEB6AgcAAACQnsABAAAApCdwAAAAAOkJ
HAAAAEB6AgcAAACQnsABAAAApCdwAAAAAOkJHAAAAEB6AgcAAACQnsABAAAApCdwAAAAAOkJHAAA
AEB6AgcAAACQnsABAAAApCdwAAAAAOkJHAAAAEB6AgcAAACQnsABAAAApCdwAAAAAOkJHAAAAEB6
AgcAAACQnsABAAAApCdwAAAAAOkJHAAAAEB6AgcAAACQnsABAAAApCdwAAAAAOkJHAAAAEB6AgcA
AACQnsABAAAApCdwAAAAAOkJHAAAAEB6AgcAAACQnsABAAAApCdwAAAAAOkJHAAAAEB6AgcAAACQ
nsABAAAApCdwAAAAAOkJHAAAAEB6AgcAAACQnsABAAAApCdwAAAAAOkJHAAAAEB6AgcAAACQnsAB
AAAApCdwAAAAAOkJHAAAAEB6AgcAAACQnsABAAAApCdwAAAAAOkJHAAAAEB6AgcAAACQnsABAAAA
pCdwAAAAAOkJHAAAAEB6AgcAAACQnsABAAAApCdwAAAAAOkJHAAAAEB6AgcAAACQnsABAAAApCdw
AAAAAOkJHAAAAEB6AgcAAACQnsABAAAApCdwAAAAAOkJHAAAAEB6AgcAAACQnsABAAAApCdwAAAA
AOkJHAAAAEB6AgcAAACQnsABAAAApCdwAAAAAOkJHAAAAEB6AgcAAACQnsABAAAApCdwAAAAAOkJ
HAAAAEB6AgcAAACQnsABAAAApCdwAAAAAOkJHAAAAEB6AgcAAACQnsABAAAApCdwAAAAAOkJHAAA
AEB6AgcAAACQnsABAAAApCdwAAAAAOkJHAAAAEB6AgcAAACQnsABAAAApCdwAAAAAOkJHAAAAEB6
AgcAAACQnsABAAAApCdwAAAAAOkJHAAAAEB6AgcAAACQnsABAAAApCdwAAAAAOkJHAAAAEB6AgcA
AACQnsABAAAApCdwAAAAAOkJHAAAAEB6AgcAAACQnsABAAAApCdwAAAAAOkJHAAAAEB6AgcAAACQ
nsABAAAApCdwAAAAAOkJHAAAAEB6AgcAAACQnsABAAAApCdwAAAAAOkJHAAAAEB6AgcAAACQnsAB
AAAApCdwAAAAAOkJHAAAAEB6AgcAAACQnsABAAAApCdwAAAAAOkJHAAAAEB6AgcAAACQnsABAAAA
pCdwAAAAAOkJHAAAAEB6AgcAAACQnsABAAAApCdwAAAAAOkJHAAAAEB6AgcAAACQnsABAAAApCdw
AAAAAOkJHAAAAEB6AgcAAACQnsABAAAApCdwAAAAAOkJHAAAAEB6AgcAAACQnsABAAAApCdwAAAA
AOkJHAAAAEB6AgcAAACQnsABAAAApCdwAAAAAOkJHAAAAEB6AgcAAACQnsABAAAApCdwAAAAAOkJ
HAAAAEB6AgcAAACQnsABAAAApCdwAAAAAOkJHAAAAEB6AgcAAACQnsABAAAApCdwAAAAAOkJHAAA
AEB6AgcAAACQnsABAAAApCdwAAAAAOkJHAAAAEB6AgcAAACQnsABAAAApCdwAAAAAOkJHAAAAEB6
AgcAAACQnsABAAAApCdwAAAAAOkJHAAAAEB6AgcAAACQnsABAAAApCdwAAAAAOkJHAAAAEB6AgcA
AACQnsABAAAApCdwAAAAAOkJHAAAAEB6AgcAAACQnsABAAAApCdwAAAAAOkJHAAAAEB6AgcAAACQ
nsABAAAApCdwAAAAAOkJHAAAAEB6AgcAAACQnsABAAAApCdwAAAAAOkJHAAAAEB6AgcAAACQnsAB
AAAApCdwAAAAAOkJHAAAAEB6AgcAAACQnsABAAAApCdwAAAAAOkJHAAAAEB6AgcAAACQnsABAAAA
pCdwAAAAAOkJHAAAAEB6AgcAAACQnsABAAAApCdwAAAAAOkJHAAAAEB6AgcAAACQnsABAAAApCdw
AAAAAOkJHAAAAEB6AgcAAACQnsABAAAApCdwAAAAAOkJHAAAAEB6AgcAAACQnsABAAAApCdwAAAA
AOkJHAAAAEB6AgcAAACQnsABAAAApCdwAAAAAOkJHAAAAEB6AgcAAACQnsABAAAApCdwAAAAAOkJ
HAAAAEB6AgcAAACQnsABAAAApCdwAAAAAOkJHAAAAEB6AgcAAACQnsABAAAApCdwAAAAAOkJHAAA
AEB6AgcAAACQnsABAAAApCdwAAAAAOkJHAAAAEB6AgcAAACQnsABAAAApCdwAAAAAOkJHAAAAEB6
AgcAAACQnsABAAAApCdwAAAAAOkJHAAAAEB6AgcAAACQnsABAAAApCdwAAAAAOkJHAAAAEB6AgcA
AACQnsABAAAApCdwAAAAAOkJHAAAAEB6AgcAAACQnsABAAAApCdwAAAAAOkJHAAAAEB6AgcAAACQ
nsABAAAApCdwAAAAAOkJHAAAAEB6AgcAAACQnsABAAAApCdwAAAAAOkJHAAAAEB6AgcAAACQnsAB
AAAApCdwAAAAAOkJHAAAAEB6AgcAAACQnsABAAAApCdwAAAAAOkJHAAAAEB6AgcAAACQnsABAAAA
pCdwAAAAAOkJHAAAAEB6AgcAAACQnsABAAAApCdwAAAAAOkJHAAAAEB6AgcAAACQnsABAAAApCdw
AAAAAOkJHAAAAEB6AgcAAACQnsABAAAApCdwAAAAAOkJHAAAAEB6AgcAAACQnsABAAAApCdwAAAA
AOkJHAAAAEB6AgcAAACQnsABAAAApCdwAAAAAOkJHAAAAEB6AgcAAACQnsABAAAApCdwAAAAAOkJ
HAAAAEB6AgcAAACQnsABAAAApCdwAAAAAOkJHAAAAEB6AgcAAACQnsABAAAApCdwAAAAAOkJHAAA
AEB6AgcAAACQnsABAAAApCdwAAAAAOkJHAAAAEB6AgcAAACQnsABAAAApCdwAAAAAOkJHAAAAEB6
AgcAAACQnsABAAAApCdwAAAAAOkJHAAAAEB6AgcAAACQnsABAAAApCdwAAAAAOkJHAAAAEB6AgcA
AACQnsABAAAApCdwAAAAAOkJHAAAAEB6AgcAAACQnsABAAAApCdwAAAAAOkJHAAAAEB6AgcAAACQ
nsABAAAApCdwAAAAAOkJHAAAAEB6AgcAAACQnsABAAAApCdwAAAAAOkJHAAAAEB6AgcAAACQnsAB
AAAApCdwAAAAAOkJHAAAAEB6AgcAAACQnsABAAAApCdwAAAAAOkJHAAAAEB6AgcAAACQnsABAAAA
pCdwAAAAAOkJHAAAAEB6AgcAAACQnsABAAAApCdwAAAAAOkJHAAAAEB6AgcAAACQnsABAAAApCdw
AAAAAOkJHAAAAEB6AgcAAACQnsABAAAApCdwAAAAAOkJHAAAAEB6AgcAAACQnsABAAAApCdwAAAA
AOkJHAAAAEB6AgcAAACQnsABAAAApCdwAAAAAOkJHAAAAEB6AgcAAACQnsABAAAApCdwAAAAAOkJ
HAAAAEB6AgcAAACQnsABAAAApCdwAAAAAOkJHAAAAEB6AgcAAACQnsABAAAApCdwAAAAAOkJHAAA
AEB6AgcAAACQnsABAAAApCdwAAAAAOkJHAAAAEB6AgcAAACQnsABAAAApCdwAAAAAOkJHAAAAEB6
AgcAAACQnsABAAAApCdwAAAAAOkJHAAAAEB6AgcAAACQnsABAAAApCdwAAAAAOkJHAAAAEB6AgcA
AACQnsABAAAApCdwAAAAAOkJHAAAAEB6AgcAAACQnsABAAAApCdwAAAAAOkJHAAAAEB6AgcAAACQ
nsABAAAApCdwAAAAAOkJHAAAAEB6AgcAAACQnsABAAAApCdwAAAAAOkJHAAAAEB6AgcAAACQnsAB
AAAApCdwAAAAAOkJHAAAAEB6AgcAAACQnsABAAAApCdwAAAAAOkJHAAAAEB6AgcAAACQnsABAAAA
pCdwAAAAAOkJHAAAAEB6AgcAAACQnsABAAAApCdwAAAAAOkJHAAAAEB6AgcAAACQnsABAAAApCdw
AAAAAOkJHAAAAEB6AgcAAACQnsABAAAApCdwAAAAAOkJHAAAAEB6AgcAAACQnsABAAAApCdwAAAA
AOkJHAAAAEB6AgcAAACQnsABAAAApCdwAAAAAOkJHAAAAEB6AgcAAACQnsABAAAApCdwAAAAAOkJ
HAAAAEB6AgcAAACQnsABAAAApCdwAAAAAOkJHAAAAEB6AgcAAACQnsABAAAApCdwAAAAAOkJHAAA
AEB6AgcAAACQnsABAAAApCdwAAAAAOkJHAAAAEB6AgcAAACQnsABAAAApCdwAAAAAOkJHAAAAEB6
AgcAAACQnsABAAAApCdwAAAAAOkJHAAAAEB6AgcAAACQnsABAAAApCdwAAAAAOkJHAAAAEB6AgcA
AACQnsABAAAApCdwAAAAAOkJHAAAAEB6AgcAAACQnsABAAAApCdwAAAAAOkJHAAAAEB6AgcAAACQ
nsABAAAApCdwAAAAAOkJHAAAAEB6AgcAAACQnsABAAAApCdwAAAAAOkJHAAAAEB6AgcAAACQnsAB
AAAApCdwAAAAAOkJHAAAAEB6AgcAAACQnsABAAAApCdwAAAAAOkJHAAAAEB6AgcAAACQnsABAAAA
pCdwAAAAAOkJHAAAAEB6AgcAAACQnsABAAAApCdwAAAAAOkJHAAAAEB6AgcAAACQnsABAAAApCdw
AAAAAOkJHAAAAEB6AgcAAACQnsABAAAApCdwAAAAAOkJHAAAAEB6AgcAAACQnsABAAAApCdwAAAA
AOkJHAAAAEB6AgcAAACQnsABAAAApCdwAAAAAOkJHAAAAEB6AgcAAACQnsABAAAApCdwAAAAAOkJ
HAAAAEB6AgcAAACQnsABAAAApCdwAAAAAOkJHAAAAEB6AgcAAACQnsABAAAApCdwAAAAAOkJHAAA
AEB6AgcAAACQnsABAAAApCdwAAAAAOkJHAAAAEB6AgcAAACQnsABAAAApCdwAAAAAOkJHAAAAEB6
AgcAAACQnsABAAAApCdwAAAAAOkJHAAAAEB6AgcAAACQXq3dAwCGuUZE85lmlKvKKFeV0epuRWtN
K6I3ouwto6yXEa3o/wcAsLkq/f+KjiKKriKiK6IyphKVcZUoxhdRjC+iOrnqnQuwSV4mgAFaK1rR
fLIZraWtaC1vRWuFcgEAvIrWfVBSNsoo15brvrTh9kdlYiUqUypRmVqJ6o7VqEy0MzowkMABRHNh
MxoLG9F6ohWtbkEDABh+WivWffDySP/lyrhKVHaqRG3XWlR3rbZ3cMCwIHDANqq5uBmNBY1oLGhE
NNo9GgCAzdPqbkVrfisa8xsRtYjabrWo7VaL6s5iB2yrBA7YhpR9ZTQebETj4YZDTwCAkaMR0Xio
EY2HGlGZWInaHrWo7V2LorNo98iAISRwwDag1d2K+n31aDzYMBkoADCitVa0ou/XfdH3m76o7V2L
jv07ojLOfB2wLRA4YAQrV5fRN7cvGvMcgwIAbGNaEY0HGtF4oBG1fWrReWBnFGPt0QEjmcABI1EZ
Uf9tPfrm9LV7JAAAbdeY14jGvEZ0HtwZHTM7InQOGJEEDhhhGo82on533dlQAABepG9OXzQeaUTH
rI6ozfBWCEYaz2oYIcrVZfTd2ReNxxyOAgCwMa3uVvTe2hvNx5rReajDVmAkEThgBGg83Ije23ud
7hUAYJAajzWisbgRXa/vitoe3hbBSOCZDMn1/rK3//zvAABsnkZE72290XyqGV2/29Xu0QBbSOCA
pForWtF7W2+0lplrAwBgSzTmN6L1TCu6Du+KykSnlIWsPHshoebCZqz94VpxAwBgK2kta8XaH66N
5sJmu4cCvEICByRTn1ePnp/0mG8DAGBra0T0/KQn6vPq7R4J8AoIHJBI/Z569N3e1+5hAACMaH23
90X9HpEDshE4IIn6b+rRd7e4AQAwFPru7ov6b0QOyETggATqv6lH3xxxAwBgKPXNETkgE4EDhrn6
PeIGAEC79M1xuApkIXDAMFaf57AUAIB267u7z8SjkIDAAcNUc2HThKIAAMNE3+19TiELw5zAAcNQ
a0Urem7tafcwAAB4gZ5be6K1otXuYQAbIXDAMNR7W29Eo92jAABggMa67TRgWBI4YJjp/WVvtJb5
ZAAAYDhqLWtF7y9FDhiOBA4YRhoPN6Ix364bAADDWWN+IxoP22aD4UbggGGiXF1G7+0+DQAAyKD3
9t4oV5ftHgbwAgIHDBN9d/aZdwMAIIvGuu03YNiotXsAQETj0UY0Htt260ZRFFEURXR1dsXYMWNj
7Nixsdcee8Vee+4V03eZHlO3nxrjx4+PWrUW9UY9OmodUW/Uo3tVdyxdtjQeX/R4PPTwQzH/4fmx
evXq6F7dHb19vVGWZZSlT1YAgFdH47FGVB+tRm2Gt1UwHBTHX3u8rX9opzJi7ffWRmv1tjWxaFdn
Vxy4/4Fx7JuOjd859HdetfXc+es746af3BT33HtP9PY5BAgA2LoqYysx+p2jI4p2jwQQOKDN6r+p
R9+cbWf3xhOOPSHOeO8ZMapr1JCvu6e3J274zg3xwxt/OOTrBgBGrs6DO6PjkI52DwO2eQIHtFG5
uow1/7Km3cMYEp/8+Cdj1sxZUam0f+qfVqsVd//27rjiC1e0eygAwAgx5l1johhrNw5oJ4ED2qj3
9t5ozBu5c28URRGnvvvUeNfb39XuoWzUD370g/jHb/6juToAgC1S26cWXa/vavcwYJvW/o9SYRvV
6m6N6Lix3ZTt4qr/fdWwjhsREW878W3xlS9+JaZuP7XdQwEAEmvMa0Sre9uaUw2GG4ED2qR+X73d
Q3jVHHLQIfE3/+tvYsqUKe0eyqBMmjQpvnTll+J1h7yu3UMBABIbydt3kIHAAW1Q9pXReHBk7r1x
yEGHxCUXXRLVarXdQ9ks1Wo1Lv74xXHorEPbPRQAIKnGg40o+xz2Cu0icEAbNB5sRIzAPRi3m7Jd
fPLCT0ZR5JxgqyiKuOgjF8UOU3do91AAgIxaMWI/xIIMTDIKbbD2/66N1oqRVTiKooirvnBVTJm8
5YelNBqNePihR+InN/8sfvz/fhaLFz0RERFlWUZZllEURRRRRBQRO07bIWYfdXgce9ybYs+99ojO
zs4tXv+zzz4bH/74h6PVGlm/IwDg1VeZWInRbx/d7mHANknggCHWXNyMnpt72j2Mre60U07b4glF
ly5dGl/+67+LH990SzRbzSiiGNTZTYqiiDLKqBSVOPJNb8B1FVgAACAASURBVIw/+si5sfPO07Zo
LD/40Q/iuhuu26LbAAC2TaOOGRXVnXMdrgsjgcABQ6z3F73ReGhk7bpYFEV869pvveLrr1ixMj7x
sUvigfsfjK2x00SlEvGaGbvFl758ZUyePOkV3857zn7Plg8GANjm1PasRdcbnTIWhpo5OGCINRaM
rLgREXHxxy5+RddrtVpx7TXXx9tPfE/cf9/8rRI3+m834tGHF8Q73nJq/O1fX/2KDzX59Kc+vXUG
BABsU0bi9h5kIHDAEGoubEaMsL93RVHErJmzNvt6ZVnGe9/9/rjm6uujbJWDOhTllazjm9f/U5zy
9jOj2dz8yLH/vvunnTAVAGijxrrtPmBI1do9ANiWNBaOsLoREccfc3xUKpvXSlevXh3vfOtp0dPT
+yqNaqClTz8dxx91cvzzD74eEydOHPT1iqKIk99ycvzrv//rqzg6sps4YWKcc9Y5A54Hq9esjr/7
h7+LvnpfG0fGq+H4Y4+PmQfOXH950eJFccN3b2jjiHg5fl+0U2NhI6q7mocDhpLAAUOo9cTIOyvH
Ge89Y7OW748bpw9Z3HhOX189fv9t74vvfv+6mDx58qCvd8q7ThE4eFl//KE/juOOPm795XqjHp/7
4ufEjRFq5oEz46QTT1p/ec7cOS/7hrmzozN2n7F7LFq8KLpXdw/FEHmBzf19wdY0Erf7YLgTOGCI
tFa0otU9sv7QjeoaFaO6Rg16+VarNaR7brxYX19fvPvtZ8aNP/3XqFYH94lKV2dXjOoaFT29Q3fm
myv+/IoYP378+ss/vuXH8d3vfXfI1s/gzT5idhzzpmPWX261WnH1NVfHjTff2MZRMVwc9trD4pKL
LonJkydHvVGPa//x2vjGd77R7mEBQ6TV3YrWilZUJpoVAIaKZxsMkeaTI+84zIMOOGjQy5ZlGaef
8oG2xY3n1Ov1+P23nb5ZE4++btbrXsURbWi/ffaLA/Y7YP2/aTtt2SlveXWMGzsuzvtv5w04NOXr
3/66GMV6Z7z3jPV7jHXUOuLM08/crCgM5DcSt/9gOBM4YIi0lo6svTciIo6ZfcymF1rn+uu+GYsX
P7FZt1+W/ZOPViqVmLbL9jFluwkRZcTo0V1Rrb7yl6/ly5+Nq6/6+0Evf9TvHfWK18XIdf4Hz4+d
dtxp/eXv/9v345rrrmnjiBhuXrgnVkT/Xm+TJr3yU1cD+YzE7T8YzhyiAkOktXxk/YEriiIOe91h
g1p25cpV8dX/8w+bdaaUoihij312je1eMz5OeNfhUUxoREdXLWqVWjQajVjb3YinHl4eD9+zJO6/
a0EsfeKZaDQGP4nrDdd/J979nnfE1Knbb3LZWTNnRVEUr8qZXsjpiN89Io4/9vj1l39660/jC3/7
hTaOiOHozl/fGXvuvuf6y/c9cF888eTmhV4gt5G2/QfDncABQ6HRPwfHSDLYM6eUZRkXX3hpxCDb
QFmWsefBu8YH/uTkqEwso6feHfVYE2XZjEZUo7PsjL7ojWJCJbY/uCte89pD4vizD4uFjz0ZP/zq
7bFw/lPR11ff6O1Xa5VoNlpRKSrx8T/+ZFz/ra8NalzVSjUazZF3Fhw237ix4+K8c58/NOWuu++K
y6+8vM2jYji66mtXxbLly2KfvfeJp59+Or71T99q95CAIdZa0YpohHddMEQ81WAINJ8ZecdfdnZ0
Dmq55cuXx9y5D0SrbEURRUT0R4yiKNYvU0YZUUZMmjouzr3ybVEbU0R35dn+DYIooxVlRNmKoqxE
X1mPZtmIKKtRKapRL3ujp7k2pu46Od7/52+Jvu56XP3fvx/Vohbjxo+Jakclqp2VaFYaseOMybHL
flNixxlTYsykzohWxPKVy2LKhO02eT9Gjx4dq7pXvZIfFSPQZ674zPr/f3zh45u19xDblm//87fb
PQSgzZrPNKM61eliYSgIHDAEylUj79CGcePGDWq5uUv/Kz7wlyfG6md7otnTiuVPrIpqqxpd1VHx
6INLolUvY9q0HaJjYhGz3jkjmmVzXdB4wc+sbEUUlSijjGa0IooiomxFq+gPHhERa8s10SqbUR1T
i3O/+NYYXRkb1Wo1VjdWRVlG1Fv1iCijKCpRlq2InmZ09kU8suq2mHLg2zd5P8aPGy9wEBER3au7
44EHH2j3MABIolxVRkxt9yhg2yBwwBAYiYFj7Jixm1ym2WzGqq4lsd30CbHd9AkREbF7sVN0FLWI
KGL/1rSoFrXoKDqjr+zp3zMjig1upyxbUVRq66JHGVFUIlrNAYuW6+JFK1rRKltRNrujbK4LIutu
ddKqImY+VERENcriuasvi769+6Kz8+X3SJkwfkIsfmLxIH4yAADPG4nbgTBcCRwwBFrdI2v+jYiI
vfbYa5PLrFn+dMy+u4goiyiLiBVjIxbs1IrlExr9caEoohnNaJZr113jBYetNPsiyjKKSi2KSkdE
PPczLPuXK4ooW/V1vaMaZasRRVGJqPS/rDXi+cOCJnRHvPbBSpTF86t4bk1lGbH6ycXROX3Gy96X
PWbsEfc/eP8m7/Nw0NnRGcccdUwctP9BsdOOO8WYMWOiLMtYs2ZNPPnUk3HfA/fFj2/5caxZu2ZY
3v5zDnvtYfHGN7wxdtxhx5g4YWJUKpVYtWpVLFu+LO749R3x81/8PPrqfVu0js31hsPeEG98/Rtj
+q7TY+zYsdHb2xsrV62Mxxc9Hrfedmvce/+9W32dJ51wUnR0dKy//F93/lcsWrJoUNc9+a0nD5gv
5/Y7b4/FSzYMdSe++cQBpy+96cc3Rffq7oiImLbTtHjT770p9t93/5gwfkKMGjUqVq5cGUufXhq3
/eq2uO1Xt210/QcdcFAcefiRsdv03WLChP7IuXr16li4aGHc9Zu74me3/WxQ92NLjRs7LmYfMTsO
OfiQmDhh4vqzm6xatSoWPL4g7vz1nXH7nbdv9fXOmjkrZrzm+deWZcuXbdZ9njVzVsw+YnbsvNPO
MWHChGg0GrFy1cp4cP6DccvPb4lHFjwSERE7TN0hDn/D4euv99TSpzb6exmKx9PGtOP5szVs7dei
444+LsaNfX4vyJt/enOsXLUyIiJqtVocdeRR8fpDXx9TJk+JcePGRU9PTyx9emnMmTsnfnTjj17x
697BBx4cR88+esDj6Zlnn4l5D86Lm2+5OZY8sSQiIiZOmBhHzz56/fU293EbMTxfv9tpJG4HwnAl
cMAQaK0ZeX/Y9txjz00u07f40eh4QVSYuCbi4If7N47nzmjFspc6W2LZfwhKUXT0X69S9FeI4rld
Lp4rFJUoikoURf+Ep5VqZ9R76lE2+qKoPb83xoTuiFnzK/1N5CVWVxQRjUWPRGwqcOyxxybv73Bw
9ulnxztOekdMnjx5o8ucdOJJce77z41/v/Hf45rrrtms+SNe7duPiDjhuBPirNPOip2n7bzRZd56
wltjVfeq+N4PvhfX33D9q76hfOxRx8b7Tn3fgDerL3baKafFfQ/cF1d97aqYM3fOVlv3eeeeN2CP
qcuvvHzQb0gv+PAFUas9/6f+L674i5d8Q/rB939wwO/0vgfui2XLl8UHzvpAHHf0cdFR69jgOhH9
v+uFixfGV//+q3HLz29Z//Xpu0yPj5z3kTj0tYcOmG/nOYe97rB459vfGY8seCS+fPWX445f3zGo
+7O5xo0dF+ecdU6cePzAgPNCb/idN8R7fv89Mf/h+fH1b309fvKzn2y19R931HFx0oknrb88Z+6c
Qb1RPOiAg+L8D54f++2z30t+/4jfPSLOPO3M+OnPfxpfu/ZrccB+B8RH/+ij679/x113bDRwDMXj
6cXa+fzZEq/Wa9E5Z50z4BTT8x+eH/fce0+c/NaT4+zTz44pU6a85PWOO/q4OPO0M+Oa666JH974
w0Hfj3333jcu+PAFceD+B77k92cfMTvOft/Z8Z83/Wdc/fdXx5677zng8TTYx23E8Hz9Hg5G4nYg
DFcCBwyF3nYPYOubvsv0TS6zZsFDMfFFX3vurc6Bj1ZiwY5lLJj2ork2ooiF9z4RP7nml9GoN+PQ
tx0YBx+3X7xUnnh2ycr49mU/6J+0NCI6RnfE+7/4B+vn7IiyP268VNh4ocYTCzd5X3aZtssml2mn
cWPHxWf+7DMxa+asQS0/ceLEOO2U0+KQgw6JSz59SaxYuaKttx/Rv2fIpRdfGkcefuSg1jF+3Pg4
89Qz48jDj4xL//zSQb9J2xy1Wi0uvODCOPG4E1/yjfqL7b/v/vH5//n5+Ku//av4t//4t60+nqEy
fdfpcdmnLotpO03b5LK77rxrXHrxpfH5L30+/uOm/4ijZx8dH/2jj8bECS9+9m9o9912j8svuzyu
/MKVcfNPb94aQ19vjxl7xOX/4/JB3YeI/r3SLv3TS2PfvfeNr1zzla06ls3x5mPeHBd99KJNTuRc
rVbjmNnHxIH7HRg337J1f3ZbS9bnz1C/Fo0dMzYu/dNL49ijjt3ksttvt3184mOfiEkTJ8UN371h
k8sfefiR8amLPhWjR41+2eU6ah1x0oknxQH7HxD/8v1/GfTYnzMcX7+HlRG4HQjD1eDO8whskbJ3
5B17OXX7Tc+WNSk2/sl9EREzniiiozHwq/fcPC/u+ub9sWbF2uhb0xe/+Pav46arb93gNLNFRHzv
szfGZ674y6gU/buJ1Nc2+peNIqKM2P7ZTW9QRxnx5G6b/mRlu8mbPtNKO132qcs2iA/NZjMeW/hY
zJk7J+beNzeeWvrUBtc7YL8D4jN/9pkNvj7Ut9/Z0RmfveyzL7lx/PSyp+P+effHvfffG4uXLI6y
HPhgmPGaGfG5z37uZT8dfqU+fcmn4y1vfsvAs/6UZSxcvDDmzJ0TDzz4QKxYMTDedNQ64oLzLogj
fveIrT6eoXLhBRcOCAPdq7tj4eKF8fiix2Ntz9oNlu+odcT5Hzw/Zh8xOy766EUD4saKlSvi0cce
jccXPR6r16ze4LpdnV3xkfM+MuAT7S21y7RdXjJuvPAxe+/998Yzzzwz4PvVajVOPeXUOOfsc7ba
WDbH4W84PP7kI3+yQdwoyzIWLVkUc++bG/Pmzxsw7h132DFOffepQz3UQcn4/GnHa9H73/f+AXGj
3qjHoiWL4tHHHt3gMRoRURRF/OFZfxgH7HfAy97urJmz4uILL37JuLFixYp4bOFjsfTppVFvPH9q
9d132z0++IEPbtb4h+vr93AyErcDYbiyBwcMgbI+8v6wPXcM+8upFpVoxMvEgyJi/0cr8ds9W+sP
P7n9e7+JK678Qlz/D9fG3XfeGRER837xSLz5w0cOOLFKs9GK3p6e+OynL4tqrSMa9f4NtKcXLF93
lpX+gPLixFFGRLFuGo/l48q4d/cyoqMSm9ovYdz4wZ01ph3e+bZ3xmGvO2zA1355+y/jy1/9cjy+
6PEBX3/9oa+P8849b8DG5MEHHhyn/8Hp8Y3vfKMttx8R8aFzPrTBOubNnxfXXHdN/OqOXw34+n77
7BfvO/V9A94ATdtpWnziY5+I8y88f6Pr2FwfPufDG7zJuvu3d8dXr/3qgLkCarVanHDsCXHOWees
P8yjq7MrPnTOh+JXd/wq5Slkn3tDdMddd8R3v/fdAb+DWq0Wbz76zXHmaWcOCAjjx42Pyz512fo5
Gh565KG49vpr49Zf3Drgto+efXSc8d4zYs/dnz/M7f+3d+dxUpR3/sC/3dMzwzGI3MghgoiKCnjh
ETfEeCTeRzQa7zX7UzcxmnVzCNFNsibmMppoko2bbNZd0RxeMUY06mogXnifeCAIXgyHEIQZjjn6
9wcy0jMM0wMz013N+/164cuq6ap6aLpqqj79PN+n9za948RjT4xf/OoXHdL+L3/xyzlty2az8cBD
D8SNv72xxWf20IMPjX86+59i0MBBTetOO/m0eOnll1p89jpTt8pu8YXzvhCVFZU562c+OTNuuOmG
ePX13BpAG76P+fSO6GpJPX8KcS1aPxRpZc3KuO3O2+LOP98Zy/7+UbAxYdyE+PxZn4/dx+7etK48
Ux6fOf4zMev7rdctufD8C1sUBH/hpRfipt/flFNzpltlt/jMcZ+J4485Pvr3659THyQfxXj9Ljal
eB8IxUoPDugKJTj0MlPWdj763Mj6WFMeEdkWHTCa9FkZUbb+/Ullo3uvbvGVi74Uzzz55EfHqsw0
7aBuzaqIbDbSmVRU9e0Rq1etbgo3IhVx4Kl7r//fWFuejRXdslFTmY2V3bKxtCobbw3MxrM7NcaM
cQ3x8phsvDtvafzyS3d1yN+3UA4/5PCc5VmvzorJ35rc4kEuYl1RwEsuvSTeeS93WM6nD/90wfa/
z577xLFHHpu7n6eeiC9e8sWNPmC++vqrcdm/Xxa/u/V3OevH7jI2zjnjnFaP0x67j909TjzuxJx1
9z94f/zLpf/SohBifX193P2Xu+Pff/DvsXrN6qb1w4cOj5OPP7lD2lMIt//p9vjqZV9t8W9QX18f
99x/T3z561+OhYsW5vxsfbjx0qyX4qKvXNQi3IiIeGjGQ/Hlr3055r89P2f9xH0mdki7D/vkYS0e
tv5w+x/iyquu3Ohn9oGHHogvf/3LObUk0ul0h32W8nXaKae1GAr3lwf+Epd+89IW4UbEuvfxoq9c
FI8/8XhXNTFvST1/Cnkten/p+/H1y78eN0y9ISfciFgXDP3r5H+N2XNm56wfv/v4Vvf3uZM+lxMi
RkQ8OOPBuPhrF7coqLt6zeq46Q83xcVfuzjmzpvbrnYX4/W7KJXgfSAUKwEHdIUS/MW2YZfW1rwb
q+PxsY3x8LiGeGVENqr7ZGN5j3Vhw997rFt+Y0g2Mg3x4RSwqThhyqciPiwcGh8WKP3clcdFNrKx
ZtWKSKXLon7t6ohIxWnfOy52P2RMdN+mMvoO6x3Hf/3wGDFuWERENDZm46WdsvHcLtl4ZtdsPLvr
uuXZfeti1tuL4q5fzIyrTr8l/nfK/bGsemWH/H0LZeQOI3OW77pn04HNsr8vi/++8b9z1g0fOrzV
uiqdvf9TPnNKTuHCxUsWx3d/9N02v7m9/jfXx9PPPp2z7tgjjm21mGR7nHHKGTmFNee8OSd++JMf
bnKb5154Lh548IGcdQdPOriVVxe3V157Ja775XWbfM2ixYvijrtajtWvXVUb3//x9zc5i87KmpXx
p7v/lLNu2JBh7f7meGNOOOaEnOVnn382fvlfv9zkNtULq+Oan10TjY0fXax33mnn2GnHnba4Pfn6
5KRP5iy/89478ZOf/2ST29Suqo3v/ui78dY7b3Vm09otqedPoa5Fa+vWxreu/NYmZ5FZW7c2bv/T
7Tnr+vXt1+p19ZCDc+t5vLvg3fjxT3+8yXa8t+C9+NZ3vxUrVq7Iq90RxXn9LkoleB8Ixap4v5IE
ilprsyps6Np/uiO26dsjxh86KrbfbVD0HtAzKgaVR1l6XXfqhobGWFNbF8vn1sSieX+PvT41Orr1
rIwLfnV6rFhaGxHZ6NW3ZzRmsxHZbFRU9oxUOh0N9fXrppAtS8eBp+wdB566T2Qbs5FKpaKhoTHu
uOrheOOpdQXL1nfdzmazkc1GpNOpSJelW4wD7oi/byFUlFe06NK+dOnSNrd7cPqD8U9n/1POjWm/
fv1afMPd2fsfPWp07Dl+z5x1f7j9D01TJrblNzf+JiaMmxBlZWUREdGnT5849qhj4w+3/yGv7Tdm
+NDhLXoA3PyHm/PqKn/bnbfFEYcf0dSe0aNGx+hRo+ONuW9sdnsK4YGHHmj7RRHxt0f/Fhd8/oKc
dY8/+XheBQOffPrJnOWysrLYfvj2WzRV6NhdxraYeeT3t/0+r22fevapePX1V5vqGqRSqdh/3/1b
fGveGfbZc58WvTfu/POdOT0aWrOyZmW89vprsf2w7Turee2S1POnkNeiu++9O16a9VKbr3ts5mPR
2NiYM1XvsKHDWlxXdx+7e4veG3f++c68pu5++923Y/rfpsfRRxzd5muL8foNIOCArpCOkkvv6xvq
2xy2kU6l44P3a+Nvv38pIl6M1jKFVCoV2/bpEUO6V0X/kb0j1b0suleWR6oiFQ11DZFKpyJSqahf
uyqWLX47+g7aISJTFpHNRrY+G9m1DZGtbYjGlfWxoro2ls5fHumy3A5qG1bjaB5upFJtd2arbyjO
Ogpr69bGypqV0avqo5ooB0w8oEUX5I057dzTCr7/j+3/saab24iID1Z8EH++589tbrferFdnxSuv
vZIzNn2v8Xtt0Q3ypIMm5bRp6dKlec/wMe+teTHvrXlNDxepVCrG7T4ucQHHhj0ZNuW9Be9FXX1d
TgD40sttP6hFrHuQav6wls/MK5tywH4H5NSjeOe9d9pVR+O12a/lFG7syMKnmzJ+XO5Qg1WrV8W0
v0zrkmN3tKSeP4W8FlUvrM7rGMs/WB6rVq/KqauxsXpYE/bIrSq1avWquOe+/KeVzbfuSTFev4uW
PvPQZQQc0BVKMOBY8cGKpoJw+UlFa3XwstlsfPacA6JHz4poXF4fsbzZzVV23X8a6uqjd9ngaFy6
OtbG6nXFRJvts6qqMk79xwPjlz++PzY2texGW5ZquzdHzcqWsz8Ui1mvzIr99t2vafmYI49ZN6b6
9zfFypq2h98Ucv+77rxrzvKLL7+Y17fWG3ry6SdzbpDHjB6zRW3aZefcHgCvzX6tXdvPf3t+zren
o3YYtUXtKXZr167NCTjy/fY2Yl1wWJH+aMaQysrKTby6bWN2zP23nzN3Tru2//UNv47f3vLR1Jur
VrWcMaYzjByROwzstddfy+vb9mKU1POnGK9FG1Nfl/v7sXkPu4iIHUfl9t54ffbrHfK7oLmkvGdF
QcABXUbAAV0gVZ6KbH1pVdBe/P7iNgOOESOHxZtz2h4bXtWrW/ToWdH6Cz6cYaWhbk2UVbQ9VKR7
j/JIp9PR2Jjfe95vQNtTwC5ZuiSvfRXCzbfcHHtO2LNpasn1U10efcTR8dwLz8Wzzz8bM5+cmdew
ga7e/3bb5U7j2d4CdxHr6kVsqE+fPlHVs2qzb+ibf2vfvXv3OPu0s/Pevu+2fXOWt912281qx9Zo
S2cDGThwYM7yvLfmtWv72lW1BQkWmk+7/dbbxVVToz2Sev4U47Vocw0ckHsevP1Oy+K6HaGU3rPO
liovvpmOoFQJOKALpCpTkV1VWgHHO++90+Y3LQcfMinmzb2x1aEp6+2x1/aRzWY3+XDT2NgYZXl+
u9vYGLHbuGHx4nNt39SlUqn42EH7tfm6d9/bvHCgK7zw0gtxzc+uiYv++aKm6T0jIqp6VsVBBxwU
Bx1wUFx4/oXx7oJ349XXXo1HZz4aD814qCj233wKw8WLF+fdrvU2NjPG0CFD2/3N8Xrb9NomZ3nC
uAkxYVxbEwm3rvnfkc7T/L3+4IP8e5MUUvfu3XOWly5ru85NsUrq+VOM16LN1a1bbqHO95e93ynH
KaX3rLOlKgUc0FV0mIKusGW9rovSG3PaHhM96eCDoq1hItlsNvacOKLNb27ramuiLM9Cn9nGhthj
woA2g5WIiGxk49DD267U/+a8N/M6dqHce/+9cdFXLorHZj4WDQ0NLX6eSqVi2JBhcejBh8a/Xfpv
cevUW+O8c89r8TDS1ftvfiO+Od/aLXl/SYu6Ktv23vxvfdf3VOkoFRUduz9a13yIS01t8Q4t21Dz
mSNWre6aoTGdIannTzFeizbXhkF0RMTq1e0bNpKvUnrPOl0J3gdCsRJwQBdI9yi9Uy2fom/bbz8s
yso2/XdPpVLx9hsLYm3NiqhbVRsNa9ZEQ319NDY05tz0tNl1PZuN1Ss+iLU1K6OhIRs3//czrdb8
aH78XXZte8zv5nS97WpvzH0jpnx7Spz3pfPi9j/dHvPfnt/qbDH9+vaLz530ufj1z38dkw6aVLD9
N99+w4J1+dpYsdu6us2f1rd5gVqSI9tsWFpZuv2fp0JoXtR1S4fqFFJSz59ivBZtrobG3BA6nUch
7c1RSu9ZZyvF+0AoVoaoQBdIV5XeL7aamra/Gc1kMnHIYZ+Iv9zzf5t83QN/eT3O+/IhkS778KY+
m41spGL18qVR2at3pFLpqOhZlbNNNpuNbGND1K9dE9GYjfLu3aPbBr0FjjhxfNxzx/NttnHf/fbK
q7Dh8hXL23xNsZg7b25c98vrIiJiyHZDYt+99o3ddt0tdh6zcwwfOjzn4WlA/wEx5atTIpVKxV//
9tcu3/+qVauiaoN/2w1na8nXoIGDWjwQbkkX/9WrV+e04xe/+kXcfe/dm72/fGckYMutWr0qevf+
aCaWqqqqTby6eDTvsdF8yEqSJPX8KcZr0eZqXhy3e4/O+TyV0nvW2UrxPhCKlYADukCqV3K/jWtN
vl1R//nCz8d9f3mwxTer62Wz2Tj7nz8e6bJUNDY0RLqsLCK1blLX7tv2iWw2IttYHw1rsxGNjdFQ
tzbKKrtFuiwdqXRZVHTf+PjsMWO3i9deWhBzZy9qtW3pdDou+eqFef09VqxYkdfris17C96LO+++
M+68+86IiBi7y9g45TOnxD8c+A9NN5UV5RVxwecviIcfe7jdDxNbuv8PVnyQU2BxyHZD2v13HDUy
d5aFxsbGvKdd3Jia2poYEB+1qU+fPomd0WJr0/y6lJQCr7W1uZ+vwQO7ZnrazpDU86cYr0Wbq/kX
EIMGDOqU45TSe9bZSvE+EIqVOBG6QCn+Yltbtzav1/Xt1zd2HTtmo12us9mIs87/eHTvUdFKkdFU
pFKpSJeVR6aiItIVFZEqy6z7/7JMq924G+vrI5VKxbGf3TvKK1rvMjt02HYxZMh2rf58Q101XWRn
m/XqrPjmd78Zf/zzH3PWDxo4KA464KAu3//8t+fnLI8eNbrdxxy7y9ic5XcXvNvuqQo3tGhRbii2
06idNntfHaF5N/AkD1/obG+9kzv7yKgRyZii9513xBKuxAAAIABJREFU38lZHrH9iE47Vmd/nort
/MlXMV6LNlfzotjbD9++U45TSu9ZZyvF+0AoVgIO6AJlfZIxDrw9mo8Zb00qlYqrfvLdjdYaPfzY
PaLfwHXdW9euXBGpdBuXpGw2r7oakUqvu4lPRfzjFz6x0ToRqXQqrv2PH+Z9c998THOxOO/c8+Ir
F32l6c/EvSfmtd1//uY/44MVuTNMNP8mrSv2//Ksl3OWdxu7W/Tv1z+vY6y33765s+DMnjO7Xds3
N+vVWVvcpo60Zs2anGWzsrTu9dmv5yzvtONOkcnk31n1hGNOiGt/dG3TnzNOOaOjm7hRzWsajR41
usV0qx2lsz9PxXb+5KsYr0Wb6/U3cs+Dzvo8ldJ71tlK8T4QipWAA7pCJiLdu7ROt2w2G88890xe
r+3Vq1f8v/PPzgkTdtl9aIwdNzQiIhob6iMinylPshF5FEtLl6Wj/sOq8T2qKuLIE3KnKEylUvG5
00+K/v3zuxF74aUXWi2mWWgT954YR336qKY/B0w8IK/tVq9ZHQuqF+Ssq6xoWYuks/f/0IyHcoYV
lGfK49STTs3rGBERhx58aAwfOjx3n9PznwJ3Yx55/JGcmWK6d+verjZFRAwcMLDFzBibq/mwi3y7
ge+0406Rbis0LDEPzXgo1qz96AG+b9++ccRhR+S9/YH7HRh77LZH05/yivxmbtpSDz/2cNTVf1RY
MZPJxAnHnJD39u0p7NnZn6diO3/yVYzXos318GMP55wHZWVl7fo8bTc4v56NpfSedaZ077SiANCF
tq47HyigdN/SO90e+OsDeb/2jLNPjSFD132D1NjQGAcdMqapU8fampooq8jjZjabjVQ6vx4X9Rt0
cd15t+1i+Mh+Tct9+/aJ879wbt5tf2hG8d5wzZk7J2d54j4T85qmMZPJxIB+A3LWvb/0/S7f/7K/
L4uHH304Z92RnzqyRbfljem9Te8454xzctv75px4+LGHW9kiP2/MfSOeeuapnHXHHnVs7Dl+z7y2
77Ntn/jBFT+In/7opzFi+JYPNWg+fGH8HuPz2u7iL1y81QUcixYvavFvd/KJJ0fvbXq3ssVH9hq/
V0wY91EY2tjYGI8+/miHt3FjFlQviOdfyC2KfMThR7R4+NuYcbuPi4/t/7G8j9XZn6diO3/yVYzX
os21dNnSePrZp3PWHXH4EbHD9ju0ue2nD/t0TNwnv556pfSedaZSvP+DYuaMgy6SHlB6p9uLL7+Y
92tTqVTcfMtvolu3dQVCf/WTB+ONBe9HY0NdNDbUR1lF2w/N2dhYnY7WX5ttbIzIZuPpmfPinXnr
Hq7Ly8vjtrumtuvB75nn8+upUgj33H9PznChIdsNiSlfndLmt58Xnndh9O3bt2m5oaEhHpv5WJfv
PyJi6u+mxvLlH81S071b97jsa5fFzjvt3Or++/bpG9/+xrdj6HZDm9Y1NjbGjb+9cZPtytfNt9yc
U2emPFMe37z0m7HvXvtucruxu4yNq79/deyw/Q4xZvSYuOb718TuY3ffora8+tqrOcs777RznP7Z
01t9fd8+feOq714Vu+262xYdN6lu/sPNOb0hhg8dHpd//fLo0b1Hq9tMGDchpnx1Ss5wlmeeeyZe
m/1ap7Z1Q7f+8dacc61XVa+47OuXxcABA1vdZp8994nLvnZZu3o7dMXnqZjOn/YoxmvR5rr1j7fm
9KRZ/3naVGh29KePjou/cHG76rKU0nvWWUrx/g+KmQ5T0EXKBpXe+Ms1a9fE6jWr8765TqfT8cdp
N8fxR34u6hvrY+yn1tVkSM+viPig7SEg2Ww20nkMUVl3rLJIbZuKypHbxuM/fiOy2YiKioq47a4b
o6ws/3+LtXVrW0zhWEyee+G5eGjGQ3HIJw5pWjfpoEmx+9jd42+P/C0ee+KxmDtvbix5f0kMHzo8
JoybEId98rDYY7c9cvbz6MxH4+133+7y/UesKyr3n//9n/GVi7/SdGO93eDt4pofXBMPPPhAzHhk
RsyeMzvWrFkTO4zYIQ7c/8A44rAjWoz1vue+e2L6w9Pb9wa24oWXXoipv50a5571UU+f3r17x/e+
/b2Y8ciM+Ovf/hrPvfBc0ywCY0aPiYMnHRwH7ndgdO/20ZSMS5YuiXnz521RW+6656445aRTcqZj
/PzZn49xu4+L+x+6P+bNnxfb9NomBg0cFHtN2Csm7jMxttlgyuStzaxXZ8Vd0+6KE489sWnd3nvu
Hddfd31Mu3dazHxqZrz1zltRUV4Re+y2R3xy0ifj4EkHR3nmo+EoK1auiJ9d/7MubffMp2bGjEdm
xCf+4RNN68aMHhO/uOYXMe2+afHIY4/E/LfmR69evWLM6DHxyU98Mj62/8c2OvRrU7ri81RM5097
FOO1aHM9+/yz8X9//b84/JDDm9btOHLHuO6q6+Kvf/trPP3c07Fo8aLYptc2MWL7ETHpoEmx2667
tbvobCm9Z52lFO//oJgJOKCLpHunI12VjsaV+RXnTIrf3fq7OOf0c9p+4Yd69uwZf5z22/jNX66N
iHW1R1Nr05GNPIp4ZiMizyEq3ftsG+Xb94psYzZO/OrH4o4fPBq33XVju6eNvP3O29v1+kK4+rqr
Y+iQobHLmF2a1vXr2y+OP+b4OP6Y4yNi3bdjrfVaeXfBu5t8mOvs/UdETLtvWgzoPyDOOu2spv10
79Y9jjnymDjmyGMiIlqZaWedhx97OH7yi59s8hjtdePvboz+/frHsUcd27SurKwsDv74wXHwxw+O
iIi6+rqcB+MNvf3u2/HtK7+d95TKrVn+wfK47Y+3xdmnn920LpVKxcR9Jm6yK3ldfV00Nja2+wG4
FPzHr/8jhm43NKeA4bAhw+K8c8+L8849b5OfpZU1K+OK71/RYoaIrnDtf1wbw4cNjx1H7ti0rl/f
fnHmqWfGmaee2Wq7N/U5bK6rPk/Fcv60VzFeizbXdb+8LrYfvn3Otbt3795x3NHHxXFHH9fqdsuX
L4/evdse1rVeKb1nHS1dlS65GmxQ7Jxx0IXSg0vvlGs+hCEfPXv2jAtPuDQqU93jmnNuj9SaPLff
xA1SCw3Z+PsrSyMVqdhx7PC4f/qf2h1uZLPZuP2u4g84alfVxqX/dmk88vgjrb6mtfDh5Vdejq9d
9rVYtHjRRn/eFftf739u/p/4+X/+PFasXLHRn2/s376+vj7umnZXXH7F5VFfX9/mMdrrmp9fE//1
P//Vai+e1h7OHn/i8bjwkgvj3QXvbvTn7XXDTTfE3ffenXex21WrV8UPr/lhLF26tEOOnzT19fXx
rSu/FQ/OeHCj16fWriPz3poXk785OZ585snObuJGLfv7srj8istbzIKx3sba/fBjD8eMh2e06zhd
9XkqlvOnvYrxWrQ5VtasjMuvuLzFzDatyWazce/9925W3alSec86Wine90Gx04MDulBmWCbq3yit
X+LZbDZeeOmFnOJ8+UilUnHo8FNi0bmpSKUXRTTkO0tJ/jU4fv3t/4urfjc59t7hoM0qttiV4++3
1PIPlsdl/35ZHHrwoXHskcfGrjvv2ur0mNlsNl6b/Vrc93/3xR133VEU+1/v9j/dHo/OfDTOPu3s
mLj3xJw6HhuqXVUbL770Ytz0h5vaVQtmc0z9/dR4cMaDcdbnzop999q31TZls9mY8+ac+NPdf4q7
7rmrw9tx1bVXxUuvvBSfPfGzMXLEyI2+pqa2JmY+NTNuuPGGePvdt+OMU7tmmtNitHrN6rji+1fE
g/s/GCcdf1LsusuurfY+eG/Be3Hv/ffGLXfcEqs3KFBcCAuqF8QXL/linHXaWfGpQz610Roc2Ww2
3pz/Ztxyxy1x7/33xpSvTGn3cbrq81Qs5097FeO1aHMseX9JfPGSL8bZp50dRxx+RAwaOKjFaxob
G2P2nNnx21t+G9Mfnh4X//PFOT/PNwgrlfesI2WGedSCrpY6/IbDi3PuQyhRNb+riSitjCNSqVT8
/obfb/b2NTUr4qEZt8bq+uWbjC/qVq+OTEVFpNoIK7LZbFRkesVB+5/Y6g1WPk4555SinR62Ldv0
2ib23nPv2G7QdlHVqypSkYra2tpYsHBBPP/i87F4yeKi3v96++y5T2w/fPvYdtttI5PJxPLly2Ph
ooXx+BOPF+xBdMK4CTFqh1HRu3fv6FbZLVatXhWLFy+OF156odU6Ix1tpx13ij3H79nUK2nFByvi
nffeiZlPzswp7shHtum1Tey7974xoP+A2GabbaKhoSGWL18eL778YlGHmfvutW+M3GFkbLvttlFX
Vxd///vf49nnn415b31Um2LKV6bEYZ88rGn5qWeeiq9e9tW8j9GVn6diOH82RzFeizbHhp+ntWvX
xrJly+KZ557Jee8n/+vknNodj858NL7x7W+0+1il8p5ttkxEz1N7FroVsNURcEAXW/PYmqifU2IJ
R0Sc9bmz4uhPH73Z22ez2fjgg7/HM88/FMuWvx3ZaHlpqlu9KjKV3VrtXp6KVGy7zdCYMO4T0Wfb
fu0ulrahe++/N34z9TebvT1AV9nSgAM2dM33r8nplfmXB/4S37/6+wVsUTJldsxE5QFbXw0kKDT9
pqCLZUZkSjLguPF3N8ZB+x/U7joX66VSqejdu08c/PETo76+PhYvWRDvvPd6vPveG5GNNZFKpaI+
lYpUat1r0+n0ut4VjRUxZLtRMWzImBg4YGiUl+dXaG9Tli9fHjfcfMMW7wcACqmivKJdvXCqelbF
6B1H56xrrSYMm5YZ4TELCsGZB12sbEhZpHuno3F5ac2mks1m4xtXfCOu/eG17ZqGdWMymUxsN3h4
bDd4eOy71yFtb9CBGhsb4/LvXN7uwqkAUExG7TAqvvNv34lf3fCrvAuHnn7K6TlTCDc0NMSjMx/t
rCaWrHTvdJQNMT0sFILSvlAAmVGlmS0uXrI4fvTTHyW2bkU2m40fX/fjqF5UXeimAMBm69+vf3zr
G9+K7QZvF1/7l6/FqSed2uY2R3/66Djp+JNy1j3y+CNRvdDvxPYq1fs8SAIBBxRAZqdMyZ59zzz/
TPzwJz+MhoaGQjelXRobG+Oqa68q2PSQANBRjj7i6Bg+dHhERHSr7Bbnn3t+/Pzqn8fxRx+f00Mj
k8nEgfsdGN/5t+/EJV+6JGd2rJramrjxtzd2edsTL/3hfR5QEM4+KIBURSoyO2Wi/rXSq8UREfH0
c0/HxV+/OL5z2Xc2uyZHV1q+fHlc/p3L9dwAoCRM/d3U2H3X3WPvPfduWjd2l7Exdpex8aULvhQr
VqyI+ob6qKqq2uj0yfX19XH1dVfHG3Pf6Mpml4TMTplIVWx+kXNgy5Tod8hQ/Mp33fJimMVs0eJF
cf6Xz48/3/vnQjdlk+69/9447+LzhBsAlIz6+vq49JuXxt333t2iR2U6nY7evXtHv779NhpuLFu2
LK74wRXx4PQHu6q5JaXU7++g2Ak4oEDSVenIjCntTlTZbDb+97f/G58967Mx69VZRVObI5vNxiuv
vRKnnH1K/Gbqb4qmXQDQUerr6+Oqa6+Kf7n0X+LBGQ/GsmXLNvn6FStXxJ1/vjO+cMkXYsYjM7qo
laUlMyYT6SqPV1BIqcNvONydPRRItiYbtXfUFroZXScbcdxRx8VJJ5y00W+NOtvaurVx2x9vizvu
uiNC71GgROy3z34xaodRTcvVi6rznjWDrcuEcRNi/O7jY0D/AVFVVRWrVq2KZcuXxcuzXo4nn36y
XVPK0lKPE3pEqqcbDCgkAQcUWN3zdbH2xa3vhqKyojL23nPv+MRBn4gJ4yZ02nGef/H5+Ovf/hpP
P/d0rFq9KlIpNx4AQMeq2KMiyscbngKFJuCAQstGrPrjqmisaSx0SwoqU5aJ7t27R6+qXrFNr21i
1A6jYuQOI2PokKHRv2//qOpVFZmyTNTV10V5pjzqG+qjZmVNLFm6JN597914c96bMefNOfHByg9i
xYoVsWrVqqhvKM0irgBA8Uj3TEf347vrHQpFQMABRaB+Xn2seXhNoZsBAEA7VR5UGZkdSruuGiSF
KjhQBDI7ZCKzvV+MAABJktk+I9yAIiLggCJRsXdFhN+PAADJkPnw/g0oGgIOKBKpnqmonNj1M4sA
ANB+lRMrzZoCRUbAAUUkMyoTmdG6cQAAFLPM6ExkRrlng2Ij4IAiU7l/ZaT7OTUBAIpRul86KvfX
6xaKkacoKEKVB1aqxwEAUGwyH96nAUVJwAFFKN07Hd0O6lboZgAAsIFuB3WLdG+PUFCsnJ1QpMqG
lUXFRJW5AQCKQcXEiigbVlboZgCbIOCAIlY+pjwqJgg5AAAKqWJCRZSPKS90M4A2CDigyJXvXh4V
ewg5AAAKoWKPiijfXbgBSSDggAQoHy/kAADoahV7VET5eOEGJIWAAxKifLzhKgAAXaVignADkkbA
AQlSvnu5wqMAAJ2sYqJhKZBEmUI3AGif8jHlke6RjtUPr46oL3RrAABKSGbdVLBmS4Fk0oMDEqhs
WFl0P6J7pPs5hQEAOkK6Xzq6H9FduAEJ5ukIEirde90v4cxoHbEAALZEZnRm3ZdHvT0eQZJ5MoKE
q9y/MsoGlsWaJ9YYsgIA0B6ZiMqJlZEZ5bEISoEzGUpAZlQmygaVxdqn10b9W1IOAIC2ZLbPRMXe
FZHqmSp0U4AOIuCAEpHqmYrKj1dG2byyqHuuLhpXNha6SQAARSddlY7yCeWR2cGjEJQaZzWUmMwO
mciMyETdC3Wx9sW1hW4OAEDRqNijIsrHlUfotAElScABpSgVUT6+PDKjM7H25bVR/7phKwDA1isz
JhMVuxmOAqVOwAElLNUzFZUTK6N8bHnUvVIX9bPrI4xcAQC2BumIzE6ZKN+1PNJVZkeBrYGAA7YC
6ap0VO5bGRXjK6J+dn3Uz62PxuWSDgCg9KR7pyMzKhOZnTKRqtBjA7YmAg7YiqQqUlG+W3mU71Ye
De81RP38+qifX296WQAg2TIRmRHr6pCVDSkrdGuAAhFwwFaqbEhZlA0pi8oDKqPhnYaof6c+Gqsb
zb4CACRCuiod6cHpyAzLRNkwoQYg4AAiomxYWdONQePyxmhY2BCNixujcWmjoSwAQFFI905Hum86
0gPSUTaoLNK91dUAcgk4gBzp3ul1NwxjPlxRH9GwrCGyK7KRXZGNxpWN0VjbGLEmIrsmG9m67LrC
pXIQAGBzpNf9SZWnIlWZiqiMSPdIR7oqHaleqUj1SkVZnzJPLkCbXCaATctElA0oixhQ6IYAAAC0
Tr8uAAAAIPEEHAAAAEDiCTgAAACAxBNwAAAAAIkn4AAAAAAST8ABAAAAJJ6AAwAAAEg8AQcAAACQ
eAIOAAAAIPEEHAAAAEDiCTgAAACAxBNwAAAAAIkn4AAAAAAST8ABAAAAJJ6AAwAAAEg8AQcAAACQ
eAIOAAAAIPEEHAAAAEDiCTgAAACAxBNwAAAAAIkn4AAAAAAST8ABAAAAJJ6AAwAAAEg8AQcAAACQ
eAIOAAAAIPEEHAAAAEDiCTgAAACAxBNwAAAAAIkn4AAAAAAST8ABAAAAJJ6AAwAAAEg8AQcAAACQ
eAIOAAAAIPEEHAAAAEDiCTgAAACAxBNwAAAAAIkn4AAAAAAST8ABAAAAJJ6AAwAAAEg8AQcAAACQ
eAIOAAAAIPEEHAAAAEDiCTgAAACAxBNwAAAAAIkn4AAAAAAST8ABAAAAJJ6AAwAAAEg8AQcAAACQ
eAIOAAAAIPEEHAAAAEDiCTgAAACAxBNwAAAAAIkn4AAAAAAST8ABAAAAJJ6AAwAAAEg8AQcAAACQ
eAIOAAAAIPEEHAAAAEDiCTgAAACAxBNwAAAAAIkn4AAAAAAST8ABAAAAJJ6AAwAAAEg8AQcAAACQ
eAIOAAAAIPEEHAAAAEDiCTgAAACAxBNwAAAAAIkn4AAAAAAST8ABAAAAJJ6AAwAAAEg8AQcAAACQ
eAIOAAAAIPEEHAAAAEDiCTgAAACAxBNwAAAAAIkn4AAAAAAST8ABAAAAJJ6AAwAAAEg8AQcAAACQ
eAIOAAAAIPEEHAAAAEDiCTgAAACAxBNwAAAAAIkn4AAAAAAST8ABAAAAJJ6AAwAAAEg8AQcAAACQ
eAIOAAAAIPEEHAAAAEDiCTgAAACAxBNwAAAAAIkn4AAAAAAST8ABAAAAJJ6AAwAAAEg8AQcAAACQ
eAIOAAAAIPEEHAAAAEDiCTgAAACAxBNwAAAAAIkn4AAAAAAST8ABAAAAJJ6AAwAAAEg8AQcAAACQ
eAIOAAAAIPEEHAAAAEDiCTgAAACAxBNwAAAAAIkn4AAAAAAST8ABAAAAJJ6AAwAAAEg8AQcAAACQ
eAIOAAAAIPEEHAAAAEDiCTgAAACAxBNwAAAAAIkn4AAAAAAST8ABAAAAJJ6AAwAAAEg8AQcAAACQ
eAIOAAAAIPEEHAAAAEDiCTgAAACAxBNwAAAAAIkn4AAAAAAST8ABAAAAJJ6AAwAAAEg8AQcAAACQ
eAIOAAAAIPEEHAAAAEDiCTgAAACAxBNwAAAAAIkn4AAAAAAST8ABAAAAJJ6AAwAAAEg8AQcAAACQ
eAIOAAAAIPEEHAAAAEDiCTgAAACAxBNwAAAAAIkn4AAAAAAST8ABAAAAJJ6AAwAAAEg8AQcAAACQ
eAIOAAAAIPEEHAAAAEDiCTgAAACAxBNwAAAAAIkn4AAAAAAST8ABAAAAJJ6AAwAAAEg8AQcAAACQ
eAIOAAAAIPEEHAAAAEDiCTgAAACAxBNwAAAAAIkn4AAAAAAST8ABAAAAJJ6AAwAAAEg8AQcAAACQ
eAIOAAAAIPEEHAAAAEDiCTgAAACAxBNwAAAAAIkn4AAAAAAST8ABAAAAJJ6AAwAAAEi8VCqVyha6
EQAAAABbQg8OAAAAIPEEHAAAAEDiCTgAAACAxBNwAAAAAIkn4AAAAAAST8ABAAAAJJ6AAwAAAEg8
AQcAAACQeAIOAAAAIPEEHAAAAEDiCTgAAACAxBNwAAAAAIkn4AAAAAAST8ABAAAAJJ6AAwAAAEg8
AQcAAACQeAIOAAAAIPEEHAAAAEDiCTgAAACAxBNwAAAAAIkn4AAAAAAST8ABAAAAJJ6AAwAAAEg8
AQcAAACQeAIOAAAAIPEEHAAAAEDiCTgAAACAxBNwAAAAAIkn4AAAAAAST8ABAAAAJJ6AAwAAAEg8
AQcAAACQeAIOAAAAIPEEHAAAAEDiCTgAAACAxBNwAAAAAIkn4AAAAAAST8ABAAAAJJ6AAwAAAEg8
AQcAAACQeAIOAAAAIPEEHAAAAEDiCTgAAACAxBNwAAAAAImXKXQDAIBkGTBgQPTv3z8iIkaOHBk9
evTIa7va2tp48803IyJiyZIlsXjx4k5rI0BnmDRpUlxyySWxcuXKuOaaa+Kpp54qdJOADaRSqVS2
0I2AUtSjR4/4x3/8xxg3blw89thjccMNN7R7HyNGjIiLLrooIiKuvfbamD9/frv3cc4558QBBxwQ
L7zwQvz85z9v9/YAEREf//jHY//994/Ro0fHoEGDOmSfCxcujDfeeCMef/zxmDFjRofsE6CzrA83
1quuro7zzz+/gC0CmhNwQCc58sgjc37pTZ48OWbNmtWufVx//fUxePDgiNi8X6L77LNPXH755Tn7
mzZtWrv2AWy9evToEUceeWSccMIJUVVV1anHWrhwYdx3330xbdq0qK2t7dRjAbRX83AjImLOnDkt
1gGFpQYHdJKePXvmLO+2227t3sf6cKP5/+dr5MiRm2wTQGsGDBgQV1xxRZx55pmdHm5ERAwaNCjO
PPPMuOKKK5qGvwAUg42FGzU1NfHTn/60QC0CWqMGBwCQY+zYsfGNb3yj1WCjuro6Fi5cGHPnzo2a
mpp27btnz54xatSoGDRo0EaD29GjR8dPf/rTmDJlymYNywPoSK2FG5MnT3aNgiIk4AAAmgwYMGCj
4UZ1dXXceeed8cQTT8SSJUs65Fj9+/ePiRMnxnHHHZcTdlRVVcWVV14ZF198cYcdC6C9hBuQPIao
AAARsa7mxqWXXtoi3Jg6dWqcf/75MW3atA4NHJYsWRLTpk2L888/P6ZOnZrzs6qqqpg8eXLeM7QA
dCThBiSTgAMAiIiIo446KkaPHp2z7uqrr45bbrml0499yy23xNVXX52zbvTo0XHUUUd1+rEBNiTc
gOQScAAAERFx/PHH5yxPnTo1pk+f3mXHnz59eoueHIcddliXHR9AuAHJJuAAAGLSpEk5Q1Oqq6u7
pOdGc7fccktUV1c3LQ8aNCgmTZrU5e0Atj7CDUg+AQcAEPvtt1/O8p133lmglrQ8dvO2AXQ04QaU
BgEHANCi9sYTTzxRoJa0PPaOO+5YoJYAWwPhBpQOAQcAbOUGDBgQgwYNalqurq4u6PSsS5YsyRmm
Mnjw4Ojfv3/B2gOULuEGlBYBBwBs5QYMGJCzvHDhwgK1pPU2DBw4sEAtAUqVcANKj4ADAMgxd+7c
QjehKNoAlC7hBpQmAQcAbOVGjhyZs1xTU1OglrTehuZtBNhcwg0oXQIOANjK9ejRo9BNaFMS2ggU
P+EGlDYBBwAAUPKEG1D6BBwAAEBJE27A1kHAAQAAlCzhBmw9BBwAAEBJEm7A1kXAAQAAbDWy2Wyh
mwB0EgEHAABQkqZPnx5XX311zrqqqqq48sorY8SIEQVqFdBZBBwAAEDJEnLA1kPAAQAAlDQhB2wd
BBwAAEDJE3JA6RNwAMBWrra2ttBNaFMS2ggUPyEHlDYBBwBs5d58882c5Z49exaoJa23oXkbATaX
kANKl4ADAMgxatSoQjehKNoAlC4hB5QmAQcAbOUWL16cszxo0KACtaT1NixatKhALQFKlZADSo+A
AwC2cosXL84JEAYPHhz9+/cvWHv69+8fgwcPblqurq6OJUuWFKw9QOmaPn16XH/99TnrhByQXAIO
ACBmz56dszxx4sQCtaTlsefMmVOglgBbg2myyu5+AAAD5klEQVTTpsX999+fs07IAckk4AAAYubM
mTnLxx13XIFa0vLYzdsG0NF+9rOfCTmgBAg4AICYPn16i2EqJ598cpe34+STT24xPGX69Old3g5g
6yPkgOQTcAAAERFx33335SyfccYZMWnSpC47/qRJk+KMM87IWffAAw902fEBhByQbAIOACAiIu6+
++4W9S4uueSSOOmkkzr92CeddFJccsklOevmzJkTd999d6cfG2BDQg5ILgEHABAREbW1tfG9730v
ampqctafeeaZcf3118cRRxzRobOr9O/fP4488si4/vrr48wzz8z5WU1NTVx55ZVRW1vbYccDyJeQ
A5IpU+gGAADFY/HixTF58uT43ve+Fz179mxaP3jw4LjgggviggsuiOrq6li4cGHMnTs3Vq5c2a79
V1VVxahRo2Lw4MExaNCgjb6mpqYmJk+ebGpYoKB+9rOfRUTEYYcd1rRufcgxZcqUmD9/fqGaBrRC
wAEA5Jg/f35cdNFFMWXKlNhxxx1b/Hzw4MExePDgGD9+fIcfe86cOXHllVcKN4CisKmQ4+KLL3at
giJjiAp0kuZdvF9++eV276O6unqj/5+vN998c5NtAmjNkiVL4rLLLoupU6fmzK7SWRYtWhRTp06N
yy67zAMDUFRaG65y7rnnFqhFQGvKUqnUtwrdCChFs2fPjv79+0evXr3ivvvua/GLMR8vvvhi7Lzz
zrFs2bL40Y9+FMuXL2/X9u+9915069Yt+vXrF48++mjcdNNN7W4DsPWqq6uLWbNmxV133RULFiyI
xsbGqKioiKqqqg7Zf3V1dTz//PNx6623xnXXXRezZs2Kurq6Dtk3QEd64oknon///jm92pYtWxYP
PfRQAVsFNJdKpVLZQjcCAEiO/v37x8CBAyMiYuTIkdGjR4+8tqutrW3qWbZo0SI9NYDE+exnPxun
n356U60gdTiguAg4AAAAgMRTgwMAAABIPAEHAAAAkHgCDgAAACDxBBwAAABA4gk4AAAAgMQTcAAA
AACJJ+AAAAAAEk/AAQAAACSegAMAAABIPAEHAAAAkHgCDgAAACDxBBwAAABA4gk4AAAAgMQTcAAA
AACJJ+AAAAAAEk/AAQAAACSegAMAAABIPAEHAAAAkHgCDgAAACDxBBwAAABA4gk4AAAAgMQTcAAA
AACJJ+AAAAAAEk/AAQAAACSegAMAAABIPAEHAAAAkHgCDgAAACDxBBwAAABA4gk4AAAAgMQTcAAA
AACJJ+AAAAAAEk/AAQAAACSegAMAAABIPAEHAAAAkHgCDgAAACDxBBwAAABA4gk4AAAAgMQTcAAA
AACJ9/8Bt5KMGlU619IAAAAASUVORK5CYII=
" width="800px"&gt;</msg>
<status status="PASS" starttime="20240526 19:24:08.647" endtime="20240526 19:24:09.590"/>
</kw>
<kw name="Close Application" library="AppiumLibrary">
<doc>Closes the current application and also close webdriver session.</doc>
<status status="PASS" starttime="20240526 19:24:09.590" endtime="20240526 19:24:10.208"/>
</kw>
<status status="PASS" starttime="20240526 19:24:07.068" endtime="20240526 19:24:10.208"/>
</kw>
<doc>Teste que valida a mensagem de sucesso após clicar em clique Longo</doc>
<tag>ct_longo</tag>
<status status="PASS" starttime="20240526 19:23:41.562" endtime="20240526 19:24:10.208"/>
</test>
<status status="PASS" starttime="20240526 19:23:41.303" endtime="20240526 19:24:10.208"/>
</suite>
<statistics>
<total>
<stat pass="1" fail="0" skip="0">All Tests</stat>
</total>
<tag>
<stat pass="1" fail="0" skip="0">ct_longo</stat>
</tag>
<suite>
<stat pass="1" fail="0" skip="0" id="s1" name="Clique Feature">Clique Feature</stat>
</suite>
</statistics>
<errors>
</errors>
</robot>
